{
  "uid" : "71144fb277715a76",
  "name" : "filterLinesTest",
  "fullName" : "org.mytests.tests.example.DataTableTests.filterLinesTest",
  "historyId" : "c38730790032178fa9356f7560e34ca8",
  "time" : {
    "start" : 1630348557171,
    "stop" : 1630348570309,
    "duration" : 13138
  },
  "status" : "failed",
  "statusMessage" : "[36:10.308] Failed to execute 'TextAssert.text' for element 'Number(smart: #ui-element>smart: #number)' during '10' seconds. 36:09.717 Expected: is \"2\"\n     but: was \"1\"",
  "statusTrace" : "java.lang.AssertionError: [36:10.308] Failed to execute 'TextAssert.text' for element 'Number(smart: #ui-element>smart: #number)' during '10' seconds. 36:09.717 Expected: is \"2\"\n     but: was \"1\"\n\tat com.epam.jdi.light.common.Exceptions.exception(Exceptions.java:27)\n\tat com.epam.jdi.light.actions.ActionHelper.actionFailed(ActionHelper.java:383)\n\tat com.epam.jdi.tools.func.JFunc2.execute(JFunc2.java:19)\n\tat com.epam.jdi.light.actions.ActionProcessor.jdiAround(ActionProcessor.java:55)\n\tat com.epam.jdi.light.asserts.generic.TextAssert.text(TextAssert.java:17)\n\tat org.mytests.tests.example.DataTableTests.validateUserRow(DataTableTests.java:90)\n\tat org.mytests.tests.example.DataTableTests.filterLinesTest(DataTableTests.java:74)\n\tat java.base/jdk.internal.reflect.NativeMethodAccessorImpl.invoke0(Native Method)\n\tat java.base/jdk.internal.reflect.NativeMethodAccessorImpl.invoke(NativeMethodAccessorImpl.java:62)\n\tat java.base/jdk.internal.reflect.DelegatingMethodAccessorImpl.invoke(DelegatingMethodAccessorImpl.java:43)\n\tat java.base/java.lang.reflect.Method.invoke(Method.java:564)\n\tat org.testng.internal.MethodInvocationHelper.invokeMethod(MethodInvocationHelper.java:124)\n\tat org.testng.internal.Invoker.invokeMethod(Invoker.java:583)\n\tat org.testng.internal.Invoker.retryFailed(Invoker.java:839)\n\tat org.testng.internal.Invoker.invokeTestMethods(Invoker.java:1010)\n\tat org.testng.internal.TestMethodWorker.invokeTestMethods(TestMethodWorker.java:125)\n\tat org.testng.internal.TestMethodWorker.run(TestMethodWorker.java:109)\n\tat java.base/java.util.concurrent.ThreadPoolExecutor.runWorker(ThreadPoolExecutor.java:1130)\n\tat java.base/java.util.concurrent.ThreadPoolExecutor$Worker.run(ThreadPoolExecutor.java:630)\n\tat java.base/java.lang.Thread.run(Thread.java:832)\nCaused by: java.lang.AssertionError: Failed to execute 'TextAssert.text' for element 'Number(smart: #ui-element>smart: #number)' during '10' seconds. 36:09.717 \nExpected: is \"2\"\n     but: was \"1\"\n\tat com.epam.jdi.light.common.Exceptions.exception(Exceptions.java:27)\n\tat com.epam.jdi.light.actions.ActionHelper.stableAction(ActionHelper.java:638)\n\tat com.epam.jdi.light.actions.ActionProcessor.jdiAround(ActionProcessor.java:48)\n\t... 16 more\nCaused by: java.lang.AssertionError: 36:09.717 \nExpected: is \"2\"\n     but: was \"1\"\n\tat com.epam.jdi.light.asserts.core.SoftAssert.jdiAssert(SoftAssert.java:48)\n\tat com.epam.jdi.light.asserts.core.SoftAssert.jdiAssert(SoftAssert.java:59)\n\tat com.epam.jdi.light.asserts.generic.TextAssert.text_aroundBody0(TextAssert.java:18)\n\tat com.epam.jdi.light.asserts.generic.TextAssert$AjcClosure1.run(TextAssert.java:1)\n\tat org.aspectj.runtime.reflect.JoinPointImpl.proceed(JoinPointImpl.java:167)\n\tat com.epam.jdi.light.actions.ActionObject.execute(ActionObject.java:60)\n\tat com.epam.jdi.light.actions.ActionHelper.stableAction(ActionHelper.java:626)\n\t... 17 more\n",
  "flaky" : false,
  "newFailed" : false,
  "beforeStages" : [ {
    "name" : "before",
    "time" : {
      "start" : 1630348556816,
      "stop" : 1630348557170,
      "duration" : 354
    },
    "description" : "",
    "status" : "passed",
    "steps" : [ {
      "name" : "shouldBeLoggedIn",
      "time" : {
        "start" : 1630348556820,
        "stop" : 1630348556966,
        "duration" : 146
      },
      "status" : "passed",
      "steps" : [ ],
      "attachments" : [ ],
      "parameters" : [ ],
      "stepsCount" : 0,
      "attachmentsCount" : 0,
      "shouldDisplayMessage" : false,
      "hasContent" : false
    }, {
      "name" : "Open 'Users Page'(url=https://epam.github.io/JDI/user-table.html)",
      "time" : {
        "start" : 1630348556966,
        "stop" : 1630348557169,
        "duration" : 203
      },
      "status" : "passed",
      "steps" : [ {
        "name" : "Open 'Users Page'(url=https://epam.github.io/JDI/user-table.html)",
        "time" : {
          "start" : 1630348556979,
          "stop" : 1630348557169,
          "duration" : 190
        },
        "status" : "passed",
        "steps" : [ ],
        "attachments" : [ ],
        "parameters" : [ ],
        "stepsCount" : 0,
        "attachmentsCount" : 0,
        "shouldDisplayMessage" : false,
        "hasContent" : false
      } ],
      "attachments" : [ {
        "uid" : "87cbd71c05b83d0e",
        "name" : "Details",
        "source" : "87cbd71c05b83d0e.html",
        "type" : "text/plain",
        "size" : 135
      } ],
      "parameters" : [ ],
      "stepsCount" : 1,
      "attachmentsCount" : 1,
      "shouldDisplayMessage" : false,
      "hasContent" : true
    } ],
    "attachments" : [ ],
    "parameters" : [ ],
    "stepsCount" : 3,
    "attachmentsCount" : 1,
    "shouldDisplayMessage" : false,
    "hasContent" : true
  }, {
    "name" : "setUp",
    "time" : {
      "start" : 1630348514631,
      "stop" : 1630348519654,
      "duration" : 5023
    },
    "description" : "",
    "status" : "passed",
    "steps" : [ {
      "name" : "Open 'SiteJdi'(url=https://epam.github.io/JDI/)",
      "time" : {
        "start" : 1630348516594,
        "stop" : 1630348519648,
        "duration" : 3054
      },
      "status" : "passed",
      "steps" : [ {
        "name" : "Open 'SiteJdi'(url=https://epam.github.io/JDI/)",
        "time" : {
          "start" : 1630348518974,
          "stop" : 1630348519648,
          "duration" : 674
        },
        "status" : "passed",
        "steps" : [ ],
        "attachments" : [ ],
        "parameters" : [ ],
        "stepsCount" : 0,
        "attachmentsCount" : 0,
        "shouldDisplayMessage" : false,
        "hasContent" : false
      } ],
      "attachments" : [ {
        "uid" : "527a836a7b8b41f4",
        "name" : "Details",
        "source" : "527a836a7b8b41f4.html",
        "type" : "text/plain",
        "size" : 119
      } ],
      "parameters" : [ ],
      "stepsCount" : 1,
      "attachmentsCount" : 1,
      "shouldDisplayMessage" : false,
      "hasContent" : true
    } ],
    "attachments" : [ ],
    "parameters" : [ ],
    "stepsCount" : 2,
    "attachmentsCount" : 1,
    "shouldDisplayMessage" : false,
    "hasContent" : true
  } ],
  "testStage" : {
    "status" : "failed",
    "statusMessage" : "[36:10.308] Failed to execute 'TextAssert.text' for element 'Number(smart: #ui-element>smart: #number)' during '10' seconds. 36:09.717 Expected: is \"2\"\n     but: was \"1\"",
    "statusTrace" : "java.lang.AssertionError: [36:10.308] Failed to execute 'TextAssert.text' for element 'Number(smart: #ui-element>smart: #number)' during '10' seconds. 36:09.717 Expected: is \"2\"\n     but: was \"1\"\n\tat com.epam.jdi.light.common.Exceptions.exception(Exceptions.java:27)\n\tat com.epam.jdi.light.actions.ActionHelper.actionFailed(ActionHelper.java:383)\n\tat com.epam.jdi.tools.func.JFunc2.execute(JFunc2.java:19)\n\tat com.epam.jdi.light.actions.ActionProcessor.jdiAround(ActionProcessor.java:55)\n\tat com.epam.jdi.light.asserts.generic.TextAssert.text(TextAssert.java:17)\n\tat org.mytests.tests.example.DataTableTests.validateUserRow(DataTableTests.java:90)\n\tat org.mytests.tests.example.DataTableTests.filterLinesTest(DataTableTests.java:74)\n\tat java.base/jdk.internal.reflect.NativeMethodAccessorImpl.invoke0(Native Method)\n\tat java.base/jdk.internal.reflect.NativeMethodAccessorImpl.invoke(NativeMethodAccessorImpl.java:62)\n\tat java.base/jdk.internal.reflect.DelegatingMethodAccessorImpl.invoke(DelegatingMethodAccessorImpl.java:43)\n\tat java.base/java.lang.reflect.Method.invoke(Method.java:564)\n\tat org.testng.internal.MethodInvocationHelper.invokeMethod(MethodInvocationHelper.java:124)\n\tat org.testng.internal.Invoker.invokeMethod(Invoker.java:583)\n\tat org.testng.internal.Invoker.retryFailed(Invoker.java:839)\n\tat org.testng.internal.Invoker.invokeTestMethods(Invoker.java:1010)\n\tat org.testng.internal.TestMethodWorker.invokeTestMethods(TestMethodWorker.java:125)\n\tat org.testng.internal.TestMethodWorker.run(TestMethodWorker.java:109)\n\tat java.base/java.util.concurrent.ThreadPoolExecutor.runWorker(ThreadPoolExecutor.java:1130)\n\tat java.base/java.util.concurrent.ThreadPoolExecutor$Worker.run(ThreadPoolExecutor.java:630)\n\tat java.base/java.lang.Thread.run(Thread.java:832)\nCaused by: java.lang.AssertionError: Failed to execute 'TextAssert.text' for element 'Number(smart: #ui-element>smart: #number)' during '10' seconds. 36:09.717 \nExpected: is \"2\"\n     but: was \"1\"\n\tat com.epam.jdi.light.common.Exceptions.exception(Exceptions.java:27)\n\tat com.epam.jdi.light.actions.ActionHelper.stableAction(ActionHelper.java:638)\n\tat com.epam.jdi.light.actions.ActionProcessor.jdiAround(ActionProcessor.java:48)\n\t... 16 more\nCaused by: java.lang.AssertionError: 36:09.717 \nExpected: is \"2\"\n     but: was \"1\"\n\tat com.epam.jdi.light.asserts.core.SoftAssert.jdiAssert(SoftAssert.java:48)\n\tat com.epam.jdi.light.asserts.core.SoftAssert.jdiAssert(SoftAssert.java:59)\n\tat com.epam.jdi.light.asserts.generic.TextAssert.text_aroundBody0(TextAssert.java:18)\n\tat com.epam.jdi.light.asserts.generic.TextAssert$AjcClosure1.run(TextAssert.java:1)\n\tat org.aspectj.runtime.reflect.JoinPointImpl.proceed(JoinPointImpl.java:167)\n\tat com.epam.jdi.light.actions.ActionObject.execute(ActionObject.java:60)\n\tat com.epam.jdi.light.actions.ActionHelper.stableAction(ActionHelper.java:626)\n\t... 17 more\n",
    "steps" : [ {
      "name" : "Get row '2' for 'Users' table",
      "time" : {
        "start" : 1630348557173,
        "stop" : 1630348559447,
        "duration" : 2274
      },
      "status" : "passed",
      "steps" : [ {
        "name" : "Get row '2' for 'Users' table",
        "time" : {
          "start" : 1630348557179,
          "stop" : 1630348559059,
          "duration" : 1880
        },
        "status" : "passed",
        "steps" : [ {
          "name" : "Get 'Users' header",
          "time" : {
            "start" : 1630348557181,
            "stop" : 1630348558156,
            "duration" : 975
          },
          "status" : "passed",
          "steps" : [ {
            "name" : "Get 'Users header' values",
            "time" : {
              "start" : 1630348557570,
              "stop" : 1630348558156,
              "duration" : 586
            },
            "status" : "passed",
            "steps" : [ {
              "name" : "Get '' text",
              "time" : {
                "start" : 1630348558043,
                "stop" : 1630348558074,
                "duration" : 31
              },
              "status" : "passed",
              "steps" : [ ],
              "attachments" : [ {
                "uid" : "a4fce3a1f8276c3",
                "name" : "Actual result",
                "source" : "a4fce3a1f8276c3.html",
                "type" : "text/plain",
                "size" : 6
              } ],
              "parameters" : [ ],
              "stepsCount" : 0,
              "attachmentsCount" : 1,
              "shouldDisplayMessage" : false,
              "hasContent" : true
            } ],
            "attachments" : [ {
              "uid" : "73a22329b3160524",
              "name" : "Actual result",
              "source" : "73a22329b3160524.html",
              "type" : "text/plain",
              "size" : 32
            } ],
            "parameters" : [ ],
            "stepsCount" : 1,
            "attachmentsCount" : 2,
            "shouldDisplayMessage" : false,
            "hasContent" : true
          } ],
          "attachments" : [ {
            "uid" : "57b184064db6bc15",
            "name" : "Actual result",
            "source" : "57b184064db6bc15.html",
            "type" : "text/plain",
            "size" : 32
          } ],
          "parameters" : [ ],
          "stepsCount" : 2,
          "attachmentsCount" : 3,
          "shouldDisplayMessage" : false,
          "hasContent" : true
        }, {
          "name" : "Get 'Users' rows count",
          "time" : {
            "start" : 1630348558157,
            "stop" : 1630348558374,
            "duration" : 217
          },
          "status" : "passed",
          "steps" : [ {
            "name" : "Get 'xpath='//tbody//tr[1]/td'' values",
            "time" : {
              "start" : 1630348558244,
              "stop" : 1630348558374,
              "duration" : 130
            },
            "status" : "passed",
            "steps" : [ ],
            "attachments" : [ {
              "uid" : "ed9ce0755ed3d343",
              "name" : "Actual result",
              "source" : "ed9ce0755ed3d343.html",
              "type" : "text/plain",
              "size" : 2
            } ],
            "parameters" : [ ],
            "stepsCount" : 0,
            "attachmentsCount" : 1,
            "shouldDisplayMessage" : false,
            "hasContent" : true
          } ],
          "attachments" : [ {
            "uid" : "8fa106278c3da2f2",
            "name" : "Actual result",
            "source" : "8fa106278c3da2f2.html",
            "type" : "text/plain",
            "size" : 1
          } ],
          "parameters" : [ ],
          "stepsCount" : 1,
          "attachmentsCount" : 2,
          "shouldDisplayMessage" : false,
          "hasContent" : true
        }, {
          "name" : "Get 'Users line[2]' values",
          "time" : {
            "start" : 1630348558375,
            "stop" : 1630348559059,
            "duration" : 684
          },
          "status" : "passed",
          "steps" : [ ],
          "attachments" : [ {
            "uid" : "4ab54c7dc57943c5",
            "name" : "Actual result",
            "source" : "4ab54c7dc57943c5.html",
            "type" : "text/plain",
            "size" : 75
          } ],
          "parameters" : [ ],
          "stepsCount" : 0,
          "attachmentsCount" : 1,
          "shouldDisplayMessage" : false,
          "hasContent" : true
        } ],
        "attachments" : [ {
          "uid" : "bf473071b0cb5bfc",
          "name" : "Actual result",
          "source" : "bf473071b0cb5bfc.html",
          "type" : "text/plain",
          "size" : 98
        } ],
        "parameters" : [ ],
        "stepsCount" : 6,
        "attachmentsCount" : 7,
        "shouldDisplayMessage" : false,
        "hasContent" : true
      } ],
      "attachments" : [ {
        "uid" : "a7d849844517f060",
        "name" : "Details",
        "source" : "a7d849844517f060.html",
        "type" : "text/plain",
        "size" : 35
      }, {
        "uid" : "af1fbfa7ddb840a5",
        "name" : "Actual result",
        "source" : "af1fbfa7ddb840a5.html",
        "type" : "text/plain",
        "size" : 18
      } ],
      "parameters" : [ ],
      "stepsCount" : 7,
      "attachmentsCount" : 9,
      "shouldDisplayMessage" : false,
      "hasContent" : true
    }, {
      "name" : "Select 'Admin' in 'Type'",
      "time" : {
        "start" : 1630348559447,
        "stop" : 1630348559513,
        "duration" : 66
      },
      "status" : "passed",
      "steps" : [ {
        "name" : "Select 'Admin' in 'Type'",
        "time" : {
          "start" : 1630348559452,
          "stop" : 1630348559513,
          "duration" : 61
        },
        "status" : "passed",
        "steps" : [ ],
        "attachments" : [ ],
        "parameters" : [ ],
        "stepsCount" : 0,
        "attachmentsCount" : 0,
        "shouldDisplayMessage" : false,
        "hasContent" : false
      } ],
      "attachments" : [ {
        "uid" : "40aae3ea818c61a6",
        "name" : "Details",
        "source" : "40aae3ea818c61a6.html",
        "type" : "text/plain",
        "size" : 60
      } ],
      "parameters" : [ ],
      "stepsCount" : 1,
      "attachmentsCount" : 1,
      "shouldDisplayMessage" : false,
      "hasContent" : true
    }, {
      "name" : "Get selected value",
      "time" : {
        "start" : 1630348559514,
        "stop" : 1630348559581,
        "duration" : 67
      },
      "status" : "passed",
      "steps" : [ {
        "name" : "Check that 'Type' is displayed",
        "time" : {
          "start" : 1630348559518,
          "stop" : 1630348559580,
          "duration" : 62
        },
        "status" : "passed",
        "steps" : [ {
          "name" : "Get selected value",
          "time" : {
            "start" : 1630348559519,
            "stop" : 1630348559579,
            "duration" : 60
          },
          "status" : "passed",
          "steps" : [ ],
          "attachments" : [ {
            "uid" : "883eb92fe9c3398b",
            "name" : "Actual result",
            "source" : "883eb92fe9c3398b.html",
            "type" : "text/plain",
            "size" : 5
          } ],
          "parameters" : [ ],
          "stepsCount" : 0,
          "attachmentsCount" : 1,
          "shouldDisplayMessage" : false,
          "hasContent" : true
        } ],
        "attachments" : [ {
          "uid" : "fbc91e8c4747049d",
          "name" : "Actual result",
          "source" : "fbc91e8c4747049d.html",
          "type" : "text/plain",
          "size" : 5
        } ],
        "parameters" : [ ],
        "stepsCount" : 1,
        "attachmentsCount" : 2,
        "shouldDisplayMessage" : false,
        "hasContent" : true
      } ],
      "attachments" : [ {
        "uid" : "5f3ce48e8c57d93a",
        "name" : "Details",
        "source" : "5f3ce48e8c57d93a.html",
        "type" : "text/plain",
        "size" : 60
      }, {
        "uid" : "a5901736df79f72e",
        "name" : "Actual result",
        "source" : "a5901736df79f72e.html",
        "type" : "text/plain",
        "size" : 5
      } ],
      "parameters" : [ ],
      "stepsCount" : 2,
      "attachmentsCount" : 4,
      "shouldDisplayMessage" : false,
      "hasContent" : true
    }, {
      "name" : "Select 'User' in 'Type'",
      "time" : {
        "start" : 1630348559581,
        "stop" : 1630348559687,
        "duration" : 106
      },
      "status" : "passed",
      "steps" : [ {
        "name" : "Select 'User' in 'Type'",
        "time" : {
          "start" : 1630348559586,
          "stop" : 1630348559687,
          "duration" : 101
        },
        "status" : "passed",
        "steps" : [ ],
        "attachments" : [ ],
        "parameters" : [ ],
        "stepsCount" : 0,
        "attachmentsCount" : 0,
        "shouldDisplayMessage" : false,
        "hasContent" : false
      } ],
      "attachments" : [ {
        "uid" : "3d8c6f702c168a7c",
        "name" : "Details",
        "source" : "3d8c6f702c168a7c.html",
        "type" : "text/plain",
        "size" : 60
      } ],
      "parameters" : [ ],
      "stepsCount" : 1,
      "attachmentsCount" : 1,
      "shouldDisplayMessage" : false,
      "hasContent" : true
    }, {
      "name" : "Assert that 'Number' text is \"2\"",
      "time" : {
        "start" : 1630348559688
      },
      "status" : "unknown",
      "steps" : [ {
        "name" : "Get 'Number' text",
        "time" : {
          "start" : 1630348559694,
          "stop" : 1630348559774,
          "duration" : 80
        },
        "status" : "passed",
        "steps" : [ ],
        "attachments" : [ {
          "uid" : "d287a012caea5cd",
          "name" : "Actual result",
          "source" : "d287a012caea5cd.html",
          "type" : "text/plain",
          "size" : 1
        } ],
        "parameters" : [ ],
        "stepsCount" : 0,
        "attachmentsCount" : 1,
        "shouldDisplayMessage" : false,
        "hasContent" : true
      }, {
        "name" : "Failure details",
        "time" : {
          "start" : 1630348570302,
          "stop" : 1630348570303,
          "duration" : 1
        },
        "status" : "unknown",
        "steps" : [ ],
        "attachments" : [ {
          "uid" : "3f0da8d7869ab6aa",
          "name" : "Screenshot",
          "source" : "3f0da8d7869ab6aa.png",
          "type" : "image/png",
          "size" : 145674
        } ],
        "parameters" : [ ],
        "stepsCount" : 0,
        "attachmentsCount" : 1,
        "shouldDisplayMessage" : false,
        "hasContent" : true
      } ],
      "attachments" : [ {
        "uid" : "75a6187ab1d832de",
        "name" : "Details",
        "source" : "75a6187ab1d832de.html",
        "type" : "text/plain",
        "size" : 60
      } ],
      "parameters" : [ ],
      "stepsCount" : 2,
      "attachmentsCount" : 3,
      "shouldDisplayMessage" : false,
      "hasContent" : true
    } ],
    "attachments" : [ ],
    "parameters" : [ ],
    "stepsCount" : 18,
    "attachmentsCount" : 18,
    "shouldDisplayMessage" : true,
    "hasContent" : true
  },
  "afterStages" : [ {
    "name" : "teardown",
    "time" : {
      "start" : 1630348604866,
      "stop" : 1630348604891,
      "duration" : 25
    },
    "description" : "",
    "status" : "passed",
    "steps" : [ ],
    "attachments" : [ ],
    "parameters" : [ ],
    "stepsCount" : 0,
    "attachmentsCount" : 0,
    "shouldDisplayMessage" : false,
    "hasContent" : false
  } ],
  "labels" : [ {
    "name" : "package",
    "value" : "org.mytests.tests.example.DataTableTests"
  }, {
    "name" : "testClass",
    "value" : "org.mytests.tests.example.DataTableTests"
  }, {
    "name" : "testMethod",
    "value" : "filterLinesTest"
  }, {
    "name" : "parentSuite",
    "value" : "Test suite"
  }, {
    "name" : "suite",
    "value" : "Tests"
  }, {
    "name" : "subSuite",
    "value" : "org.mytests.tests.example.DataTableTests"
  }, {
    "name" : "host",
    "value" : "fv-az54-435"
  }, {
    "name" : "thread",
    "value" : "4352@fv-az54-435.TestNG-test=Tests-2(20)"
  }, {
    "name" : "framework",
    "value" : "testng"
  }, {
    "name" : "language",
    "value" : "java"
  }, {
    "name" : "resultFormat",
    "value" : "allure2"
  } ],
  "parameters" : [ ],
  "links" : [ ],
  "hidden" : false,
  "retry" : false,
  "extra" : {
    "severity" : "normal",
    "retries" : [ {
      "uid" : "aefad2be59d86e5b",
      "status" : "skipped",
      "statusDetails" : "[35:56.804] Failed to execute 'TextAssert.text' for element 'Number(smart: #ui-element>smart: #number)' during '10' seconds. 35:56.121 Expected: is \"2\"\n     but: was \"1\"",
      "time" : {
        "start" : 1630348543508,
        "stop" : 1630348556808,
        "duration" : 13300
      }
    } ],
    "categories" : [ {
      "name" : "Product defects",
      "matchedStatuses" : [ ],
      "flaky" : false
    } ],
    "history" : {
      "statistic" : {
        "failed" : 11,
        "broken" : 0,
        "skipped" : 17,
        "passed" : 0,
        "unknown" : 0,
        "total" : 28
      },
      "items" : [ {
        "uid" : "5e79d7a8c634b086",
        "reportUrl" : "https://jdi-templates.github.io/jdi-light-selenoid-template/6//#testresult/5e79d7a8c634b086",
        "status" : "failed",
        "statusDetails" : "[34:44.627] Failed to execute 'TextAssert.text' for element 'Number(smart: #ui-element>smart: #number)' during '10' seconds. 34:44.003 Expected: is \"2\"\n     but: was \"1\"",
        "time" : {
          "start" : 1630348471760,
          "stop" : 1630348484628,
          "duration" : 12868
        }
      }, {
        "uid" : "b88eb88773d7b758",
        "reportUrl" : "https://jdi-templates.github.io/jdi-light-selenoid-template/7//#testresult/b88eb88773d7b758",
        "status" : "failed",
        "statusDetails" : "[32:18.573] Failed to execute 'TextAssert.text' for element 'Number(smart: #ui-element>smart: #number)' during '10' seconds. 32:17.954 Expected: is \"2\"\n     but: was \"1\"",
        "time" : {
          "start" : 1630348326131,
          "stop" : 1630348338574,
          "duration" : 12443
        }
      }, {
        "uid" : "c4ffa84728734a8c",
        "reportUrl" : "https://jdi-templates.github.io/jdi-light-selenoid-template/6//#testresult/c4ffa84728734a8c",
        "status" : "failed",
        "statusDetails" : "[30:41.64] Failed to execute 'TextAssert.text' for element 'Number(smart: #ui-element>smart: #number)' during '10' seconds. 30:40.458 Expected: is \"2\"\n     but: was \"1\"",
        "time" : {
          "start" : 1630348228581,
          "stop" : 1630348241065,
          "duration" : 12484
        }
      }, {
        "uid" : "f2e1e0d3c571ff16",
        "reportUrl" : "https://jdi-templates.github.io/jdi-light-selenoid-template/7//#testresult/f2e1e0d3c571ff16",
        "status" : "failed",
        "statusDetails" : "[28:38.689] Failed to execute 'TextAssert.text' for element 'Number(smart: #ui-element>smart: #number)' during '10' seconds. 28:38.113 Expected: is \"2\"\n     but: was \"1\"",
        "time" : {
          "start" : 1630348105863,
          "stop" : 1630348118690,
          "duration" : 12827
        }
      }, {
        "uid" : "f336728962a7561c",
        "reportUrl" : "https://jdi-templates.github.io/jdi-light-selenoid-template/6//#testresult/f336728962a7561c",
        "status" : "failed",
        "statusDetails" : "[26:07.747] Failed to execute 'TextAssert.text' for element 'Number(smart: #ui-element>smart: #number)' during '10' seconds. 26:07.148 Expected: is \"2\"\n     but: was \"1\"",
        "time" : {
          "start" : 1630347955187,
          "stop" : 1630347967754,
          "duration" : 12567
        }
      }, {
        "uid" : "c7205370430d26a8",
        "reportUrl" : "https://jdi-templates.github.io/jdi-light-selenoid-template/7//#testresult/c7205370430d26a8",
        "status" : "failed",
        "statusDetails" : "[25:19.134] Failed to execute 'TextAssert.text' for element 'Number(smart: #ui-element>smart: #number)' during '10' seconds. 25:18.553 Expected: is \"2\"\n     but: was \"1\"",
        "time" : {
          "start" : 1630347906555,
          "stop" : 1630347919136,
          "duration" : 12581
        }
      }, {
        "uid" : "cef9fdfe3c292dcf",
        "reportUrl" : "https://jdi-templates.github.io/jdi-light-selenoid-template/6//#testresult/cef9fdfe3c292dcf",
        "status" : "failed",
        "statusDetails" : "[22:12.910] Failed to execute 'TextAssert.text' for element 'Number(smart: #ui-element>smart: #number)' during '10' seconds. 22:12.291 Expected: is \"2\"\n     but: was \"1\"",
        "time" : {
          "start" : 1630347719483,
          "stop" : 1630347732911,
          "duration" : 13428
        }
      }, {
        "uid" : "cabcdc80f7301f58",
        "reportUrl" : "https://jdi-templates.github.io/jdi-light-selenoid-template/6//#testresult/cabcdc80f7301f58",
        "status" : "failed",
        "statusDetails" : "[18:01.213] Failed to execute 'TextAssert.text' for element 'Number(smart: #ui-element>smart: #number)' during '10' seconds. 18:00.611 Expected: is \"2\"\n     but: was \"1\"",
        "time" : {
          "start" : 1630347468681,
          "stop" : 1630347481221,
          "duration" : 12540
        }
      }, {
        "uid" : "ac339c9a50838d07",
        "reportUrl" : "https://jdi-templates.github.io/jdi-light-selenoid-template/6//#testresult/ac339c9a50838d07",
        "status" : "failed",
        "statusDetails" : "[14:06.98] Failed to execute 'TextAssert.text' for element 'Number(smart: #ui-element>smart: #number)' during '10' seconds. 14:05.517 Expected: is \"2\"\n     but: was \"1\"",
        "time" : {
          "start" : 1630347233432,
          "stop" : 1630347246099,
          "duration" : 12667
        }
      }, {
        "uid" : "d7053f236167422c",
        "reportUrl" : "https://jdi-templates.github.io/jdi-light-selenoid-template/6//#testresult/d7053f236167422c",
        "status" : "failed",
        "statusDetails" : "[10:22.980] Failed to execute 'TextAssert.text' for element 'Number(smart: #ui-element>smart: #number)' during '10' seconds. 10:22.378 Expected: is \"2\"\n     but: was \"1\"",
        "time" : {
          "start" : 1630347010278,
          "stop" : 1630347022982,
          "duration" : 12704
        }
      }, {
        "uid" : "d8640804e7968497",
        "reportUrl" : "https://jdi-templates.github.io/jdi-light-selenoid-template/5//#testresult/d8640804e7968497",
        "status" : "skipped",
        "statusDetails" : "[17:20.943] Failed to execute 'Form.submit' for element 'Login Form' during '0' seconds. Failed to fill element 'Name' (locator: smart: [data-testid='name']) with value 'epam'",
        "time" : {
          "start" : 1630073841296,
          "stop" : 1630073841296,
          "duration" : 0
        }
      }, {
        "uid" : "eb279ef6113ea5f4",
        "reportUrl" : "https://jdi-templates.github.io/jdi-light-selenoid-template/5//#testresult/eb279ef6113ea5f4",
        "status" : "skipped",
        "statusDetails" : "[13:54.40] Failed to execute 'Form.submit' for element 'Login Form' during '0' seconds. Failed to fill element 'Name' (locator: smart: [data-testid='name']) with value 'epam'",
        "time" : {
          "start" : 1630073634118,
          "stop" : 1630073634118,
          "duration" : 0
        }
      }, {
        "uid" : "dc9eb3d5360ab6df",
        "reportUrl" : "https://jdi-templates.github.io/jdi-light-selenoid-template/5//#testresult/dc9eb3d5360ab6df",
        "status" : "skipped",
        "statusDetails" : "[10:35.287] Failed to execute 'Form.submit' for element 'Login Form' during '0' seconds. Failed to fill element 'Name' (locator: smart: [data-testid='name']) with value 'epam'",
        "time" : {
          "start" : 1630073435545,
          "stop" : 1630073435545,
          "duration" : 0
        }
      }, {
        "uid" : "23184f111ccd1dd2",
        "reportUrl" : "https://jdi-templates.github.io/jdi-light-selenoid-template/5//#testresult/23184f111ccd1dd2",
        "status" : "skipped",
        "statusDetails" : "[06:57.531] Failed to execute 'Form.submit' for element 'Login Form' during '0' seconds. Failed to fill element 'Name' (locator: smart: [data-testid='name']) with value 'epam'",
        "time" : {
          "start" : 1630073217991,
          "stop" : 1630073218000,
          "duration" : 9
        }
      }, {
        "uid" : "ed47cc3dd2c94b0d",
        "reportUrl" : "https://jdi-templates.github.io/jdi-light-selenoid-template/5//#testresult/ed47cc3dd2c94b0d",
        "status" : "skipped",
        "statusDetails" : "[03:27.557] Failed to execute 'Form.submit' for element 'Login Form' during '0' seconds. Failed to fill element 'Name' (locator: smart: [data-testid='name']) with value 'epam'",
        "time" : {
          "start" : 1630073007823,
          "stop" : 1630073007824,
          "duration" : 1
        }
      }, {
        "uid" : "8d8de80b45dd77e2",
        "reportUrl" : "https://jdi-templates.github.io/jdi-light-selenoid-template/5//#testresult/8d8de80b45dd77e2",
        "status" : "skipped",
        "statusDetails" : "[00:04.852] Failed to execute 'Form.submit' for element 'Login Form' during '0' seconds. Failed to fill element 'Name' (locator: smart: [data-testid='name']) with value 'epam'",
        "time" : {
          "start" : 1630072805007,
          "stop" : 1630072805007,
          "duration" : 0
        }
      }, {
        "uid" : "5728bb78aad80608",
        "reportUrl" : "https://jdi-templates.github.io/jdi-light-selenoid-template/5//#testresult/5728bb78aad80608",
        "status" : "skipped",
        "statusDetails" : "[56:53.707] Failed to execute 'Form.submit' for element 'Login Form' during '0' seconds. Failed to fill element 'Name' (locator: smart: [data-testid='name']) with value 'epam'",
        "time" : {
          "start" : 1630072613740,
          "stop" : 1630072613740,
          "duration" : 0
        }
      }, {
        "uid" : "40faa7ed7939ac1e",
        "reportUrl" : "https://jdi-templates.github.io/jdi-light-selenoid-template/5//#testresult/40faa7ed7939ac1e",
        "status" : "skipped",
        "statusDetails" : "[53:48.508] Failed to execute 'Form.submit' for element 'Login Form' during '0' seconds. Failed to fill element 'Name' (locator: smart: [data-testid='name']) with value 'epam'",
        "time" : {
          "start" : 1630072428782,
          "stop" : 1630072428782,
          "duration" : 0
        }
      }, {
        "uid" : "f6a293ee09f7d136",
        "reportUrl" : "https://jdi-templates.github.io/jdi-light-selenoid-template/4//#testresult/f6a293ee09f7d136",
        "status" : "skipped",
        "statusDetails" : "[59:25.376] Failed to execute 'Form.submit' for element 'Login Form' during '0' seconds. Failed to fill element 'Name' (locator: smart: [data-testid='name']) with value 'epam'",
        "time" : {
          "start" : 1630015165439,
          "stop" : 1630015165439,
          "duration" : 0
        }
      }, {
        "uid" : "2290cec1ec601120",
        "reportUrl" : "https://jdi-templates.github.io/jdi-light-selenoid-template/4//#testresult/2290cec1ec601120",
        "status" : "skipped",
        "statusDetails" : "[56:04.616] Failed to execute 'Form.submit' for element 'Login Form' during '0' seconds. Failed to fill element 'Name' (locator: smart: [data-testid='name']) with value 'epam'",
        "time" : {
          "start" : 1630014964873,
          "stop" : 1630014964876,
          "duration" : 3
        }
      } ]
    },
    "tags" : [ ]
  },
  "source" : "71144fb277715a76.json",
  "parameterValues" : [ ]
}