{
  "uid" : "a80c6dac373bfe8c",
  "name" : "filterLinesTest",
  "fullName" : "org.mytests.tests.example.DataTableTests.filterLinesTest",
  "historyId" : "c38730790032178fa9356f7560e34ca8",
  "time" : {
    "start" : 1630347194931,
    "stop" : 1630347208019,
    "duration" : 13088
  },
  "status" : "skipped",
  "statusMessage" : "[13:28.18] Failed to execute 'TextAssert.text' for element 'Number(smart: #ui-element>smart: #number)' during '10' seconds. 13:27.399 Expected: is \"2\"\n     but: was \"1\"",
  "statusTrace" : "java.lang.AssertionError: [13:28.18] Failed to execute 'TextAssert.text' for element 'Number(smart: #ui-element>smart: #number)' during '10' seconds. 13:27.399 Expected: is \"2\"\n     but: was \"1\"\n\tat com.epam.jdi.light.common.Exceptions.exception(Exceptions.java:27)\n\tat com.epam.jdi.light.actions.ActionHelper.actionFailed(ActionHelper.java:383)\n\tat com.epam.jdi.tools.func.JFunc2.execute(JFunc2.java:19)\n\tat com.epam.jdi.light.actions.ActionProcessor.jdiAround(ActionProcessor.java:55)\n\tat com.epam.jdi.light.asserts.generic.TextAssert.text(TextAssert.java:17)\n\tat org.mytests.tests.example.DataTableTests.validateUserRow(DataTableTests.java:90)\n\tat org.mytests.tests.example.DataTableTests.filterLinesTest(DataTableTests.java:74)\n\tat sun.reflect.NativeMethodAccessorImpl.invoke0(Native Method)\n\tat sun.reflect.NativeMethodAccessorImpl.invoke(NativeMethodAccessorImpl.java:62)\n\tat sun.reflect.DelegatingMethodAccessorImpl.invoke(DelegatingMethodAccessorImpl.java:43)\n\tat java.lang.reflect.Method.invoke(Method.java:498)\n\tat org.testng.internal.MethodInvocationHelper.invokeMethod(MethodInvocationHelper.java:124)\n\tat org.testng.internal.Invoker.invokeMethod(Invoker.java:583)\n\tat org.testng.internal.Invoker.invokeTestMethod(Invoker.java:719)\n\tat org.testng.internal.Invoker.invokeTestMethods(Invoker.java:989)\n\tat org.testng.internal.TestMethodWorker.invokeTestMethods(TestMethodWorker.java:125)\n\tat org.testng.internal.TestMethodWorker.run(TestMethodWorker.java:109)\n\tat java.util.concurrent.ThreadPoolExecutor.runWorker(ThreadPoolExecutor.java:1149)\n\tat java.util.concurrent.ThreadPoolExecutor$Worker.run(ThreadPoolExecutor.java:624)\n\tat java.lang.Thread.run(Thread.java:748)\nCaused by: java.lang.AssertionError: Failed to execute 'TextAssert.text' for element 'Number(smart: #ui-element>smart: #number)' during '10' seconds. 13:27.399 \nExpected: is \"2\"\n     but: was \"1\"\n\tat com.epam.jdi.light.common.Exceptions.exception(Exceptions.java:27)\n\tat com.epam.jdi.light.actions.ActionHelper.stableAction(ActionHelper.java:638)\n\tat com.epam.jdi.light.actions.ActionProcessor.jdiAround(ActionProcessor.java:48)\n\t... 16 more\nCaused by: java.lang.AssertionError: 13:27.399 \nExpected: is \"2\"\n     but: was \"1\"\n\tat com.epam.jdi.light.asserts.core.SoftAssert.jdiAssert(SoftAssert.java:48)\n\tat com.epam.jdi.light.asserts.core.SoftAssert.jdiAssert(SoftAssert.java:59)\n\tat com.epam.jdi.light.asserts.generic.TextAssert.text_aroundBody0(TextAssert.java:18)\n\tat com.epam.jdi.light.asserts.generic.TextAssert$AjcClosure1.run(TextAssert.java:1)\n\tat org.aspectj.runtime.reflect.JoinPointImpl.proceed(JoinPointImpl.java:167)\n\tat com.epam.jdi.light.actions.ActionObject.execute(ActionObject.java:60)\n\tat com.epam.jdi.light.actions.ActionHelper.stableAction(ActionHelper.java:626)\n\t... 17 more\n",
  "flaky" : false,
  "newFailed" : false,
  "beforeStages" : [ {
    "name" : "before",
    "time" : {
      "start" : 1630347194574,
      "stop" : 1630347194930,
      "duration" : 356
    },
    "description" : "",
    "status" : "passed",
    "steps" : [ {
      "name" : "shouldBeLoggedIn",
      "time" : {
        "start" : 1630347194574,
        "stop" : 1630347194712,
        "duration" : 138
      },
      "status" : "passed",
      "steps" : [ ],
      "attachments" : [ ],
      "parameters" : [ ],
      "stepsCount" : 0,
      "attachmentsCount" : 0,
      "shouldDisplayMessage" : false,
      "hasContent" : false
    }, {
      "name" : "Open 'Users Page'(url=https://epam.github.io/JDI/user-table.html)",
      "time" : {
        "start" : 1630347194712,
        "stop" : 1630347194930,
        "duration" : 218
      },
      "status" : "passed",
      "steps" : [ {
        "name" : "Open 'Users Page'(url=https://epam.github.io/JDI/user-table.html)",
        "time" : {
          "start" : 1630347194721,
          "stop" : 1630347194930,
          "duration" : 209
        },
        "status" : "passed",
        "steps" : [ ],
        "attachments" : [ ],
        "parameters" : [ ],
        "stepsCount" : 0,
        "attachmentsCount" : 0,
        "shouldDisplayMessage" : false,
        "hasContent" : false
      } ],
      "attachments" : [ {
        "uid" : "a650c661c599955f",
        "name" : "Details",
        "source" : "a650c661c599955f.html",
        "type" : "text/plain",
        "size" : 135
      } ],
      "parameters" : [ ],
      "stepsCount" : 1,
      "attachmentsCount" : 1,
      "shouldDisplayMessage" : false,
      "hasContent" : true
    } ],
    "attachments" : [ ],
    "parameters" : [ ],
    "stepsCount" : 3,
    "attachmentsCount" : 1,
    "shouldDisplayMessage" : false,
    "hasContent" : true
  }, {
    "name" : "setUp",
    "time" : {
      "start" : 1630347164942,
      "stop" : 1630347171017,
      "duration" : 6075
    },
    "description" : "",
    "status" : "passed",
    "steps" : [ {
      "name" : "Open 'SiteJdi'(url=https://epam.github.io/JDI/)",
      "time" : {
        "start" : 1630347167204,
        "stop" : 1630347171016,
        "duration" : 3812
      },
      "status" : "passed",
      "steps" : [ {
        "name" : "Open 'SiteJdi'(url=https://epam.github.io/JDI/)",
        "time" : {
          "start" : 1630347169857,
          "stop" : 1630347171015,
          "duration" : 1158
        },
        "status" : "passed",
        "steps" : [ ],
        "attachments" : [ ],
        "parameters" : [ ],
        "stepsCount" : 0,
        "attachmentsCount" : 0,
        "shouldDisplayMessage" : false,
        "hasContent" : false
      } ],
      "attachments" : [ {
        "uid" : "5c6fe197617bd3ed",
        "name" : "Details",
        "source" : "5c6fe197617bd3ed.html",
        "type" : "text/plain",
        "size" : 119
      } ],
      "parameters" : [ ],
      "stepsCount" : 1,
      "attachmentsCount" : 1,
      "shouldDisplayMessage" : false,
      "hasContent" : true
    } ],
    "attachments" : [ ],
    "parameters" : [ ],
    "stepsCount" : 2,
    "attachmentsCount" : 1,
    "shouldDisplayMessage" : false,
    "hasContent" : true
  } ],
  "testStage" : {
    "status" : "skipped",
    "statusMessage" : "[13:28.18] Failed to execute 'TextAssert.text' for element 'Number(smart: #ui-element>smart: #number)' during '10' seconds. 13:27.399 Expected: is \"2\"\n     but: was \"1\"",
    "statusTrace" : "java.lang.AssertionError: [13:28.18] Failed to execute 'TextAssert.text' for element 'Number(smart: #ui-element>smart: #number)' during '10' seconds. 13:27.399 Expected: is \"2\"\n     but: was \"1\"\n\tat com.epam.jdi.light.common.Exceptions.exception(Exceptions.java:27)\n\tat com.epam.jdi.light.actions.ActionHelper.actionFailed(ActionHelper.java:383)\n\tat com.epam.jdi.tools.func.JFunc2.execute(JFunc2.java:19)\n\tat com.epam.jdi.light.actions.ActionProcessor.jdiAround(ActionProcessor.java:55)\n\tat com.epam.jdi.light.asserts.generic.TextAssert.text(TextAssert.java:17)\n\tat org.mytests.tests.example.DataTableTests.validateUserRow(DataTableTests.java:90)\n\tat org.mytests.tests.example.DataTableTests.filterLinesTest(DataTableTests.java:74)\n\tat sun.reflect.NativeMethodAccessorImpl.invoke0(Native Method)\n\tat sun.reflect.NativeMethodAccessorImpl.invoke(NativeMethodAccessorImpl.java:62)\n\tat sun.reflect.DelegatingMethodAccessorImpl.invoke(DelegatingMethodAccessorImpl.java:43)\n\tat java.lang.reflect.Method.invoke(Method.java:498)\n\tat org.testng.internal.MethodInvocationHelper.invokeMethod(MethodInvocationHelper.java:124)\n\tat org.testng.internal.Invoker.invokeMethod(Invoker.java:583)\n\tat org.testng.internal.Invoker.invokeTestMethod(Invoker.java:719)\n\tat org.testng.internal.Invoker.invokeTestMethods(Invoker.java:989)\n\tat org.testng.internal.TestMethodWorker.invokeTestMethods(TestMethodWorker.java:125)\n\tat org.testng.internal.TestMethodWorker.run(TestMethodWorker.java:109)\n\tat java.util.concurrent.ThreadPoolExecutor.runWorker(ThreadPoolExecutor.java:1149)\n\tat java.util.concurrent.ThreadPoolExecutor$Worker.run(ThreadPoolExecutor.java:624)\n\tat java.lang.Thread.run(Thread.java:748)\nCaused by: java.lang.AssertionError: Failed to execute 'TextAssert.text' for element 'Number(smart: #ui-element>smart: #number)' during '10' seconds. 13:27.399 \nExpected: is \"2\"\n     but: was \"1\"\n\tat com.epam.jdi.light.common.Exceptions.exception(Exceptions.java:27)\n\tat com.epam.jdi.light.actions.ActionHelper.stableAction(ActionHelper.java:638)\n\tat com.epam.jdi.light.actions.ActionProcessor.jdiAround(ActionProcessor.java:48)\n\t... 16 more\nCaused by: java.lang.AssertionError: 13:27.399 \nExpected: is \"2\"\n     but: was \"1\"\n\tat com.epam.jdi.light.asserts.core.SoftAssert.jdiAssert(SoftAssert.java:48)\n\tat com.epam.jdi.light.asserts.core.SoftAssert.jdiAssert(SoftAssert.java:59)\n\tat com.epam.jdi.light.asserts.generic.TextAssert.text_aroundBody0(TextAssert.java:18)\n\tat com.epam.jdi.light.asserts.generic.TextAssert$AjcClosure1.run(TextAssert.java:1)\n\tat org.aspectj.runtime.reflect.JoinPointImpl.proceed(JoinPointImpl.java:167)\n\tat com.epam.jdi.light.actions.ActionObject.execute(ActionObject.java:60)\n\tat com.epam.jdi.light.actions.ActionHelper.stableAction(ActionHelper.java:626)\n\t... 17 more\n",
    "steps" : [ {
      "name" : "Get row '2' for 'Users' table",
      "time" : {
        "start" : 1630347194933,
        "stop" : 1630347197066,
        "duration" : 2133
      },
      "status" : "passed",
      "steps" : [ {
        "name" : "Get row '2' for 'Users' table",
        "time" : {
          "start" : 1630347194946,
          "stop" : 1630347196680,
          "duration" : 1734
        },
        "status" : "passed",
        "steps" : [ {
          "name" : "Get 'Users' header",
          "time" : {
            "start" : 1630347194948,
            "stop" : 1630347195843,
            "duration" : 895
          },
          "status" : "passed",
          "steps" : [ {
            "name" : "Get 'Users header' values",
            "time" : {
              "start" : 1630347195418,
              "stop" : 1630347195843,
              "duration" : 425
            },
            "status" : "passed",
            "steps" : [ {
              "name" : "Get '' text",
              "time" : {
                "start" : 1630347195736,
                "stop" : 1630347195756,
                "duration" : 20
              },
              "status" : "passed",
              "steps" : [ ],
              "attachments" : [ {
                "uid" : "e283788f04132964",
                "name" : "Actual result",
                "source" : "e283788f04132964.html",
                "type" : "text/plain",
                "size" : 6
              } ],
              "parameters" : [ ],
              "stepsCount" : 0,
              "attachmentsCount" : 1,
              "shouldDisplayMessage" : false,
              "hasContent" : true
            } ],
            "attachments" : [ {
              "uid" : "928a6bd6770b1d90",
              "name" : "Actual result",
              "source" : "928a6bd6770b1d90.html",
              "type" : "text/plain",
              "size" : 32
            } ],
            "parameters" : [ ],
            "stepsCount" : 1,
            "attachmentsCount" : 2,
            "shouldDisplayMessage" : false,
            "hasContent" : true
          } ],
          "attachments" : [ {
            "uid" : "9c3b30278b4460a6",
            "name" : "Actual result",
            "source" : "9c3b30278b4460a6.html",
            "type" : "text/plain",
            "size" : 32
          } ],
          "parameters" : [ ],
          "stepsCount" : 2,
          "attachmentsCount" : 3,
          "shouldDisplayMessage" : false,
          "hasContent" : true
        }, {
          "name" : "Get 'Users' rows count",
          "time" : {
            "start" : 1630347195844,
            "stop" : 1630347196102,
            "duration" : 258
          },
          "status" : "passed",
          "steps" : [ {
            "name" : "Get 'xpath='//tbody//tr[1]/td'' values",
            "time" : {
              "start" : 1630347195948,
              "stop" : 1630347196102,
              "duration" : 154
            },
            "status" : "passed",
            "steps" : [ ],
            "attachments" : [ {
              "uid" : "5529816e9f45f412",
              "name" : "Actual result",
              "source" : "5529816e9f45f412.html",
              "type" : "text/plain",
              "size" : 2
            } ],
            "parameters" : [ ],
            "stepsCount" : 0,
            "attachmentsCount" : 1,
            "shouldDisplayMessage" : false,
            "hasContent" : true
          } ],
          "attachments" : [ {
            "uid" : "e7109bc685b7710a",
            "name" : "Actual result",
            "source" : "e7109bc685b7710a.html",
            "type" : "text/plain",
            "size" : 1
          } ],
          "parameters" : [ ],
          "stepsCount" : 1,
          "attachmentsCount" : 2,
          "shouldDisplayMessage" : false,
          "hasContent" : true
        }, {
          "name" : "Get 'Users line[2]' values",
          "time" : {
            "start" : 1630347196104,
            "stop" : 1630347196680,
            "duration" : 576
          },
          "status" : "passed",
          "steps" : [ ],
          "attachments" : [ {
            "uid" : "4666b22662550d5d",
            "name" : "Actual result",
            "source" : "4666b22662550d5d.html",
            "type" : "text/plain",
            "size" : 75
          } ],
          "parameters" : [ ],
          "stepsCount" : 0,
          "attachmentsCount" : 1,
          "shouldDisplayMessage" : false,
          "hasContent" : true
        } ],
        "attachments" : [ {
          "uid" : "82383ebecec90de",
          "name" : "Actual result",
          "source" : "82383ebecec90de.html",
          "type" : "text/plain",
          "size" : 98
        } ],
        "parameters" : [ ],
        "stepsCount" : 6,
        "attachmentsCount" : 7,
        "shouldDisplayMessage" : false,
        "hasContent" : true
      } ],
      "attachments" : [ {
        "uid" : "7f966f1e7a9337b4",
        "name" : "Details",
        "source" : "7f966f1e7a9337b4.html",
        "type" : "text/plain",
        "size" : 35
      }, {
        "uid" : "7bbe1b70a2ec5855",
        "name" : "Actual result",
        "source" : "7bbe1b70a2ec5855.html",
        "type" : "text/plain",
        "size" : 18
      } ],
      "parameters" : [ ],
      "stepsCount" : 7,
      "attachmentsCount" : 9,
      "shouldDisplayMessage" : false,
      "hasContent" : true
    }, {
      "name" : "Select 'Admin' in 'Type'",
      "time" : {
        "start" : 1630347197067,
        "stop" : 1630347197162,
        "duration" : 95
      },
      "status" : "passed",
      "steps" : [ {
        "name" : "Select 'Admin' in 'Type'",
        "time" : {
          "start" : 1630347197083,
          "stop" : 1630347197162,
          "duration" : 79
        },
        "status" : "passed",
        "steps" : [ ],
        "attachments" : [ ],
        "parameters" : [ ],
        "stepsCount" : 0,
        "attachmentsCount" : 0,
        "shouldDisplayMessage" : false,
        "hasContent" : false
      } ],
      "attachments" : [ {
        "uid" : "6363a998cb4610e8",
        "name" : "Details",
        "source" : "6363a998cb4610e8.html",
        "type" : "text/plain",
        "size" : 60
      } ],
      "parameters" : [ ],
      "stepsCount" : 1,
      "attachmentsCount" : 1,
      "shouldDisplayMessage" : false,
      "hasContent" : true
    }, {
      "name" : "Get selected value",
      "time" : {
        "start" : 1630347197162,
        "stop" : 1630347197264,
        "duration" : 102
      },
      "status" : "passed",
      "steps" : [ {
        "name" : "Check that 'Type' is displayed",
        "time" : {
          "start" : 1630347197170,
          "stop" : 1630347197263,
          "duration" : 93
        },
        "status" : "passed",
        "steps" : [ {
          "name" : "Get selected value",
          "time" : {
            "start" : 1630347197170,
            "stop" : 1630347197262,
            "duration" : 92
          },
          "status" : "passed",
          "steps" : [ ],
          "attachments" : [ {
            "uid" : "88103b33cc9694bf",
            "name" : "Actual result",
            "source" : "88103b33cc9694bf.html",
            "type" : "text/plain",
            "size" : 5
          } ],
          "parameters" : [ ],
          "stepsCount" : 0,
          "attachmentsCount" : 1,
          "shouldDisplayMessage" : false,
          "hasContent" : true
        } ],
        "attachments" : [ {
          "uid" : "51116adfdc443c",
          "name" : "Actual result",
          "source" : "51116adfdc443c.html",
          "type" : "text/plain",
          "size" : 5
        } ],
        "parameters" : [ ],
        "stepsCount" : 1,
        "attachmentsCount" : 2,
        "shouldDisplayMessage" : false,
        "hasContent" : true
      } ],
      "attachments" : [ {
        "uid" : "ea18dacf88b2c389",
        "name" : "Details",
        "source" : "ea18dacf88b2c389.html",
        "type" : "text/plain",
        "size" : 60
      }, {
        "uid" : "bfbfab871b9ddc0e",
        "name" : "Actual result",
        "source" : "bfbfab871b9ddc0e.html",
        "type" : "text/plain",
        "size" : 5
      } ],
      "parameters" : [ ],
      "stepsCount" : 2,
      "attachmentsCount" : 4,
      "shouldDisplayMessage" : false,
      "hasContent" : true
    }, {
      "name" : "Select 'User' in 'Type'",
      "time" : {
        "start" : 1630347197265,
        "stop" : 1630347197363,
        "duration" : 98
      },
      "status" : "passed",
      "steps" : [ {
        "name" : "Select 'User' in 'Type'",
        "time" : {
          "start" : 1630347197269,
          "stop" : 1630347197363,
          "duration" : 94
        },
        "status" : "passed",
        "steps" : [ ],
        "attachments" : [ ],
        "parameters" : [ ],
        "stepsCount" : 0,
        "attachmentsCount" : 0,
        "shouldDisplayMessage" : false,
        "hasContent" : false
      } ],
      "attachments" : [ {
        "uid" : "5a17767469492aba",
        "name" : "Details",
        "source" : "5a17767469492aba.html",
        "type" : "text/plain",
        "size" : 60
      } ],
      "parameters" : [ ],
      "stepsCount" : 1,
      "attachmentsCount" : 1,
      "shouldDisplayMessage" : false,
      "hasContent" : true
    }, {
      "name" : "Assert that 'Number' text is \"2\"",
      "time" : {
        "start" : 1630347197368
      },
      "status" : "unknown",
      "steps" : [ {
        "name" : "Get 'Number' text",
        "time" : {
          "start" : 1630347197372,
          "stop" : 1630347197447,
          "duration" : 75
        },
        "status" : "passed",
        "steps" : [ ],
        "attachments" : [ {
          "uid" : "b0a5468023177de1",
          "name" : "Actual result",
          "source" : "b0a5468023177de1.html",
          "type" : "text/plain",
          "size" : 1
        } ],
        "parameters" : [ ],
        "stepsCount" : 0,
        "attachmentsCount" : 1,
        "shouldDisplayMessage" : false,
        "hasContent" : true
      }, {
        "name" : "Failure details",
        "time" : {
          "start" : 1630347208012,
          "stop" : 1630347208013,
          "duration" : 1
        },
        "status" : "unknown",
        "steps" : [ ],
        "attachments" : [ {
          "uid" : "1e5c5257bcfd0a5e",
          "name" : "Screenshot",
          "source" : "1e5c5257bcfd0a5e.png",
          "type" : "image/png",
          "size" : 145674
        } ],
        "parameters" : [ ],
        "stepsCount" : 0,
        "attachmentsCount" : 1,
        "shouldDisplayMessage" : false,
        "hasContent" : true
      } ],
      "attachments" : [ {
        "uid" : "f61814e0627a7d8d",
        "name" : "Details",
        "source" : "f61814e0627a7d8d.html",
        "type" : "text/plain",
        "size" : 60
      } ],
      "parameters" : [ ],
      "stepsCount" : 2,
      "attachmentsCount" : 3,
      "shouldDisplayMessage" : false,
      "hasContent" : true
    } ],
    "attachments" : [ ],
    "parameters" : [ ],
    "stepsCount" : 18,
    "attachmentsCount" : 18,
    "shouldDisplayMessage" : true,
    "hasContent" : true
  },
  "afterStages" : [ {
    "name" : "teardown",
    "time" : {
      "start" : 1630347257856,
      "stop" : 1630347257895,
      "duration" : 39
    },
    "description" : "",
    "status" : "passed",
    "steps" : [ ],
    "attachments" : [ ],
    "parameters" : [ ],
    "stepsCount" : 0,
    "attachmentsCount" : 0,
    "shouldDisplayMessage" : false,
    "hasContent" : false
  } ],
  "labels" : [ {
    "name" : "package",
    "value" : "org.mytests.tests.example.DataTableTests"
  }, {
    "name" : "testClass",
    "value" : "org.mytests.tests.example.DataTableTests"
  }, {
    "name" : "testMethod",
    "value" : "filterLinesTest"
  }, {
    "name" : "parentSuite",
    "value" : "Test suite"
  }, {
    "name" : "suite",
    "value" : "Tests"
  }, {
    "name" : "subSuite",
    "value" : "org.mytests.tests.example.DataTableTests"
  }, {
    "name" : "host",
    "value" : "fv-az281-863"
  }, {
    "name" : "thread",
    "value" : "4302@fv-az281-863.TestNG-test=Tests-2(17)"
  }, {
    "name" : "framework",
    "value" : "testng"
  }, {
    "name" : "language",
    "value" : "java"
  }, {
    "name" : "resultFormat",
    "value" : "allure2"
  } ],
  "parameters" : [ ],
  "links" : [ ],
  "hidden" : true,
  "retry" : true,
  "extra" : {
    "categories" : [ ],
    "tags" : [ ]
  },
  "source" : "a80c6dac373bfe8c.json",
  "parameterValues" : [ ]
}