{"uid":"c76e5fdae483fe1f","name":"loginTest","fullName":"org.mytests.tests.example.FormTests.loginTest","historyId":"e60f2a844977a19fb6080bfba934739e","time":{"start":1668422068185,"stop":1668422069716,"duration":1531},"status":"broken","statusMessage":"\n[34:29.706] Failed to execute 'Form.loginAs' for element 'Login Form' during '0' seconds. \nFailed to fill element 'Name' (locator: smart: #name) with value 'Roman'","statusTrace":"java.lang.RuntimeException: \n[34:29.706] Failed to execute 'Form.loginAs' for element 'Login Form' during '0' seconds. \nFailed to fill element 'Name' (locator: smart: #name) with value 'Roman'\n\tat com.epam.jdi.light.common.Exceptions.exception(Exceptions.java:35)\n\tat com.epam.jdi.light.actions.ActionHelper.actionFailed(ActionHelper.java:402)\n\tat com.jdiai.tools.func.JFunc2.execute(JFunc2.java:19)\n\tat com.epam.jdi.light.actions.ActionProcessor.jdiAround(ActionProcessor.java:55)\n\tat com.epam.jdi.light.elements.composite.Form.loginAs(Form.java:295)\n\tat org.mytests.tests.example.FormTests.loginTest(FormTests.java:18)\n\tat java.base/jdk.internal.reflect.NativeMethodAccessorImpl.invoke0(Native Method)\n\tat java.base/jdk.internal.reflect.NativeMethodAccessorImpl.invoke(NativeMethodAccessorImpl.java:62)\n\tat java.base/jdk.internal.reflect.DelegatingMethodAccessorImpl.invoke(DelegatingMethodAccessorImpl.java:43)\n\tat java.base/java.lang.reflect.Method.invoke(Method.java:567)\n\tat org.testng.internal.MethodInvocationHelper.invokeMethod(MethodInvocationHelper.java:133)\n\tat org.testng.internal.TestInvoker.invokeMethod(TestInvoker.java:598)\n\tat org.testng.internal.TestInvoker.invokeTestMethod(TestInvoker.java:173)\n\tat org.testng.internal.MethodRunner.runInSequence(MethodRunner.java:46)\n\tat org.testng.internal.TestInvoker$MethodInvocationAgent.invoke(TestInvoker.java:824)\n\tat org.testng.internal.TestInvoker.invokeTestMethods(TestInvoker.java:146)\n\tat org.testng.internal.TestMethodWorker.invokeTestMethods(TestMethodWorker.java:146)\n\tat org.testng.internal.TestMethodWorker.run(TestMethodWorker.java:128)\n\tat java.base/java.util.concurrent.ThreadPoolExecutor.runWorker(ThreadPoolExecutor.java:1128)\n\tat java.base/java.util.concurrent.ThreadPoolExecutor$Worker.run(ThreadPoolExecutor.java:628)\n\tat java.base/java.lang.Thread.run(Thread.java:835)\nCaused by: java.lang.RuntimeException: \nFailed to execute 'Form.loginAs' for element 'Login Form' during '0' seconds. \nFailed to fill element 'Name' (locator: smart: #name) with value 'Roman'\n\tat com.epam.jdi.light.common.Exceptions.exception(Exceptions.java:35)\n\tat com.epam.jdi.light.actions.ActionHelper.stableAction(ActionHelper.java:672)\n\tat com.epam.jdi.light.actions.ActionProcessor.jdiAround(ActionProcessor.java:48)\n\t... 17 more\nCaused by: java.lang.RuntimeException: \nFailed to fill element 'Name' (locator: smart: #name) with value 'Roman'\n\tat com.epam.jdi.light.common.Exceptions.exception(Exceptions.java:35)\n\tat com.epam.jdi.light.actions.ActionHelper.actionFailed(ActionHelper.java:402)\n\tat com.jdiai.tools.func.JFunc2.execute(JFunc2.java:19)\n\tat com.epam.jdi.light.actions.ActionProcessor.jdiAround(ActionProcessor.java:55)\n\tat com.epam.jdi.light.elements.composite.Form.loginAs_aroundBody46(Form.java:296)\n\tat com.epam.jdi.light.elements.composite.Form$AjcClosure47.run(Form.java:1)\n\tat org.aspectj.runtime.reflect.JoinPointImpl.proceed(JoinPointImpl.java:167)\n\tat com.epam.jdi.light.actions.ActionObject.execute(ActionObject.java:61)\n\tat com.epam.jdi.light.actions.ActionHelper.invokeAction(ActionHelper.java:682)\n\tat com.epam.jdi.light.actions.ActionHelper.stableAction(ActionHelper.java:670)\n\t... 18 more\nCaused by: java.lang.RuntimeException: \nFailed to fill element 'Name' (locator: smart: #name) with value 'Roman'\n\tat com.epam.jdi.light.common.Exceptions.exception(Exceptions.java:35)\n\tat com.epam.jdi.light.actions.ActionHelper.actionFailed(ActionHelper.java:402)\n\tat com.jdiai.tools.func.JFunc2.execute(JFunc2.java:19)\n\tat com.epam.jdi.light.actions.ActionProcessor.jdiAround(ActionProcessor.java:55)\n\tat com.epam.jdi.light.elements.composite.Form.login(Form.java:283)\n\tat com.epam.jdi.light.elements.composite.Form.login_aroundBody44(Form.java:296)\n\tat com.epam.jdi.light.elements.composite.Form$AjcClosure45.run(Form.java:1)\n\tat org.aspectj.runtime.reflect.JoinPointImpl.proceed(JoinPointImpl.java:167)\n\tat com.epam.jdi.light.actions.ActionObject.execute(ActionObject.java:61)\n\tat com.epam.jdi.light.actions.ActionHelper.invokeAction(ActionHelper.java:682)\n\tat com.epam.jdi.light.actions.ActionHelper.defaultAction(ActionHelper.java:650)\n\tat com.epam.jdi.light.actions.ActionProcessor.jdiAround(ActionProcessor.java:49)\n\t... 24 more\nCaused by: java.lang.RuntimeException: \nFailed to fill element 'Name' (locator: smart: #name) with value 'Roman'\n\tat com.epam.jdi.light.common.Exceptions.exception(Exceptions.java:35)\n\tat com.epam.jdi.light.actions.ActionHelper.actionFailed(ActionHelper.java:402)\n\tat com.jdiai.tools.func.JFunc2.execute(JFunc2.java:19)\n\tat com.epam.jdi.light.actions.ActionProcessor.jdiAround(ActionProcessor.java:55)\n\tat com.epam.jdi.light.elements.composite.Form.login_aroundBody38(Form.java:284)\n\tat com.epam.jdi.light.elements.composite.Form$AjcClosure39.run(Form.java:1)\n\tat org.aspectj.runtime.reflect.JoinPointImpl.proceed(JoinPointImpl.java:167)\n\tat com.epam.jdi.light.actions.ActionObject.execute(ActionObject.java:61)\n\tat com.epam.jdi.light.actions.ActionHelper.invokeAction(ActionHelper.java:682)\n\tat com.epam.jdi.light.actions.ActionHelper.defaultAction(ActionHelper.java:650)\n\tat com.epam.jdi.light.actions.ActionProcessor.jdiAround(ActionProcessor.java:49)\n\t... 32 more\nCaused by: java.lang.RuntimeException: \nFailed to fill element 'Name' (locator: smart: #name) with value 'Roman'\n\tat com.epam.jdi.light.common.Exceptions.exception(Exceptions.java:35)\n\tat com.epam.jdi.light.actions.ActionHelper.actionFailed(ActionHelper.java:402)\n\tat com.jdiai.tools.func.JFunc2.execute(JFunc2.java:19)\n\tat com.epam.jdi.light.actions.ActionProcessor.jdiAround(ActionProcessor.java:55)\n\tat com.epam.jdi.light.elements.composite.Form.submit(Form.java:257)\n\tat com.epam.jdi.light.elements.composite.Form.submit_aroundBody36(Form.java:284)\n\tat com.epam.jdi.light.elements.composite.Form$AjcClosure37.run(Form.java:1)\n\tat org.aspectj.runtime.reflect.JoinPointImpl.proceed(JoinPointImpl.java:167)\n\tat com.epam.jdi.light.actions.ActionObject.execute(ActionObject.java:61)\n\tat com.epam.jdi.light.actions.ActionHelper.invokeAction(ActionHelper.java:682)\n\tat com.epam.jdi.light.actions.ActionHelper.defaultAction(ActionHelper.java:650)\n\tat com.epam.jdi.light.actions.ActionProcessor.jdiAround(ActionProcessor.java:49)\n\t... 39 more\nCaused by: java.lang.RuntimeException: \n\nFailed to fill element 'Name' (locator: smart: #name) with value 'Roman'\n\tat com.epam.jdi.light.common.Exceptions.exception(Exceptions.java:35)\n\tat com.epam.jdi.light.actions.ActionProcessor.debugAround(ActionProcessor.java:74)\n\tat com.epam.jdi.light.elements.composite.Form.fill(Form.java:99)\n\tat com.epam.jdi.light.elements.composite.Form.submit(Form.java:263)\n\tat com.epam.jdi.light.elements.composite.Form.submit_aroundBody30(Form.java:258)\n\tat com.epam.jdi.light.elements.composite.Form$AjcClosure31.run(Form.java:1)\n\tat org.aspectj.runtime.reflect.JoinPointImpl.proceed(JoinPointImpl.java:167)\n\tat com.epam.jdi.light.actions.ActionObject.execute(ActionObject.java:61)\n\tat com.epam.jdi.light.actions.ActionHelper.invokeAction(ActionHelper.java:682)\n\tat com.epam.jdi.light.actions.ActionHelper.defaultAction(ActionHelper.java:650)\n\tat com.epam.jdi.light.actions.ActionProcessor.jdiAround(ActionProcessor.java:49)\n\t... 47 more\nCaused by: java.lang.RuntimeException: \nFailed to fill element 'Name' (locator: smart: #name) with value 'Roman'\n\tat com.epam.jdi.light.common.Exceptions.exception(Exceptions.java:35)\n\tat com.epam.jdi.light.elements.composite.Form.fill_aroundBody4(Form.java:110)\n\tat com.epam.jdi.light.elements.composite.Form$AjcClosure5.run(Form.java:1)\n\tat org.aspectj.runtime.reflect.JoinPointImpl.proceed(JoinPointImpl.java:167)\n\tat com.epam.jdi.light.actions.ActionProcessor.debugAround(ActionProcessor.java:69)\n\t... 56 more\nCaused by: java.lang.RuntimeException: \njava.lang.RuntimeException: \nSearch rules failed for element. Please check base().searchRules() for element or in global settings(JDISettings.ELEMENT.searchRule)\n\tat com.epam.jdi.light.common.Exceptions.exception(Exceptions.java:35)\n\tat com.epam.jdi.light.actions.ActionProcessor.debugAround(ActionProcessor.java:74)\n\tat com.epam.jdi.light.elements.composite.Form.fillAction(Form.java:59)\n\tat com.epam.jdi.light.elements.composite.Form.fill_aroundBody4(Form.java:108)\n\t... 59 more\nCaused by: java.lang.RuntimeException: java.lang.RuntimeException: \nSearch rules failed for element. Please check base().searchRules() for element or in global settings(JDISettings.ELEMENT.searchRule)\n\tat com.jdiai.tools.func.JAction4.execute(JAction4.java:16)\n\tat com.epam.jdi.light.elements.composite.Form.fillAction_aroundBody0(Form.java:61)\n\tat com.epam.jdi.light.elements.composite.Form$AjcClosure1.run(Form.java:1)\n\tat org.aspectj.runtime.reflect.JoinPointImpl.proceed(JoinPointImpl.java:167)\n\tat com.epam.jdi.light.actions.ActionProcessor.debugAround(ActionProcessor.java:69)\n\t... 61 more\nCaused by: java.lang.RuntimeException: \nSearch rules failed for element. Please check base().searchRules() for element or in global settings(JDISettings.ELEMENT.searchRule)\n\tat com.epam.jdi.light.common.Exceptions.exception(Exceptions.java:35)\n\tat com.epam.jdi.light.actions.ActionHelper.actionFailed(ActionHelper.java:402)\n\tat com.jdiai.tools.func.JFunc2.execute(JFunc2.java:19)\n\tat com.epam.jdi.light.actions.ActionProcessor.jdiAround(ActionProcessor.java:55)\n\tat com.epam.jdi.light.elements.common.UIElement.setValue(UIElement.java:832)\n\tat com.epam.jdi.light.elements.composite.Form.lambda$0(Form.java:44)\n\tat com.jdiai.tools.func.JAction4.execute(JAction4.java:14)\n\t... 65 more\nCaused by: java.lang.RuntimeException: \nSearch rules failed for element. Please check base().searchRules() for element or in global settings(JDISettings.ELEMENT.searchRule)\n\tat com.epam.jdi.light.common.Exceptions.exception(Exceptions.java:35)\n\tat com.epam.jdi.light.actions.ActionHelper.actionFailed(ActionHelper.java:402)\n\tat com.jdiai.tools.func.JFunc2.execute(JFunc2.java:19)\n\tat com.epam.jdi.light.actions.ActionProcessor.jdiAround(ActionProcessor.java:55)\n\tat com.epam.jdi.light.elements.common.UIElement.input(UIElement.java:313)\n\tat com.epam.jdi.light.elements.common.UIElement.input_aroundBody224(UIElement.java:832)\n\tat com.epam.jdi.light.elements.common.UIElement$AjcClosure225.run(UIElement.java:1)\n\tat org.aspectj.runtime.reflect.JoinPointImpl.proceed(JoinPointImpl.java:167)\n\tat com.epam.jdi.light.actions.ActionObject.execute(ActionObject.java:61)\n\tat com.epam.jdi.light.actions.ActionHelper.invokeAction(ActionHelper.java:682)\n\tat com.epam.jdi.light.actions.ActionHelper.defaultAction(ActionHelper.java:650)\n\tat com.epam.jdi.light.actions.ActionProcessor.jdiAround(ActionProcessor.java:49)\n\t... 68 more\nCaused by: java.lang.RuntimeException: java.lang.RuntimeException: \n\njava.lang.RuntimeException: java.lang.RuntimeException: \nSearch rules failed for element. Please check base().searchRules() for element or in global settings(JDISettings.ELEMENT.searchRule)\n\tat com.jdiai.tools.func.JAction2.execute(JAction2.java:21)\n\tat com.epam.jdi.light.elements.common.UIElement.input_aroundBody52(UIElement.java:315)\n\tat com.epam.jdi.light.elements.common.UIElement$AjcClosure53.run(UIElement.java:1)\n\tat org.aspectj.runtime.reflect.JoinPointImpl.proceed(JoinPointImpl.java:167)\n\tat com.epam.jdi.light.actions.ActionObject.execute(ActionObject.java:61)\n\tat com.epam.jdi.light.actions.ActionHelper.invokeAction(ActionHelper.java:682)\n\tat com.epam.jdi.light.actions.ActionHelper.defaultAction(ActionHelper.java:650)\n\tat com.epam.jdi.light.actions.ActionProcessor.jdiAround(ActionProcessor.java:49)\n\t... 76 more\nCaused by: java.lang.RuntimeException: \n\njava.lang.RuntimeException: java.lang.RuntimeException: \nSearch rules failed for element. Please check base().searchRules() for element or in global settings(JDISettings.ELEMENT.searchRule)\n\tat com.epam.jdi.light.common.Exceptions.exception(Exceptions.java:35)\n\tat com.epam.jdi.light.actions.ActionProcessor.debugAround(ActionProcessor.java:74)\n\tat com.epam.jdi.light.elements.base.JDIBase.get(JDIBase.java:250)\n\tat com.epam.jdi.light.elements.common.UIElement.clear(UIElement.java:158)\n\tat com.epam.jdi.light.common.SetTextTypes.lambda$0(SetTextTypes.java:14)\n\tat com.jdiai.tools.func.JAction2.execute(JAction2.java:19)\n\t... 83 more\nCaused by: java.lang.RuntimeException: \njava.lang.RuntimeException: java.lang.RuntimeException: \nSearch rules failed for element. Please check base().searchRules() for element or in global settings(JDISettings.ELEMENT.searchRule)\n\tat com.epam.jdi.light.common.Exceptions.exception(Exceptions.java:35)\n\tat com.epam.jdi.light.actions.ActionProcessor.debugAround(ActionProcessor.java:74)\n\tat com.epam.jdi.light.elements.base.JDIBase.get(JDIBase.java:258)\n\tat com.epam.jdi.light.elements.base.JDIBase.get_aroundBody8(JDIBase.java:251)\n\tat com.epam.jdi.light.elements.base.JDIBase$AjcClosure9.run(JDIBase.java:1)\n\tat org.aspectj.runtime.reflect.JoinPointImpl.proceed(JoinPointImpl.java:167)\n\tat com.epam.jdi.light.actions.ActionProcessor.debugAround(ActionProcessor.java:69)\n\t... 87 more\nCaused by: java.lang.RuntimeException: java.lang.RuntimeException: java.lang.RuntimeException: \nSearch rules failed for element. Please check base().searchRules() for element or in global settings(JDISettings.ELEMENT.searchRule)\n\tat com.jdiai.tools.func.JFunc2.execute(JFunc2.java:21)\n\tat com.epam.jdi.light.elements.base.JDIBase.get_aroundBody10(JDIBase.java:259)\n\tat com.epam.jdi.light.elements.base.JDIBase$AjcClosure11.run(JDIBase.java:1)\n\tat org.aspectj.runtime.reflect.JoinPointImpl.proceed(JoinPointImpl.java:167)\n\tat com.epam.jdi.light.actions.ActionProcessor.debugAround(ActionProcessor.java:69)\n\t... 92 more\nCaused by: java.lang.RuntimeException: java.lang.RuntimeException: \nSearch rules failed for element. Please check base().searchRules() for element or in global settings(JDISettings.ELEMENT.searchRule)\n\tat com.jdiai.tools.func.JAction2.execute(JAction2.java:21)\n\tat com.epam.jdi.light.elements.base.JdiSettings.lambda$2(JdiSettings.java:42)\n\tat com.jdiai.tools.func.JFunc2.execute(JFunc2.java:19)\n\t... 96 more\nCaused by: java.lang.RuntimeException: \nSearch rules failed for element. Please check base().searchRules() for element or in global settings(JDISettings.ELEMENT.searchRule)\n\tat com.epam.jdi.light.common.Exceptions.runtimeException(Exceptions.java:17)\n\tat com.epam.jdi.light.elements.base.JdiSettings.validateFoundElement(JdiSettings.java:138)\n\tat com.jdiai.tools.func.JAction2.execute(JAction2.java:19)\n\t... 98 more\n","flaky":false,"newFailed":false,"newBroken":false,"newPassed":false,"retriesCount":0,"retriesStatusChange":false,"beforeStages":[{"name":"setUp","time":{"start":1668421995564,"stop":1668422000938,"duration":5374},"description":"","status":"passed","steps":[{"name":"Open 'SiteJdi'(url=https://jdi-testing.github.io/jdi-light)","time":{"start":1668422000022,"stop":1668422000934,"duration":912},"status":"passed","steps":[{"name":"Open 'SiteJdi'(url=https://jdi-testing.github.io/jdi-light)","time":{"start":1668422000051,"stop":1668422000934,"duration":883},"status":"passed","steps":[],"attachments":[],"parameters":[],"shouldDisplayMessage":false,"hasContent":false,"stepsCount":0,"attachmentsCount":0}],"attachments":[{"uid":"3362048a3c263e02","name":"Details","source":"3362048a3c263e02.html","type":"text/plain","size":145}],"parameters":[],"shouldDisplayMessage":false,"hasContent":true,"stepsCount":1,"attachmentsCount":1}],"attachments":[],"parameters":[],"shouldDisplayMessage":false,"hasContent":true,"stepsCount":2,"attachmentsCount":1}],"testStage":{"status":"broken","statusMessage":"\n[34:29.706] Failed to execute 'Form.loginAs' for element 'Login Form' during '0' seconds. \nFailed to fill element 'Name' (locator: smart: #name) with value 'Roman'","statusTrace":"java.lang.RuntimeException: \n[34:29.706] Failed to execute 'Form.loginAs' for element 'Login Form' during '0' seconds. \nFailed to fill element 'Name' (locator: smart: #name) with value 'Roman'\n\tat com.epam.jdi.light.common.Exceptions.exception(Exceptions.java:35)\n\tat com.epam.jdi.light.actions.ActionHelper.actionFailed(ActionHelper.java:402)\n\tat com.jdiai.tools.func.JFunc2.execute(JFunc2.java:19)\n\tat com.epam.jdi.light.actions.ActionProcessor.jdiAround(ActionProcessor.java:55)\n\tat com.epam.jdi.light.elements.composite.Form.loginAs(Form.java:295)\n\tat org.mytests.tests.example.FormTests.loginTest(FormTests.java:18)\n\tat java.base/jdk.internal.reflect.NativeMethodAccessorImpl.invoke0(Native Method)\n\tat java.base/jdk.internal.reflect.NativeMethodAccessorImpl.invoke(NativeMethodAccessorImpl.java:62)\n\tat java.base/jdk.internal.reflect.DelegatingMethodAccessorImpl.invoke(DelegatingMethodAccessorImpl.java:43)\n\tat java.base/java.lang.reflect.Method.invoke(Method.java:567)\n\tat org.testng.internal.MethodInvocationHelper.invokeMethod(MethodInvocationHelper.java:133)\n\tat org.testng.internal.TestInvoker.invokeMethod(TestInvoker.java:598)\n\tat org.testng.internal.TestInvoker.invokeTestMethod(TestInvoker.java:173)\n\tat org.testng.internal.MethodRunner.runInSequence(MethodRunner.java:46)\n\tat org.testng.internal.TestInvoker$MethodInvocationAgent.invoke(TestInvoker.java:824)\n\tat org.testng.internal.TestInvoker.invokeTestMethods(TestInvoker.java:146)\n\tat org.testng.internal.TestMethodWorker.invokeTestMethods(TestMethodWorker.java:146)\n\tat org.testng.internal.TestMethodWorker.run(TestMethodWorker.java:128)\n\tat java.base/java.util.concurrent.ThreadPoolExecutor.runWorker(ThreadPoolExecutor.java:1128)\n\tat java.base/java.util.concurrent.ThreadPoolExecutor$Worker.run(ThreadPoolExecutor.java:628)\n\tat java.base/java.lang.Thread.run(Thread.java:835)\nCaused by: java.lang.RuntimeException: \nFailed to execute 'Form.loginAs' for element 'Login Form' during '0' seconds. \nFailed to fill element 'Name' (locator: smart: #name) with value 'Roman'\n\tat com.epam.jdi.light.common.Exceptions.exception(Exceptions.java:35)\n\tat com.epam.jdi.light.actions.ActionHelper.stableAction(ActionHelper.java:672)\n\tat com.epam.jdi.light.actions.ActionProcessor.jdiAround(ActionProcessor.java:48)\n\t... 17 more\nCaused by: java.lang.RuntimeException: \nFailed to fill element 'Name' (locator: smart: #name) with value 'Roman'\n\tat com.epam.jdi.light.common.Exceptions.exception(Exceptions.java:35)\n\tat com.epam.jdi.light.actions.ActionHelper.actionFailed(ActionHelper.java:402)\n\tat com.jdiai.tools.func.JFunc2.execute(JFunc2.java:19)\n\tat com.epam.jdi.light.actions.ActionProcessor.jdiAround(ActionProcessor.java:55)\n\tat com.epam.jdi.light.elements.composite.Form.loginAs_aroundBody46(Form.java:296)\n\tat com.epam.jdi.light.elements.composite.Form$AjcClosure47.run(Form.java:1)\n\tat org.aspectj.runtime.reflect.JoinPointImpl.proceed(JoinPointImpl.java:167)\n\tat com.epam.jdi.light.actions.ActionObject.execute(ActionObject.java:61)\n\tat com.epam.jdi.light.actions.ActionHelper.invokeAction(ActionHelper.java:682)\n\tat com.epam.jdi.light.actions.ActionHelper.stableAction(ActionHelper.java:670)\n\t... 18 more\nCaused by: java.lang.RuntimeException: \nFailed to fill element 'Name' (locator: smart: #name) with value 'Roman'\n\tat com.epam.jdi.light.common.Exceptions.exception(Exceptions.java:35)\n\tat com.epam.jdi.light.actions.ActionHelper.actionFailed(ActionHelper.java:402)\n\tat com.jdiai.tools.func.JFunc2.execute(JFunc2.java:19)\n\tat com.epam.jdi.light.actions.ActionProcessor.jdiAround(ActionProcessor.java:55)\n\tat com.epam.jdi.light.elements.composite.Form.login(Form.java:283)\n\tat com.epam.jdi.light.elements.composite.Form.login_aroundBody44(Form.java:296)\n\tat com.epam.jdi.light.elements.composite.Form$AjcClosure45.run(Form.java:1)\n\tat org.aspectj.runtime.reflect.JoinPointImpl.proceed(JoinPointImpl.java:167)\n\tat com.epam.jdi.light.actions.ActionObject.execute(ActionObject.java:61)\n\tat com.epam.jdi.light.actions.ActionHelper.invokeAction(ActionHelper.java:682)\n\tat com.epam.jdi.light.actions.ActionHelper.defaultAction(ActionHelper.java:650)\n\tat com.epam.jdi.light.actions.ActionProcessor.jdiAround(ActionProcessor.java:49)\n\t... 24 more\nCaused by: java.lang.RuntimeException: \nFailed to fill element 'Name' (locator: smart: #name) with value 'Roman'\n\tat com.epam.jdi.light.common.Exceptions.exception(Exceptions.java:35)\n\tat com.epam.jdi.light.actions.ActionHelper.actionFailed(ActionHelper.java:402)\n\tat com.jdiai.tools.func.JFunc2.execute(JFunc2.java:19)\n\tat com.epam.jdi.light.actions.ActionProcessor.jdiAround(ActionProcessor.java:55)\n\tat com.epam.jdi.light.elements.composite.Form.login_aroundBody38(Form.java:284)\n\tat com.epam.jdi.light.elements.composite.Form$AjcClosure39.run(Form.java:1)\n\tat org.aspectj.runtime.reflect.JoinPointImpl.proceed(JoinPointImpl.java:167)\n\tat com.epam.jdi.light.actions.ActionObject.execute(ActionObject.java:61)\n\tat com.epam.jdi.light.actions.ActionHelper.invokeAction(ActionHelper.java:682)\n\tat com.epam.jdi.light.actions.ActionHelper.defaultAction(ActionHelper.java:650)\n\tat com.epam.jdi.light.actions.ActionProcessor.jdiAround(ActionProcessor.java:49)\n\t... 32 more\nCaused by: java.lang.RuntimeException: \nFailed to fill element 'Name' (locator: smart: #name) with value 'Roman'\n\tat com.epam.jdi.light.common.Exceptions.exception(Exceptions.java:35)\n\tat com.epam.jdi.light.actions.ActionHelper.actionFailed(ActionHelper.java:402)\n\tat com.jdiai.tools.func.JFunc2.execute(JFunc2.java:19)\n\tat com.epam.jdi.light.actions.ActionProcessor.jdiAround(ActionProcessor.java:55)\n\tat com.epam.jdi.light.elements.composite.Form.submit(Form.java:257)\n\tat com.epam.jdi.light.elements.composite.Form.submit_aroundBody36(Form.java:284)\n\tat com.epam.jdi.light.elements.composite.Form$AjcClosure37.run(Form.java:1)\n\tat org.aspectj.runtime.reflect.JoinPointImpl.proceed(JoinPointImpl.java:167)\n\tat com.epam.jdi.light.actions.ActionObject.execute(ActionObject.java:61)\n\tat com.epam.jdi.light.actions.ActionHelper.invokeAction(ActionHelper.java:682)\n\tat com.epam.jdi.light.actions.ActionHelper.defaultAction(ActionHelper.java:650)\n\tat com.epam.jdi.light.actions.ActionProcessor.jdiAround(ActionProcessor.java:49)\n\t... 39 more\nCaused by: java.lang.RuntimeException: \n\nFailed to fill element 'Name' (locator: smart: #name) with value 'Roman'\n\tat com.epam.jdi.light.common.Exceptions.exception(Exceptions.java:35)\n\tat com.epam.jdi.light.actions.ActionProcessor.debugAround(ActionProcessor.java:74)\n\tat com.epam.jdi.light.elements.composite.Form.fill(Form.java:99)\n\tat com.epam.jdi.light.elements.composite.Form.submit(Form.java:263)\n\tat com.epam.jdi.light.elements.composite.Form.submit_aroundBody30(Form.java:258)\n\tat com.epam.jdi.light.elements.composite.Form$AjcClosure31.run(Form.java:1)\n\tat org.aspectj.runtime.reflect.JoinPointImpl.proceed(JoinPointImpl.java:167)\n\tat com.epam.jdi.light.actions.ActionObject.execute(ActionObject.java:61)\n\tat com.epam.jdi.light.actions.ActionHelper.invokeAction(ActionHelper.java:682)\n\tat com.epam.jdi.light.actions.ActionHelper.defaultAction(ActionHelper.java:650)\n\tat com.epam.jdi.light.actions.ActionProcessor.jdiAround(ActionProcessor.java:49)\n\t... 47 more\nCaused by: java.lang.RuntimeException: \nFailed to fill element 'Name' (locator: smart: #name) with value 'Roman'\n\tat com.epam.jdi.light.common.Exceptions.exception(Exceptions.java:35)\n\tat com.epam.jdi.light.elements.composite.Form.fill_aroundBody4(Form.java:110)\n\tat com.epam.jdi.light.elements.composite.Form$AjcClosure5.run(Form.java:1)\n\tat org.aspectj.runtime.reflect.JoinPointImpl.proceed(JoinPointImpl.java:167)\n\tat com.epam.jdi.light.actions.ActionProcessor.debugAround(ActionProcessor.java:69)\n\t... 56 more\nCaused by: java.lang.RuntimeException: \njava.lang.RuntimeException: \nSearch rules failed for element. Please check base().searchRules() for element or in global settings(JDISettings.ELEMENT.searchRule)\n\tat com.epam.jdi.light.common.Exceptions.exception(Exceptions.java:35)\n\tat com.epam.jdi.light.actions.ActionProcessor.debugAround(ActionProcessor.java:74)\n\tat com.epam.jdi.light.elements.composite.Form.fillAction(Form.java:59)\n\tat com.epam.jdi.light.elements.composite.Form.fill_aroundBody4(Form.java:108)\n\t... 59 more\nCaused by: java.lang.RuntimeException: java.lang.RuntimeException: \nSearch rules failed for element. Please check base().searchRules() for element or in global settings(JDISettings.ELEMENT.searchRule)\n\tat com.jdiai.tools.func.JAction4.execute(JAction4.java:16)\n\tat com.epam.jdi.light.elements.composite.Form.fillAction_aroundBody0(Form.java:61)\n\tat com.epam.jdi.light.elements.composite.Form$AjcClosure1.run(Form.java:1)\n\tat org.aspectj.runtime.reflect.JoinPointImpl.proceed(JoinPointImpl.java:167)\n\tat com.epam.jdi.light.actions.ActionProcessor.debugAround(ActionProcessor.java:69)\n\t... 61 more\nCaused by: java.lang.RuntimeException: \nSearch rules failed for element. Please check base().searchRules() for element or in global settings(JDISettings.ELEMENT.searchRule)\n\tat com.epam.jdi.light.common.Exceptions.exception(Exceptions.java:35)\n\tat com.epam.jdi.light.actions.ActionHelper.actionFailed(ActionHelper.java:402)\n\tat com.jdiai.tools.func.JFunc2.execute(JFunc2.java:19)\n\tat com.epam.jdi.light.actions.ActionProcessor.jdiAround(ActionProcessor.java:55)\n\tat com.epam.jdi.light.elements.common.UIElement.setValue(UIElement.java:832)\n\tat com.epam.jdi.light.elements.composite.Form.lambda$0(Form.java:44)\n\tat com.jdiai.tools.func.JAction4.execute(JAction4.java:14)\n\t... 65 more\nCaused by: java.lang.RuntimeException: \nSearch rules failed for element. Please check base().searchRules() for element or in global settings(JDISettings.ELEMENT.searchRule)\n\tat com.epam.jdi.light.common.Exceptions.exception(Exceptions.java:35)\n\tat com.epam.jdi.light.actions.ActionHelper.actionFailed(ActionHelper.java:402)\n\tat com.jdiai.tools.func.JFunc2.execute(JFunc2.java:19)\n\tat com.epam.jdi.light.actions.ActionProcessor.jdiAround(ActionProcessor.java:55)\n\tat com.epam.jdi.light.elements.common.UIElement.input(UIElement.java:313)\n\tat com.epam.jdi.light.elements.common.UIElement.input_aroundBody224(UIElement.java:832)\n\tat com.epam.jdi.light.elements.common.UIElement$AjcClosure225.run(UIElement.java:1)\n\tat org.aspectj.runtime.reflect.JoinPointImpl.proceed(JoinPointImpl.java:167)\n\tat com.epam.jdi.light.actions.ActionObject.execute(ActionObject.java:61)\n\tat com.epam.jdi.light.actions.ActionHelper.invokeAction(ActionHelper.java:682)\n\tat com.epam.jdi.light.actions.ActionHelper.defaultAction(ActionHelper.java:650)\n\tat com.epam.jdi.light.actions.ActionProcessor.jdiAround(ActionProcessor.java:49)\n\t... 68 more\nCaused by: java.lang.RuntimeException: java.lang.RuntimeException: \n\njava.lang.RuntimeException: java.lang.RuntimeException: \nSearch rules failed for element. Please check base().searchRules() for element or in global settings(JDISettings.ELEMENT.searchRule)\n\tat com.jdiai.tools.func.JAction2.execute(JAction2.java:21)\n\tat com.epam.jdi.light.elements.common.UIElement.input_aroundBody52(UIElement.java:315)\n\tat com.epam.jdi.light.elements.common.UIElement$AjcClosure53.run(UIElement.java:1)\n\tat org.aspectj.runtime.reflect.JoinPointImpl.proceed(JoinPointImpl.java:167)\n\tat com.epam.jdi.light.actions.ActionObject.execute(ActionObject.java:61)\n\tat com.epam.jdi.light.actions.ActionHelper.invokeAction(ActionHelper.java:682)\n\tat com.epam.jdi.light.actions.ActionHelper.defaultAction(ActionHelper.java:650)\n\tat com.epam.jdi.light.actions.ActionProcessor.jdiAround(ActionProcessor.java:49)\n\t... 76 more\nCaused by: java.lang.RuntimeException: \n\njava.lang.RuntimeException: java.lang.RuntimeException: \nSearch rules failed for element. Please check base().searchRules() for element or in global settings(JDISettings.ELEMENT.searchRule)\n\tat com.epam.jdi.light.common.Exceptions.exception(Exceptions.java:35)\n\tat com.epam.jdi.light.actions.ActionProcessor.debugAround(ActionProcessor.java:74)\n\tat com.epam.jdi.light.elements.base.JDIBase.get(JDIBase.java:250)\n\tat com.epam.jdi.light.elements.common.UIElement.clear(UIElement.java:158)\n\tat com.epam.jdi.light.common.SetTextTypes.lambda$0(SetTextTypes.java:14)\n\tat com.jdiai.tools.func.JAction2.execute(JAction2.java:19)\n\t... 83 more\nCaused by: java.lang.RuntimeException: \njava.lang.RuntimeException: java.lang.RuntimeException: \nSearch rules failed for element. Please check base().searchRules() for element or in global settings(JDISettings.ELEMENT.searchRule)\n\tat com.epam.jdi.light.common.Exceptions.exception(Exceptions.java:35)\n\tat com.epam.jdi.light.actions.ActionProcessor.debugAround(ActionProcessor.java:74)\n\tat com.epam.jdi.light.elements.base.JDIBase.get(JDIBase.java:258)\n\tat com.epam.jdi.light.elements.base.JDIBase.get_aroundBody8(JDIBase.java:251)\n\tat com.epam.jdi.light.elements.base.JDIBase$AjcClosure9.run(JDIBase.java:1)\n\tat org.aspectj.runtime.reflect.JoinPointImpl.proceed(JoinPointImpl.java:167)\n\tat com.epam.jdi.light.actions.ActionProcessor.debugAround(ActionProcessor.java:69)\n\t... 87 more\nCaused by: java.lang.RuntimeException: java.lang.RuntimeException: java.lang.RuntimeException: \nSearch rules failed for element. Please check base().searchRules() for element or in global settings(JDISettings.ELEMENT.searchRule)\n\tat com.jdiai.tools.func.JFunc2.execute(JFunc2.java:21)\n\tat com.epam.jdi.light.elements.base.JDIBase.get_aroundBody10(JDIBase.java:259)\n\tat com.epam.jdi.light.elements.base.JDIBase$AjcClosure11.run(JDIBase.java:1)\n\tat org.aspectj.runtime.reflect.JoinPointImpl.proceed(JoinPointImpl.java:167)\n\tat com.epam.jdi.light.actions.ActionProcessor.debugAround(ActionProcessor.java:69)\n\t... 92 more\nCaused by: java.lang.RuntimeException: java.lang.RuntimeException: \nSearch rules failed for element. Please check base().searchRules() for element or in global settings(JDISettings.ELEMENT.searchRule)\n\tat com.jdiai.tools.func.JAction2.execute(JAction2.java:21)\n\tat com.epam.jdi.light.elements.base.JdiSettings.lambda$2(JdiSettings.java:42)\n\tat com.jdiai.tools.func.JFunc2.execute(JFunc2.java:19)\n\t... 96 more\nCaused by: java.lang.RuntimeException: \nSearch rules failed for element. Please check base().searchRules() for element or in global settings(JDISettings.ELEMENT.searchRule)\n\tat com.epam.jdi.light.common.Exceptions.runtimeException(Exceptions.java:17)\n\tat com.epam.jdi.light.elements.base.JdiSettings.validateFoundElement(JdiSettings.java:138)\n\tat com.jdiai.tools.func.JAction2.execute(JAction2.java:19)\n\t... 98 more\n","steps":[{"name":"shouldBeLoggedOut","time":{"start":1668422068186,"stop":1668422068977,"duration":791},"status":"passed","steps":[{"name":"Open 'Home Page'(url=https://jdi-testing.github.io/jdi-light/index.html)","time":{"start":1668422068195,"stop":1668422068472,"duration":277},"status":"passed","steps":[{"name":"Open 'Home Page'(url=https://jdi-testing.github.io/jdi-light/index.html)","time":{"start":1668422068199,"stop":1668422068472,"duration":273},"status":"passed","steps":[],"attachments":[],"parameters":[],"shouldDisplayMessage":false,"hasContent":false,"stepsCount":0,"attachmentsCount":0}],"attachments":[{"uid":"4e157622636da0b2","name":"Details","source":"4e157622636da0b2.html","type":"text/plain","size":135}],"parameters":[],"shouldDisplayMessage":false,"hasContent":true,"stepsCount":1,"attachmentsCount":1},{"name":"logout","time":{"start":1668422068507,"stop":1668422068977,"duration":470},"status":"passed","steps":[{"name":"Click on 'User Icon'","time":{"start":1668422068508,"stop":1668422068722,"duration":214},"status":"passed","steps":[{"name":"Click on 'User Icon'","time":{"start":1668422068513,"stop":1668422068722,"duration":209},"status":"passed","steps":[{"name":"Check that 'User Icon' is disabled","time":{"start":1668422068515,"stop":1668422068648,"duration":133},"status":"passed","steps":[],"attachments":[{"uid":"65ecf5ac3553ca9c","name":"Actual result","source":"65ecf5ac3553ca9c.html","type":"text/plain","size":5}],"parameters":[],"shouldDisplayMessage":false,"hasContent":true,"stepsCount":0,"attachmentsCount":1}],"attachments":[],"parameters":[],"shouldDisplayMessage":false,"hasContent":true,"stepsCount":1,"attachmentsCount":1}],"attachments":[{"uid":"6c0db3da957755d5","name":"Details","source":"6c0db3da957755d5.html","type":"text/plain","size":38}],"parameters":[],"shouldDisplayMessage":false,"hasContent":true,"stepsCount":2,"attachmentsCount":2},{"name":"Click on 'Logout'","time":{"start":1668422068723,"stop":1668422068977,"duration":254},"status":"passed","steps":[{"name":"Click on 'Logout'","time":{"start":1668422068727,"stop":1668422068977,"duration":250},"status":"passed","steps":[{"name":"Check that 'Logout' is disabled","time":{"start":1668422068729,"stop":1668422068905,"duration":176},"status":"passed","steps":[],"attachments":[{"uid":"c2a556597152cb79","name":"Actual result","source":"c2a556597152cb79.html","type":"text/plain","size":5}],"parameters":[],"shouldDisplayMessage":false,"hasContent":true,"stepsCount":0,"attachmentsCount":1}],"attachments":[],"parameters":[],"shouldDisplayMessage":false,"hasContent":true,"stepsCount":1,"attachmentsCount":1}],"attachments":[{"uid":"4c5af93deb6d6e87","name":"Details","source":"4c5af93deb6d6e87.html","type":"text/plain","size":35}],"parameters":[],"shouldDisplayMessage":false,"hasContent":true,"stepsCount":2,"attachmentsCount":2}],"attachments":[],"parameters":[],"shouldDisplayMessage":false,"hasContent":true,"stepsCount":6,"attachmentsCount":4}],"attachments":[],"parameters":[],"shouldDisplayMessage":false,"hasContent":true,"stepsCount":9,"attachmentsCount":5},{"name":"Click on 'User Icon'","time":{"start":1668422068978,"stop":1668422069160,"duration":182},"status":"passed","steps":[{"name":"Click on 'User Icon'","time":{"start":1668422068983,"stop":1668422069160,"duration":177},"status":"passed","steps":[{"name":"Check that 'User Icon' is disabled","time":{"start":1668422068984,"stop":1668422069101,"duration":117},"status":"passed","steps":[],"attachments":[{"uid":"73cf8f1ccf1fefc3","name":"Actual result","source":"73cf8f1ccf1fefc3.html","type":"text/plain","size":5}],"parameters":[],"shouldDisplayMessage":false,"hasContent":true,"stepsCount":0,"attachmentsCount":1}],"attachments":[],"parameters":[],"shouldDisplayMessage":false,"hasContent":true,"stepsCount":1,"attachmentsCount":1}],"attachments":[{"uid":"7b2fb1d2e5cf11d6","name":"Details","source":"7b2fb1d2e5cf11d6.html","type":"text/plain","size":38}],"parameters":[],"shouldDisplayMessage":false,"hasContent":true,"stepsCount":2,"attachmentsCount":2},{"name":"Login as User(name:Roman; password:Jdi1234)","time":{"start":1668422069161},"status":"unknown","steps":[{"name":"Login as User(name:Roman; password:Jdi1234)","time":{"start":1668422069164,"stop":1668422069237,"duration":73},"status":"unknown","steps":[{"name":"Fill 'Login Form' with User(name:Roman; password:Jdi1234) and press 'login'","time":{"start":1668422069165,"stop":1668422069236,"duration":71},"status":"unknown","steps":[{"name":"Input 'Roman' in 'Name'","time":{"start":1668422069167,"stop":1668422069233,"duration":66},"status":"unknown","steps":[],"attachments":[],"parameters":[],"shouldDisplayMessage":false,"hasContent":false,"stepsCount":0,"attachmentsCount":0}],"attachments":[],"parameters":[],"shouldDisplayMessage":false,"hasContent":true,"stepsCount":1,"attachmentsCount":0}],"attachments":[],"parameters":[],"shouldDisplayMessage":false,"hasContent":true,"stepsCount":2,"attachmentsCount":0},{"name":"Show","time":{"start":1668422069305,"stop":1668422069333,"duration":28},"status":"passed","steps":[],"attachments":[],"parameters":[],"shouldDisplayMessage":false,"hasContent":false,"stepsCount":0,"attachmentsCount":0},{"name":"Failure details","time":{"start":1668422069701,"stop":1668422069702,"duration":1},"status":"unknown","steps":[],"attachments":[{"uid":"5872750b767d9d13","name":"Screenshot","source":"5872750b767d9d13.png","type":"image/png","size":116884}],"parameters":[],"shouldDisplayMessage":false,"hasContent":true,"stepsCount":0,"attachmentsCount":1}],"attachments":[{"uid":"9ef9bf651d4fb2b4","name":"Details","source":"9ef9bf651d4fb2b4.html","type":"text/plain","size":30}],"parameters":[],"shouldDisplayMessage":false,"hasContent":true,"stepsCount":5,"attachmentsCount":2}],"attachments":[],"parameters":[],"shouldDisplayMessage":true,"hasContent":true,"stepsCount":19,"attachmentsCount":9},"afterStages":[{"name":"teardown","time":{"start":1668422069772,"stop":1668422069825,"duration":53},"description":"","status":"passed","steps":[],"attachments":[],"parameters":[],"shouldDisplayMessage":false,"hasContent":false,"stepsCount":0,"attachmentsCount":0}],"labels":[{"name":"package","value":"org.mytests.tests.example.FormTests"},{"name":"testClass","value":"org.mytests.tests.example.FormTests"},{"name":"testMethod","value":"loginTest"},{"name":"parentSuite","value":"Test suite"},{"name":"suite","value":"Tests"},{"name":"subSuite","value":"org.mytests.tests.example.FormTests"},{"name":"host","value":"fv-az620-434"},{"name":"thread","value":"3794@fv-az620-434.TestNG-test=Tests-1(22)"},{"name":"framework","value":"testng"},{"name":"language","value":"java"},{"name":"resultFormat","value":"allure2"}],"parameters":[],"links":[],"hidden":false,"retry":false,"extra":{"severity":"normal","retries":[],"categories":[{"name":"Test defects","matchedStatuses":[],"flaky":false}],"history":{"statistic":{"failed":0,"broken":38,"skipped":0,"passed":21,"unknown":0,"total":59},"items":[{"uid":"1c128a5a551316c7","reportUrl":"https://jdi-templates.github.io/jdi-light-selenoid-template/13//#testresult/1c128a5a551316c7","status":"broken","statusDetails":"\n[30:46.637] Failed to execute 'Form.loginAs' for element 'Login Form' during '0' seconds. \nFailed to fill element 'Name' (locator: smart: #name) with value 'Roman'","time":{"start":1668421844479,"stop":1668421846638,"duration":2159}},{"uid":"dad4ce60d71e0a0e","reportUrl":"https://jdi-templates.github.io/jdi-light-selenoid-template/13//#testresult/dad4ce60d71e0a0e","status":"broken","statusDetails":"\n[26:15.363] Failed to execute 'Form.loginAs' for element 'Login Form' during '0' seconds. \nFailed to fill element 'Name' (locator: smart: #name) with value 'Roman'","time":{"start":1668421573474,"stop":1668421575366,"duration":1892}},{"uid":"f636d345bce2b6eb","reportUrl":"https://jdi-templates.github.io/jdi-light-selenoid-template/13//#testresult/f636d345bce2b6eb","status":"broken","statusDetails":"\n[22:18.982] Failed to execute 'Form.loginAs' for element 'Login Form' during '0' seconds. \nFailed to fill element 'Name' (locator: smart: #name) with value 'Roman'","time":{"start":1668421337130,"stop":1668421338984,"duration":1854}},{"uid":"5d639fd44f228f2f","reportUrl":"https://jdi-templates.github.io/jdi-light-selenoid-template/13//#testresult/5d639fd44f228f2f","status":"broken","statusDetails":"\n[16:20.934] Failed to execute 'Form.loginAs' for element 'Login Form' during '0' seconds. \nFailed to fill element 'Name' (locator: smart: #name) with value 'Roman'","time":{"start":1668420979342,"stop":1668420980936,"duration":1594}},{"uid":"4cc598dd6c45dc22","reportUrl":"https://jdi-templates.github.io/jdi-light-selenoid-template/12//#testresult/4cc598dd6c45dc22","status":"broken","statusDetails":"\n[03:22.298] Failed to execute 'UIElement.click' for element 'User Icon' during '10' seconds. \norg.openqa.selenium.remote.UnreachableBrowserException: Error communicating with the remote browser. It may have died.\nBuild info: version: '4.1.0', revision: '87802e897b'\nSystem info: host: 'fv-az248-994', ip: '10.1.0.14', os.name: 'Linux', os.arch: 'amd64', os.version: '5.4.0-1094-azure', java.version: '15.0.9'\nDriver info: org.openqa.selenium.remote.RemoteWebDriver\nCommand: [b8561369752414c4f214f5d3f2a5ad54, switchToFrame {id=null}]\nCapabilities {acceptInsecureCerts: false, browserName: chrome, browserVersion: 92.0.4515.131, chrome: {chromedriverVersion: 92.0.4515.107 (87a818b10553..., userDataDir: /tmp/.com.google.Chrome.KHEbzM}, goog:chromeOptions: {debuggerAddress: localhost:34469}, javascriptEnabled: true, networkConnectionEnabled: false, pageLoadStrategy: normal, platform: LINUX, platformName: LINUX, proxy: Proxy(), setWindowRect: true, strictFileInteractability: false, timeouts: {implicit: 0, pageLoad: 300000, script: 30000}, unhandledPromptBehavior: accept, webauthn:extension:credBlob: true, webauthn:extension:largeBlob: true, webauthn:virtualAuthenticators: true}\nSession ID: b8561369752414c4f214f5d3f2a5ad54","time":{"start":1666951391405,"stop":1666951402301,"duration":10896}},{"uid":"f4bbfc3d5c92b7e3","reportUrl":"https://jdi-templates.github.io/jdi-light-selenoid-template/12//#testresult/f4bbfc3d5c92b7e3","status":"broken","statusDetails":"\n[59:52.118] Failed to execute 'UIElement.click' for element 'User Icon' during '10' seconds. \norg.openqa.selenium.remote.UnreachableBrowserException: Error communicating with the remote browser. It may have died.\nBuild info: version: '4.1.0', revision: '87802e897b'\nSystem info: host: 'fv-az181-556', ip: '10.1.0.8', os.name: 'Linux', os.arch: 'amd64', os.version: '5.4.0-1094-azure', java.version: '14.0.2'\nDriver info: org.openqa.selenium.remote.RemoteWebDriver\nCommand: [e74e7c7bf7d937075468f0c1c73f7d7a, switchToFrame {id=null}]\nCapabilities {acceptInsecureCerts: false, browserName: chrome, browserVersion: 92.0.4515.131, chrome: {chromedriverVersion: 92.0.4515.107 (87a818b10553..., userDataDir: /tmp/.com.google.Chrome.mJwAKJ}, goog:chromeOptions: {debuggerAddress: localhost:43247}, javascriptEnabled: true, networkConnectionEnabled: false, pageLoadStrategy: normal, platform: LINUX, platformName: LINUX, proxy: Proxy(), setWindowRect: true, strictFileInteractability: false, timeouts: {implicit: 0, pageLoad: 300000, script: 30000}, unhandledPromptBehavior: accept, webauthn:extension:credBlob: true, webauthn:extension:largeBlob: true, webauthn:virtualAuthenticators: true}\nSession ID: e74e7c7bf7d937075468f0c1c73f7d7a","time":{"start":1666951181158,"stop":1666951192120,"duration":10962}},{"uid":"d2cd8b38d4e71267","reportUrl":"https://jdi-templates.github.io/jdi-light-selenoid-template/12//#testresult/d2cd8b38d4e71267","status":"broken","statusDetails":"\n[56:08.485] Failed to execute 'UIElement.click' for element 'User Icon' during '10' seconds. \norg.openqa.selenium.remote.UnreachableBrowserException: Error communicating with the remote browser. It may have died.\nBuild info: version: '4.1.0', revision: '87802e897b'\nSystem info: host: 'fv-az450-901', ip: '10.1.0.10', os.name: 'Linux', os.arch: 'amd64', os.version: '5.4.0-1094-azure', java.version: '13.0.13'\nDriver info: org.openqa.selenium.remote.RemoteWebDriver\nCommand: [dfc433e1869a3911c06f0eaeb91e9a9d, switchToFrame {id=null}]\nCapabilities {acceptInsecureCerts: false, browserName: chrome, browserVersion: 92.0.4515.131, chrome: {chromedriverVersion: 92.0.4515.107 (87a818b10553..., userDataDir: /tmp/.com.google.Chrome.pE1LSO}, goog:chromeOptions: {debuggerAddress: localhost:43009}, javascriptEnabled: true, networkConnectionEnabled: false, pageLoadStrategy: normal, platform: LINUX, platformName: LINUX, proxy: Proxy(), setWindowRect: true, strictFileInteractability: false, timeouts: {implicit: 0, pageLoad: 300000, script: 30000}, unhandledPromptBehavior: accept, webauthn:extension:credBlob: true, webauthn:extension:largeBlob: true, webauthn:virtualAuthenticators: true}\nSession ID: dfc433e1869a3911c06f0eaeb91e9a9d","time":{"start":1666950957403,"stop":1666950968487,"duration":11084}},{"uid":"35d1fa9d7150ec07","reportUrl":"https://jdi-templates.github.io/jdi-light-selenoid-template/12//#testresult/35d1fa9d7150ec07","status":"broken","statusDetails":"\n[52:18.277] Failed to execute 'UIElement.click' for element 'User Icon' during '10' seconds. \norg.openqa.selenium.remote.UnreachableBrowserException: Error communicating with the remote browser. It may have died.\nBuild info: version: '4.1.0', revision: '87802e897b'\nSystem info: host: 'fv-az97-990', ip: '10.1.0.14', os.name: 'Linux', os.arch: 'amd64', os.version: '5.4.0-1094-azure', java.version: '12.0.2'\nDriver info: org.openqa.selenium.remote.RemoteWebDriver\nCommand: [99306d2b6979f788eacf9139acaf2493, switchToFrame {id=null}]\nCapabilities {acceptInsecureCerts: false, browserName: chrome, browserVersion: 92.0.4515.131, chrome: {chromedriverVersion: 92.0.4515.107 (87a818b10553..., userDataDir: /tmp/.com.google.Chrome.a7wVk0}, goog:chromeOptions: {debuggerAddress: localhost:37403}, javascriptEnabled: true, networkConnectionEnabled: false, pageLoadStrategy: normal, platform: LINUX, platformName: LINUX, proxy: Proxy(), setWindowRect: true, strictFileInteractability: false, timeouts: {implicit: 0, pageLoad: 300000, script: 30000}, unhandledPromptBehavior: accept, webauthn:extension:credBlob: true, webauthn:extension:largeBlob: true, webauthn:virtualAuthenticators: true}\nSession ID: 99306d2b6979f788eacf9139acaf2493","time":{"start":1666950727295,"stop":1666950738279,"duration":10984}},{"uid":"409d46fdc75a5648","reportUrl":"https://jdi-templates.github.io/jdi-light-selenoid-template/12//#testresult/409d46fdc75a5648","status":"broken","statusDetails":"\n[48:24.370] Failed to execute 'UIElement.click' for element 'User Icon' during '10' seconds. \norg.openqa.selenium.remote.UnreachableBrowserException: Error communicating with the remote browser. It may have died.\nBuild info: version: '4.1.0', revision: '87802e897b'\nSystem info: host: 'fv-az546-221', ip: '10.1.0.5', os.name: 'Linux', os.arch: 'amd64', os.version: '5.4.0-1094-azure', java.version: '11.0.17'\nDriver info: org.openqa.selenium.remote.RemoteWebDriver\nCommand: [c1bd9dd405e8f6b1f40adc7e69208a29, switchToFrame {id=null}]\nCapabilities {acceptInsecureCerts: false, browserName: chrome, browserVersion: 92.0.4515.131, chrome: {chromedriverVersion: 92.0.4515.107 (87a818b10553..., userDataDir: /tmp/.com.google.Chrome.bQHKs8}, goog:chromeOptions: {debuggerAddress: localhost:35919}, javascriptEnabled: true, networkConnectionEnabled: false, pageLoadStrategy: normal, platform: LINUX, platformName: LINUX, proxy: Proxy(), setWindowRect: true, strictFileInteractability: false, timeouts: {implicit: 0, pageLoad: 300000, script: 30000}, unhandledPromptBehavior: accept, webauthn:extension:credBlob: true, webauthn:extension:largeBlob: true, webauthn:virtualAuthenticators: true}\nSession ID: c1bd9dd405e8f6b1f40adc7e69208a29","time":{"start":1666950493259,"stop":1666950504372,"duration":11113}},{"uid":"30b50c391545a21e","reportUrl":"https://jdi-templates.github.io/jdi-light-selenoid-template/12//#testresult/30b50c391545a21e","status":"broken","statusDetails":"\n[44:44.536] Failed to execute 'UIElement.click' for element 'User Icon' during '10' seconds. \norg.openqa.selenium.remote.UnreachableBrowserException: Error communicating with the remote browser. It may have died.\nBuild info: version: '4.1.0', revision: '87802e897b'\nSystem info: host: 'fv-az215-149', ip: '10.1.0.8', os.name: 'Linux', os.arch: 'amd64', os.version: '5.4.0-1094-azure', java.version: '10.0.2'\nDriver info: org.openqa.selenium.remote.RemoteWebDriver\nCommand: [c5a584d9cba291e82aff9130f78a3cde, switchToFrame {id=null}]\nCapabilities {acceptInsecureCerts: false, browserName: chrome, browserVersion: 92.0.4515.131, chrome: {chromedriverVersion: 92.0.4515.107 (87a818b10553..., userDataDir: /tmp/.com.google.Chrome.aLERqI}, goog:chromeOptions: {debuggerAddress: localhost:45721}, javascriptEnabled: true, networkConnectionEnabled: false, pageLoadStrategy: normal, platform: LINUX, platformName: LINUX, proxy: Proxy(), setWindowRect: true, strictFileInteractability: false, timeouts: {implicit: 0, pageLoad: 300000, script: 30000}, unhandledPromptBehavior: accept, webauthn:extension:credBlob: true, webauthn:extension:largeBlob: true, webauthn:virtualAuthenticators: true}\nSession ID: c5a584d9cba291e82aff9130f78a3cde","time":{"start":1666950273676,"stop":1666950284538,"duration":10862}},{"uid":"743af5183cb3da43","reportUrl":"https://jdi-templates.github.io/jdi-light-selenoid-template/12//#testresult/743af5183cb3da43","status":"broken","statusDetails":"\n[41:25.260] Failed to execute 'UIElement.click' for element 'User Icon' during '10' seconds. \norg.openqa.selenium.remote.UnreachableBrowserException: Error communicating with the remote browser. It may have died.\nBuild info: version: '4.1.0', revision: '87802e897b'\nSystem info: host: 'fv-az281-81', ip: '10.1.0.13', os.name: 'Linux', os.arch: 'amd64', os.version: '5.4.0-1094-azure', java.version: '9.0.7.1'\nDriver info: org.openqa.selenium.remote.RemoteWebDriver\nCommand: [18b1c5f2afa304e7f53b4e09e91843ae, switchToFrame {id=null}]\nCapabilities {acceptInsecureCerts: false, browserName: chrome, browserVersion: 92.0.4515.131, chrome: {chromedriverVersion: 92.0.4515.107 (87a818b10553..., userDataDir: /tmp/.com.google.Chrome.r721PH}, goog:chromeOptions: {debuggerAddress: localhost:37051}, javascriptEnabled: true, networkConnectionEnabled: false, pageLoadStrategy: normal, platform: LINUX, platformName: LINUX, proxy: Proxy(), setWindowRect: true, strictFileInteractability: false, timeouts: {implicit: 0, pageLoad: 300000, script: 30000}, unhandledPromptBehavior: accept, webauthn:extension:credBlob: true, webauthn:extension:largeBlob: true, webauthn:virtualAuthenticators: true}\nSession ID: 18b1c5f2afa304e7f53b4e09e91843ae","time":{"start":1666950074229,"stop":1666950085263,"duration":11034}},{"uid":"981a61deb9fa8002","reportUrl":"https://jdi-templates.github.io/jdi-light-selenoid-template/12//#testresult/981a61deb9fa8002","status":"broken","statusDetails":"\n[37:40.630] Failed to execute 'UIElement.click' for element 'User Icon' during '10' seconds. \norg.openqa.selenium.remote.UnreachableBrowserException: Error communicating with the remote browser. It may have died.\nBuild info: version: '4.1.0', revision: '87802e897b'\nSystem info: host: 'fv-az236-329', ip: '10.1.0.7', os.name: 'Linux', os.arch: 'amd64', os.version: '5.4.0-1094-azure', java.version: '1.8.0_352'\nDriver info: org.openqa.selenium.remote.RemoteWebDriver\nCommand: [6d5456358752ac9ff4e43e29b4ce638f, switchToFrame {id=null}]\nCapabilities {acceptInsecureCerts: false, browserName: chrome, browserVersion: 92.0.4515.131, chrome: {chromedriverVersion: 92.0.4515.107 (87a818b10553..., userDataDir: /tmp/.com.google.Chrome.mSU5EO}, goog:chromeOptions: {debuggerAddress: localhost:45893}, javascriptEnabled: true, networkConnectionEnabled: false, pageLoadStrategy: normal, platform: LINUX, platformName: LINUX, proxy: Proxy(), setWindowRect: true, strictFileInteractability: false, timeouts: {implicit: 0, pageLoad: 300000, script: 30000}, unhandledPromptBehavior: accept, webauthn:extension:credBlob: true, webauthn:extension:largeBlob: true, webauthn:virtualAuthenticators: true}\nSession ID: 6d5456358752ac9ff4e43e29b4ce638f","time":{"start":1666949849815,"stop":1666949860632,"duration":10817}},{"uid":"63ec39a89c1c3d65","reportUrl":"https://jdi-templates.github.io/jdi-light-selenoid-template/11//#testresult/63ec39a89c1c3d65","status":"broken","statusDetails":"\n[00:42.675] Failed to execute 'UIElement.click' for element 'User Icon' during '10' seconds. \norg.openqa.selenium.remote.UnreachableBrowserException: Error communicating with the remote browser. It may have died.\nBuild info: version: '4.1.0', revision: '87802e897b'\nSystem info: host: 'fv-az446-251', ip: '10.1.0.34', os.name: 'Linux', os.arch: 'amd64', os.version: '5.4.0-1094-azure', java.version: '15.0.9'\nDriver info: org.openqa.selenium.remote.RemoteWebDriver\nCommand: [462afb9087db93fde68f7de681751eef, switchToFrame {id=null}]\nCapabilities {acceptInsecureCerts: false, browserName: chrome, browserVersion: 92.0.4515.131, chrome: {chromedriverVersion: 92.0.4515.107 (87a818b10553..., userDataDir: /tmp/.com.google.Chrome.ybIuX0}, goog:chromeOptions: {debuggerAddress: localhost:34209}, javascriptEnabled: true, networkConnectionEnabled: false, pageLoadStrategy: normal, platform: LINUX, platformName: LINUX, proxy: Proxy(), setWindowRect: true, strictFileInteractability: false, timeouts: {implicit: 0, pageLoad: 300000, script: 30000}, unhandledPromptBehavior: accept, webauthn:extension:credBlob: true, webauthn:extension:largeBlob: true, webauthn:virtualAuthenticators: true}\nSession ID: 462afb9087db93fde68f7de681751eef","time":{"start":1666886431702,"stop":1666886442676,"duration":10974}},{"uid":"b97867930566424d","reportUrl":"https://jdi-templates.github.io/jdi-light-selenoid-template/11//#testresult/b97867930566424d","status":"broken","statusDetails":"\n[56:33.42] Failed to execute 'UIElement.click' for element 'User Icon' during '10' seconds. \norg.openqa.selenium.remote.UnreachableBrowserException: Error communicating with the remote browser. It may have died.\nBuild info: version: '4.1.0', revision: '87802e897b'\nSystem info: host: 'fv-az450-901', ip: '10.1.0.15', os.name: 'Linux', os.arch: 'amd64', os.version: '5.4.0-1094-azure', java.version: '14.0.2'\nDriver info: org.openqa.selenium.remote.RemoteWebDriver\nCommand: [dc00f59111f6c6c0fcc7b25e954ac667, switchToFrame {id=null}]\nCapabilities {acceptInsecureCerts: false, browserName: chrome, browserVersion: 92.0.4515.131, chrome: {chromedriverVersion: 92.0.4515.107 (87a818b10553..., userDataDir: /tmp/.com.google.Chrome.TSSAj2}, goog:chromeOptions: {debuggerAddress: localhost:40853}, javascriptEnabled: true, networkConnectionEnabled: false, pageLoadStrategy: normal, platform: LINUX, platformName: LINUX, proxy: Proxy(), setWindowRect: true, strictFileInteractability: false, timeouts: {implicit: 0, pageLoad: 300000, script: 30000}, unhandledPromptBehavior: accept, webauthn:extension:credBlob: true, webauthn:extension:largeBlob: true, webauthn:virtualAuthenticators: true}\nSession ID: dc00f59111f6c6c0fcc7b25e954ac667","time":{"start":1666886181981,"stop":1666886193045,"duration":11064}},{"uid":"fae3165593a08427","reportUrl":"https://jdi-templates.github.io/jdi-light-selenoid-template/11//#testresult/fae3165593a08427","status":"broken","statusDetails":"\n[52:49.783] Failed to execute 'UIElement.click' for element 'User Icon' during '10' seconds. \norg.openqa.selenium.remote.UnreachableBrowserException: Error communicating with the remote browser. It may have died.\nBuild info: version: '4.1.0', revision: '87802e897b'\nSystem info: host: 'fv-az732-550', ip: '10.1.0.14', os.name: 'Linux', os.arch: 'amd64', os.version: '5.4.0-1094-azure', java.version: '13.0.13'\nDriver info: org.openqa.selenium.remote.RemoteWebDriver\nCommand: [b44cba6ef76183d02f6712f3be8f56dc, switchToFrame {id=null}]\nCapabilities {acceptInsecureCerts: false, browserName: chrome, browserVersion: 92.0.4515.131, chrome: {chromedriverVersion: 92.0.4515.107 (87a818b10553..., userDataDir: /tmp/.com.google.Chrome.FL1N6L}, goog:chromeOptions: {debuggerAddress: localhost:36929}, javascriptEnabled: true, networkConnectionEnabled: false, pageLoadStrategy: normal, platform: LINUX, platformName: LINUX, proxy: Proxy(), setWindowRect: true, strictFileInteractability: false, timeouts: {implicit: 0, pageLoad: 300000, script: 30000}, unhandledPromptBehavior: accept, webauthn:extension:credBlob: true, webauthn:extension:largeBlob: true, webauthn:virtualAuthenticators: true}\nSession ID: b44cba6ef76183d02f6712f3be8f56dc","time":{"start":1666885958915,"stop":1666885969784,"duration":10869}},{"uid":"82b329212417f895","reportUrl":"https://jdi-templates.github.io/jdi-light-selenoid-template/11//#testresult/82b329212417f895","status":"broken","statusDetails":"\n[49:29.917] Failed to execute 'UIElement.click' for element 'User Icon' during '10' seconds. \norg.openqa.selenium.remote.UnreachableBrowserException: Error communicating with the remote browser. It may have died.\nBuild info: version: '4.1.0', revision: '87802e897b'\nSystem info: host: 'fv-az333-121', ip: '10.1.0.17', os.name: 'Linux', os.arch: 'amd64', os.version: '5.4.0-1094-azure', java.version: '12.0.2'\nDriver info: org.openqa.selenium.remote.RemoteWebDriver\nCommand: [8f9479094531e4cda04ffe71bfc9e1d9, switchToFrame {id=null}]\nCapabilities {acceptInsecureCerts: false, browserName: chrome, browserVersion: 92.0.4515.131, chrome: {chromedriverVersion: 92.0.4515.107 (87a818b10553..., userDataDir: /tmp/.com.google.Chrome.fOjc8P}, goog:chromeOptions: {debuggerAddress: localhost:43913}, javascriptEnabled: true, networkConnectionEnabled: false, pageLoadStrategy: normal, platform: LINUX, platformName: LINUX, proxy: Proxy(), setWindowRect: true, strictFileInteractability: false, timeouts: {implicit: 0, pageLoad: 300000, script: 30000}, unhandledPromptBehavior: accept, webauthn:extension:credBlob: true, webauthn:extension:largeBlob: true, webauthn:virtualAuthenticators: true}\nSession ID: 8f9479094531e4cda04ffe71bfc9e1d9","time":{"start":1666885759043,"stop":1666885769920,"duration":10877}},{"uid":"1e83f25b045812ba","reportUrl":"https://jdi-templates.github.io/jdi-light-selenoid-template/11//#testresult/1e83f25b045812ba","status":"broken","statusDetails":"\n[45:42.730] Failed to execute 'UIElement.click' for element 'User Icon' during '10' seconds. \norg.openqa.selenium.remote.UnreachableBrowserException: Error communicating with the remote browser. It may have died.\nBuild info: version: '4.1.0', revision: '87802e897b'\nSystem info: host: 'fv-az38-48', ip: '10.1.0.6', os.name: 'Linux', os.arch: 'amd64', os.version: '5.4.0-1094-azure', java.version: '11.0.17'\nDriver info: org.openqa.selenium.remote.RemoteWebDriver\nCommand: [3cd129cb7c29cdbd5859c24a23e91949, switchToFrame {id=null}]\nCapabilities {acceptInsecureCerts: false, browserName: chrome, browserVersion: 92.0.4515.131, chrome: {chromedriverVersion: 92.0.4515.107 (87a818b10553..., userDataDir: /tmp/.com.google.Chrome.O6mT1G}, goog:chromeOptions: {debuggerAddress: localhost:41141}, javascriptEnabled: true, networkConnectionEnabled: false, pageLoadStrategy: normal, platform: LINUX, platformName: LINUX, proxy: Proxy(), setWindowRect: true, strictFileInteractability: false, timeouts: {implicit: 0, pageLoad: 300000, script: 30000}, unhandledPromptBehavior: accept, webauthn:extension:credBlob: true, webauthn:extension:largeBlob: true, webauthn:virtualAuthenticators: true}\nSession ID: 3cd129cb7c29cdbd5859c24a23e91949","time":{"start":1666885531827,"stop":1666885542735,"duration":10908}},{"uid":"4343a6986f5e58cd","reportUrl":"https://jdi-templates.github.io/jdi-light-selenoid-template/11//#testresult/4343a6986f5e58cd","status":"broken","statusDetails":"\n[42:14.525] Failed to execute 'UIElement.click' for element 'User Icon' during '10' seconds. \norg.openqa.selenium.remote.UnreachableBrowserException: Error communicating with the remote browser. It may have died.\nBuild info: version: '4.1.0', revision: '87802e897b'\nSystem info: host: 'fv-az201-81', ip: '10.1.0.7', os.name: 'Linux', os.arch: 'amd64', os.version: '5.4.0-1094-azure', java.version: '10.0.2'\nDriver info: org.openqa.selenium.remote.RemoteWebDriver\nCommand: [d907f7529aa7311e687bc237ef333324, switchToFrame {id=null}]\nCapabilities {acceptInsecureCerts: false, browserName: chrome, browserVersion: 92.0.4515.131, chrome: {chromedriverVersion: 92.0.4515.107 (87a818b10553..., userDataDir: /tmp/.com.google.Chrome.vHg1r4}, goog:chromeOptions: {debuggerAddress: localhost:41073}, javascriptEnabled: true, networkConnectionEnabled: false, pageLoadStrategy: normal, platform: LINUX, platformName: LINUX, proxy: Proxy(), setWindowRect: true, strictFileInteractability: false, timeouts: {implicit: 0, pageLoad: 300000, script: 30000}, unhandledPromptBehavior: accept, webauthn:extension:credBlob: true, webauthn:extension:largeBlob: true, webauthn:virtualAuthenticators: true}\nSession ID: d907f7529aa7311e687bc237ef333324","time":{"start":1666885323507,"stop":1666885334527,"duration":11020}},{"uid":"720509c92bbe00f4","reportUrl":"https://jdi-templates.github.io/jdi-light-selenoid-template/11//#testresult/720509c92bbe00f4","status":"broken","statusDetails":"\n[38:24.159] Failed to execute 'UIElement.click' for element 'User Icon' during '10' seconds. \norg.openqa.selenium.remote.UnreachableBrowserException: Error communicating with the remote browser. It may have died.\nBuild info: version: '4.1.0', revision: '87802e897b'\nSystem info: host: 'fv-az342-424', ip: '10.1.0.20', os.name: 'Linux', os.arch: 'amd64', os.version: '5.4.0-1094-azure', java.version: '9.0.7.1'\nDriver info: org.openqa.selenium.remote.RemoteWebDriver\nCommand: [fd1814b5ce3a5e90d467bb6cf581fd40, switchToFrame {id=null}]\nCapabilities {acceptInsecureCerts: false, browserName: chrome, browserVersion: 92.0.4515.131, chrome: {chromedriverVersion: 92.0.4515.107 (87a818b10553..., userDataDir: /tmp/.com.google.Chrome.GXYaxD}, goog:chromeOptions: {debuggerAddress: localhost:44921}, javascriptEnabled: true, networkConnectionEnabled: false, pageLoadStrategy: normal, platform: LINUX, platformName: LINUX, proxy: Proxy(), setWindowRect: true, strictFileInteractability: false, timeouts: {implicit: 0, pageLoad: 300000, script: 30000}, unhandledPromptBehavior: accept, webauthn:extension:credBlob: true, webauthn:extension:largeBlob: true, webauthn:virtualAuthenticators: true}\nSession ID: fd1814b5ce3a5e90d467bb6cf581fd40","time":{"start":1666885093383,"stop":1666885104162,"duration":10779}},{"uid":"9cc5dfde58fbf2d6","reportUrl":"https://jdi-templates.github.io/jdi-light-selenoid-template/11//#testresult/9cc5dfde58fbf2d6","status":"broken","statusDetails":"\n[34:42.398] Failed to execute 'UIElement.click' for element 'User Icon' during '10' seconds. \norg.openqa.selenium.remote.UnreachableBrowserException: Error communicating with the remote browser. It may have died.\nBuild info: version: '4.1.0', revision: '87802e897b'\nSystem info: host: 'fv-az297-489', ip: '10.1.0.33', os.name: 'Linux', os.arch: 'amd64', os.version: '5.4.0-1094-azure', java.version: '1.8.0_352'\nDriver info: org.openqa.selenium.remote.RemoteWebDriver\nCommand: [4884617d0ed7d6128aaa58fcf08f286e, switchToFrame {id=null}]\nCapabilities {acceptInsecureCerts: false, browserName: chrome, browserVersion: 92.0.4515.131, chrome: {chromedriverVersion: 92.0.4515.107 (87a818b10553..., userDataDir: /tmp/.com.google.Chrome.mQWApY}, goog:chromeOptions: {debuggerAddress: localhost:38675}, javascriptEnabled: true, networkConnectionEnabled: false, pageLoadStrategy: normal, platform: LINUX, platformName: LINUX, proxy: Proxy(), setWindowRect: true, strictFileInteractability: false, timeouts: {implicit: 0, pageLoad: 300000, script: 30000}, unhandledPromptBehavior: accept, webauthn:extension:credBlob: true, webauthn:extension:largeBlob: true, webauthn:virtualAuthenticators: true}\nSession ID: 4884617d0ed7d6128aaa58fcf08f286e","time":{"start":1666884871397,"stop":1666884882403,"duration":11006}}]},"tags":[]},"source":"c76e5fdae483fe1f.json","parameterValues":[]}