{
  "uid" : "7b55b6f5a439c1f5",
  "name" : "filterLinesTest",
  "fullName" : "org.mytests.tests.example.DataTableTests.filterLinesTest",
  "historyId" : "c38730790032178fa9356f7560e34ca8",
  "time" : {
    "start" : 1630348702693,
    "stop" : 1630348715546,
    "duration" : 12853
  },
  "status" : "failed",
  "statusMessage" : "[38:35.545] Failed to execute 'TextAssert.text' for element 'Number(smart: #ui-element>smart: #number)' during '10' seconds. 38:34.946 Expected: is \"2\"\n     but: was \"1\"",
  "statusTrace" : "java.lang.AssertionError: [38:35.545] Failed to execute 'TextAssert.text' for element 'Number(smart: #ui-element>smart: #number)' during '10' seconds. 38:34.946 Expected: is \"2\"\n     but: was \"1\"\n\tat com.epam.jdi.light.common.Exceptions.exception(Exceptions.java:27)\n\tat com.epam.jdi.light.actions.ActionHelper.actionFailed(ActionHelper.java:383)\n\tat com.epam.jdi.tools.func.JFunc2.execute(JFunc2.java:19)\n\tat com.epam.jdi.light.actions.ActionProcessor.jdiAround(ActionProcessor.java:55)\n\tat com.epam.jdi.light.asserts.generic.TextAssert.text(TextAssert.java:17)\n\tat org.mytests.tests.example.DataTableTests.validateUserRow(DataTableTests.java:90)\n\tat org.mytests.tests.example.DataTableTests.filterLinesTest(DataTableTests.java:74)\n\tat java.base/jdk.internal.reflect.NativeMethodAccessorImpl.invoke0(Native Method)\n\tat java.base/jdk.internal.reflect.NativeMethodAccessorImpl.invoke(NativeMethodAccessorImpl.java:64)\n\tat java.base/jdk.internal.reflect.DelegatingMethodAccessorImpl.invoke(DelegatingMethodAccessorImpl.java:43)\n\tat java.base/java.lang.reflect.Method.invoke(Method.java:564)\n\tat org.testng.internal.MethodInvocationHelper.invokeMethod(MethodInvocationHelper.java:124)\n\tat org.testng.internal.Invoker.invokeMethod(Invoker.java:583)\n\tat org.testng.internal.Invoker.retryFailed(Invoker.java:839)\n\tat org.testng.internal.Invoker.invokeTestMethods(Invoker.java:1010)\n\tat org.testng.internal.TestMethodWorker.invokeTestMethods(TestMethodWorker.java:125)\n\tat org.testng.internal.TestMethodWorker.run(TestMethodWorker.java:109)\n\tat java.base/java.util.concurrent.ThreadPoolExecutor.runWorker(ThreadPoolExecutor.java:1130)\n\tat java.base/java.util.concurrent.ThreadPoolExecutor$Worker.run(ThreadPoolExecutor.java:630)\n\tat java.base/java.lang.Thread.run(Thread.java:832)\nCaused by: java.lang.AssertionError: Failed to execute 'TextAssert.text' for element 'Number(smart: #ui-element>smart: #number)' during '10' seconds. 38:34.946 \nExpected: is \"2\"\n     but: was \"1\"\n\tat com.epam.jdi.light.common.Exceptions.exception(Exceptions.java:27)\n\tat com.epam.jdi.light.actions.ActionHelper.stableAction(ActionHelper.java:638)\n\tat com.epam.jdi.light.actions.ActionProcessor.jdiAround(ActionProcessor.java:48)\n\t... 16 more\nCaused by: java.lang.AssertionError: 38:34.946 \nExpected: is \"2\"\n     but: was \"1\"\n\tat com.epam.jdi.light.asserts.core.SoftAssert.jdiAssert(SoftAssert.java:48)\n\tat com.epam.jdi.light.asserts.core.SoftAssert.jdiAssert(SoftAssert.java:59)\n\tat com.epam.jdi.light.asserts.generic.TextAssert.text_aroundBody0(TextAssert.java:18)\n\tat com.epam.jdi.light.asserts.generic.TextAssert$AjcClosure1.run(TextAssert.java:1)\n\tat org.aspectj.runtime.reflect.JoinPointImpl.proceed(JoinPointImpl.java:167)\n\tat com.epam.jdi.light.actions.ActionObject.execute(ActionObject.java:60)\n\tat com.epam.jdi.light.actions.ActionHelper.stableAction(ActionHelper.java:626)\n\t... 17 more\n",
  "flaky" : false,
  "newFailed" : false,
  "beforeStages" : [ {
    "name" : "before",
    "time" : {
      "start" : 1630348702273,
      "stop" : 1630348702691,
      "duration" : 418
    },
    "description" : "",
    "status" : "passed",
    "steps" : [ {
      "name" : "shouldBeLoggedIn",
      "time" : {
        "start" : 1630348702273,
        "stop" : 1630348702434,
        "duration" : 161
      },
      "status" : "passed",
      "steps" : [ ],
      "attachments" : [ ],
      "parameters" : [ ],
      "stepsCount" : 0,
      "attachmentsCount" : 0,
      "shouldDisplayMessage" : false,
      "hasContent" : false
    }, {
      "name" : "Open 'Users Page'(url=https://epam.github.io/JDI/user-table.html)",
      "time" : {
        "start" : 1630348702434,
        "stop" : 1630348702691,
        "duration" : 257
      },
      "status" : "passed",
      "steps" : [ {
        "name" : "Open 'Users Page'(url=https://epam.github.io/JDI/user-table.html)",
        "time" : {
          "start" : 1630348702439,
          "stop" : 1630348702691,
          "duration" : 252
        },
        "status" : "passed",
        "steps" : [ ],
        "attachments" : [ ],
        "parameters" : [ ],
        "stepsCount" : 0,
        "attachmentsCount" : 0,
        "shouldDisplayMessage" : false,
        "hasContent" : false
      } ],
      "attachments" : [ {
        "uid" : "501b8eba1749930c",
        "name" : "Details",
        "source" : "501b8eba1749930c.html",
        "type" : "text/plain",
        "size" : 135
      } ],
      "parameters" : [ ],
      "stepsCount" : 1,
      "attachmentsCount" : 1,
      "shouldDisplayMessage" : false,
      "hasContent" : true
    } ],
    "attachments" : [ ],
    "parameters" : [ ],
    "stepsCount" : 3,
    "attachmentsCount" : 1,
    "shouldDisplayMessage" : false,
    "hasContent" : true
  }, {
    "name" : "setUp",
    "time" : {
      "start" : 1630348661633,
      "stop" : 1630348666634,
      "duration" : 5001
    },
    "description" : "",
    "status" : "passed",
    "steps" : [ {
      "name" : "Open 'SiteJdi'(url=https://epam.github.io/JDI/)",
      "time" : {
        "start" : 1630348663786,
        "stop" : 1630348666622,
        "duration" : 2836
      },
      "status" : "passed",
      "steps" : [ {
        "name" : "Open 'SiteJdi'(url=https://epam.github.io/JDI/)",
        "time" : {
          "start" : 1630348665955,
          "stop" : 1630348666622,
          "duration" : 667
        },
        "status" : "passed",
        "steps" : [ ],
        "attachments" : [ ],
        "parameters" : [ ],
        "stepsCount" : 0,
        "attachmentsCount" : 0,
        "shouldDisplayMessage" : false,
        "hasContent" : false
      } ],
      "attachments" : [ {
        "uid" : "92cde2bf784b78c6",
        "name" : "Details",
        "source" : "92cde2bf784b78c6.html",
        "type" : "text/plain",
        "size" : 119
      } ],
      "parameters" : [ ],
      "stepsCount" : 1,
      "attachmentsCount" : 1,
      "shouldDisplayMessage" : false,
      "hasContent" : true
    } ],
    "attachments" : [ ],
    "parameters" : [ ],
    "stepsCount" : 2,
    "attachmentsCount" : 1,
    "shouldDisplayMessage" : false,
    "hasContent" : true
  } ],
  "testStage" : {
    "status" : "failed",
    "statusMessage" : "[38:35.545] Failed to execute 'TextAssert.text' for element 'Number(smart: #ui-element>smart: #number)' during '10' seconds. 38:34.946 Expected: is \"2\"\n     but: was \"1\"",
    "statusTrace" : "java.lang.AssertionError: [38:35.545] Failed to execute 'TextAssert.text' for element 'Number(smart: #ui-element>smart: #number)' during '10' seconds. 38:34.946 Expected: is \"2\"\n     but: was \"1\"\n\tat com.epam.jdi.light.common.Exceptions.exception(Exceptions.java:27)\n\tat com.epam.jdi.light.actions.ActionHelper.actionFailed(ActionHelper.java:383)\n\tat com.epam.jdi.tools.func.JFunc2.execute(JFunc2.java:19)\n\tat com.epam.jdi.light.actions.ActionProcessor.jdiAround(ActionProcessor.java:55)\n\tat com.epam.jdi.light.asserts.generic.TextAssert.text(TextAssert.java:17)\n\tat org.mytests.tests.example.DataTableTests.validateUserRow(DataTableTests.java:90)\n\tat org.mytests.tests.example.DataTableTests.filterLinesTest(DataTableTests.java:74)\n\tat java.base/jdk.internal.reflect.NativeMethodAccessorImpl.invoke0(Native Method)\n\tat java.base/jdk.internal.reflect.NativeMethodAccessorImpl.invoke(NativeMethodAccessorImpl.java:64)\n\tat java.base/jdk.internal.reflect.DelegatingMethodAccessorImpl.invoke(DelegatingMethodAccessorImpl.java:43)\n\tat java.base/java.lang.reflect.Method.invoke(Method.java:564)\n\tat org.testng.internal.MethodInvocationHelper.invokeMethod(MethodInvocationHelper.java:124)\n\tat org.testng.internal.Invoker.invokeMethod(Invoker.java:583)\n\tat org.testng.internal.Invoker.retryFailed(Invoker.java:839)\n\tat org.testng.internal.Invoker.invokeTestMethods(Invoker.java:1010)\n\tat org.testng.internal.TestMethodWorker.invokeTestMethods(TestMethodWorker.java:125)\n\tat org.testng.internal.TestMethodWorker.run(TestMethodWorker.java:109)\n\tat java.base/java.util.concurrent.ThreadPoolExecutor.runWorker(ThreadPoolExecutor.java:1130)\n\tat java.base/java.util.concurrent.ThreadPoolExecutor$Worker.run(ThreadPoolExecutor.java:630)\n\tat java.base/java.lang.Thread.run(Thread.java:832)\nCaused by: java.lang.AssertionError: Failed to execute 'TextAssert.text' for element 'Number(smart: #ui-element>smart: #number)' during '10' seconds. 38:34.946 \nExpected: is \"2\"\n     but: was \"1\"\n\tat com.epam.jdi.light.common.Exceptions.exception(Exceptions.java:27)\n\tat com.epam.jdi.light.actions.ActionHelper.stableAction(ActionHelper.java:638)\n\tat com.epam.jdi.light.actions.ActionProcessor.jdiAround(ActionProcessor.java:48)\n\t... 16 more\nCaused by: java.lang.AssertionError: 38:34.946 \nExpected: is \"2\"\n     but: was \"1\"\n\tat com.epam.jdi.light.asserts.core.SoftAssert.jdiAssert(SoftAssert.java:48)\n\tat com.epam.jdi.light.asserts.core.SoftAssert.jdiAssert(SoftAssert.java:59)\n\tat com.epam.jdi.light.asserts.generic.TextAssert.text_aroundBody0(TextAssert.java:18)\n\tat com.epam.jdi.light.asserts.generic.TextAssert$AjcClosure1.run(TextAssert.java:1)\n\tat org.aspectj.runtime.reflect.JoinPointImpl.proceed(JoinPointImpl.java:167)\n\tat com.epam.jdi.light.actions.ActionObject.execute(ActionObject.java:60)\n\tat com.epam.jdi.light.actions.ActionHelper.stableAction(ActionHelper.java:626)\n\t... 17 more\n",
    "steps" : [ {
      "name" : "Get row '2' for 'Users' table",
      "time" : {
        "start" : 1630348702694,
        "stop" : 1630348704723,
        "duration" : 2029
      },
      "status" : "passed",
      "steps" : [ {
        "name" : "Get row '2' for 'Users' table",
        "time" : {
          "start" : 1630348702704,
          "stop" : 1630348704446,
          "duration" : 1742
        },
        "status" : "passed",
        "steps" : [ {
          "name" : "Get 'Users' header",
          "time" : {
            "start" : 1630348702706,
            "stop" : 1630348703667,
            "duration" : 961
          },
          "status" : "passed",
          "steps" : [ {
            "name" : "Get 'Users header' values",
            "time" : {
              "start" : 1630348703196,
              "stop" : 1630348703667,
              "duration" : 471
            },
            "status" : "passed",
            "steps" : [ {
              "name" : "Get '' text",
              "time" : {
                "start" : 1630348703557,
                "stop" : 1630348703583,
                "duration" : 26
              },
              "status" : "passed",
              "steps" : [ ],
              "attachments" : [ {
                "uid" : "4d8c0317bd399bbe",
                "name" : "Actual result",
                "source" : "4d8c0317bd399bbe.html",
                "type" : "text/plain",
                "size" : 6
              } ],
              "parameters" : [ ],
              "stepsCount" : 0,
              "attachmentsCount" : 1,
              "shouldDisplayMessage" : false,
              "hasContent" : true
            } ],
            "attachments" : [ {
              "uid" : "3e699985f9619062",
              "name" : "Actual result",
              "source" : "3e699985f9619062.html",
              "type" : "text/plain",
              "size" : 32
            } ],
            "parameters" : [ ],
            "stepsCount" : 1,
            "attachmentsCount" : 2,
            "shouldDisplayMessage" : false,
            "hasContent" : true
          } ],
          "attachments" : [ {
            "uid" : "ead00f74c37302bd",
            "name" : "Actual result",
            "source" : "ead00f74c37302bd.html",
            "type" : "text/plain",
            "size" : 32
          } ],
          "parameters" : [ ],
          "stepsCount" : 2,
          "attachmentsCount" : 3,
          "shouldDisplayMessage" : false,
          "hasContent" : true
        }, {
          "name" : "Get 'Users' rows count",
          "time" : {
            "start" : 1630348703668,
            "stop" : 1630348703919,
            "duration" : 251
          },
          "status" : "passed",
          "steps" : [ {
            "name" : "Get 'xpath='//tbody//tr[1]/td'' values",
            "time" : {
              "start" : 1630348703769,
              "stop" : 1630348703919,
              "duration" : 150
            },
            "status" : "passed",
            "steps" : [ ],
            "attachments" : [ {
              "uid" : "a341f6dd74420fd1",
              "name" : "Actual result",
              "source" : "a341f6dd74420fd1.html",
              "type" : "text/plain",
              "size" : 2
            } ],
            "parameters" : [ ],
            "stepsCount" : 0,
            "attachmentsCount" : 1,
            "shouldDisplayMessage" : false,
            "hasContent" : true
          } ],
          "attachments" : [ {
            "uid" : "6f93cb1918b975d9",
            "name" : "Actual result",
            "source" : "6f93cb1918b975d9.html",
            "type" : "text/plain",
            "size" : 1
          } ],
          "parameters" : [ ],
          "stepsCount" : 1,
          "attachmentsCount" : 2,
          "shouldDisplayMessage" : false,
          "hasContent" : true
        }, {
          "name" : "Get 'Users line[2]' values",
          "time" : {
            "start" : 1630348703920,
            "stop" : 1630348704446,
            "duration" : 526
          },
          "status" : "passed",
          "steps" : [ ],
          "attachments" : [ {
            "uid" : "8c30a883a3d4ee16",
            "name" : "Actual result",
            "source" : "8c30a883a3d4ee16.html",
            "type" : "text/plain",
            "size" : 75
          } ],
          "parameters" : [ ],
          "stepsCount" : 0,
          "attachmentsCount" : 1,
          "shouldDisplayMessage" : false,
          "hasContent" : true
        } ],
        "attachments" : [ {
          "uid" : "90ea3c75427da29a",
          "name" : "Actual result",
          "source" : "90ea3c75427da29a.html",
          "type" : "text/plain",
          "size" : 98
        } ],
        "parameters" : [ ],
        "stepsCount" : 6,
        "attachmentsCount" : 7,
        "shouldDisplayMessage" : false,
        "hasContent" : true
      } ],
      "attachments" : [ {
        "uid" : "9a365adc1a57d68f",
        "name" : "Details",
        "source" : "9a365adc1a57d68f.html",
        "type" : "text/plain",
        "size" : 35
      }, {
        "uid" : "90d61459eef5c83",
        "name" : "Actual result",
        "source" : "90d61459eef5c83.html",
        "type" : "text/plain",
        "size" : 18
      } ],
      "parameters" : [ ],
      "stepsCount" : 7,
      "attachmentsCount" : 9,
      "shouldDisplayMessage" : false,
      "hasContent" : true
    }, {
      "name" : "Select 'Admin' in 'Type'",
      "time" : {
        "start" : 1630348704723,
        "stop" : 1630348704793,
        "duration" : 70
      },
      "status" : "passed",
      "steps" : [ {
        "name" : "Select 'Admin' in 'Type'",
        "time" : {
          "start" : 1630348704727,
          "stop" : 1630348704793,
          "duration" : 66
        },
        "status" : "passed",
        "steps" : [ ],
        "attachments" : [ ],
        "parameters" : [ ],
        "stepsCount" : 0,
        "attachmentsCount" : 0,
        "shouldDisplayMessage" : false,
        "hasContent" : false
      } ],
      "attachments" : [ {
        "uid" : "60130c6c23672d96",
        "name" : "Details",
        "source" : "60130c6c23672d96.html",
        "type" : "text/plain",
        "size" : 60
      } ],
      "parameters" : [ ],
      "stepsCount" : 1,
      "attachmentsCount" : 1,
      "shouldDisplayMessage" : false,
      "hasContent" : true
    }, {
      "name" : "Get selected value",
      "time" : {
        "start" : 1630348704794,
        "stop" : 1630348704863,
        "duration" : 69
      },
      "status" : "passed",
      "steps" : [ {
        "name" : "Check that 'Type' is displayed",
        "time" : {
          "start" : 1630348704798,
          "stop" : 1630348704862,
          "duration" : 64
        },
        "status" : "passed",
        "steps" : [ {
          "name" : "Get selected value",
          "time" : {
            "start" : 1630348704798,
            "stop" : 1630348704862,
            "duration" : 64
          },
          "status" : "passed",
          "steps" : [ ],
          "attachments" : [ {
            "uid" : "927e38c8ebcad3fb",
            "name" : "Actual result",
            "source" : "927e38c8ebcad3fb.html",
            "type" : "text/plain",
            "size" : 5
          } ],
          "parameters" : [ ],
          "stepsCount" : 0,
          "attachmentsCount" : 1,
          "shouldDisplayMessage" : false,
          "hasContent" : true
        } ],
        "attachments" : [ {
          "uid" : "60c2b7bcdf46e3dd",
          "name" : "Actual result",
          "source" : "60c2b7bcdf46e3dd.html",
          "type" : "text/plain",
          "size" : 5
        } ],
        "parameters" : [ ],
        "stepsCount" : 1,
        "attachmentsCount" : 2,
        "shouldDisplayMessage" : false,
        "hasContent" : true
      } ],
      "attachments" : [ {
        "uid" : "b9548d6396dea99",
        "name" : "Details",
        "source" : "b9548d6396dea99.html",
        "type" : "text/plain",
        "size" : 60
      }, {
        "uid" : "4f1a98f14613c8a0",
        "name" : "Actual result",
        "source" : "4f1a98f14613c8a0.html",
        "type" : "text/plain",
        "size" : 5
      } ],
      "parameters" : [ ],
      "stepsCount" : 2,
      "attachmentsCount" : 4,
      "shouldDisplayMessage" : false,
      "hasContent" : true
    }, {
      "name" : "Select 'User' in 'Type'",
      "time" : {
        "start" : 1630348704863,
        "stop" : 1630348704955,
        "duration" : 92
      },
      "status" : "passed",
      "steps" : [ {
        "name" : "Select 'User' in 'Type'",
        "time" : {
          "start" : 1630348704867,
          "stop" : 1630348704955,
          "duration" : 88
        },
        "status" : "passed",
        "steps" : [ ],
        "attachments" : [ ],
        "parameters" : [ ],
        "stepsCount" : 0,
        "attachmentsCount" : 0,
        "shouldDisplayMessage" : false,
        "hasContent" : false
      } ],
      "attachments" : [ {
        "uid" : "8547e5357fca869",
        "name" : "Details",
        "source" : "8547e5357fca869.html",
        "type" : "text/plain",
        "size" : 60
      } ],
      "parameters" : [ ],
      "stepsCount" : 1,
      "attachmentsCount" : 1,
      "shouldDisplayMessage" : false,
      "hasContent" : true
    }, {
      "name" : "Assert that 'Number' text is \"2\"",
      "time" : {
        "start" : 1630348704955
      },
      "status" : "unknown",
      "steps" : [ {
        "name" : "Get 'Number' text",
        "time" : {
          "start" : 1630348704960,
          "stop" : 1630348705039,
          "duration" : 79
        },
        "status" : "passed",
        "steps" : [ ],
        "attachments" : [ {
          "uid" : "2547871757e5cad5",
          "name" : "Actual result",
          "source" : "2547871757e5cad5.html",
          "type" : "text/plain",
          "size" : 1
        } ],
        "parameters" : [ ],
        "stepsCount" : 0,
        "attachmentsCount" : 1,
        "shouldDisplayMessage" : false,
        "hasContent" : true
      }, {
        "name" : "Failure details",
        "time" : {
          "start" : 1630348715539,
          "stop" : 1630348715539,
          "duration" : 0
        },
        "status" : "unknown",
        "steps" : [ ],
        "attachments" : [ {
          "uid" : "7ccf63bfd6104df5",
          "name" : "Screenshot",
          "source" : "7ccf63bfd6104df5.png",
          "type" : "image/png",
          "size" : 145674
        } ],
        "parameters" : [ ],
        "stepsCount" : 0,
        "attachmentsCount" : 1,
        "shouldDisplayMessage" : false,
        "hasContent" : true
      } ],
      "attachments" : [ {
        "uid" : "a311b3cf83b5a7d4",
        "name" : "Details",
        "source" : "a311b3cf83b5a7d4.html",
        "type" : "text/plain",
        "size" : 60
      } ],
      "parameters" : [ ],
      "stepsCount" : 2,
      "attachmentsCount" : 3,
      "shouldDisplayMessage" : false,
      "hasContent" : true
    } ],
    "attachments" : [ ],
    "parameters" : [ ],
    "stepsCount" : 18,
    "attachmentsCount" : 18,
    "shouldDisplayMessage" : true,
    "hasContent" : true
  },
  "afterStages" : [ {
    "name" : "teardown",
    "time" : {
      "start" : 1630348753571,
      "stop" : 1630348753599,
      "duration" : 28
    },
    "description" : "",
    "status" : "passed",
    "steps" : [ ],
    "attachments" : [ ],
    "parameters" : [ ],
    "stepsCount" : 0,
    "attachmentsCount" : 0,
    "shouldDisplayMessage" : false,
    "hasContent" : false
  } ],
  "labels" : [ {
    "name" : "package",
    "value" : "org.mytests.tests.example.DataTableTests"
  }, {
    "name" : "testClass",
    "value" : "org.mytests.tests.example.DataTableTests"
  }, {
    "name" : "testMethod",
    "value" : "filterLinesTest"
  }, {
    "name" : "parentSuite",
    "value" : "Test suite"
  }, {
    "name" : "suite",
    "value" : "Tests"
  }, {
    "name" : "subSuite",
    "value" : "org.mytests.tests.example.DataTableTests"
  }, {
    "name" : "host",
    "value" : "fv-az54-435"
  }, {
    "name" : "thread",
    "value" : "4273@fv-az54-435.TestNG-test=Tests-2(20)"
  }, {
    "name" : "framework",
    "value" : "testng"
  }, {
    "name" : "language",
    "value" : "java"
  }, {
    "name" : "resultFormat",
    "value" : "allure2"
  } ],
  "parameters" : [ ],
  "links" : [ ],
  "hidden" : false,
  "retry" : false,
  "extra" : {
    "severity" : "normal",
    "retries" : [ {
      "uid" : "c41bf79e051c80ae",
      "status" : "skipped",
      "statusDetails" : "[38:22.271] Failed to execute 'TextAssert.text' for element 'Number(smart: #ui-element>smart: #number)' during '10' seconds. 38:21.650 Expected: is \"2\"\n     but: was \"1\"",
      "time" : {
        "start" : 1630348689054,
        "stop" : 1630348702272,
        "duration" : 13218
      }
    } ],
    "categories" : [ {
      "name" : "Product defects",
      "matchedStatuses" : [ ],
      "flaky" : false
    } ],
    "history" : {
      "statistic" : {
        "failed" : 12,
        "broken" : 0,
        "skipped" : 17,
        "passed" : 0,
        "unknown" : 0,
        "total" : 29
      },
      "items" : [ {
        "uid" : "71144fb277715a76",
        "reportUrl" : "https://jdi-templates.github.io/jdi-light-selenoid-template/7//#testresult/71144fb277715a76",
        "status" : "failed",
        "statusDetails" : "[36:10.308] Failed to execute 'TextAssert.text' for element 'Number(smart: #ui-element>smart: #number)' during '10' seconds. 36:09.717 Expected: is \"2\"\n     but: was \"1\"",
        "time" : {
          "start" : 1630348557171,
          "stop" : 1630348570309,
          "duration" : 13138
        }
      }, {
        "uid" : "5e79d7a8c634b086",
        "reportUrl" : "https://jdi-templates.github.io/jdi-light-selenoid-template/6//#testresult/5e79d7a8c634b086",
        "status" : "failed",
        "statusDetails" : "[34:44.627] Failed to execute 'TextAssert.text' for element 'Number(smart: #ui-element>smart: #number)' during '10' seconds. 34:44.003 Expected: is \"2\"\n     but: was \"1\"",
        "time" : {
          "start" : 1630348471760,
          "stop" : 1630348484628,
          "duration" : 12868
        }
      }, {
        "uid" : "b88eb88773d7b758",
        "reportUrl" : "https://jdi-templates.github.io/jdi-light-selenoid-template/7//#testresult/b88eb88773d7b758",
        "status" : "failed",
        "statusDetails" : "[32:18.573] Failed to execute 'TextAssert.text' for element 'Number(smart: #ui-element>smart: #number)' during '10' seconds. 32:17.954 Expected: is \"2\"\n     but: was \"1\"",
        "time" : {
          "start" : 1630348326131,
          "stop" : 1630348338574,
          "duration" : 12443
        }
      }, {
        "uid" : "c4ffa84728734a8c",
        "reportUrl" : "https://jdi-templates.github.io/jdi-light-selenoid-template/6//#testresult/c4ffa84728734a8c",
        "status" : "failed",
        "statusDetails" : "[30:41.64] Failed to execute 'TextAssert.text' for element 'Number(smart: #ui-element>smart: #number)' during '10' seconds. 30:40.458 Expected: is \"2\"\n     but: was \"1\"",
        "time" : {
          "start" : 1630348228581,
          "stop" : 1630348241065,
          "duration" : 12484
        }
      }, {
        "uid" : "f2e1e0d3c571ff16",
        "reportUrl" : "https://jdi-templates.github.io/jdi-light-selenoid-template/7//#testresult/f2e1e0d3c571ff16",
        "status" : "failed",
        "statusDetails" : "[28:38.689] Failed to execute 'TextAssert.text' for element 'Number(smart: #ui-element>smart: #number)' during '10' seconds. 28:38.113 Expected: is \"2\"\n     but: was \"1\"",
        "time" : {
          "start" : 1630348105863,
          "stop" : 1630348118690,
          "duration" : 12827
        }
      }, {
        "uid" : "f336728962a7561c",
        "reportUrl" : "https://jdi-templates.github.io/jdi-light-selenoid-template/6//#testresult/f336728962a7561c",
        "status" : "failed",
        "statusDetails" : "[26:07.747] Failed to execute 'TextAssert.text' for element 'Number(smart: #ui-element>smart: #number)' during '10' seconds. 26:07.148 Expected: is \"2\"\n     but: was \"1\"",
        "time" : {
          "start" : 1630347955187,
          "stop" : 1630347967754,
          "duration" : 12567
        }
      }, {
        "uid" : "c7205370430d26a8",
        "reportUrl" : "https://jdi-templates.github.io/jdi-light-selenoid-template/7//#testresult/c7205370430d26a8",
        "status" : "failed",
        "statusDetails" : "[25:19.134] Failed to execute 'TextAssert.text' for element 'Number(smart: #ui-element>smart: #number)' during '10' seconds. 25:18.553 Expected: is \"2\"\n     but: was \"1\"",
        "time" : {
          "start" : 1630347906555,
          "stop" : 1630347919136,
          "duration" : 12581
        }
      }, {
        "uid" : "cef9fdfe3c292dcf",
        "reportUrl" : "https://jdi-templates.github.io/jdi-light-selenoid-template/6//#testresult/cef9fdfe3c292dcf",
        "status" : "failed",
        "statusDetails" : "[22:12.910] Failed to execute 'TextAssert.text' for element 'Number(smart: #ui-element>smart: #number)' during '10' seconds. 22:12.291 Expected: is \"2\"\n     but: was \"1\"",
        "time" : {
          "start" : 1630347719483,
          "stop" : 1630347732911,
          "duration" : 13428
        }
      }, {
        "uid" : "cabcdc80f7301f58",
        "reportUrl" : "https://jdi-templates.github.io/jdi-light-selenoid-template/6//#testresult/cabcdc80f7301f58",
        "status" : "failed",
        "statusDetails" : "[18:01.213] Failed to execute 'TextAssert.text' for element 'Number(smart: #ui-element>smart: #number)' during '10' seconds. 18:00.611 Expected: is \"2\"\n     but: was \"1\"",
        "time" : {
          "start" : 1630347468681,
          "stop" : 1630347481221,
          "duration" : 12540
        }
      }, {
        "uid" : "ac339c9a50838d07",
        "reportUrl" : "https://jdi-templates.github.io/jdi-light-selenoid-template/6//#testresult/ac339c9a50838d07",
        "status" : "failed",
        "statusDetails" : "[14:06.98] Failed to execute 'TextAssert.text' for element 'Number(smart: #ui-element>smart: #number)' during '10' seconds. 14:05.517 Expected: is \"2\"\n     but: was \"1\"",
        "time" : {
          "start" : 1630347233432,
          "stop" : 1630347246099,
          "duration" : 12667
        }
      }, {
        "uid" : "d7053f236167422c",
        "reportUrl" : "https://jdi-templates.github.io/jdi-light-selenoid-template/6//#testresult/d7053f236167422c",
        "status" : "failed",
        "statusDetails" : "[10:22.980] Failed to execute 'TextAssert.text' for element 'Number(smart: #ui-element>smart: #number)' during '10' seconds. 10:22.378 Expected: is \"2\"\n     but: was \"1\"",
        "time" : {
          "start" : 1630347010278,
          "stop" : 1630347022982,
          "duration" : 12704
        }
      }, {
        "uid" : "d8640804e7968497",
        "reportUrl" : "https://jdi-templates.github.io/jdi-light-selenoid-template/5//#testresult/d8640804e7968497",
        "status" : "skipped",
        "statusDetails" : "[17:20.943] Failed to execute 'Form.submit' for element 'Login Form' during '0' seconds. Failed to fill element 'Name' (locator: smart: [data-testid='name']) with value 'epam'",
        "time" : {
          "start" : 1630073841296,
          "stop" : 1630073841296,
          "duration" : 0
        }
      }, {
        "uid" : "eb279ef6113ea5f4",
        "reportUrl" : "https://jdi-templates.github.io/jdi-light-selenoid-template/5//#testresult/eb279ef6113ea5f4",
        "status" : "skipped",
        "statusDetails" : "[13:54.40] Failed to execute 'Form.submit' for element 'Login Form' during '0' seconds. Failed to fill element 'Name' (locator: smart: [data-testid='name']) with value 'epam'",
        "time" : {
          "start" : 1630073634118,
          "stop" : 1630073634118,
          "duration" : 0
        }
      }, {
        "uid" : "dc9eb3d5360ab6df",
        "reportUrl" : "https://jdi-templates.github.io/jdi-light-selenoid-template/5//#testresult/dc9eb3d5360ab6df",
        "status" : "skipped",
        "statusDetails" : "[10:35.287] Failed to execute 'Form.submit' for element 'Login Form' during '0' seconds. Failed to fill element 'Name' (locator: smart: [data-testid='name']) with value 'epam'",
        "time" : {
          "start" : 1630073435545,
          "stop" : 1630073435545,
          "duration" : 0
        }
      }, {
        "uid" : "23184f111ccd1dd2",
        "reportUrl" : "https://jdi-templates.github.io/jdi-light-selenoid-template/5//#testresult/23184f111ccd1dd2",
        "status" : "skipped",
        "statusDetails" : "[06:57.531] Failed to execute 'Form.submit' for element 'Login Form' during '0' seconds. Failed to fill element 'Name' (locator: smart: [data-testid='name']) with value 'epam'",
        "time" : {
          "start" : 1630073217991,
          "stop" : 1630073218000,
          "duration" : 9
        }
      }, {
        "uid" : "ed47cc3dd2c94b0d",
        "reportUrl" : "https://jdi-templates.github.io/jdi-light-selenoid-template/5//#testresult/ed47cc3dd2c94b0d",
        "status" : "skipped",
        "statusDetails" : "[03:27.557] Failed to execute 'Form.submit' for element 'Login Form' during '0' seconds. Failed to fill element 'Name' (locator: smart: [data-testid='name']) with value 'epam'",
        "time" : {
          "start" : 1630073007823,
          "stop" : 1630073007824,
          "duration" : 1
        }
      }, {
        "uid" : "8d8de80b45dd77e2",
        "reportUrl" : "https://jdi-templates.github.io/jdi-light-selenoid-template/5//#testresult/8d8de80b45dd77e2",
        "status" : "skipped",
        "statusDetails" : "[00:04.852] Failed to execute 'Form.submit' for element 'Login Form' during '0' seconds. Failed to fill element 'Name' (locator: smart: [data-testid='name']) with value 'epam'",
        "time" : {
          "start" : 1630072805007,
          "stop" : 1630072805007,
          "duration" : 0
        }
      }, {
        "uid" : "5728bb78aad80608",
        "reportUrl" : "https://jdi-templates.github.io/jdi-light-selenoid-template/5//#testresult/5728bb78aad80608",
        "status" : "skipped",
        "statusDetails" : "[56:53.707] Failed to execute 'Form.submit' for element 'Login Form' during '0' seconds. Failed to fill element 'Name' (locator: smart: [data-testid='name']) with value 'epam'",
        "time" : {
          "start" : 1630072613740,
          "stop" : 1630072613740,
          "duration" : 0
        }
      }, {
        "uid" : "40faa7ed7939ac1e",
        "reportUrl" : "https://jdi-templates.github.io/jdi-light-selenoid-template/5//#testresult/40faa7ed7939ac1e",
        "status" : "skipped",
        "statusDetails" : "[53:48.508] Failed to execute 'Form.submit' for element 'Login Form' during '0' seconds. Failed to fill element 'Name' (locator: smart: [data-testid='name']) with value 'epam'",
        "time" : {
          "start" : 1630072428782,
          "stop" : 1630072428782,
          "duration" : 0
        }
      }, {
        "uid" : "f6a293ee09f7d136",
        "reportUrl" : "https://jdi-templates.github.io/jdi-light-selenoid-template/4//#testresult/f6a293ee09f7d136",
        "status" : "skipped",
        "statusDetails" : "[59:25.376] Failed to execute 'Form.submit' for element 'Login Form' during '0' seconds. Failed to fill element 'Name' (locator: smart: [data-testid='name']) with value 'epam'",
        "time" : {
          "start" : 1630015165439,
          "stop" : 1630015165439,
          "duration" : 0
        }
      } ]
    },
    "tags" : [ ]
  },
  "source" : "7b55b6f5a439c1f5.json",
  "parameterValues" : [ ]
}