{
  "uid" : "7ef46d698f9f0d38",
  "name" : "filterLinesTest",
  "fullName" : "org.mytests.tests.example.DataTableTests.filterLinesTest",
  "historyId" : "c38730790032178fa9356f7560e34ca8",
  "time" : {
    "start" : 1630347220031,
    "stop" : 1630347233095,
    "duration" : 13064
  },
  "status" : "skipped",
  "statusMessage" : "[13:53.92] Failed to execute 'TextAssert.text' for element 'Number(smart: #ui-element>smart: #number)' during '10' seconds. 13:52.490 Expected: is \"2\"\n     but: was \"1\"",
  "statusTrace" : "java.lang.AssertionError: [13:53.92] Failed to execute 'TextAssert.text' for element 'Number(smart: #ui-element>smart: #number)' during '10' seconds. 13:52.490 Expected: is \"2\"\n     but: was \"1\"\n\tat com.epam.jdi.light.common.Exceptions.exception(Exceptions.java:27)\n\tat com.epam.jdi.light.actions.ActionHelper.actionFailed(ActionHelper.java:383)\n\tat com.epam.jdi.tools.func.JFunc2.execute(JFunc2.java:19)\n\tat com.epam.jdi.light.actions.ActionProcessor.jdiAround(ActionProcessor.java:55)\n\tat com.epam.jdi.light.asserts.generic.TextAssert.text(TextAssert.java:17)\n\tat org.mytests.tests.example.DataTableTests.validateUserRow(DataTableTests.java:90)\n\tat org.mytests.tests.example.DataTableTests.filterLinesTest(DataTableTests.java:74)\n\tat java.base/jdk.internal.reflect.NativeMethodAccessorImpl.invoke0(Native Method)\n\tat java.base/jdk.internal.reflect.NativeMethodAccessorImpl.invoke(NativeMethodAccessorImpl.java:62)\n\tat java.base/jdk.internal.reflect.DelegatingMethodAccessorImpl.invoke(DelegatingMethodAccessorImpl.java:43)\n\tat java.base/java.lang.reflect.Method.invoke(Method.java:564)\n\tat org.testng.internal.MethodInvocationHelper.invokeMethod(MethodInvocationHelper.java:124)\n\tat org.testng.internal.Invoker.invokeMethod(Invoker.java:583)\n\tat org.testng.internal.Invoker.invokeTestMethod(Invoker.java:719)\n\tat org.testng.internal.Invoker.invokeTestMethods(Invoker.java:989)\n\tat org.testng.internal.TestMethodWorker.invokeTestMethods(TestMethodWorker.java:125)\n\tat org.testng.internal.TestMethodWorker.run(TestMethodWorker.java:109)\n\tat java.base/java.util.concurrent.ThreadPoolExecutor.runWorker(ThreadPoolExecutor.java:1167)\n\tat java.base/java.util.concurrent.ThreadPoolExecutor$Worker.run(ThreadPoolExecutor.java:641)\n\tat java.base/java.lang.Thread.run(Thread.java:844)\nCaused by: java.lang.AssertionError: Failed to execute 'TextAssert.text' for element 'Number(smart: #ui-element>smart: #number)' during '10' seconds. 13:52.490 \nExpected: is \"2\"\n     but: was \"1\"\n\tat com.epam.jdi.light.common.Exceptions.exception(Exceptions.java:27)\n\tat com.epam.jdi.light.actions.ActionHelper.stableAction(ActionHelper.java:638)\n\tat com.epam.jdi.light.actions.ActionProcessor.jdiAround(ActionProcessor.java:48)\n\t... 16 more\nCaused by: java.lang.AssertionError: 13:52.490 \nExpected: is \"2\"\n     but: was \"1\"\n\tat com.epam.jdi.light.asserts.core.SoftAssert.jdiAssert(SoftAssert.java:48)\n\tat com.epam.jdi.light.asserts.core.SoftAssert.jdiAssert(SoftAssert.java:59)\n\tat com.epam.jdi.light.asserts.generic.TextAssert.text_aroundBody0(TextAssert.java:18)\n\tat com.epam.jdi.light.asserts.generic.TextAssert$AjcClosure1.run(TextAssert.java:1)\n\tat org.aspectj.runtime.reflect.JoinPointImpl.proceed(JoinPointImpl.java:167)\n\tat com.epam.jdi.light.actions.ActionObject.execute(ActionObject.java:60)\n\tat com.epam.jdi.light.actions.ActionHelper.stableAction(ActionHelper.java:626)\n\t... 17 more\n",
  "flaky" : false,
  "newFailed" : false,
  "beforeStages" : [ {
    "name" : "before",
    "time" : {
      "start" : 1630347219739,
      "stop" : 1630347220029,
      "duration" : 290
    },
    "description" : "",
    "status" : "passed",
    "steps" : [ {
      "name" : "shouldBeLoggedIn",
      "time" : {
        "start" : 1630347219741,
        "stop" : 1630347219896,
        "duration" : 155
      },
      "status" : "passed",
      "steps" : [ ],
      "attachments" : [ ],
      "parameters" : [ ],
      "stepsCount" : 0,
      "attachmentsCount" : 0,
      "shouldDisplayMessage" : false,
      "hasContent" : false
    }, {
      "name" : "Open 'Users Page'(url=https://epam.github.io/JDI/user-table.html)",
      "time" : {
        "start" : 1630347219897,
        "stop" : 1630347220029,
        "duration" : 132
      },
      "status" : "passed",
      "steps" : [ {
        "name" : "Open 'Users Page'(url=https://epam.github.io/JDI/user-table.html)",
        "time" : {
          "start" : 1630347219905,
          "stop" : 1630347220029,
          "duration" : 124
        },
        "status" : "passed",
        "steps" : [ ],
        "attachments" : [ ],
        "parameters" : [ ],
        "stepsCount" : 0,
        "attachmentsCount" : 0,
        "shouldDisplayMessage" : false,
        "hasContent" : false
      } ],
      "attachments" : [ {
        "uid" : "d024c2a748526739",
        "name" : "Details",
        "source" : "d024c2a748526739.html",
        "type" : "text/plain",
        "size" : 135
      } ],
      "parameters" : [ ],
      "stepsCount" : 1,
      "attachmentsCount" : 1,
      "shouldDisplayMessage" : false,
      "hasContent" : true
    } ],
    "attachments" : [ ],
    "parameters" : [ ],
    "stepsCount" : 3,
    "attachmentsCount" : 1,
    "shouldDisplayMessage" : false,
    "hasContent" : true
  }, {
    "name" : "setUp",
    "time" : {
      "start" : 1630347193963,
      "stop" : 1630347198645,
      "duration" : 4682
    },
    "description" : "",
    "status" : "passed",
    "steps" : [ {
      "name" : "Open 'SiteJdi'(url=https://epam.github.io/JDI/)",
      "time" : {
        "start" : 1630347195989,
        "stop" : 1630347198644,
        "duration" : 2655
      },
      "status" : "passed",
      "steps" : [ {
        "name" : "Open 'SiteJdi'(url=https://epam.github.io/JDI/)",
        "time" : {
          "start" : 1630347198002,
          "stop" : 1630347198644,
          "duration" : 642
        },
        "status" : "passed",
        "steps" : [ ],
        "attachments" : [ ],
        "parameters" : [ ],
        "stepsCount" : 0,
        "attachmentsCount" : 0,
        "shouldDisplayMessage" : false,
        "hasContent" : false
      } ],
      "attachments" : [ {
        "uid" : "e86686e60b8f7d76",
        "name" : "Details",
        "source" : "e86686e60b8f7d76.html",
        "type" : "text/plain",
        "size" : 119
      } ],
      "parameters" : [ ],
      "stepsCount" : 1,
      "attachmentsCount" : 1,
      "shouldDisplayMessage" : false,
      "hasContent" : true
    } ],
    "attachments" : [ ],
    "parameters" : [ ],
    "stepsCount" : 2,
    "attachmentsCount" : 1,
    "shouldDisplayMessage" : false,
    "hasContent" : true
  } ],
  "testStage" : {
    "status" : "skipped",
    "statusMessage" : "[13:53.92] Failed to execute 'TextAssert.text' for element 'Number(smart: #ui-element>smart: #number)' during '10' seconds. 13:52.490 Expected: is \"2\"\n     but: was \"1\"",
    "statusTrace" : "java.lang.AssertionError: [13:53.92] Failed to execute 'TextAssert.text' for element 'Number(smart: #ui-element>smart: #number)' during '10' seconds. 13:52.490 Expected: is \"2\"\n     but: was \"1\"\n\tat com.epam.jdi.light.common.Exceptions.exception(Exceptions.java:27)\n\tat com.epam.jdi.light.actions.ActionHelper.actionFailed(ActionHelper.java:383)\n\tat com.epam.jdi.tools.func.JFunc2.execute(JFunc2.java:19)\n\tat com.epam.jdi.light.actions.ActionProcessor.jdiAround(ActionProcessor.java:55)\n\tat com.epam.jdi.light.asserts.generic.TextAssert.text(TextAssert.java:17)\n\tat org.mytests.tests.example.DataTableTests.validateUserRow(DataTableTests.java:90)\n\tat org.mytests.tests.example.DataTableTests.filterLinesTest(DataTableTests.java:74)\n\tat java.base/jdk.internal.reflect.NativeMethodAccessorImpl.invoke0(Native Method)\n\tat java.base/jdk.internal.reflect.NativeMethodAccessorImpl.invoke(NativeMethodAccessorImpl.java:62)\n\tat java.base/jdk.internal.reflect.DelegatingMethodAccessorImpl.invoke(DelegatingMethodAccessorImpl.java:43)\n\tat java.base/java.lang.reflect.Method.invoke(Method.java:564)\n\tat org.testng.internal.MethodInvocationHelper.invokeMethod(MethodInvocationHelper.java:124)\n\tat org.testng.internal.Invoker.invokeMethod(Invoker.java:583)\n\tat org.testng.internal.Invoker.invokeTestMethod(Invoker.java:719)\n\tat org.testng.internal.Invoker.invokeTestMethods(Invoker.java:989)\n\tat org.testng.internal.TestMethodWorker.invokeTestMethods(TestMethodWorker.java:125)\n\tat org.testng.internal.TestMethodWorker.run(TestMethodWorker.java:109)\n\tat java.base/java.util.concurrent.ThreadPoolExecutor.runWorker(ThreadPoolExecutor.java:1167)\n\tat java.base/java.util.concurrent.ThreadPoolExecutor$Worker.run(ThreadPoolExecutor.java:641)\n\tat java.base/java.lang.Thread.run(Thread.java:844)\nCaused by: java.lang.AssertionError: Failed to execute 'TextAssert.text' for element 'Number(smart: #ui-element>smart: #number)' during '10' seconds. 13:52.490 \nExpected: is \"2\"\n     but: was \"1\"\n\tat com.epam.jdi.light.common.Exceptions.exception(Exceptions.java:27)\n\tat com.epam.jdi.light.actions.ActionHelper.stableAction(ActionHelper.java:638)\n\tat com.epam.jdi.light.actions.ActionProcessor.jdiAround(ActionProcessor.java:48)\n\t... 16 more\nCaused by: java.lang.AssertionError: 13:52.490 \nExpected: is \"2\"\n     but: was \"1\"\n\tat com.epam.jdi.light.asserts.core.SoftAssert.jdiAssert(SoftAssert.java:48)\n\tat com.epam.jdi.light.asserts.core.SoftAssert.jdiAssert(SoftAssert.java:59)\n\tat com.epam.jdi.light.asserts.generic.TextAssert.text_aroundBody0(TextAssert.java:18)\n\tat com.epam.jdi.light.asserts.generic.TextAssert$AjcClosure1.run(TextAssert.java:1)\n\tat org.aspectj.runtime.reflect.JoinPointImpl.proceed(JoinPointImpl.java:167)\n\tat com.epam.jdi.light.actions.ActionObject.execute(ActionObject.java:60)\n\tat com.epam.jdi.light.actions.ActionHelper.stableAction(ActionHelper.java:626)\n\t... 17 more\n",
    "steps" : [ {
      "name" : "Get row '2' for 'Users' table",
      "time" : {
        "start" : 1630347220033,
        "stop" : 1630347222352,
        "duration" : 2319
      },
      "status" : "passed",
      "steps" : [ {
        "name" : "Get row '2' for 'Users' table",
        "time" : {
          "start" : 1630347220040,
          "stop" : 1630347222007,
          "duration" : 1967
        },
        "status" : "passed",
        "steps" : [ {
          "name" : "Get 'Users' header",
          "time" : {
            "start" : 1630347220042,
            "stop" : 1630347221240,
            "duration" : 1198
          },
          "status" : "passed",
          "steps" : [ {
            "name" : "Get 'Users header' values",
            "time" : {
              "start" : 1630347220592,
              "stop" : 1630347221240,
              "duration" : 648
            },
            "status" : "passed",
            "steps" : [ {
              "name" : "Get '' text",
              "time" : {
                "start" : 1630347221142,
                "stop" : 1630347221170,
                "duration" : 28
              },
              "status" : "passed",
              "steps" : [ ],
              "attachments" : [ {
                "uid" : "e862b6ab0861ff6b",
                "name" : "Actual result",
                "source" : "e862b6ab0861ff6b.html",
                "type" : "text/plain",
                "size" : 6
              } ],
              "parameters" : [ ],
              "stepsCount" : 0,
              "attachmentsCount" : 1,
              "shouldDisplayMessage" : false,
              "hasContent" : true
            } ],
            "attachments" : [ {
              "uid" : "81fcf399da066a6f",
              "name" : "Actual result",
              "source" : "81fcf399da066a6f.html",
              "type" : "text/plain",
              "size" : 32
            } ],
            "parameters" : [ ],
            "stepsCount" : 1,
            "attachmentsCount" : 2,
            "shouldDisplayMessage" : false,
            "hasContent" : true
          } ],
          "attachments" : [ {
            "uid" : "c8a36399083ac3b2",
            "name" : "Actual result",
            "source" : "c8a36399083ac3b2.html",
            "type" : "text/plain",
            "size" : 32
          } ],
          "parameters" : [ ],
          "stepsCount" : 2,
          "attachmentsCount" : 3,
          "shouldDisplayMessage" : false,
          "hasContent" : true
        }, {
          "name" : "Get 'Users' rows count",
          "time" : {
            "start" : 1630347221242,
            "stop" : 1630347221446,
            "duration" : 204
          },
          "status" : "passed",
          "steps" : [ {
            "name" : "Get 'xpath='//tbody//tr[1]/td'' values",
            "time" : {
              "start" : 1630347221336,
              "stop" : 1630347221446,
              "duration" : 110
            },
            "status" : "passed",
            "steps" : [ ],
            "attachments" : [ {
              "uid" : "f286388638f89142",
              "name" : "Actual result",
              "source" : "f286388638f89142.html",
              "type" : "text/plain",
              "size" : 2
            } ],
            "parameters" : [ ],
            "stepsCount" : 0,
            "attachmentsCount" : 1,
            "shouldDisplayMessage" : false,
            "hasContent" : true
          } ],
          "attachments" : [ {
            "uid" : "24408b70ed568612",
            "name" : "Actual result",
            "source" : "24408b70ed568612.html",
            "type" : "text/plain",
            "size" : 1
          } ],
          "parameters" : [ ],
          "stepsCount" : 1,
          "attachmentsCount" : 2,
          "shouldDisplayMessage" : false,
          "hasContent" : true
        }, {
          "name" : "Get 'Users line[2]' values",
          "time" : {
            "start" : 1630347221448,
            "stop" : 1630347222007,
            "duration" : 559
          },
          "status" : "passed",
          "steps" : [ ],
          "attachments" : [ {
            "uid" : "e1422e766539acce",
            "name" : "Actual result",
            "source" : "e1422e766539acce.html",
            "type" : "text/plain",
            "size" : 75
          } ],
          "parameters" : [ ],
          "stepsCount" : 0,
          "attachmentsCount" : 1,
          "shouldDisplayMessage" : false,
          "hasContent" : true
        } ],
        "attachments" : [ {
          "uid" : "2222fcc2147ccb43",
          "name" : "Actual result",
          "source" : "2222fcc2147ccb43.html",
          "type" : "text/plain",
          "size" : 98
        } ],
        "parameters" : [ ],
        "stepsCount" : 6,
        "attachmentsCount" : 7,
        "shouldDisplayMessage" : false,
        "hasContent" : true
      } ],
      "attachments" : [ {
        "uid" : "a4f37cdbd20dd91a",
        "name" : "Details",
        "source" : "a4f37cdbd20dd91a.html",
        "type" : "text/plain",
        "size" : 35
      }, {
        "uid" : "39972aead78f71cf",
        "name" : "Actual result",
        "source" : "39972aead78f71cf.html",
        "type" : "text/plain",
        "size" : 18
      } ],
      "parameters" : [ ],
      "stepsCount" : 7,
      "attachmentsCount" : 9,
      "shouldDisplayMessage" : false,
      "hasContent" : true
    }, {
      "name" : "Select 'Admin' in 'Type'",
      "time" : {
        "start" : 1630347222353,
        "stop" : 1630347222426,
        "duration" : 73
      },
      "status" : "passed",
      "steps" : [ {
        "name" : "Select 'Admin' in 'Type'",
        "time" : {
          "start" : 1630347222358,
          "stop" : 1630347222426,
          "duration" : 68
        },
        "status" : "passed",
        "steps" : [ ],
        "attachments" : [ ],
        "parameters" : [ ],
        "stepsCount" : 0,
        "attachmentsCount" : 0,
        "shouldDisplayMessage" : false,
        "hasContent" : false
      } ],
      "attachments" : [ {
        "uid" : "e356db582789f34",
        "name" : "Details",
        "source" : "e356db582789f34.html",
        "type" : "text/plain",
        "size" : 60
      } ],
      "parameters" : [ ],
      "stepsCount" : 1,
      "attachmentsCount" : 1,
      "shouldDisplayMessage" : false,
      "hasContent" : true
    }, {
      "name" : "Get selected value",
      "time" : {
        "start" : 1630347222426,
        "stop" : 1630347222494,
        "duration" : 68
      },
      "status" : "passed",
      "steps" : [ {
        "name" : "Check that 'Type' is displayed",
        "time" : {
          "start" : 1630347222433,
          "stop" : 1630347222494,
          "duration" : 61
        },
        "status" : "passed",
        "steps" : [ {
          "name" : "Get selected value",
          "time" : {
            "start" : 1630347222433,
            "stop" : 1630347222493,
            "duration" : 60
          },
          "status" : "passed",
          "steps" : [ ],
          "attachments" : [ {
            "uid" : "ac77c3d565fda45c",
            "name" : "Actual result",
            "source" : "ac77c3d565fda45c.html",
            "type" : "text/plain",
            "size" : 5
          } ],
          "parameters" : [ ],
          "stepsCount" : 0,
          "attachmentsCount" : 1,
          "shouldDisplayMessage" : false,
          "hasContent" : true
        } ],
        "attachments" : [ {
          "uid" : "11e3af065be6034f",
          "name" : "Actual result",
          "source" : "11e3af065be6034f.html",
          "type" : "text/plain",
          "size" : 5
        } ],
        "parameters" : [ ],
        "stepsCount" : 1,
        "attachmentsCount" : 2,
        "shouldDisplayMessage" : false,
        "hasContent" : true
      } ],
      "attachments" : [ {
        "uid" : "208823cc6c5c1622",
        "name" : "Details",
        "source" : "208823cc6c5c1622.html",
        "type" : "text/plain",
        "size" : 60
      }, {
        "uid" : "7213610bdf1ac716",
        "name" : "Actual result",
        "source" : "7213610bdf1ac716.html",
        "type" : "text/plain",
        "size" : 5
      } ],
      "parameters" : [ ],
      "stepsCount" : 2,
      "attachmentsCount" : 4,
      "shouldDisplayMessage" : false,
      "hasContent" : true
    }, {
      "name" : "Select 'User' in 'Type'",
      "time" : {
        "start" : 1630347222495,
        "stop" : 1630347222576,
        "duration" : 81
      },
      "status" : "passed",
      "steps" : [ {
        "name" : "Select 'User' in 'Type'",
        "time" : {
          "start" : 1630347222499,
          "stop" : 1630347222576,
          "duration" : 77
        },
        "status" : "passed",
        "steps" : [ ],
        "attachments" : [ ],
        "parameters" : [ ],
        "stepsCount" : 0,
        "attachmentsCount" : 0,
        "shouldDisplayMessage" : false,
        "hasContent" : false
      } ],
      "attachments" : [ {
        "uid" : "2ba5c3862ab4e7e0",
        "name" : "Details",
        "source" : "2ba5c3862ab4e7e0.html",
        "type" : "text/plain",
        "size" : 60
      } ],
      "parameters" : [ ],
      "stepsCount" : 1,
      "attachmentsCount" : 1,
      "shouldDisplayMessage" : false,
      "hasContent" : true
    }, {
      "name" : "Assert that 'Number' text is \"2\"",
      "time" : {
        "start" : 1630347222583
      },
      "status" : "unknown",
      "steps" : [ {
        "name" : "Get 'Number' text",
        "time" : {
          "start" : 1630347222588,
          "stop" : 1630347222665,
          "duration" : 77
        },
        "status" : "passed",
        "steps" : [ ],
        "attachments" : [ {
          "uid" : "6ca8d16b44437a2c",
          "name" : "Actual result",
          "source" : "6ca8d16b44437a2c.html",
          "type" : "text/plain",
          "size" : 1
        } ],
        "parameters" : [ ],
        "stepsCount" : 0,
        "attachmentsCount" : 1,
        "shouldDisplayMessage" : false,
        "hasContent" : true
      }, {
        "name" : "Failure details",
        "time" : {
          "start" : 1630347233084,
          "stop" : 1630347233087,
          "duration" : 3
        },
        "status" : "unknown",
        "steps" : [ ],
        "attachments" : [ {
          "uid" : "39a7bcafec6da84",
          "name" : "Screenshot",
          "source" : "39a7bcafec6da84.png",
          "type" : "image/png",
          "size" : 145674
        } ],
        "parameters" : [ ],
        "stepsCount" : 0,
        "attachmentsCount" : 1,
        "shouldDisplayMessage" : false,
        "hasContent" : true
      } ],
      "attachments" : [ {
        "uid" : "9a7b233e31b5ec12",
        "name" : "Details",
        "source" : "9a7b233e31b5ec12.html",
        "type" : "text/plain",
        "size" : 60
      } ],
      "parameters" : [ ],
      "stepsCount" : 2,
      "attachmentsCount" : 3,
      "shouldDisplayMessage" : false,
      "hasContent" : true
    } ],
    "attachments" : [ ],
    "parameters" : [ ],
    "stepsCount" : 18,
    "attachmentsCount" : 18,
    "shouldDisplayMessage" : true,
    "hasContent" : true
  },
  "afterStages" : [ {
    "name" : "teardown",
    "time" : {
      "start" : 1630347284293,
      "stop" : 1630347284317,
      "duration" : 24
    },
    "description" : "",
    "status" : "passed",
    "steps" : [ ],
    "attachments" : [ ],
    "parameters" : [ ],
    "stepsCount" : 0,
    "attachmentsCount" : 0,
    "shouldDisplayMessage" : false,
    "hasContent" : false
  } ],
  "labels" : [ {
    "name" : "package",
    "value" : "org.mytests.tests.example.DataTableTests"
  }, {
    "name" : "testClass",
    "value" : "org.mytests.tests.example.DataTableTests"
  }, {
    "name" : "testMethod",
    "value" : "filterLinesTest"
  }, {
    "name" : "parentSuite",
    "value" : "Test suite"
  }, {
    "name" : "suite",
    "value" : "Tests"
  }, {
    "name" : "subSuite",
    "value" : "org.mytests.tests.example.DataTableTests"
  }, {
    "name" : "host",
    "value" : "fv-az281-863"
  }, {
    "name" : "thread",
    "value" : "4311@fv-az281-863.TestNG-test=Tests-2(19)"
  }, {
    "name" : "framework",
    "value" : "testng"
  }, {
    "name" : "language",
    "value" : "java"
  }, {
    "name" : "resultFormat",
    "value" : "allure2"
  } ],
  "parameters" : [ ],
  "links" : [ ],
  "hidden" : true,
  "retry" : true,
  "extra" : {
    "categories" : [ ],
    "tags" : [ ]
  },
  "source" : "7ef46d698f9f0d38.json",
  "parameterValues" : [ ]
}