{
  "uid" : "5d474c87b41faf7d",
  "name" : "openPerformancePage",
  "fullName" : "org.mytests.tests.example.JDIPerformanceTests.openPerformancePage",
  "historyId" : "9e83b9d794d1d06477cababf50bb5bd8",
  "time" : {
    "start" : 1630072613683,
    "stop" : 1630072613684,
    "duration" : 1
  },
  "status" : "broken",
  "statusMessage" : "[56:53.465] Failed to execute 'Form.submit' for element 'Login Form' during '0' seconds. Failed to fill element 'Name' (locator: smart: [data-testid='name']) with value 'epam'",
  "statusTrace" : "java.lang.RuntimeException: [56:53.465] Failed to execute 'Form.submit' for element 'Login Form' during '0' seconds. Failed to fill element 'Name' (locator: smart: [data-testid='name']) with value 'epam'\n\tat com.epam.jdi.light.common.Exceptions.exception(Exceptions.java:31)\n\tat com.epam.jdi.light.actions.ActionHelper.actionFailed(ActionHelper.java:383)\n\tat com.epam.jdi.tools.func.JFunc2.execute(JFunc2.java:19)\n\tat com.epam.jdi.light.actions.ActionProcessor.jdiAround(ActionProcessor.java:55)\n\tat com.epam.jdi.light.elements.composite.Form.submit(Form.java:255)\n\tat org.mytests.tests.preconditions.Preconditions.login(Preconditions.java:23)\n\tat org.mytests.tests.preconditions.Preconditions.shouldBeLoggedIn(Preconditions.java:18)\n\tat org.mytests.tests.example.JDIPerformanceTests.openPerformancePage(JDIPerformanceTests.java:21)\n\tat java.base/jdk.internal.reflect.NativeMethodAccessorImpl.invoke0(Native Method)\n\tat java.base/jdk.internal.reflect.NativeMethodAccessorImpl.invoke(NativeMethodAccessorImpl.java:62)\n\tat java.base/jdk.internal.reflect.DelegatingMethodAccessorImpl.invoke(DelegatingMethodAccessorImpl.java:43)\n\tat java.base/java.lang.reflect.Method.invoke(Method.java:564)\n\tat org.testng.internal.MethodInvocationHelper.invokeMethod(MethodInvocationHelper.java:124)\n\tat org.testng.internal.MethodInvocationHelper.invokeMethodConsideringTimeout(MethodInvocationHelper.java:59)\n\tat org.testng.internal.Invoker.invokeConfigurationMethod(Invoker.java:458)\n\tat org.testng.internal.Invoker.invokeConfigurations(Invoker.java:222)\n\tat org.testng.internal.Invoker.invokeMethod(Invoker.java:523)\n\tat org.testng.internal.Invoker.invokeTestMethod(Invoker.java:719)\n\tat org.testng.internal.Invoker.invokeTestMethods(Invoker.java:989)\n\tat org.testng.internal.TestMethodWorker.invokeTestMethods(TestMethodWorker.java:125)\n\tat org.testng.internal.TestMethodWorker.run(TestMethodWorker.java:109)\n\tat java.base/java.util.concurrent.ThreadPoolExecutor.runWorker(ThreadPoolExecutor.java:1167)\n\tat java.base/java.util.concurrent.ThreadPoolExecutor$Worker.run(ThreadPoolExecutor.java:641)\n\tat java.base/java.lang.Thread.run(Thread.java:844)\nCaused by: java.lang.RuntimeException: Failed to execute 'Form.submit' for element 'Login Form' during '0' seconds. \nFailed to fill element 'Name' (locator: smart: [data-testid='name']) with value 'epam'\n\tat com.epam.jdi.light.common.Exceptions.exception(Exceptions.java:31)\n\tat com.epam.jdi.light.actions.ActionHelper.stableAction(ActionHelper.java:638)\n\tat com.epam.jdi.light.actions.ActionProcessor.jdiAround(ActionProcessor.java:48)\n\t... 20 more\nCaused by: java.lang.RuntimeException: \nFailed to fill element 'Name' (locator: smart: [data-testid='name']) with value 'epam'\n\tat com.epam.jdi.light.common.Exceptions.exception(Exceptions.java:16)\n\tat com.epam.jdi.light.actions.ActionProcessor.debugAround(ActionProcessor.java:73)\n\tat com.epam.jdi.light.elements.composite.Form.fill(Form.java:98)\n\tat com.epam.jdi.light.elements.composite.Form.submit(Form.java:261)\n\tat com.epam.jdi.light.elements.composite.Form.submit_aroundBody30(Form.java:256)\n\tat com.epam.jdi.light.elements.composite.Form$AjcClosure31.run(Form.java:1)\n\tat org.aspectj.runtime.reflect.JoinPointImpl.proceed(JoinPointImpl.java:167)\n\tat com.epam.jdi.light.actions.ActionObject.execute(ActionObject.java:60)\n\tat com.epam.jdi.light.actions.ActionHelper.stableAction(ActionHelper.java:626)\n\t... 21 more\n",
  "flaky" : false,
  "newFailed" : false,
  "beforeStages" : [ ],
  "afterStages" : [ ],
  "labels" : [ {
    "name" : "package",
    "value" : "org.mytests.tests.example.JDIPerformanceTests"
  }, {
    "name" : "testClass",
    "value" : "org.mytests.tests.example.JDIPerformanceTests"
  }, {
    "name" : "testMethod",
    "value" : "openPerformancePage"
  }, {
    "name" : "parentSuite",
    "value" : "Test suite"
  }, {
    "name" : "suite",
    "value" : "Tests"
  }, {
    "name" : "subSuite",
    "value" : "org.mytests.tests.example.JDIPerformanceTests"
  }, {
    "name" : "host",
    "value" : "fv-az120-13"
  }, {
    "name" : "thread",
    "value" : "4300@fv-az120-13.TestNG-test=Tests-1(18)"
  }, {
    "name" : "framework",
    "value" : "testng"
  }, {
    "name" : "language",
    "value" : "java"
  }, {
    "name" : "resultFormat",
    "value" : "allure2"
  } ],
  "parameters" : [ ],
  "links" : [ ],
  "hidden" : false,
  "retry" : false,
  "extra" : {
    "severity" : "normal",
    "retries" : [ ],
    "categories" : [ {
      "name" : "Test defects",
      "matchedStatuses" : [ ],
      "flaky" : false
    } ],
    "history" : {
      "statistic" : {
        "failed" : 0,
        "broken" : 11,
        "skipped" : 0,
        "passed" : 0,
        "unknown" : 0,
        "total" : 11
      },
      "items" : [ {
        "uid" : "5de2bab7284ac473",
        "reportUrl" : "https://jdi-templates.github.io/jdi-light-selenoid-template/5//#testresult/5de2bab7284ac473",
        "status" : "broken",
        "statusDetails" : "[53:49.306] Failed to execute 'Form.submit' for element 'Login Form' during '0' seconds. Failed to fill element 'Name' (locator: smart: [data-testid='name']) with value 'epam'",
        "time" : {
          "start" : 1630072429310,
          "stop" : 1630072429311,
          "duration" : 1
        }
      }, {
        "uid" : "8a31cfd26561ac6b",
        "reportUrl" : "https://jdi-templates.github.io/jdi-light-selenoid-template/4//#testresult/8a31cfd26561ac6b",
        "status" : "broken",
        "statusDetails" : "[59:24.830] Failed to execute 'Form.submit' for element 'Login Form' during '0' seconds. Failed to fill element 'Name' (locator: smart: [data-testid='name']) with value 'epam'",
        "time" : {
          "start" : 1630015164863,
          "stop" : 1630015164863,
          "duration" : 0
        }
      }, {
        "uid" : "35f530463915e7b6",
        "reportUrl" : "https://jdi-templates.github.io/jdi-light-selenoid-template/4//#testresult/35f530463915e7b6",
        "status" : "broken",
        "statusDetails" : "[56:06.165] Failed to execute 'Form.submit' for element 'Login Form' during '0' seconds. Failed to fill element 'Name' (locator: smart: [data-testid='name']) with value 'epam'",
        "time" : {
          "start" : 1630014966170,
          "stop" : 1630014966170,
          "duration" : 0
        }
      }, {
        "uid" : "edd94c9d95fa3aae",
        "reportUrl" : "https://jdi-templates.github.io/jdi-light-selenoid-template/4//#testresult/edd94c9d95fa3aae",
        "status" : "broken",
        "statusDetails" : "[53:11.408] Failed to execute 'Form.submit' for element 'Login Form' during '0' seconds. Failed to fill element 'Name' (locator: smart: [data-testid='name']) with value 'epam'",
        "time" : {
          "start" : 1630014791481,
          "stop" : 1630014791481,
          "duration" : 0
        }
      }, {
        "uid" : "bf9e4151ee4515d0",
        "reportUrl" : "https://jdi-templates.github.io/jdi-light-selenoid-template/4//#testresult/bf9e4151ee4515d0",
        "status" : "broken",
        "statusDetails" : "[48:53.285] Failed to execute 'Form.submit' for element 'Login Form' during '0' seconds. Failed to fill element 'Name' (locator: smart: [data-testid='name']) with value 'epam'",
        "time" : {
          "start" : 1630014533301,
          "stop" : 1630014533301,
          "duration" : 0
        }
      }, {
        "uid" : "9fbb541e518b3b12",
        "reportUrl" : "https://jdi-templates.github.io/jdi-light-selenoid-template/4//#testresult/9fbb541e518b3b12",
        "status" : "broken",
        "statusDetails" : "[45:45.339] Failed to execute 'Form.submit' for element 'Login Form' during '0' seconds. Failed to fill element 'Name' (locator: smart: [data-testid='name']) with value 'epam'",
        "time" : {
          "start" : 1630014345664,
          "stop" : 1630014345670,
          "duration" : 6
        }
      }, {
        "uid" : "98e32457aa1c8069",
        "reportUrl" : "https://jdi-templates.github.io/jdi-light-selenoid-template/4//#testresult/98e32457aa1c8069",
        "status" : "broken",
        "statusDetails" : "[42:39.137] Failed to execute 'Form.submit' for element 'Login Form' during '0' seconds. Failed to fill element 'Name' (locator: smart: [data-testid='name']) with value 'epam'",
        "time" : {
          "start" : 1630014159396,
          "stop" : 1630014159397,
          "duration" : 1
        }
      }, {
        "uid" : "fe8135e1fbf87922",
        "reportUrl" : "https://jdi-templates.github.io/jdi-light-selenoid-template/4//#testresult/fe8135e1fbf87922",
        "status" : "broken",
        "statusDetails" : "[39:29.886] Failed to execute 'Form.submit' for element 'Login Form' during '0' seconds. Failed to fill element 'Name' (locator: smart: [data-testid='name']) with value 'epam'",
        "time" : {
          "start" : 1630013969890,
          "stop" : 1630013969890,
          "duration" : 0
        }
      }, {
        "uid" : "1b943a33d35805bb",
        "reportUrl" : "https://jdi-templates.github.io/jdi-light-selenoid-template/4//#testresult/1b943a33d35805bb",
        "status" : "broken",
        "statusDetails" : "[35:56.277] Failed to execute 'Form.submit' for element 'Login Form' during '0' seconds. Failed to fill element 'Name' (locator: smart: [data-testid='name']) with value 'epam'",
        "time" : {
          "start" : 1630013756528,
          "stop" : 1630013756529,
          "duration" : 1
        }
      }, {
        "uid" : "560e798f17dfc157",
        "reportUrl" : "https://jdi-templates.github.io/jdi-light-selenoid-template/3//#testresult/560e798f17dfc157",
        "status" : "broken",
        "statusDetails" : "[57:28.297] Failed to execute 'Form.submit' for element 'Login Form' during '0' seconds. Failed to fill element 'Name' (locator: smart: [data-testid='name']) with value 'epam'",
        "time" : {
          "start" : 1629979048744,
          "stop" : 1629979048749,
          "duration" : 5
        }
      } ]
    },
    "tags" : [ ]
  },
  "source" : "5d474c87b41faf7d.json",
  "parameterValues" : [ ]
}