{
  "uid" : "f17b7f9ce8ef77ac",
  "name" : "fillContactFormTest",
  "fullName" : "org.mytests.tests.example.FormTests.fillContactFormTest",
  "historyId" : "8e41cf811ea4cbd476913f3a9fb7c08c",
  "time" : {
    "start" : 1630073274058,
    "stop" : 1630073275598,
    "duration" : 1540
  },
  "status" : "broken",
  "statusMessage" : "[07:55.596] Failed to execute 'Form.submit' for element 'Login Form' during '0' seconds. Failed to fill element 'Name' (locator: smart: [data-testid='name']) with value 'epam'",
  "statusTrace" : "java.lang.RuntimeException: [07:55.596] Failed to execute 'Form.submit' for element 'Login Form' during '0' seconds. Failed to fill element 'Name' (locator: smart: [data-testid='name']) with value 'epam'\n\tat com.epam.jdi.light.common.Exceptions.exception(Exceptions.java:31)\n\tat com.epam.jdi.light.actions.ActionHelper.actionFailed(ActionHelper.java:383)\n\tat com.epam.jdi.tools.func.JFunc2.execute(JFunc2.java:19)\n\tat com.epam.jdi.light.actions.ActionProcessor.jdiAround(ActionProcessor.java:55)\n\tat com.epam.jdi.light.elements.composite.Form.submit(Form.java:255)\n\tat org.mytests.tests.preconditions.Preconditions.login(Preconditions.java:23)\n\tat org.mytests.tests.preconditions.Preconditions.shouldBeLoggedIn(Preconditions.java:18)\n\tat org.mytests.tests.example.FormTests.fillContactFormTest(FormTests.java:24)\n\tat java.base/jdk.internal.reflect.NativeMethodAccessorImpl.invoke0(Native Method)\n\tat java.base/jdk.internal.reflect.NativeMethodAccessorImpl.invoke(NativeMethodAccessorImpl.java:62)\n\tat java.base/jdk.internal.reflect.DelegatingMethodAccessorImpl.invoke(DelegatingMethodAccessorImpl.java:43)\n\tat java.base/java.lang.reflect.Method.invoke(Method.java:567)\n\tat org.testng.internal.MethodInvocationHelper.invokeMethod(MethodInvocationHelper.java:124)\n\tat org.testng.internal.Invoker.invokeMethod(Invoker.java:583)\n\tat org.testng.internal.Invoker.retryFailed(Invoker.java:839)\n\tat org.testng.internal.Invoker.invokeTestMethods(Invoker.java:1010)\n\tat org.testng.internal.TestMethodWorker.invokeTestMethods(TestMethodWorker.java:125)\n\tat org.testng.internal.TestMethodWorker.run(TestMethodWorker.java:109)\n\tat java.base/java.util.concurrent.ThreadPoolExecutor.runWorker(ThreadPoolExecutor.java:1128)\n\tat java.base/java.util.concurrent.ThreadPoolExecutor$Worker.run(ThreadPoolExecutor.java:628)\n\tat java.base/java.lang.Thread.run(Thread.java:835)\nCaused by: java.lang.RuntimeException: Failed to execute 'Form.submit' for element 'Login Form' during '0' seconds. \nFailed to fill element 'Name' (locator: smart: [data-testid='name']) with value 'epam'\n\tat com.epam.jdi.light.common.Exceptions.exception(Exceptions.java:31)\n\tat com.epam.jdi.light.actions.ActionHelper.stableAction(ActionHelper.java:638)\n\tat com.epam.jdi.light.actions.ActionProcessor.jdiAround(ActionProcessor.java:48)\n\t... 17 more\nCaused by: java.lang.RuntimeException: \nFailed to fill element 'Name' (locator: smart: [data-testid='name']) with value 'epam'\n\tat com.epam.jdi.light.common.Exceptions.exception(Exceptions.java:16)\n\tat com.epam.jdi.light.actions.ActionProcessor.debugAround(ActionProcessor.java:73)\n\tat com.epam.jdi.light.elements.composite.Form.fill(Form.java:98)\n\tat com.epam.jdi.light.elements.composite.Form.submit(Form.java:261)\n\tat com.epam.jdi.light.elements.composite.Form.submit_aroundBody30(Form.java:256)\n\tat com.epam.jdi.light.elements.composite.Form$AjcClosure31.run(Form.java:1)\n\tat org.aspectj.runtime.reflect.JoinPointImpl.proceed(JoinPointImpl.java:167)\n\tat com.epam.jdi.light.actions.ActionObject.execute(ActionObject.java:60)\n\tat com.epam.jdi.light.actions.ActionHelper.stableAction(ActionHelper.java:626)\n\t... 18 more\n",
  "flaky" : false,
  "newFailed" : false,
  "beforeStages" : [ {
    "name" : "setUp",
    "time" : {
      "start" : 1630073204513,
      "stop" : 1630073210038,
      "duration" : 5525
    },
    "description" : "",
    "status" : "passed",
    "steps" : [ {
      "name" : "Open 'SiteJdi'(url=https://epam.github.io/JDI/)",
      "time" : {
        "start" : 1630073206619,
        "stop" : 1630073210034,
        "duration" : 3415
      },
      "status" : "passed",
      "steps" : [ {
        "name" : "Open 'SiteJdi'(url=https://epam.github.io/JDI/)",
        "time" : {
          "start" : 1630073209339,
          "stop" : 1630073210033,
          "duration" : 694
        },
        "status" : "passed",
        "steps" : [ ],
        "attachments" : [ ],
        "parameters" : [ ],
        "attachmentsCount" : 0,
        "shouldDisplayMessage" : false,
        "hasContent" : false,
        "stepsCount" : 0
      } ],
      "attachments" : [ {
        "uid" : "26a81a03de992d3b",
        "name" : "Details",
        "source" : "26a81a03de992d3b.html",
        "type" : "text/plain",
        "size" : 119
      } ],
      "parameters" : [ ],
      "attachmentsCount" : 1,
      "shouldDisplayMessage" : false,
      "hasContent" : true,
      "stepsCount" : 1
    } ],
    "attachments" : [ ],
    "parameters" : [ ],
    "attachmentsCount" : 1,
    "shouldDisplayMessage" : false,
    "hasContent" : true,
    "stepsCount" : 2
  } ],
  "testStage" : {
    "status" : "broken",
    "statusMessage" : "[07:55.596] Failed to execute 'Form.submit' for element 'Login Form' during '0' seconds. Failed to fill element 'Name' (locator: smart: [data-testid='name']) with value 'epam'",
    "statusTrace" : "java.lang.RuntimeException: [07:55.596] Failed to execute 'Form.submit' for element 'Login Form' during '0' seconds. Failed to fill element 'Name' (locator: smart: [data-testid='name']) with value 'epam'\n\tat com.epam.jdi.light.common.Exceptions.exception(Exceptions.java:31)\n\tat com.epam.jdi.light.actions.ActionHelper.actionFailed(ActionHelper.java:383)\n\tat com.epam.jdi.tools.func.JFunc2.execute(JFunc2.java:19)\n\tat com.epam.jdi.light.actions.ActionProcessor.jdiAround(ActionProcessor.java:55)\n\tat com.epam.jdi.light.elements.composite.Form.submit(Form.java:255)\n\tat org.mytests.tests.preconditions.Preconditions.login(Preconditions.java:23)\n\tat org.mytests.tests.preconditions.Preconditions.shouldBeLoggedIn(Preconditions.java:18)\n\tat org.mytests.tests.example.FormTests.fillContactFormTest(FormTests.java:24)\n\tat java.base/jdk.internal.reflect.NativeMethodAccessorImpl.invoke0(Native Method)\n\tat java.base/jdk.internal.reflect.NativeMethodAccessorImpl.invoke(NativeMethodAccessorImpl.java:62)\n\tat java.base/jdk.internal.reflect.DelegatingMethodAccessorImpl.invoke(DelegatingMethodAccessorImpl.java:43)\n\tat java.base/java.lang.reflect.Method.invoke(Method.java:567)\n\tat org.testng.internal.MethodInvocationHelper.invokeMethod(MethodInvocationHelper.java:124)\n\tat org.testng.internal.Invoker.invokeMethod(Invoker.java:583)\n\tat org.testng.internal.Invoker.retryFailed(Invoker.java:839)\n\tat org.testng.internal.Invoker.invokeTestMethods(Invoker.java:1010)\n\tat org.testng.internal.TestMethodWorker.invokeTestMethods(TestMethodWorker.java:125)\n\tat org.testng.internal.TestMethodWorker.run(TestMethodWorker.java:109)\n\tat java.base/java.util.concurrent.ThreadPoolExecutor.runWorker(ThreadPoolExecutor.java:1128)\n\tat java.base/java.util.concurrent.ThreadPoolExecutor$Worker.run(ThreadPoolExecutor.java:628)\n\tat java.base/java.lang.Thread.run(Thread.java:835)\nCaused by: java.lang.RuntimeException: Failed to execute 'Form.submit' for element 'Login Form' during '0' seconds. \nFailed to fill element 'Name' (locator: smart: [data-testid='name']) with value 'epam'\n\tat com.epam.jdi.light.common.Exceptions.exception(Exceptions.java:31)\n\tat com.epam.jdi.light.actions.ActionHelper.stableAction(ActionHelper.java:638)\n\tat com.epam.jdi.light.actions.ActionProcessor.jdiAround(ActionProcessor.java:48)\n\t... 17 more\nCaused by: java.lang.RuntimeException: \nFailed to fill element 'Name' (locator: smart: [data-testid='name']) with value 'epam'\n\tat com.epam.jdi.light.common.Exceptions.exception(Exceptions.java:16)\n\tat com.epam.jdi.light.actions.ActionProcessor.debugAround(ActionProcessor.java:73)\n\tat com.epam.jdi.light.elements.composite.Form.fill(Form.java:98)\n\tat com.epam.jdi.light.elements.composite.Form.submit(Form.java:261)\n\tat com.epam.jdi.light.elements.composite.Form.submit_aroundBody30(Form.java:256)\n\tat com.epam.jdi.light.elements.composite.Form$AjcClosure31.run(Form.java:1)\n\tat org.aspectj.runtime.reflect.JoinPointImpl.proceed(JoinPointImpl.java:167)\n\tat com.epam.jdi.light.actions.ActionObject.execute(ActionObject.java:60)\n\tat com.epam.jdi.light.actions.ActionHelper.stableAction(ActionHelper.java:626)\n\t... 18 more\n",
    "steps" : [ {
      "name" : "shouldBeLoggedIn",
      "time" : {
        "start" : 1630073274060
      },
      "status" : "unknown",
      "steps" : [ {
        "name" : "login",
        "time" : {
          "start" : 1630073274159,
          "stop" : 1630073275598,
          "duration" : 1439
        },
        "status" : "broken",
        "statusMessage" : "[07:55.596] Failed to execute 'Form.submit' for element 'Login Form' during '0' seconds. Failed to fill element 'Name' (locator: smart: [data-testid='name']) with value 'epam'",
        "statusTrace" : "java.lang.RuntimeException: [07:55.596] Failed to execute 'Form.submit' for element 'Login Form' during '0' seconds. Failed to fill element 'Name' (locator: smart: [data-testid='name']) with value 'epam'\n\tat com.epam.jdi.light.common.Exceptions.exception(Exceptions.java:31)\n\tat com.epam.jdi.light.actions.ActionHelper.actionFailed(ActionHelper.java:383)\n\tat com.epam.jdi.tools.func.JFunc2.execute(JFunc2.java:19)\n\tat com.epam.jdi.light.actions.ActionProcessor.jdiAround(ActionProcessor.java:55)\n\tat com.epam.jdi.light.elements.composite.Form.submit(Form.java:255)\n\tat org.mytests.tests.preconditions.Preconditions.login(Preconditions.java:23)\n\tat org.mytests.tests.preconditions.Preconditions.shouldBeLoggedIn(Preconditions.java:18)\n\tat org.mytests.tests.example.FormTests.fillContactFormTest(FormTests.java:24)\n\tat java.base/jdk.internal.reflect.NativeMethodAccessorImpl.invoke0(Native Method)\n\tat java.base/jdk.internal.reflect.NativeMethodAccessorImpl.invoke(NativeMethodAccessorImpl.java:62)\n\tat java.base/jdk.internal.reflect.DelegatingMethodAccessorImpl.invoke(DelegatingMethodAccessorImpl.java:43)\n\tat java.base/java.lang.reflect.Method.invoke(Method.java:567)\n\tat org.testng.internal.MethodInvocationHelper.invokeMethod(MethodInvocationHelper.java:124)\n\tat org.testng.internal.Invoker.invokeMethod(Invoker.java:583)\n\tat org.testng.internal.Invoker.retryFailed(Invoker.java:839)\n\tat org.testng.internal.Invoker.invokeTestMethods(Invoker.java:1010)\n\tat org.testng.internal.TestMethodWorker.invokeTestMethods(TestMethodWorker.java:125)\n\tat org.testng.internal.TestMethodWorker.run(TestMethodWorker.java:109)\n\tat java.base/java.util.concurrent.ThreadPoolExecutor.runWorker(ThreadPoolExecutor.java:1128)\n\tat java.base/java.util.concurrent.ThreadPoolExecutor$Worker.run(ThreadPoolExecutor.java:628)\n\tat java.base/java.lang.Thread.run(Thread.java:835)\nCaused by: java.lang.RuntimeException: Failed to execute 'Form.submit' for element 'Login Form' during '0' seconds. \nFailed to fill element 'Name' (locator: smart: [data-testid='name']) with value 'epam'\n\tat com.epam.jdi.light.common.Exceptions.exception(Exceptions.java:31)\n\tat com.epam.jdi.light.actions.ActionHelper.stableAction(ActionHelper.java:638)\n\tat com.epam.jdi.light.actions.ActionProcessor.jdiAround(ActionProcessor.java:48)\n\t... 17 more\nCaused by: java.lang.RuntimeException: \nFailed to fill element 'Name' (locator: smart: [data-testid='name']) with value 'epam'\n\tat com.epam.jdi.light.common.Exceptions.exception(Exceptions.java:16)\n\tat com.epam.jdi.light.actions.ActionProcessor.debugAround(ActionProcessor.java:73)\n\tat com.epam.jdi.light.elements.composite.Form.fill(Form.java:98)\n\tat com.epam.jdi.light.elements.composite.Form.submit(Form.java:261)\n\tat com.epam.jdi.light.elements.composite.Form.submit_aroundBody30(Form.java:256)\n\tat com.epam.jdi.light.elements.composite.Form$AjcClosure31.run(Form.java:1)\n\tat org.aspectj.runtime.reflect.JoinPointImpl.proceed(JoinPointImpl.java:167)\n\tat com.epam.jdi.light.actions.ActionObject.execute(ActionObject.java:60)\n\tat com.epam.jdi.light.actions.ActionHelper.stableAction(ActionHelper.java:626)\n\t... 18 more\n",
        "steps" : [ {
          "name" : "Click on 'User Icon'",
          "time" : {
            "start" : 1630073274160,
            "stop" : 1630073274738,
            "duration" : 578
          },
          "status" : "passed",
          "steps" : [ {
            "name" : "Click on 'User Icon'",
            "time" : {
              "start" : 1630073274165,
              "stop" : 1630073274738,
              "duration" : 573
            },
            "status" : "passed",
            "steps" : [ {
              "name" : "Check that 'User Icon' is disabled",
              "time" : {
                "start" : 1630073274168,
                "stop" : 1630073274558,
                "duration" : 390
              },
              "status" : "passed",
              "steps" : [ ],
              "attachments" : [ {
                "uid" : "591960274e40be2",
                "name" : "Actual result",
                "source" : "591960274e40be2.html",
                "type" : "text/plain",
                "size" : 5
              } ],
              "parameters" : [ ],
              "attachmentsCount" : 1,
              "shouldDisplayMessage" : false,
              "hasContent" : true,
              "stepsCount" : 0
            } ],
            "attachments" : [ ],
            "parameters" : [ ],
            "attachmentsCount" : 1,
            "shouldDisplayMessage" : false,
            "hasContent" : true,
            "stepsCount" : 1
          } ],
          "attachments" : [ {
            "uid" : "42852396ba56f88e",
            "name" : "Details",
            "source" : "42852396ba56f88e.html",
            "type" : "text/plain",
            "size" : 38
          } ],
          "parameters" : [ ],
          "attachmentsCount" : 2,
          "shouldDisplayMessage" : false,
          "hasContent" : true,
          "stepsCount" : 2
        }, {
          "name" : "Fill 'Login Form' with User(name:epam; password:1234) and press 'enter'",
          "time" : {
            "start" : 1630073274739,
            "stop" : 1630073275598,
            "duration" : 859
          },
          "status" : "broken",
          "statusMessage" : "[07:55.596] Failed to execute 'Form.submit' for element 'Login Form' during '0' seconds. Failed to fill element 'Name' (locator: smart: [data-testid='name']) with value 'epam'",
          "statusTrace" : "java.lang.RuntimeException: [07:55.596] Failed to execute 'Form.submit' for element 'Login Form' during '0' seconds. Failed to fill element 'Name' (locator: smart: [data-testid='name']) with value 'epam'\n\tat com.epam.jdi.light.common.Exceptions.exception(Exceptions.java:31)\n\tat com.epam.jdi.light.actions.ActionHelper.actionFailed(ActionHelper.java:383)\n\tat com.epam.jdi.tools.func.JFunc2.execute(JFunc2.java:19)\n\tat com.epam.jdi.light.actions.ActionProcessor.jdiAround(ActionProcessor.java:55)\n\tat com.epam.jdi.light.elements.composite.Form.submit(Form.java:255)\n\tat org.mytests.tests.preconditions.Preconditions.login(Preconditions.java:23)\n\tat org.mytests.tests.preconditions.Preconditions.shouldBeLoggedIn(Preconditions.java:18)\n\tat org.mytests.tests.example.FormTests.fillContactFormTest(FormTests.java:24)\n\tat java.base/jdk.internal.reflect.NativeMethodAccessorImpl.invoke0(Native Method)\n\tat java.base/jdk.internal.reflect.NativeMethodAccessorImpl.invoke(NativeMethodAccessorImpl.java:62)\n\tat java.base/jdk.internal.reflect.DelegatingMethodAccessorImpl.invoke(DelegatingMethodAccessorImpl.java:43)\n\tat java.base/java.lang.reflect.Method.invoke(Method.java:567)\n\tat org.testng.internal.MethodInvocationHelper.invokeMethod(MethodInvocationHelper.java:124)\n\tat org.testng.internal.Invoker.invokeMethod(Invoker.java:583)\n\tat org.testng.internal.Invoker.retryFailed(Invoker.java:839)\n\tat org.testng.internal.Invoker.invokeTestMethods(Invoker.java:1010)\n\tat org.testng.internal.TestMethodWorker.invokeTestMethods(TestMethodWorker.java:125)\n\tat org.testng.internal.TestMethodWorker.run(TestMethodWorker.java:109)\n\tat java.base/java.util.concurrent.ThreadPoolExecutor.runWorker(ThreadPoolExecutor.java:1128)\n\tat java.base/java.util.concurrent.ThreadPoolExecutor$Worker.run(ThreadPoolExecutor.java:628)\n\tat java.base/java.lang.Thread.run(Thread.java:835)\nCaused by: java.lang.RuntimeException: Failed to execute 'Form.submit' for element 'Login Form' during '0' seconds. \nFailed to fill element 'Name' (locator: smart: [data-testid='name']) with value 'epam'\n\tat com.epam.jdi.light.common.Exceptions.exception(Exceptions.java:31)\n\tat com.epam.jdi.light.actions.ActionHelper.stableAction(ActionHelper.java:638)\n\tat com.epam.jdi.light.actions.ActionProcessor.jdiAround(ActionProcessor.java:48)\n\t... 17 more\nCaused by: java.lang.RuntimeException: \nFailed to fill element 'Name' (locator: smart: [data-testid='name']) with value 'epam'\n\tat com.epam.jdi.light.common.Exceptions.exception(Exceptions.java:16)\n\tat com.epam.jdi.light.actions.ActionProcessor.debugAround(ActionProcessor.java:73)\n\tat com.epam.jdi.light.elements.composite.Form.fill(Form.java:98)\n\tat com.epam.jdi.light.elements.composite.Form.submit(Form.java:261)\n\tat com.epam.jdi.light.elements.composite.Form.submit_aroundBody30(Form.java:256)\n\tat com.epam.jdi.light.elements.composite.Form$AjcClosure31.run(Form.java:1)\n\tat org.aspectj.runtime.reflect.JoinPointImpl.proceed(JoinPointImpl.java:167)\n\tat com.epam.jdi.light.actions.ActionObject.execute(ActionObject.java:60)\n\tat com.epam.jdi.light.actions.ActionHelper.stableAction(ActionHelper.java:626)\n\t... 18 more\n",
          "steps" : [ {
            "name" : "Input 'epam' in 'Name'",
            "time" : {
              "start" : 1630073274747,
              "stop" : 1630073274898,
              "duration" : 151
            },
            "status" : "unknown",
            "steps" : [ ],
            "attachments" : [ ],
            "parameters" : [ ],
            "attachmentsCount" : 0,
            "shouldDisplayMessage" : false,
            "hasContent" : false,
            "stepsCount" : 0
          }, {
            "name" : "Show",
            "time" : {
              "start" : 1630073275101,
              "stop" : 1630073275146,
              "duration" : 45
            },
            "status" : "passed",
            "steps" : [ ],
            "attachments" : [ ],
            "parameters" : [ ],
            "attachmentsCount" : 0,
            "shouldDisplayMessage" : false,
            "hasContent" : false,
            "stepsCount" : 0
          }, {
            "name" : "Failure details",
            "time" : {
              "start" : 1630073275588,
              "stop" : 1630073275588,
              "duration" : 0
            },
            "status" : "unknown",
            "steps" : [ ],
            "attachments" : [ {
              "uid" : "c947e695d8db6e25",
              "name" : "Screenshot",
              "source" : "c947e695d8db6e25.png",
              "type" : "image/png",
              "size" : 129230
            } ],
            "parameters" : [ ],
            "attachmentsCount" : 1,
            "shouldDisplayMessage" : false,
            "hasContent" : true,
            "stepsCount" : 0
          } ],
          "attachments" : [ {
            "uid" : "1065b14281e5f4a7",
            "name" : "Details",
            "source" : "1065b14281e5f4a7.html",
            "type" : "text/plain",
            "size" : 30
          } ],
          "parameters" : [ ],
          "attachmentsCount" : 2,
          "shouldDisplayMessage" : true,
          "hasContent" : true,
          "stepsCount" : 3
        } ],
        "attachments" : [ ],
        "parameters" : [ ],
        "attachmentsCount" : 4,
        "shouldDisplayMessage" : false,
        "hasContent" : true,
        "stepsCount" : 7
      } ],
      "attachments" : [ ],
      "parameters" : [ ],
      "attachmentsCount" : 4,
      "shouldDisplayMessage" : false,
      "hasContent" : true,
      "stepsCount" : 8
    } ],
    "attachments" : [ ],
    "parameters" : [ ],
    "attachmentsCount" : 4,
    "shouldDisplayMessage" : false,
    "hasContent" : true,
    "stepsCount" : 9
  },
  "afterStages" : [ {
    "name" : "teardown",
    "time" : {
      "start" : 1630073282222,
      "stop" : 1630073282248,
      "duration" : 26
    },
    "description" : "",
    "status" : "passed",
    "steps" : [ ],
    "attachments" : [ ],
    "parameters" : [ ],
    "attachmentsCount" : 0,
    "shouldDisplayMessage" : false,
    "hasContent" : false,
    "stepsCount" : 0
  } ],
  "labels" : [ {
    "name" : "package",
    "value" : "org.mytests.tests.example.FormTests"
  }, {
    "name" : "testClass",
    "value" : "org.mytests.tests.example.FormTests"
  }, {
    "name" : "testMethod",
    "value" : "fillContactFormTest"
  }, {
    "name" : "parentSuite",
    "value" : "Test suite"
  }, {
    "name" : "suite",
    "value" : "Tests"
  }, {
    "name" : "subSuite",
    "value" : "org.mytests.tests.example.FormTests"
  }, {
    "name" : "host",
    "value" : "fv-az72-943"
  }, {
    "name" : "thread",
    "value" : "4303@fv-az72-943.TestNG-test=Tests-4(21)"
  }, {
    "name" : "framework",
    "value" : "testng"
  }, {
    "name" : "language",
    "value" : "java"
  }, {
    "name" : "resultFormat",
    "value" : "allure2"
  } ],
  "parameters" : [ ],
  "links" : [ ],
  "hidden" : false,
  "retry" : false,
  "extra" : {
    "severity" : "normal",
    "retries" : [ {
      "uid" : "cca20ebf42edb3b2",
      "status" : "skipped",
      "statusDetails" : "[07:54.52] Failed to execute 'Form.submit' for element 'Login Form' during '0' seconds. Failed to fill element 'Name' (locator: smart: [data-testid='name']) with value 'epam'",
      "time" : {
        "start" : 1630073210224,
        "stop" : 1630073274055,
        "duration" : 63831
      }
    } ],
    "categories" : [ {
      "name" : "Test defects",
      "matchedStatuses" : [ ],
      "flaky" : false
    } ],
    "history" : {
      "statistic" : {
        "failed" : 0,
        "broken" : 14,
        "skipped" : 0,
        "passed" : 0,
        "unknown" : 0,
        "total" : 14
      },
      "items" : [ {
        "uid" : "a224054ae98f001c",
        "reportUrl" : "https://jdi-templates.github.io/jdi-light-selenoid-template/5//#testresult/a224054ae98f001c",
        "status" : "broken",
        "statusDetails" : "[04:25.162] Failed to execute 'Form.submit' for element 'Login Form' during '0' seconds. Failed to fill element 'Name' (locator: smart: [data-testid='name']) with value 'epam'",
        "time" : {
          "start" : 1630073063727,
          "stop" : 1630073065163,
          "duration" : 1436
        }
      }, {
        "uid" : "c15204368fd4143f",
        "reportUrl" : "https://jdi-templates.github.io/jdi-light-selenoid-template/5//#testresult/c15204368fd4143f",
        "status" : "broken",
        "statusDetails" : "[01:02.716] Failed to execute 'Form.submit' for element 'Login Form' during '0' seconds. Failed to fill element 'Name' (locator: smart: [data-testid='name']) with value 'epam'",
        "time" : {
          "start" : 1630072861205,
          "stop" : 1630072862717,
          "duration" : 1512
        }
      }, {
        "uid" : "f50548a82cdd2cf0",
        "reportUrl" : "https://jdi-templates.github.io/jdi-light-selenoid-template/5//#testresult/f50548a82cdd2cf0",
        "status" : "broken",
        "statusDetails" : "[57:51.618] Failed to execute 'Form.submit' for element 'Login Form' during '0' seconds. Failed to fill element 'Name' (locator: smart: [data-testid='name']) with value 'epam'",
        "time" : {
          "start" : 1630072670113,
          "stop" : 1630072671619,
          "duration" : 1506
        }
      }, {
        "uid" : "caed26fc28c370cc",
        "reportUrl" : "https://jdi-templates.github.io/jdi-light-selenoid-template/5//#testresult/caed26fc28c370cc",
        "status" : "broken",
        "statusDetails" : "[53:50.875] Failed to execute 'Form.submit' for element 'Login Form' during '0' seconds. Failed to fill element 'Name' (locator: smart: [data-testid='name']) with value 'epam'",
        "time" : {
          "start" : 1630072429280,
          "stop" : 1630072430878,
          "duration" : 1598
        }
      }, {
        "uid" : "d23c62868146d5d7",
        "reportUrl" : "https://jdi-templates.github.io/jdi-light-selenoid-template/4//#testresult/d23c62868146d5d7",
        "status" : "broken",
        "statusDetails" : "[00:20.828] Failed to execute 'Form.submit' for element 'Login Form' during '0' seconds. Failed to fill element 'Name' (locator: smart: [data-testid='name']) with value 'epam'",
        "time" : {
          "start" : 1630015219196,
          "stop" : 1630015220829,
          "duration" : 1633
        }
      }, {
        "uid" : "89dc5134c47d2851",
        "reportUrl" : "https://jdi-templates.github.io/jdi-light-selenoid-template/4//#testresult/89dc5134c47d2851",
        "status" : "broken",
        "statusDetails" : "[56:06.649] Failed to execute 'Form.submit' for element 'Login Form' during '0' seconds. Failed to fill element 'Name' (locator: smart: [data-testid='name']) with value 'epam'",
        "time" : {
          "start" : 1630014965065,
          "stop" : 1630014966650,
          "duration" : 1585
        }
      }, {
        "uid" : "d08612fe265fce35",
        "reportUrl" : "https://jdi-templates.github.io/jdi-light-selenoid-template/4//#testresult/d08612fe265fce35",
        "status" : "broken",
        "statusDetails" : "[54:09.109] Failed to execute 'Form.submit' for element 'Login Form' during '0' seconds. Failed to fill element 'Name' (locator: smart: [data-testid='name']) with value 'epam'",
        "time" : {
          "start" : 1630014847447,
          "stop" : 1630014849111,
          "duration" : 1664
        }
      }, {
        "uid" : "1b4e0c2540aa805d",
        "reportUrl" : "https://jdi-templates.github.io/jdi-light-selenoid-template/4//#testresult/1b4e0c2540aa805d",
        "status" : "broken",
        "statusDetails" : "[49:50.484] Failed to execute 'Form.submit' for element 'Login Form' during '0' seconds. Failed to fill element 'Name' (locator: smart: [data-testid='name']) with value 'epam'",
        "time" : {
          "start" : 1630014588842,
          "stop" : 1630014590486,
          "duration" : 1644
        }
      }, {
        "uid" : "826092b8c14eac70",
        "reportUrl" : "https://jdi-templates.github.io/jdi-light-selenoid-template/4//#testresult/826092b8c14eac70",
        "status" : "broken",
        "statusDetails" : "[46:44.101] Failed to execute 'Form.submit' for element 'Login Form' during '0' seconds. Failed to fill element 'Name' (locator: smart: [data-testid='name']) with value 'epam'",
        "time" : {
          "start" : 1630014402491,
          "stop" : 1630014404103,
          "duration" : 1612
        }
      }, {
        "uid" : "d7f7f9cc3909e793",
        "reportUrl" : "https://jdi-templates.github.io/jdi-light-selenoid-template/4//#testresult/d7f7f9cc3909e793",
        "status" : "broken",
        "statusDetails" : "[42:40.873] Failed to execute 'Form.submit' for element 'Login Form' during '0' seconds. Failed to fill element 'Name' (locator: smart: [data-testid='name']) with value 'epam'",
        "time" : {
          "start" : 1630014159403,
          "stop" : 1630014160876,
          "duration" : 1473
        }
      }, {
        "uid" : "d9395ca94e141815",
        "reportUrl" : "https://jdi-templates.github.io/jdi-light-selenoid-template/4//#testresult/d9395ca94e141815",
        "status" : "broken",
        "statusDetails" : "[39:31.62] Failed to execute 'Form.submit' for element 'Login Form' during '0' seconds. Failed to fill element 'Name' (locator: smart: [data-testid='name']) with value 'epam'",
        "time" : {
          "start" : 1630013969217,
          "stop" : 1630013971063,
          "duration" : 1846
        }
      }, {
        "uid" : "149cf82c6e6d7fa5",
        "reportUrl" : "https://jdi-templates.github.io/jdi-light-selenoid-template/4//#testresult/149cf82c6e6d7fa5",
        "status" : "broken",
        "statusDetails" : "[35:58.182] Failed to execute 'Form.submit' for element 'Login Form' during '0' seconds. Failed to fill element 'Name' (locator: smart: [data-testid='name']) with value 'epam'",
        "time" : {
          "start" : 1630013756597,
          "stop" : 1630013758184,
          "duration" : 1587
        }
      }, {
        "uid" : "9f2cbb5987aea3c2",
        "reportUrl" : "https://jdi-templates.github.io/jdi-light-selenoid-template/3//#testresult/9f2cbb5987aea3c2",
        "status" : "broken",
        "statusDetails" : "[57:32.901] Failed to execute 'Form.submit' for element 'Login Form' during '0' seconds. Failed to fill element 'Name' (locator: smart: [data-testid='name']) with value 'epam'",
        "time" : {
          "start" : 1629979051406,
          "stop" : 1629979052903,
          "duration" : 1497
        }
      } ]
    },
    "tags" : [ ]
  },
  "source" : "f17b7f9ce8ef77ac.json",
  "parameterValues" : [ ]
}