{
  "uid" : "20c824e331e398be",
  "name" : "bigDropdownTest",
  "fullName" : "org.mytests.tests.example.JDIPerformanceTests.bigDropdownTest",
  "historyId" : "c4bb9e6216d2b756575eb4b1a0e8d5b3",
  "time" : {
    "start" : 1630014966171,
    "stop" : 1630014966171,
    "duration" : 0
  },
  "status" : "skipped",
  "statusMessage" : "[56:06.165] Failed to execute 'Form.submit' for element 'Login Form' during '0' seconds. Failed to fill element 'Name' (locator: smart: [data-testid='name']) with value 'epam'",
  "statusTrace" : "java.lang.RuntimeException: [56:06.165] Failed to execute 'Form.submit' for element 'Login Form' during '0' seconds. Failed to fill element 'Name' (locator: smart: [data-testid='name']) with value 'epam'\n\tat com.epam.jdi.light.common.Exceptions.exception(Exceptions.java:31)\n\tat com.epam.jdi.light.actions.ActionHelper.actionFailed(ActionHelper.java:383)\n\tat com.epam.jdi.tools.func.JFunc2.execute(JFunc2.java:19)\n\tat com.epam.jdi.light.actions.ActionProcessor.jdiAround(ActionProcessor.java:55)\n\tat com.epam.jdi.light.elements.composite.Form.submit(Form.java:255)\n\tat org.mytests.tests.preconditions.Preconditions.login(Preconditions.java:23)\n\tat org.mytests.tests.preconditions.Preconditions.shouldBeLoggedIn(Preconditions.java:18)\n\tat org.mytests.tests.example.JDIPerformanceTests.openPerformancePage(JDIPerformanceTests.java:21)\n\tat java.base/jdk.internal.reflect.NativeMethodAccessorImpl.invoke0(Native Method)\n\tat java.base/jdk.internal.reflect.NativeMethodAccessorImpl.invoke(NativeMethodAccessorImpl.java:62)\n\tat java.base/jdk.internal.reflect.DelegatingMethodAccessorImpl.invoke(DelegatingMethodAccessorImpl.java:43)\n\tat java.base/java.lang.reflect.Method.invoke(Method.java:564)\n\tat org.testng.internal.MethodInvocationHelper.invokeMethod(MethodInvocationHelper.java:124)\n\tat org.testng.internal.MethodInvocationHelper.invokeMethodConsideringTimeout(MethodInvocationHelper.java:59)\n\tat org.testng.internal.Invoker.invokeConfigurationMethod(Invoker.java:458)\n\tat org.testng.internal.Invoker.invokeConfigurations(Invoker.java:222)\n\tat org.testng.internal.Invoker.invokeMethod(Invoker.java:523)\n\tat org.testng.internal.Invoker.invokeTestMethod(Invoker.java:719)\n\tat org.testng.internal.Invoker.invokeTestMethods(Invoker.java:989)\n\tat org.testng.internal.TestMethodWorker.invokeTestMethods(TestMethodWorker.java:125)\n\tat org.testng.internal.TestMethodWorker.run(TestMethodWorker.java:109)\n\tat java.base/java.util.concurrent.ThreadPoolExecutor.runWorker(ThreadPoolExecutor.java:1130)\n\tat java.base/java.util.concurrent.ThreadPoolExecutor$Worker.run(ThreadPoolExecutor.java:630)\n\tat java.base/java.lang.Thread.run(Thread.java:832)\nCaused by: java.lang.RuntimeException: Failed to execute 'Form.submit' for element 'Login Form' during '0' seconds. \nFailed to fill element 'Name' (locator: smart: [data-testid='name']) with value 'epam'\n\tat com.epam.jdi.light.common.Exceptions.exception(Exceptions.java:31)\n\tat com.epam.jdi.light.actions.ActionHelper.stableAction(ActionHelper.java:638)\n\tat com.epam.jdi.light.actions.ActionProcessor.jdiAround(ActionProcessor.java:48)\n\t... 20 more\nCaused by: java.lang.RuntimeException: \nFailed to fill element 'Name' (locator: smart: [data-testid='name']) with value 'epam'\n\tat com.epam.jdi.light.common.Exceptions.exception(Exceptions.java:16)\n\tat com.epam.jdi.light.actions.ActionProcessor.debugAround(ActionProcessor.java:73)\n\tat com.epam.jdi.light.elements.composite.Form.fill(Form.java:98)\n\tat com.epam.jdi.light.elements.composite.Form.submit(Form.java:261)\n\tat com.epam.jdi.light.elements.composite.Form.submit_aroundBody30(Form.java:256)\n\tat com.epam.jdi.light.elements.composite.Form$AjcClosure31.run(Form.java:1)\n\tat org.aspectj.runtime.reflect.JoinPointImpl.proceed(JoinPointImpl.java:167)\n\tat com.epam.jdi.light.actions.ActionObject.execute(ActionObject.java:60)\n\tat com.epam.jdi.light.actions.ActionHelper.stableAction(ActionHelper.java:626)\n\t... 21 more\n",
  "flaky" : false,
  "newFailed" : false,
  "beforeStages" : [ {
    "name" : "openPerformancePage",
    "time" : {
      "start" : 1630014958461,
      "stop" : 1630014966165,
      "duration" : 7704
    },
    "description" : "",
    "status" : "broken",
    "statusMessage" : "[56:06.165] Failed to execute 'Form.submit' for element 'Login Form' during '0' seconds. Failed to fill element 'Name' (locator: smart: [data-testid='name']) with value 'epam'",
    "statusTrace" : "java.lang.RuntimeException: [56:06.165] Failed to execute 'Form.submit' for element 'Login Form' during '0' seconds. Failed to fill element 'Name' (locator: smart: [data-testid='name']) with value 'epam'\n\tat com.epam.jdi.light.common.Exceptions.exception(Exceptions.java:31)\n\tat com.epam.jdi.light.actions.ActionHelper.actionFailed(ActionHelper.java:383)\n\tat com.epam.jdi.tools.func.JFunc2.execute(JFunc2.java:19)\n\tat com.epam.jdi.light.actions.ActionProcessor.jdiAround(ActionProcessor.java:55)\n\tat com.epam.jdi.light.elements.composite.Form.submit(Form.java:255)\n\tat org.mytests.tests.preconditions.Preconditions.login(Preconditions.java:23)\n\tat org.mytests.tests.preconditions.Preconditions.shouldBeLoggedIn(Preconditions.java:18)\n\tat org.mytests.tests.example.JDIPerformanceTests.openPerformancePage(JDIPerformanceTests.java:21)\n\tat java.base/jdk.internal.reflect.NativeMethodAccessorImpl.invoke0(Native Method)\n\tat java.base/jdk.internal.reflect.NativeMethodAccessorImpl.invoke(NativeMethodAccessorImpl.java:62)\n\tat java.base/jdk.internal.reflect.DelegatingMethodAccessorImpl.invoke(DelegatingMethodAccessorImpl.java:43)\n\tat java.base/java.lang.reflect.Method.invoke(Method.java:564)\n\tat org.testng.internal.MethodInvocationHelper.invokeMethod(MethodInvocationHelper.java:124)\n\tat org.testng.internal.MethodInvocationHelper.invokeMethodConsideringTimeout(MethodInvocationHelper.java:59)\n\tat org.testng.internal.Invoker.invokeConfigurationMethod(Invoker.java:458)\n\tat org.testng.internal.Invoker.invokeConfigurations(Invoker.java:222)\n\tat org.testng.internal.Invoker.invokeMethod(Invoker.java:523)\n\tat org.testng.internal.Invoker.invokeTestMethod(Invoker.java:719)\n\tat org.testng.internal.Invoker.invokeTestMethods(Invoker.java:989)\n\tat org.testng.internal.TestMethodWorker.invokeTestMethods(TestMethodWorker.java:125)\n\tat org.testng.internal.TestMethodWorker.run(TestMethodWorker.java:109)\n\tat java.base/java.util.concurrent.ThreadPoolExecutor.runWorker(ThreadPoolExecutor.java:1130)\n\tat java.base/java.util.concurrent.ThreadPoolExecutor$Worker.run(ThreadPoolExecutor.java:630)\n\tat java.base/java.lang.Thread.run(Thread.java:832)\nCaused by: java.lang.RuntimeException: Failed to execute 'Form.submit' for element 'Login Form' during '0' seconds. \nFailed to fill element 'Name' (locator: smart: [data-testid='name']) with value 'epam'\n\tat com.epam.jdi.light.common.Exceptions.exception(Exceptions.java:31)\n\tat com.epam.jdi.light.actions.ActionHelper.stableAction(ActionHelper.java:638)\n\tat com.epam.jdi.light.actions.ActionProcessor.jdiAround(ActionProcessor.java:48)\n\t... 20 more\nCaused by: java.lang.RuntimeException: \nFailed to fill element 'Name' (locator: smart: [data-testid='name']) with value 'epam'\n\tat com.epam.jdi.light.common.Exceptions.exception(Exceptions.java:16)\n\tat com.epam.jdi.light.actions.ActionProcessor.debugAround(ActionProcessor.java:73)\n\tat com.epam.jdi.light.elements.composite.Form.fill(Form.java:98)\n\tat com.epam.jdi.light.elements.composite.Form.submit(Form.java:261)\n\tat com.epam.jdi.light.elements.composite.Form.submit_aroundBody30(Form.java:256)\n\tat com.epam.jdi.light.elements.composite.Form$AjcClosure31.run(Form.java:1)\n\tat org.aspectj.runtime.reflect.JoinPointImpl.proceed(JoinPointImpl.java:167)\n\tat com.epam.jdi.light.actions.ActionObject.execute(ActionObject.java:60)\n\tat com.epam.jdi.light.actions.ActionHelper.stableAction(ActionHelper.java:626)\n\t... 21 more\n",
    "steps" : [ {
      "name" : "shouldBeLoggedIn",
      "time" : {
        "start" : 1630014958490
      },
      "status" : "unknown",
      "steps" : [ {
        "name" : "Open 'Home Page'(url=https://epam.github.io/JDI/index.html)",
        "time" : {
          "start" : 1630014962846,
          "stop" : 1630014963802,
          "duration" : 956
        },
        "status" : "passed",
        "steps" : [ {
          "name" : "Open 'Home Page'(url=https://epam.github.io/JDI/index.html)",
          "time" : {
            "start" : 1630014962864,
            "stop" : 1630014963802,
            "duration" : 938
          },
          "status" : "passed",
          "steps" : [ ],
          "attachments" : [ ],
          "parameters" : [ ],
          "stepsCount" : 0,
          "attachmentsCount" : 0,
          "shouldDisplayMessage" : false,
          "hasContent" : false
        } ],
        "attachments" : [ {
          "uid" : "b10c52cf5d060b54",
          "name" : "Details",
          "source" : "b10c52cf5d060b54.html",
          "type" : "text/plain",
          "size" : 124
        } ],
        "parameters" : [ ],
        "stepsCount" : 1,
        "attachmentsCount" : 1,
        "shouldDisplayMessage" : false,
        "hasContent" : true
      }, {
        "name" : "login",
        "time" : {
          "start" : 1630014964002,
          "stop" : 1630014966165,
          "duration" : 2163
        },
        "status" : "broken",
        "statusMessage" : "[56:06.165] Failed to execute 'Form.submit' for element 'Login Form' during '0' seconds. Failed to fill element 'Name' (locator: smart: [data-testid='name']) with value 'epam'",
        "statusTrace" : "java.lang.RuntimeException: [56:06.165] Failed to execute 'Form.submit' for element 'Login Form' during '0' seconds. Failed to fill element 'Name' (locator: smart: [data-testid='name']) with value 'epam'\n\tat com.epam.jdi.light.common.Exceptions.exception(Exceptions.java:31)\n\tat com.epam.jdi.light.actions.ActionHelper.actionFailed(ActionHelper.java:383)\n\tat com.epam.jdi.tools.func.JFunc2.execute(JFunc2.java:19)\n\tat com.epam.jdi.light.actions.ActionProcessor.jdiAround(ActionProcessor.java:55)\n\tat com.epam.jdi.light.elements.composite.Form.submit(Form.java:255)\n\tat org.mytests.tests.preconditions.Preconditions.login(Preconditions.java:23)\n\tat org.mytests.tests.preconditions.Preconditions.shouldBeLoggedIn(Preconditions.java:18)\n\tat org.mytests.tests.example.JDIPerformanceTests.openPerformancePage(JDIPerformanceTests.java:21)\n\tat java.base/jdk.internal.reflect.NativeMethodAccessorImpl.invoke0(Native Method)\n\tat java.base/jdk.internal.reflect.NativeMethodAccessorImpl.invoke(NativeMethodAccessorImpl.java:62)\n\tat java.base/jdk.internal.reflect.DelegatingMethodAccessorImpl.invoke(DelegatingMethodAccessorImpl.java:43)\n\tat java.base/java.lang.reflect.Method.invoke(Method.java:564)\n\tat org.testng.internal.MethodInvocationHelper.invokeMethod(MethodInvocationHelper.java:124)\n\tat org.testng.internal.MethodInvocationHelper.invokeMethodConsideringTimeout(MethodInvocationHelper.java:59)\n\tat org.testng.internal.Invoker.invokeConfigurationMethod(Invoker.java:458)\n\tat org.testng.internal.Invoker.invokeConfigurations(Invoker.java:222)\n\tat org.testng.internal.Invoker.invokeMethod(Invoker.java:523)\n\tat org.testng.internal.Invoker.invokeTestMethod(Invoker.java:719)\n\tat org.testng.internal.Invoker.invokeTestMethods(Invoker.java:989)\n\tat org.testng.internal.TestMethodWorker.invokeTestMethods(TestMethodWorker.java:125)\n\tat org.testng.internal.TestMethodWorker.run(TestMethodWorker.java:109)\n\tat java.base/java.util.concurrent.ThreadPoolExecutor.runWorker(ThreadPoolExecutor.java:1130)\n\tat java.base/java.util.concurrent.ThreadPoolExecutor$Worker.run(ThreadPoolExecutor.java:630)\n\tat java.base/java.lang.Thread.run(Thread.java:832)\nCaused by: java.lang.RuntimeException: Failed to execute 'Form.submit' for element 'Login Form' during '0' seconds. \nFailed to fill element 'Name' (locator: smart: [data-testid='name']) with value 'epam'\n\tat com.epam.jdi.light.common.Exceptions.exception(Exceptions.java:31)\n\tat com.epam.jdi.light.actions.ActionHelper.stableAction(ActionHelper.java:638)\n\tat com.epam.jdi.light.actions.ActionProcessor.jdiAround(ActionProcessor.java:48)\n\t... 20 more\nCaused by: java.lang.RuntimeException: \nFailed to fill element 'Name' (locator: smart: [data-testid='name']) with value 'epam'\n\tat com.epam.jdi.light.common.Exceptions.exception(Exceptions.java:16)\n\tat com.epam.jdi.light.actions.ActionProcessor.debugAround(ActionProcessor.java:73)\n\tat com.epam.jdi.light.elements.composite.Form.fill(Form.java:98)\n\tat com.epam.jdi.light.elements.composite.Form.submit(Form.java:261)\n\tat com.epam.jdi.light.elements.composite.Form.submit_aroundBody30(Form.java:256)\n\tat com.epam.jdi.light.elements.composite.Form$AjcClosure31.run(Form.java:1)\n\tat org.aspectj.runtime.reflect.JoinPointImpl.proceed(JoinPointImpl.java:167)\n\tat com.epam.jdi.light.actions.ActionObject.execute(ActionObject.java:60)\n\tat com.epam.jdi.light.actions.ActionHelper.stableAction(ActionHelper.java:626)\n\t... 21 more\n",
        "steps" : [ {
          "name" : "Click on 'User Icon'",
          "time" : {
            "start" : 1630014964010,
            "stop" : 1630014964894,
            "duration" : 884
          },
          "status" : "passed",
          "steps" : [ {
            "name" : "Click on 'User Icon'",
            "time" : {
              "start" : 1630014964051,
              "stop" : 1630014964893,
              "duration" : 842
            },
            "status" : "passed",
            "steps" : [ {
              "name" : "Check that 'User Icon' is disabled",
              "time" : {
                "start" : 1630014964053,
                "stop" : 1630014964599,
                "duration" : 546
              },
              "status" : "passed",
              "steps" : [ ],
              "attachments" : [ {
                "uid" : "48b902aad22efaa6",
                "name" : "Actual result",
                "source" : "48b902aad22efaa6.html",
                "type" : "text/plain",
                "size" : 5
              } ],
              "parameters" : [ ],
              "stepsCount" : 0,
              "attachmentsCount" : 1,
              "shouldDisplayMessage" : false,
              "hasContent" : true
            } ],
            "attachments" : [ ],
            "parameters" : [ ],
            "stepsCount" : 1,
            "attachmentsCount" : 1,
            "shouldDisplayMessage" : false,
            "hasContent" : true
          } ],
          "attachments" : [ {
            "uid" : "69483ba4483a99b5",
            "name" : "Details",
            "source" : "69483ba4483a99b5.html",
            "type" : "text/plain",
            "size" : 38
          } ],
          "parameters" : [ ],
          "stepsCount" : 2,
          "attachmentsCount" : 2,
          "shouldDisplayMessage" : false,
          "hasContent" : true
        }, {
          "name" : "Fill 'Login Form' with User(name:epam; password:1234) and press 'enter'",
          "time" : {
            "start" : 1630014964896,
            "stop" : 1630014966165,
            "duration" : 1269
          },
          "status" : "broken",
          "statusMessage" : "[56:06.165] Failed to execute 'Form.submit' for element 'Login Form' during '0' seconds. Failed to fill element 'Name' (locator: smart: [data-testid='name']) with value 'epam'",
          "statusTrace" : "java.lang.RuntimeException: [56:06.165] Failed to execute 'Form.submit' for element 'Login Form' during '0' seconds. Failed to fill element 'Name' (locator: smart: [data-testid='name']) with value 'epam'\n\tat com.epam.jdi.light.common.Exceptions.exception(Exceptions.java:31)\n\tat com.epam.jdi.light.actions.ActionHelper.actionFailed(ActionHelper.java:383)\n\tat com.epam.jdi.tools.func.JFunc2.execute(JFunc2.java:19)\n\tat com.epam.jdi.light.actions.ActionProcessor.jdiAround(ActionProcessor.java:55)\n\tat com.epam.jdi.light.elements.composite.Form.submit(Form.java:255)\n\tat org.mytests.tests.preconditions.Preconditions.login(Preconditions.java:23)\n\tat org.mytests.tests.preconditions.Preconditions.shouldBeLoggedIn(Preconditions.java:18)\n\tat org.mytests.tests.example.JDIPerformanceTests.openPerformancePage(JDIPerformanceTests.java:21)\n\tat java.base/jdk.internal.reflect.NativeMethodAccessorImpl.invoke0(Native Method)\n\tat java.base/jdk.internal.reflect.NativeMethodAccessorImpl.invoke(NativeMethodAccessorImpl.java:62)\n\tat java.base/jdk.internal.reflect.DelegatingMethodAccessorImpl.invoke(DelegatingMethodAccessorImpl.java:43)\n\tat java.base/java.lang.reflect.Method.invoke(Method.java:564)\n\tat org.testng.internal.MethodInvocationHelper.invokeMethod(MethodInvocationHelper.java:124)\n\tat org.testng.internal.MethodInvocationHelper.invokeMethodConsideringTimeout(MethodInvocationHelper.java:59)\n\tat org.testng.internal.Invoker.invokeConfigurationMethod(Invoker.java:458)\n\tat org.testng.internal.Invoker.invokeConfigurations(Invoker.java:222)\n\tat org.testng.internal.Invoker.invokeMethod(Invoker.java:523)\n\tat org.testng.internal.Invoker.invokeTestMethod(Invoker.java:719)\n\tat org.testng.internal.Invoker.invokeTestMethods(Invoker.java:989)\n\tat org.testng.internal.TestMethodWorker.invokeTestMethods(TestMethodWorker.java:125)\n\tat org.testng.internal.TestMethodWorker.run(TestMethodWorker.java:109)\n\tat java.base/java.util.concurrent.ThreadPoolExecutor.runWorker(ThreadPoolExecutor.java:1130)\n\tat java.base/java.util.concurrent.ThreadPoolExecutor$Worker.run(ThreadPoolExecutor.java:630)\n\tat java.base/java.lang.Thread.run(Thread.java:832)\nCaused by: java.lang.RuntimeException: Failed to execute 'Form.submit' for element 'Login Form' during '0' seconds. \nFailed to fill element 'Name' (locator: smart: [data-testid='name']) with value 'epam'\n\tat com.epam.jdi.light.common.Exceptions.exception(Exceptions.java:31)\n\tat com.epam.jdi.light.actions.ActionHelper.stableAction(ActionHelper.java:638)\n\tat com.epam.jdi.light.actions.ActionProcessor.jdiAround(ActionProcessor.java:48)\n\t... 20 more\nCaused by: java.lang.RuntimeException: \nFailed to fill element 'Name' (locator: smart: [data-testid='name']) with value 'epam'\n\tat com.epam.jdi.light.common.Exceptions.exception(Exceptions.java:16)\n\tat com.epam.jdi.light.actions.ActionProcessor.debugAround(ActionProcessor.java:73)\n\tat com.epam.jdi.light.elements.composite.Form.fill(Form.java:98)\n\tat com.epam.jdi.light.elements.composite.Form.submit(Form.java:261)\n\tat com.epam.jdi.light.elements.composite.Form.submit_aroundBody30(Form.java:256)\n\tat com.epam.jdi.light.elements.composite.Form$AjcClosure31.run(Form.java:1)\n\tat org.aspectj.runtime.reflect.JoinPointImpl.proceed(JoinPointImpl.java:167)\n\tat com.epam.jdi.light.actions.ActionObject.execute(ActionObject.java:60)\n\tat com.epam.jdi.light.actions.ActionHelper.stableAction(ActionHelper.java:626)\n\t... 21 more\n",
          "steps" : [ {
            "name" : "Input 'epam' in 'Name'",
            "time" : {
              "start" : 1630014964907,
              "stop" : 1630014965088,
              "duration" : 181
            },
            "status" : "unknown",
            "steps" : [ ],
            "attachments" : [ ],
            "parameters" : [ ],
            "stepsCount" : 0,
            "attachmentsCount" : 0,
            "shouldDisplayMessage" : false,
            "hasContent" : false
          }, {
            "name" : "Show",
            "time" : {
              "start" : 1630014965293,
              "stop" : 1630014965777,
              "duration" : 484
            },
            "status" : "passed",
            "steps" : [ {
              "name" : "Check that 'Login Form' is visible by user",
              "time" : {
                "start" : 1630014965407,
                "stop" : 1630014965669,
                "duration" : 262
              },
              "status" : "passed",
              "steps" : [ {
                "name" : "Check that 'Login Form' is hidden",
                "time" : {
                  "start" : 1630014965419,
                  "stop" : 1630014965591,
                  "duration" : 172
                },
                "status" : "passed",
                "steps" : [ ],
                "attachments" : [ {
                  "uid" : "f1e11fbe7f14b858",
                  "name" : "Actual result",
                  "source" : "f1e11fbe7f14b858.html",
                  "type" : "text/plain",
                  "size" : 5
                } ],
                "parameters" : [ ],
                "stepsCount" : 0,
                "attachmentsCount" : 1,
                "shouldDisplayMessage" : false,
                "hasContent" : true
              } ],
              "attachments" : [ {
                "uid" : "c3da262fee2461f4",
                "name" : "Actual result",
                "source" : "c3da262fee2461f4.html",
                "type" : "text/plain",
                "size" : 5
              } ],
              "parameters" : [ ],
              "stepsCount" : 1,
              "attachmentsCount" : 2,
              "shouldDisplayMessage" : false,
              "hasContent" : true
            } ],
            "attachments" : [ ],
            "parameters" : [ ],
            "stepsCount" : 2,
            "attachmentsCount" : 2,
            "shouldDisplayMessage" : false,
            "hasContent" : true
          }, {
            "name" : "Failure details",
            "time" : {
              "start" : 1630014966155,
              "stop" : 1630014966156,
              "duration" : 1
            },
            "status" : "unknown",
            "steps" : [ ],
            "attachments" : [ {
              "uid" : "5c9927fd73726c0f",
              "name" : "Screenshot",
              "source" : "5c9927fd73726c0f.png",
              "type" : "image/png",
              "size" : 128672
            } ],
            "parameters" : [ ],
            "stepsCount" : 0,
            "attachmentsCount" : 1,
            "shouldDisplayMessage" : false,
            "hasContent" : true
          } ],
          "attachments" : [ {
            "uid" : "69151e47e385542a",
            "name" : "Details",
            "source" : "69151e47e385542a.html",
            "type" : "text/plain",
            "size" : 30
          } ],
          "parameters" : [ ],
          "stepsCount" : 5,
          "attachmentsCount" : 4,
          "shouldDisplayMessage" : true,
          "hasContent" : true
        } ],
        "attachments" : [ ],
        "parameters" : [ ],
        "stepsCount" : 9,
        "attachmentsCount" : 6,
        "shouldDisplayMessage" : false,
        "hasContent" : true
      } ],
      "attachments" : [ ],
      "parameters" : [ ],
      "stepsCount" : 12,
      "attachmentsCount" : 7,
      "shouldDisplayMessage" : false,
      "hasContent" : true
    } ],
    "attachments" : [ ],
    "parameters" : [ ],
    "stepsCount" : 13,
    "attachmentsCount" : 7,
    "shouldDisplayMessage" : false,
    "hasContent" : true
  }, {
    "name" : "setUp",
    "time" : {
      "start" : 1630014954197,
      "stop" : 1630014958422,
      "duration" : 4225
    },
    "description" : "",
    "status" : "passed",
    "steps" : [ {
      "name" : "Open 'SiteJdi'(url=https://epam.github.io/JDI/)",
      "time" : {
        "start" : 1630014955914,
        "stop" : 1630014958419,
        "duration" : 2505
      },
      "status" : "passed",
      "steps" : [ {
        "name" : "Open 'SiteJdi'(url=https://epam.github.io/JDI/)",
        "time" : {
          "start" : 1630014957915,
          "stop" : 1630014958419,
          "duration" : 504
        },
        "status" : "passed",
        "steps" : [ ],
        "attachments" : [ ],
        "parameters" : [ ],
        "stepsCount" : 0,
        "attachmentsCount" : 0,
        "shouldDisplayMessage" : false,
        "hasContent" : false
      } ],
      "attachments" : [ {
        "uid" : "ebb2a4dfb5d48193",
        "name" : "Details",
        "source" : "ebb2a4dfb5d48193.html",
        "type" : "text/plain",
        "size" : 119
      } ],
      "parameters" : [ ],
      "stepsCount" : 1,
      "attachmentsCount" : 1,
      "shouldDisplayMessage" : false,
      "hasContent" : true
    } ],
    "attachments" : [ ],
    "parameters" : [ ],
    "stepsCount" : 2,
    "attachmentsCount" : 1,
    "shouldDisplayMessage" : false,
    "hasContent" : true
  } ],
  "afterStages" : [ {
    "name" : "teardown",
    "time" : {
      "start" : 1630015026121,
      "stop" : 1630015026147,
      "duration" : 26
    },
    "description" : "",
    "status" : "passed",
    "steps" : [ ],
    "attachments" : [ ],
    "parameters" : [ ],
    "stepsCount" : 0,
    "attachmentsCount" : 0,
    "shouldDisplayMessage" : false,
    "hasContent" : false
  } ],
  "labels" : [ {
    "name" : "package",
    "value" : "org.mytests.tests.example.JDIPerformanceTests"
  }, {
    "name" : "testClass",
    "value" : "org.mytests.tests.example.JDIPerformanceTests"
  }, {
    "name" : "testMethod",
    "value" : "bigDropdownTest"
  }, {
    "name" : "parentSuite",
    "value" : "Test suite"
  }, {
    "name" : "suite",
    "value" : "Tests"
  }, {
    "name" : "subSuite",
    "value" : "org.mytests.tests.example.JDIPerformanceTests"
  }, {
    "name" : "host",
    "value" : "fv-az54-435"
  }, {
    "name" : "thread",
    "value" : "4367@fv-az54-435.TestNG-test=Tests-1(19)"
  }, {
    "name" : "framework",
    "value" : "testng"
  }, {
    "name" : "language",
    "value" : "java"
  }, {
    "name" : "resultFormat",
    "value" : "allure2"
  } ],
  "parameters" : [ ],
  "links" : [ ],
  "hidden" : false,
  "retry" : false,
  "extra" : {
    "severity" : "normal",
    "retries" : [ ],
    "categories" : [ ],
    "history" : {
      "statistic" : {
        "failed" : 0,
        "broken" : 0,
        "skipped" : 8,
        "passed" : 0,
        "unknown" : 0,
        "total" : 8
      },
      "items" : [ {
        "uid" : "d6050f46727fe18a",
        "reportUrl" : "https://jdi-templates.github.io/jdi-light-selenoid-template/4//#testresult/d6050f46727fe18a",
        "status" : "skipped",
        "statusDetails" : "[53:11.408] Failed to execute 'Form.submit' for element 'Login Form' during '0' seconds. Failed to fill element 'Name' (locator: smart: [data-testid='name']) with value 'epam'",
        "time" : {
          "start" : 1630014791485,
          "stop" : 1630014791486,
          "duration" : 1
        }
      }, {
        "uid" : "4ace3a4b8a7def14",
        "reportUrl" : "https://jdi-templates.github.io/jdi-light-selenoid-template/4//#testresult/4ace3a4b8a7def14",
        "status" : "skipped",
        "statusDetails" : "[48:53.285] Failed to execute 'Form.submit' for element 'Login Form' during '0' seconds. Failed to fill element 'Name' (locator: smart: [data-testid='name']) with value 'epam'",
        "time" : {
          "start" : 1630014533312,
          "stop" : 1630014533312,
          "duration" : 0
        }
      }, {
        "uid" : "9952e3dc557c5c40",
        "reportUrl" : "https://jdi-templates.github.io/jdi-light-selenoid-template/4//#testresult/9952e3dc557c5c40",
        "status" : "skipped",
        "statusDetails" : "[45:45.339] Failed to execute 'Form.submit' for element 'Login Form' during '0' seconds. Failed to fill element 'Name' (locator: smart: [data-testid='name']) with value 'epam'",
        "time" : {
          "start" : 1630014345720,
          "stop" : 1630014345720,
          "duration" : 0
        }
      }, {
        "uid" : "a317a0c5ad0445c5",
        "reportUrl" : "https://jdi-templates.github.io/jdi-light-selenoid-template/4//#testresult/a317a0c5ad0445c5",
        "status" : "skipped",
        "statusDetails" : "[42:39.137] Failed to execute 'Form.submit' for element 'Login Form' during '0' seconds. Failed to fill element 'Name' (locator: smart: [data-testid='name']) with value 'epam'",
        "time" : {
          "start" : 1630014159430,
          "stop" : 1630014159431,
          "duration" : 1
        }
      }, {
        "uid" : "d806de48c3cecc60",
        "reportUrl" : "https://jdi-templates.github.io/jdi-light-selenoid-template/4//#testresult/d806de48c3cecc60",
        "status" : "skipped",
        "statusDetails" : "[39:29.886] Failed to execute 'Form.submit' for element 'Login Form' during '0' seconds. Failed to fill element 'Name' (locator: smart: [data-testid='name']) with value 'epam'",
        "time" : {
          "start" : 1630013969903,
          "stop" : 1630013969903,
          "duration" : 0
        }
      }, {
        "uid" : "1cc32767eea3d43",
        "reportUrl" : "https://jdi-templates.github.io/jdi-light-selenoid-template/4//#testresult/1cc32767eea3d43",
        "status" : "skipped",
        "statusDetails" : "[35:56.277] Failed to execute 'Form.submit' for element 'Login Form' during '0' seconds. Failed to fill element 'Name' (locator: smart: [data-testid='name']) with value 'epam'",
        "time" : {
          "start" : 1630013756545,
          "stop" : 1630013756545,
          "duration" : 0
        }
      }, {
        "uid" : "e785b8b31e350794",
        "reportUrl" : "https://jdi-templates.github.io/jdi-light-selenoid-template/3//#testresult/e785b8b31e350794",
        "status" : "skipped",
        "statusDetails" : "[57:28.297] Failed to execute 'Form.submit' for element 'Login Form' during '0' seconds. Failed to fill element 'Name' (locator: smart: [data-testid='name']) with value 'epam'",
        "time" : {
          "start" : 1629979048835,
          "stop" : 1629979048835,
          "duration" : 0
        }
      } ]
    },
    "tags" : [ ]
  },
  "source" : "20c824e331e398be.json",
  "parameterValues" : [ ]
}