{
  "uid" : "d6050f46727fe18a",
  "name" : "bigDropdownTest",
  "fullName" : "org.mytests.tests.example.JDIPerformanceTests.bigDropdownTest",
  "historyId" : "c4bb9e6216d2b756575eb4b1a0e8d5b3",
  "time" : {
    "start" : 1630014791485,
    "stop" : 1630014791486,
    "duration" : 1
  },
  "status" : "skipped",
  "statusMessage" : "[53:11.408] Failed to execute 'Form.submit' for element 'Login Form' during '0' seconds. Failed to fill element 'Name' (locator: smart: [data-testid='name']) with value 'epam'",
  "statusTrace" : "java.lang.RuntimeException: [53:11.408] Failed to execute 'Form.submit' for element 'Login Form' during '0' seconds. Failed to fill element 'Name' (locator: smart: [data-testid='name']) with value 'epam'\n\tat com.epam.jdi.light.common.Exceptions.exception(Exceptions.java:31)\n\tat com.epam.jdi.light.actions.ActionHelper.actionFailed(ActionHelper.java:383)\n\tat com.epam.jdi.tools.func.JFunc2.execute(JFunc2.java:19)\n\tat com.epam.jdi.light.actions.ActionProcessor.jdiAround(ActionProcessor.java:55)\n\tat com.epam.jdi.light.elements.composite.Form.submit(Form.java:255)\n\tat org.mytests.tests.preconditions.Preconditions.login(Preconditions.java:23)\n\tat org.mytests.tests.preconditions.Preconditions.shouldBeLoggedIn(Preconditions.java:18)\n\tat org.mytests.tests.example.JDIPerformanceTests.openPerformancePage(JDIPerformanceTests.java:21)\n\tat java.base/jdk.internal.reflect.NativeMethodAccessorImpl.invoke0(Native Method)\n\tat java.base/jdk.internal.reflect.NativeMethodAccessorImpl.invoke(NativeMethodAccessorImpl.java:62)\n\tat java.base/jdk.internal.reflect.DelegatingMethodAccessorImpl.invoke(DelegatingMethodAccessorImpl.java:43)\n\tat java.base/java.lang.reflect.Method.invoke(Method.java:567)\n\tat org.testng.internal.MethodInvocationHelper.invokeMethod(MethodInvocationHelper.java:124)\n\tat org.testng.internal.MethodInvocationHelper.invokeMethodConsideringTimeout(MethodInvocationHelper.java:59)\n\tat org.testng.internal.Invoker.invokeConfigurationMethod(Invoker.java:458)\n\tat org.testng.internal.Invoker.invokeConfigurations(Invoker.java:222)\n\tat org.testng.internal.Invoker.invokeMethod(Invoker.java:523)\n\tat org.testng.internal.Invoker.invokeTestMethod(Invoker.java:719)\n\tat org.testng.internal.Invoker.invokeTestMethods(Invoker.java:989)\n\tat org.testng.internal.TestMethodWorker.invokeTestMethods(TestMethodWorker.java:125)\n\tat org.testng.internal.TestMethodWorker.run(TestMethodWorker.java:109)\n\tat java.base/java.util.concurrent.ThreadPoolExecutor.runWorker(ThreadPoolExecutor.java:1128)\n\tat java.base/java.util.concurrent.ThreadPoolExecutor$Worker.run(ThreadPoolExecutor.java:628)\n\tat java.base/java.lang.Thread.run(Thread.java:830)\nCaused by: java.lang.RuntimeException: Failed to execute 'Form.submit' for element 'Login Form' during '0' seconds. \nFailed to fill element 'Name' (locator: smart: [data-testid='name']) with value 'epam'\n\tat com.epam.jdi.light.common.Exceptions.exception(Exceptions.java:31)\n\tat com.epam.jdi.light.actions.ActionHelper.stableAction(ActionHelper.java:638)\n\tat com.epam.jdi.light.actions.ActionProcessor.jdiAround(ActionProcessor.java:48)\n\t... 20 more\nCaused by: java.lang.RuntimeException: \nFailed to fill element 'Name' (locator: smart: [data-testid='name']) with value 'epam'\n\tat com.epam.jdi.light.common.Exceptions.exception(Exceptions.java:16)\n\tat com.epam.jdi.light.actions.ActionProcessor.debugAround(ActionProcessor.java:73)\n\tat com.epam.jdi.light.elements.composite.Form.fill(Form.java:98)\n\tat com.epam.jdi.light.elements.composite.Form.submit(Form.java:261)\n\tat com.epam.jdi.light.elements.composite.Form.submit_aroundBody30(Form.java:256)\n\tat com.epam.jdi.light.elements.composite.Form$AjcClosure31.run(Form.java:1)\n\tat org.aspectj.runtime.reflect.JoinPointImpl.proceed(JoinPointImpl.java:167)\n\tat com.epam.jdi.light.actions.ActionObject.execute(ActionObject.java:60)\n\tat com.epam.jdi.light.actions.ActionHelper.stableAction(ActionHelper.java:626)\n\t... 21 more\n",
  "flaky" : false,
  "newFailed" : false,
  "beforeStages" : [ {
    "name" : "openPerformancePage",
    "time" : {
      "start" : 1630014783598,
      "stop" : 1630014791408,
      "duration" : 7810
    },
    "description" : "",
    "status" : "broken",
    "statusMessage" : "[53:11.408] Failed to execute 'Form.submit' for element 'Login Form' during '0' seconds. Failed to fill element 'Name' (locator: smart: [data-testid='name']) with value 'epam'",
    "statusTrace" : "java.lang.RuntimeException: [53:11.408] Failed to execute 'Form.submit' for element 'Login Form' during '0' seconds. Failed to fill element 'Name' (locator: smart: [data-testid='name']) with value 'epam'\n\tat com.epam.jdi.light.common.Exceptions.exception(Exceptions.java:31)\n\tat com.epam.jdi.light.actions.ActionHelper.actionFailed(ActionHelper.java:383)\n\tat com.epam.jdi.tools.func.JFunc2.execute(JFunc2.java:19)\n\tat com.epam.jdi.light.actions.ActionProcessor.jdiAround(ActionProcessor.java:55)\n\tat com.epam.jdi.light.elements.composite.Form.submit(Form.java:255)\n\tat org.mytests.tests.preconditions.Preconditions.login(Preconditions.java:23)\n\tat org.mytests.tests.preconditions.Preconditions.shouldBeLoggedIn(Preconditions.java:18)\n\tat org.mytests.tests.example.JDIPerformanceTests.openPerformancePage(JDIPerformanceTests.java:21)\n\tat java.base/jdk.internal.reflect.NativeMethodAccessorImpl.invoke0(Native Method)\n\tat java.base/jdk.internal.reflect.NativeMethodAccessorImpl.invoke(NativeMethodAccessorImpl.java:62)\n\tat java.base/jdk.internal.reflect.DelegatingMethodAccessorImpl.invoke(DelegatingMethodAccessorImpl.java:43)\n\tat java.base/java.lang.reflect.Method.invoke(Method.java:567)\n\tat org.testng.internal.MethodInvocationHelper.invokeMethod(MethodInvocationHelper.java:124)\n\tat org.testng.internal.MethodInvocationHelper.invokeMethodConsideringTimeout(MethodInvocationHelper.java:59)\n\tat org.testng.internal.Invoker.invokeConfigurationMethod(Invoker.java:458)\n\tat org.testng.internal.Invoker.invokeConfigurations(Invoker.java:222)\n\tat org.testng.internal.Invoker.invokeMethod(Invoker.java:523)\n\tat org.testng.internal.Invoker.invokeTestMethod(Invoker.java:719)\n\tat org.testng.internal.Invoker.invokeTestMethods(Invoker.java:989)\n\tat org.testng.internal.TestMethodWorker.invokeTestMethods(TestMethodWorker.java:125)\n\tat org.testng.internal.TestMethodWorker.run(TestMethodWorker.java:109)\n\tat java.base/java.util.concurrent.ThreadPoolExecutor.runWorker(ThreadPoolExecutor.java:1128)\n\tat java.base/java.util.concurrent.ThreadPoolExecutor$Worker.run(ThreadPoolExecutor.java:628)\n\tat java.base/java.lang.Thread.run(Thread.java:830)\nCaused by: java.lang.RuntimeException: Failed to execute 'Form.submit' for element 'Login Form' during '0' seconds. \nFailed to fill element 'Name' (locator: smart: [data-testid='name']) with value 'epam'\n\tat com.epam.jdi.light.common.Exceptions.exception(Exceptions.java:31)\n\tat com.epam.jdi.light.actions.ActionHelper.stableAction(ActionHelper.java:638)\n\tat com.epam.jdi.light.actions.ActionProcessor.jdiAround(ActionProcessor.java:48)\n\t... 20 more\nCaused by: java.lang.RuntimeException: \nFailed to fill element 'Name' (locator: smart: [data-testid='name']) with value 'epam'\n\tat com.epam.jdi.light.common.Exceptions.exception(Exceptions.java:16)\n\tat com.epam.jdi.light.actions.ActionProcessor.debugAround(ActionProcessor.java:73)\n\tat com.epam.jdi.light.elements.composite.Form.fill(Form.java:98)\n\tat com.epam.jdi.light.elements.composite.Form.submit(Form.java:261)\n\tat com.epam.jdi.light.elements.composite.Form.submit_aroundBody30(Form.java:256)\n\tat com.epam.jdi.light.elements.composite.Form$AjcClosure31.run(Form.java:1)\n\tat org.aspectj.runtime.reflect.JoinPointImpl.proceed(JoinPointImpl.java:167)\n\tat com.epam.jdi.light.actions.ActionObject.execute(ActionObject.java:60)\n\tat com.epam.jdi.light.actions.ActionHelper.stableAction(ActionHelper.java:626)\n\t... 21 more\n",
    "steps" : [ {
      "name" : "shouldBeLoggedIn",
      "time" : {
        "start" : 1630014783628
      },
      "status" : "unknown",
      "steps" : [ {
        "name" : "Open 'Home Page'(url=https://epam.github.io/JDI/index.html)",
        "time" : {
          "start" : 1630014787365,
          "stop" : 1630014788689,
          "duration" : 1324
        },
        "status" : "passed",
        "steps" : [ {
          "name" : "Open 'Home Page'(url=https://epam.github.io/JDI/index.html)",
          "time" : {
            "start" : 1630014787378,
            "stop" : 1630014788689,
            "duration" : 1311
          },
          "status" : "passed",
          "steps" : [ ],
          "attachments" : [ ],
          "parameters" : [ ],
          "stepsCount" : 0,
          "attachmentsCount" : 0,
          "shouldDisplayMessage" : false,
          "hasContent" : false
        } ],
        "attachments" : [ {
          "uid" : "f0de7a1412e0b16e",
          "name" : "Details",
          "source" : "f0de7a1412e0b16e.html",
          "type" : "text/plain",
          "size" : 124
        } ],
        "parameters" : [ ],
        "stepsCount" : 1,
        "attachmentsCount" : 1,
        "shouldDisplayMessage" : false,
        "hasContent" : true
      }, {
        "name" : "login",
        "time" : {
          "start" : 1630014788927,
          "stop" : 1630014791408,
          "duration" : 2481
        },
        "status" : "broken",
        "statusMessage" : "[53:11.408] Failed to execute 'Form.submit' for element 'Login Form' during '0' seconds. Failed to fill element 'Name' (locator: smart: [data-testid='name']) with value 'epam'",
        "statusTrace" : "java.lang.RuntimeException: [53:11.408] Failed to execute 'Form.submit' for element 'Login Form' during '0' seconds. Failed to fill element 'Name' (locator: smart: [data-testid='name']) with value 'epam'\n\tat com.epam.jdi.light.common.Exceptions.exception(Exceptions.java:31)\n\tat com.epam.jdi.light.actions.ActionHelper.actionFailed(ActionHelper.java:383)\n\tat com.epam.jdi.tools.func.JFunc2.execute(JFunc2.java:19)\n\tat com.epam.jdi.light.actions.ActionProcessor.jdiAround(ActionProcessor.java:55)\n\tat com.epam.jdi.light.elements.composite.Form.submit(Form.java:255)\n\tat org.mytests.tests.preconditions.Preconditions.login(Preconditions.java:23)\n\tat org.mytests.tests.preconditions.Preconditions.shouldBeLoggedIn(Preconditions.java:18)\n\tat org.mytests.tests.example.JDIPerformanceTests.openPerformancePage(JDIPerformanceTests.java:21)\n\tat java.base/jdk.internal.reflect.NativeMethodAccessorImpl.invoke0(Native Method)\n\tat java.base/jdk.internal.reflect.NativeMethodAccessorImpl.invoke(NativeMethodAccessorImpl.java:62)\n\tat java.base/jdk.internal.reflect.DelegatingMethodAccessorImpl.invoke(DelegatingMethodAccessorImpl.java:43)\n\tat java.base/java.lang.reflect.Method.invoke(Method.java:567)\n\tat org.testng.internal.MethodInvocationHelper.invokeMethod(MethodInvocationHelper.java:124)\n\tat org.testng.internal.MethodInvocationHelper.invokeMethodConsideringTimeout(MethodInvocationHelper.java:59)\n\tat org.testng.internal.Invoker.invokeConfigurationMethod(Invoker.java:458)\n\tat org.testng.internal.Invoker.invokeConfigurations(Invoker.java:222)\n\tat org.testng.internal.Invoker.invokeMethod(Invoker.java:523)\n\tat org.testng.internal.Invoker.invokeTestMethod(Invoker.java:719)\n\tat org.testng.internal.Invoker.invokeTestMethods(Invoker.java:989)\n\tat org.testng.internal.TestMethodWorker.invokeTestMethods(TestMethodWorker.java:125)\n\tat org.testng.internal.TestMethodWorker.run(TestMethodWorker.java:109)\n\tat java.base/java.util.concurrent.ThreadPoolExecutor.runWorker(ThreadPoolExecutor.java:1128)\n\tat java.base/java.util.concurrent.ThreadPoolExecutor$Worker.run(ThreadPoolExecutor.java:628)\n\tat java.base/java.lang.Thread.run(Thread.java:830)\nCaused by: java.lang.RuntimeException: Failed to execute 'Form.submit' for element 'Login Form' during '0' seconds. \nFailed to fill element 'Name' (locator: smart: [data-testid='name']) with value 'epam'\n\tat com.epam.jdi.light.common.Exceptions.exception(Exceptions.java:31)\n\tat com.epam.jdi.light.actions.ActionHelper.stableAction(ActionHelper.java:638)\n\tat com.epam.jdi.light.actions.ActionProcessor.jdiAround(ActionProcessor.java:48)\n\t... 20 more\nCaused by: java.lang.RuntimeException: \nFailed to fill element 'Name' (locator: smart: [data-testid='name']) with value 'epam'\n\tat com.epam.jdi.light.common.Exceptions.exception(Exceptions.java:16)\n\tat com.epam.jdi.light.actions.ActionProcessor.debugAround(ActionProcessor.java:73)\n\tat com.epam.jdi.light.elements.composite.Form.fill(Form.java:98)\n\tat com.epam.jdi.light.elements.composite.Form.submit(Form.java:261)\n\tat com.epam.jdi.light.elements.composite.Form.submit_aroundBody30(Form.java:256)\n\tat com.epam.jdi.light.elements.composite.Form$AjcClosure31.run(Form.java:1)\n\tat org.aspectj.runtime.reflect.JoinPointImpl.proceed(JoinPointImpl.java:167)\n\tat com.epam.jdi.light.actions.ActionObject.execute(ActionObject.java:60)\n\tat com.epam.jdi.light.actions.ActionHelper.stableAction(ActionHelper.java:626)\n\t... 21 more\n",
        "steps" : [ {
          "name" : "Click on 'User Icon'",
          "time" : {
            "start" : 1630014788930,
            "stop" : 1630014789715,
            "duration" : 785
          },
          "status" : "passed",
          "steps" : [ {
            "name" : "Click on 'User Icon'",
            "time" : {
              "start" : 1630014788948,
              "stop" : 1630014789715,
              "duration" : 767
            },
            "status" : "passed",
            "steps" : [ {
              "name" : "Check that 'User Icon' is disabled",
              "time" : {
                "start" : 1630014788951,
                "stop" : 1630014789479,
                "duration" : 528
              },
              "status" : "passed",
              "steps" : [ ],
              "attachments" : [ {
                "uid" : "1a42a32bcb4e225e",
                "name" : "Actual result",
                "source" : "1a42a32bcb4e225e.html",
                "type" : "text/plain",
                "size" : 5
              } ],
              "parameters" : [ ],
              "stepsCount" : 0,
              "attachmentsCount" : 1,
              "shouldDisplayMessage" : false,
              "hasContent" : true
            } ],
            "attachments" : [ ],
            "parameters" : [ ],
            "stepsCount" : 1,
            "attachmentsCount" : 1,
            "shouldDisplayMessage" : false,
            "hasContent" : true
          } ],
          "attachments" : [ {
            "uid" : "47a9cce9e9092562",
            "name" : "Details",
            "source" : "47a9cce9e9092562.html",
            "type" : "text/plain",
            "size" : 38
          } ],
          "parameters" : [ ],
          "stepsCount" : 2,
          "attachmentsCount" : 2,
          "shouldDisplayMessage" : false,
          "hasContent" : true
        }, {
          "name" : "Fill 'Login Form' with User(name:epam; password:1234) and press 'enter'",
          "time" : {
            "start" : 1630014789717,
            "stop" : 1630014791408,
            "duration" : 1691
          },
          "status" : "broken",
          "statusMessage" : "[53:11.408] Failed to execute 'Form.submit' for element 'Login Form' during '0' seconds. Failed to fill element 'Name' (locator: smart: [data-testid='name']) with value 'epam'",
          "statusTrace" : "java.lang.RuntimeException: [53:11.408] Failed to execute 'Form.submit' for element 'Login Form' during '0' seconds. Failed to fill element 'Name' (locator: smart: [data-testid='name']) with value 'epam'\n\tat com.epam.jdi.light.common.Exceptions.exception(Exceptions.java:31)\n\tat com.epam.jdi.light.actions.ActionHelper.actionFailed(ActionHelper.java:383)\n\tat com.epam.jdi.tools.func.JFunc2.execute(JFunc2.java:19)\n\tat com.epam.jdi.light.actions.ActionProcessor.jdiAround(ActionProcessor.java:55)\n\tat com.epam.jdi.light.elements.composite.Form.submit(Form.java:255)\n\tat org.mytests.tests.preconditions.Preconditions.login(Preconditions.java:23)\n\tat org.mytests.tests.preconditions.Preconditions.shouldBeLoggedIn(Preconditions.java:18)\n\tat org.mytests.tests.example.JDIPerformanceTests.openPerformancePage(JDIPerformanceTests.java:21)\n\tat java.base/jdk.internal.reflect.NativeMethodAccessorImpl.invoke0(Native Method)\n\tat java.base/jdk.internal.reflect.NativeMethodAccessorImpl.invoke(NativeMethodAccessorImpl.java:62)\n\tat java.base/jdk.internal.reflect.DelegatingMethodAccessorImpl.invoke(DelegatingMethodAccessorImpl.java:43)\n\tat java.base/java.lang.reflect.Method.invoke(Method.java:567)\n\tat org.testng.internal.MethodInvocationHelper.invokeMethod(MethodInvocationHelper.java:124)\n\tat org.testng.internal.MethodInvocationHelper.invokeMethodConsideringTimeout(MethodInvocationHelper.java:59)\n\tat org.testng.internal.Invoker.invokeConfigurationMethod(Invoker.java:458)\n\tat org.testng.internal.Invoker.invokeConfigurations(Invoker.java:222)\n\tat org.testng.internal.Invoker.invokeMethod(Invoker.java:523)\n\tat org.testng.internal.Invoker.invokeTestMethod(Invoker.java:719)\n\tat org.testng.internal.Invoker.invokeTestMethods(Invoker.java:989)\n\tat org.testng.internal.TestMethodWorker.invokeTestMethods(TestMethodWorker.java:125)\n\tat org.testng.internal.TestMethodWorker.run(TestMethodWorker.java:109)\n\tat java.base/java.util.concurrent.ThreadPoolExecutor.runWorker(ThreadPoolExecutor.java:1128)\n\tat java.base/java.util.concurrent.ThreadPoolExecutor$Worker.run(ThreadPoolExecutor.java:628)\n\tat java.base/java.lang.Thread.run(Thread.java:830)\nCaused by: java.lang.RuntimeException: Failed to execute 'Form.submit' for element 'Login Form' during '0' seconds. \nFailed to fill element 'Name' (locator: smart: [data-testid='name']) with value 'epam'\n\tat com.epam.jdi.light.common.Exceptions.exception(Exceptions.java:31)\n\tat com.epam.jdi.light.actions.ActionHelper.stableAction(ActionHelper.java:638)\n\tat com.epam.jdi.light.actions.ActionProcessor.jdiAround(ActionProcessor.java:48)\n\t... 20 more\nCaused by: java.lang.RuntimeException: \nFailed to fill element 'Name' (locator: smart: [data-testid='name']) with value 'epam'\n\tat com.epam.jdi.light.common.Exceptions.exception(Exceptions.java:16)\n\tat com.epam.jdi.light.actions.ActionProcessor.debugAround(ActionProcessor.java:73)\n\tat com.epam.jdi.light.elements.composite.Form.fill(Form.java:98)\n\tat com.epam.jdi.light.elements.composite.Form.submit(Form.java:261)\n\tat com.epam.jdi.light.elements.composite.Form.submit_aroundBody30(Form.java:256)\n\tat com.epam.jdi.light.elements.composite.Form$AjcClosure31.run(Form.java:1)\n\tat org.aspectj.runtime.reflect.JoinPointImpl.proceed(JoinPointImpl.java:167)\n\tat com.epam.jdi.light.actions.ActionObject.execute(ActionObject.java:60)\n\tat com.epam.jdi.light.actions.ActionHelper.stableAction(ActionHelper.java:626)\n\t... 21 more\n",
          "steps" : [ {
            "name" : "Input 'epam' in 'Name'",
            "time" : {
              "start" : 1630014789729,
              "stop" : 1630014789909,
              "duration" : 180
            },
            "status" : "unknown",
            "steps" : [ ],
            "attachments" : [ ],
            "parameters" : [ ],
            "stepsCount" : 0,
            "attachmentsCount" : 0,
            "shouldDisplayMessage" : false,
            "hasContent" : false
          }, {
            "name" : "Show",
            "time" : {
              "start" : 1630014790112,
              "stop" : 1630014790653,
              "duration" : 541
            },
            "status" : "passed",
            "steps" : [ {
              "name" : "Check that 'Login Form' is visible by user",
              "time" : {
                "start" : 1630014790304,
                "stop" : 1630014790538,
                "duration" : 234
              },
              "status" : "passed",
              "steps" : [ {
                "name" : "Check that 'Login Form' is hidden",
                "time" : {
                  "start" : 1630014790307,
                  "stop" : 1630014790504,
                  "duration" : 197
                },
                "status" : "passed",
                "steps" : [ ],
                "attachments" : [ {
                  "uid" : "e789ff2c29755155",
                  "name" : "Actual result",
                  "source" : "e789ff2c29755155.html",
                  "type" : "text/plain",
                  "size" : 5
                } ],
                "parameters" : [ ],
                "stepsCount" : 0,
                "attachmentsCount" : 1,
                "shouldDisplayMessage" : false,
                "hasContent" : true
              } ],
              "attachments" : [ {
                "uid" : "48370e5734beb97f",
                "name" : "Actual result",
                "source" : "48370e5734beb97f.html",
                "type" : "text/plain",
                "size" : 5
              } ],
              "parameters" : [ ],
              "stepsCount" : 1,
              "attachmentsCount" : 2,
              "shouldDisplayMessage" : false,
              "hasContent" : true
            } ],
            "attachments" : [ ],
            "parameters" : [ ],
            "stepsCount" : 2,
            "attachmentsCount" : 2,
            "shouldDisplayMessage" : false,
            "hasContent" : true
          }, {
            "name" : "Failure details",
            "time" : {
              "start" : 1630014791391,
              "stop" : 1630014791394,
              "duration" : 3
            },
            "status" : "unknown",
            "steps" : [ ],
            "attachments" : [ {
              "uid" : "7b415a4babeb3128",
              "name" : "Screenshot",
              "source" : "7b415a4babeb3128.png",
              "type" : "image/png",
              "size" : 128672
            } ],
            "parameters" : [ ],
            "stepsCount" : 0,
            "attachmentsCount" : 1,
            "shouldDisplayMessage" : false,
            "hasContent" : true
          } ],
          "attachments" : [ {
            "uid" : "46f45a5e88432b1e",
            "name" : "Details",
            "source" : "46f45a5e88432b1e.html",
            "type" : "text/plain",
            "size" : 30
          } ],
          "parameters" : [ ],
          "stepsCount" : 5,
          "attachmentsCount" : 4,
          "shouldDisplayMessage" : true,
          "hasContent" : true
        } ],
        "attachments" : [ ],
        "parameters" : [ ],
        "stepsCount" : 9,
        "attachmentsCount" : 6,
        "shouldDisplayMessage" : false,
        "hasContent" : true
      } ],
      "attachments" : [ ],
      "parameters" : [ ],
      "stepsCount" : 12,
      "attachmentsCount" : 7,
      "shouldDisplayMessage" : false,
      "hasContent" : true
    } ],
    "attachments" : [ ],
    "parameters" : [ ],
    "stepsCount" : 13,
    "attachmentsCount" : 7,
    "shouldDisplayMessage" : false,
    "hasContent" : true
  }, {
    "name" : "setUp",
    "time" : {
      "start" : 1630014778715,
      "stop" : 1630014783532,
      "duration" : 4817
    },
    "description" : "",
    "status" : "passed",
    "steps" : [ {
      "name" : "Open 'SiteJdi'(url=https://epam.github.io/JDI/)",
      "time" : {
        "start" : 1630014780627,
        "stop" : 1630014783531,
        "duration" : 2904
      },
      "status" : "passed",
      "steps" : [ {
        "name" : "Open 'SiteJdi'(url=https://epam.github.io/JDI/)",
        "time" : {
          "start" : 1630014782872,
          "stop" : 1630014783531,
          "duration" : 659
        },
        "status" : "passed",
        "steps" : [ ],
        "attachments" : [ ],
        "parameters" : [ ],
        "stepsCount" : 0,
        "attachmentsCount" : 0,
        "shouldDisplayMessage" : false,
        "hasContent" : false
      } ],
      "attachments" : [ {
        "uid" : "c23c2129521cf63d",
        "name" : "Details",
        "source" : "c23c2129521cf63d.html",
        "type" : "text/plain",
        "size" : 119
      } ],
      "parameters" : [ ],
      "stepsCount" : 1,
      "attachmentsCount" : 1,
      "shouldDisplayMessage" : false,
      "hasContent" : true
    } ],
    "attachments" : [ ],
    "parameters" : [ ],
    "stepsCount" : 2,
    "attachmentsCount" : 1,
    "shouldDisplayMessage" : false,
    "hasContent" : true
  } ],
  "afterStages" : [ {
    "name" : "teardown",
    "time" : {
      "start" : 1630014855237,
      "stop" : 1630014855264,
      "duration" : 27
    },
    "description" : "",
    "status" : "passed",
    "steps" : [ ],
    "attachments" : [ ],
    "parameters" : [ ],
    "stepsCount" : 0,
    "attachmentsCount" : 0,
    "shouldDisplayMessage" : false,
    "hasContent" : false
  } ],
  "labels" : [ {
    "name" : "package",
    "value" : "org.mytests.tests.example.JDIPerformanceTests"
  }, {
    "name" : "testClass",
    "value" : "org.mytests.tests.example.JDIPerformanceTests"
  }, {
    "name" : "testMethod",
    "value" : "bigDropdownTest"
  }, {
    "name" : "parentSuite",
    "value" : "Test suite"
  }, {
    "name" : "suite",
    "value" : "Tests"
  }, {
    "name" : "subSuite",
    "value" : "org.mytests.tests.example.JDIPerformanceTests"
  }, {
    "name" : "host",
    "value" : "fv-az54-435"
  }, {
    "name" : "thread",
    "value" : "4333@fv-az54-435.TestNG-test=Tests-1(18)"
  }, {
    "name" : "framework",
    "value" : "testng"
  }, {
    "name" : "language",
    "value" : "java"
  }, {
    "name" : "resultFormat",
    "value" : "allure2"
  } ],
  "parameters" : [ ],
  "links" : [ ],
  "hidden" : false,
  "retry" : false,
  "extra" : {
    "severity" : "normal",
    "retries" : [ ],
    "categories" : [ ],
    "history" : {
      "statistic" : {
        "failed" : 0,
        "broken" : 0,
        "skipped" : 7,
        "passed" : 0,
        "unknown" : 0,
        "total" : 7
      },
      "items" : [ {
        "uid" : "4ace3a4b8a7def14",
        "reportUrl" : "https://jdi-templates.github.io/jdi-light-selenoid-template/4//#testresult/4ace3a4b8a7def14",
        "status" : "skipped",
        "statusDetails" : "[48:53.285] Failed to execute 'Form.submit' for element 'Login Form' during '0' seconds. Failed to fill element 'Name' (locator: smart: [data-testid='name']) with value 'epam'",
        "time" : {
          "start" : 1630014533312,
          "stop" : 1630014533312,
          "duration" : 0
        }
      }, {
        "uid" : "9952e3dc557c5c40",
        "reportUrl" : "https://jdi-templates.github.io/jdi-light-selenoid-template/4//#testresult/9952e3dc557c5c40",
        "status" : "skipped",
        "statusDetails" : "[45:45.339] Failed to execute 'Form.submit' for element 'Login Form' during '0' seconds. Failed to fill element 'Name' (locator: smart: [data-testid='name']) with value 'epam'",
        "time" : {
          "start" : 1630014345720,
          "stop" : 1630014345720,
          "duration" : 0
        }
      }, {
        "uid" : "a317a0c5ad0445c5",
        "reportUrl" : "https://jdi-templates.github.io/jdi-light-selenoid-template/4//#testresult/a317a0c5ad0445c5",
        "status" : "skipped",
        "statusDetails" : "[42:39.137] Failed to execute 'Form.submit' for element 'Login Form' during '0' seconds. Failed to fill element 'Name' (locator: smart: [data-testid='name']) with value 'epam'",
        "time" : {
          "start" : 1630014159430,
          "stop" : 1630014159431,
          "duration" : 1
        }
      }, {
        "uid" : "d806de48c3cecc60",
        "reportUrl" : "https://jdi-templates.github.io/jdi-light-selenoid-template/4//#testresult/d806de48c3cecc60",
        "status" : "skipped",
        "statusDetails" : "[39:29.886] Failed to execute 'Form.submit' for element 'Login Form' during '0' seconds. Failed to fill element 'Name' (locator: smart: [data-testid='name']) with value 'epam'",
        "time" : {
          "start" : 1630013969903,
          "stop" : 1630013969903,
          "duration" : 0
        }
      }, {
        "uid" : "1cc32767eea3d43",
        "reportUrl" : "https://jdi-templates.github.io/jdi-light-selenoid-template/4//#testresult/1cc32767eea3d43",
        "status" : "skipped",
        "statusDetails" : "[35:56.277] Failed to execute 'Form.submit' for element 'Login Form' during '0' seconds. Failed to fill element 'Name' (locator: smart: [data-testid='name']) with value 'epam'",
        "time" : {
          "start" : 1630013756545,
          "stop" : 1630013756545,
          "duration" : 0
        }
      }, {
        "uid" : "e785b8b31e350794",
        "reportUrl" : "https://jdi-templates.github.io/jdi-light-selenoid-template/3//#testresult/e785b8b31e350794",
        "status" : "skipped",
        "statusDetails" : "[57:28.297] Failed to execute 'Form.submit' for element 'Login Form' during '0' seconds. Failed to fill element 'Name' (locator: smart: [data-testid='name']) with value 'epam'",
        "time" : {
          "start" : 1629979048835,
          "stop" : 1629979048835,
          "duration" : 0
        }
      } ]
    },
    "tags" : [ ]
  },
  "source" : "d6050f46727fe18a.json",
  "parameterValues" : [ ]
}