{
  "uid" : "e4850f560114f996",
  "name" : "dataTableTest",
  "fullName" : "org.mytests.tests.example.DataTableTests.dataTableTest",
  "historyId" : "8caaf964f7e0f47747b02ce5679c7858",
  "time" : {
    "start" : 1630014159864,
    "stop" : 1630014159864,
    "duration" : 0
  },
  "status" : "skipped",
  "statusMessage" : "[42:39.850] Failed to execute 'Form.submit' for element 'Login Form' during '0' seconds. Failed to fill element 'Name' (locator: smart: [data-testid='name']) with value 'epam'",
  "statusTrace" : "java.lang.RuntimeException: [42:39.850] Failed to execute 'Form.submit' for element 'Login Form' during '0' seconds. Failed to fill element 'Name' (locator: smart: [data-testid='name']) with value 'epam'\n\tat com.epam.jdi.light.common.Exceptions.exception(Exceptions.java:31)\n\tat com.epam.jdi.light.actions.ActionHelper.actionFailed(ActionHelper.java:383)\n\tat com.epam.jdi.tools.func.JFunc2.execute(JFunc2.java:19)\n\tat com.epam.jdi.light.actions.ActionProcessor.jdiAround(ActionProcessor.java:55)\n\tat com.epam.jdi.light.elements.composite.Form.submit(Form.java:255)\n\tat org.mytests.tests.preconditions.Preconditions.login(Preconditions.java:23)\n\tat org.mytests.tests.preconditions.Preconditions.shouldBeLoggedIn(Preconditions.java:18)\n\tat org.mytests.tests.example.DataTableTests.before(DataTableTests.java:23)\n\tat java.base/jdk.internal.reflect.NativeMethodAccessorImpl.invoke0(Native Method)\n\tat java.base/jdk.internal.reflect.NativeMethodAccessorImpl.invoke(NativeMethodAccessorImpl.java:62)\n\tat java.base/jdk.internal.reflect.DelegatingMethodAccessorImpl.invoke(DelegatingMethodAccessorImpl.java:43)\n\tat java.base/java.lang.reflect.Method.invoke(Method.java:564)\n\tat org.testng.internal.MethodInvocationHelper.invokeMethod(MethodInvocationHelper.java:124)\n\tat org.testng.internal.MethodInvocationHelper.invokeMethodConsideringTimeout(MethodInvocationHelper.java:59)\n\tat org.testng.internal.Invoker.invokeConfigurationMethod(Invoker.java:458)\n\tat org.testng.internal.Invoker.invokeConfigurations(Invoker.java:222)\n\tat org.testng.internal.Invoker.invokeMethod(Invoker.java:523)\n\tat org.testng.internal.Invoker.invokeTestMethod(Invoker.java:719)\n\tat org.testng.internal.Invoker.invokeTestMethods(Invoker.java:989)\n\tat org.testng.internal.TestMethodWorker.invokeTestMethods(TestMethodWorker.java:125)\n\tat org.testng.internal.TestMethodWorker.run(TestMethodWorker.java:109)\n\tat java.base/java.util.concurrent.ThreadPoolExecutor.runWorker(ThreadPoolExecutor.java:1135)\n\tat java.base/java.util.concurrent.ThreadPoolExecutor$Worker.run(ThreadPoolExecutor.java:635)\n\tat java.base/java.lang.Thread.run(Thread.java:844)\nCaused by: java.lang.RuntimeException: Failed to execute 'Form.submit' for element 'Login Form' during '0' seconds. \nFailed to fill element 'Name' (locator: smart: [data-testid='name']) with value 'epam'\n\tat com.epam.jdi.light.common.Exceptions.exception(Exceptions.java:31)\n\tat com.epam.jdi.light.actions.ActionHelper.stableAction(ActionHelper.java:638)\n\tat com.epam.jdi.light.actions.ActionProcessor.jdiAround(ActionProcessor.java:48)\n\t... 20 more\nCaused by: java.lang.RuntimeException: \nFailed to fill element 'Name' (locator: smart: [data-testid='name']) with value 'epam'\n\tat com.epam.jdi.light.common.Exceptions.exception(Exceptions.java:16)\n\tat com.epam.jdi.light.actions.ActionProcessor.debugAround(ActionProcessor.java:73)\n\tat com.epam.jdi.light.elements.composite.Form.fill(Form.java:98)\n\tat com.epam.jdi.light.elements.composite.Form.submit(Form.java:261)\n\tat com.epam.jdi.light.elements.composite.Form.submit_aroundBody30(Form.java:256)\n\tat com.epam.jdi.light.elements.composite.Form$AjcClosure31.run(Form.java:1)\n\tat org.aspectj.runtime.reflect.JoinPointImpl.proceed(JoinPointImpl.java:167)\n\tat com.epam.jdi.light.actions.ActionObject.execute(ActionObject.java:60)\n\tat com.epam.jdi.light.actions.ActionHelper.stableAction(ActionHelper.java:626)\n\t... 21 more\n",
  "flaky" : false,
  "newFailed" : false,
  "beforeStages" : [ {
    "name" : "before",
    "time" : {
      "start" : 1630014152795,
      "stop" : 1630014159853,
      "duration" : 7058
    },
    "description" : "",
    "status" : "broken",
    "statusMessage" : "[42:39.850] Failed to execute 'Form.submit' for element 'Login Form' during '0' seconds. Failed to fill element 'Name' (locator: smart: [data-testid='name']) with value 'epam'",
    "statusTrace" : "java.lang.RuntimeException: [42:39.850] Failed to execute 'Form.submit' for element 'Login Form' during '0' seconds. Failed to fill element 'Name' (locator: smart: [data-testid='name']) with value 'epam'\n\tat com.epam.jdi.light.common.Exceptions.exception(Exceptions.java:31)\n\tat com.epam.jdi.light.actions.ActionHelper.actionFailed(ActionHelper.java:383)\n\tat com.epam.jdi.tools.func.JFunc2.execute(JFunc2.java:19)\n\tat com.epam.jdi.light.actions.ActionProcessor.jdiAround(ActionProcessor.java:55)\n\tat com.epam.jdi.light.elements.composite.Form.submit(Form.java:255)\n\tat org.mytests.tests.preconditions.Preconditions.login(Preconditions.java:23)\n\tat org.mytests.tests.preconditions.Preconditions.shouldBeLoggedIn(Preconditions.java:18)\n\tat org.mytests.tests.example.DataTableTests.before(DataTableTests.java:23)\n\tat java.base/jdk.internal.reflect.NativeMethodAccessorImpl.invoke0(Native Method)\n\tat java.base/jdk.internal.reflect.NativeMethodAccessorImpl.invoke(NativeMethodAccessorImpl.java:62)\n\tat java.base/jdk.internal.reflect.DelegatingMethodAccessorImpl.invoke(DelegatingMethodAccessorImpl.java:43)\n\tat java.base/java.lang.reflect.Method.invoke(Method.java:564)\n\tat org.testng.internal.MethodInvocationHelper.invokeMethod(MethodInvocationHelper.java:124)\n\tat org.testng.internal.MethodInvocationHelper.invokeMethodConsideringTimeout(MethodInvocationHelper.java:59)\n\tat org.testng.internal.Invoker.invokeConfigurationMethod(Invoker.java:458)\n\tat org.testng.internal.Invoker.invokeConfigurations(Invoker.java:222)\n\tat org.testng.internal.Invoker.invokeMethod(Invoker.java:523)\n\tat org.testng.internal.Invoker.invokeTestMethod(Invoker.java:719)\n\tat org.testng.internal.Invoker.invokeTestMethods(Invoker.java:989)\n\tat org.testng.internal.TestMethodWorker.invokeTestMethods(TestMethodWorker.java:125)\n\tat org.testng.internal.TestMethodWorker.run(TestMethodWorker.java:109)\n\tat java.base/java.util.concurrent.ThreadPoolExecutor.runWorker(ThreadPoolExecutor.java:1135)\n\tat java.base/java.util.concurrent.ThreadPoolExecutor$Worker.run(ThreadPoolExecutor.java:635)\n\tat java.base/java.lang.Thread.run(Thread.java:844)\nCaused by: java.lang.RuntimeException: Failed to execute 'Form.submit' for element 'Login Form' during '0' seconds. \nFailed to fill element 'Name' (locator: smart: [data-testid='name']) with value 'epam'\n\tat com.epam.jdi.light.common.Exceptions.exception(Exceptions.java:31)\n\tat com.epam.jdi.light.actions.ActionHelper.stableAction(ActionHelper.java:638)\n\tat com.epam.jdi.light.actions.ActionProcessor.jdiAround(ActionProcessor.java:48)\n\t... 20 more\nCaused by: java.lang.RuntimeException: \nFailed to fill element 'Name' (locator: smart: [data-testid='name']) with value 'epam'\n\tat com.epam.jdi.light.common.Exceptions.exception(Exceptions.java:16)\n\tat com.epam.jdi.light.actions.ActionProcessor.debugAround(ActionProcessor.java:73)\n\tat com.epam.jdi.light.elements.composite.Form.fill(Form.java:98)\n\tat com.epam.jdi.light.elements.composite.Form.submit(Form.java:261)\n\tat com.epam.jdi.light.elements.composite.Form.submit_aroundBody30(Form.java:256)\n\tat com.epam.jdi.light.elements.composite.Form$AjcClosure31.run(Form.java:1)\n\tat org.aspectj.runtime.reflect.JoinPointImpl.proceed(JoinPointImpl.java:167)\n\tat com.epam.jdi.light.actions.ActionObject.execute(ActionObject.java:60)\n\tat com.epam.jdi.light.actions.ActionHelper.stableAction(ActionHelper.java:626)\n\t... 21 more\n",
    "steps" : [ {
      "name" : "shouldBeLoggedIn",
      "time" : {
        "start" : 1630014152808
      },
      "status" : "unknown",
      "steps" : [ {
        "name" : "Open 'Home Page'(url=https://epam.github.io/JDI/index.html)",
        "time" : {
          "start" : 1630014156869,
          "stop" : 1630014157671,
          "duration" : 802
        },
        "status" : "passed",
        "steps" : [ {
          "name" : "Open 'Home Page'(url=https://epam.github.io/JDI/index.html)",
          "time" : {
            "start" : 1630014156873,
            "stop" : 1630014157670,
            "duration" : 797
          },
          "status" : "passed",
          "steps" : [ ],
          "attachments" : [ ],
          "parameters" : [ ],
          "stepsCount" : 0,
          "attachmentsCount" : 0,
          "shouldDisplayMessage" : false,
          "hasContent" : false
        } ],
        "attachments" : [ {
          "uid" : "251f8eb1f9aab235",
          "name" : "Details",
          "source" : "251f8eb1f9aab235.html",
          "type" : "text/plain",
          "size" : 124
        } ],
        "parameters" : [ ],
        "stepsCount" : 1,
        "attachmentsCount" : 1,
        "shouldDisplayMessage" : false,
        "hasContent" : true
      }, {
        "name" : "login",
        "time" : {
          "start" : 1630014157869,
          "stop" : 1630014159853,
          "duration" : 1984
        },
        "status" : "broken",
        "statusMessage" : "[42:39.850] Failed to execute 'Form.submit' for element 'Login Form' during '0' seconds. Failed to fill element 'Name' (locator: smart: [data-testid='name']) with value 'epam'",
        "statusTrace" : "java.lang.RuntimeException: [42:39.850] Failed to execute 'Form.submit' for element 'Login Form' during '0' seconds. Failed to fill element 'Name' (locator: smart: [data-testid='name']) with value 'epam'\n\tat com.epam.jdi.light.common.Exceptions.exception(Exceptions.java:31)\n\tat com.epam.jdi.light.actions.ActionHelper.actionFailed(ActionHelper.java:383)\n\tat com.epam.jdi.tools.func.JFunc2.execute(JFunc2.java:19)\n\tat com.epam.jdi.light.actions.ActionProcessor.jdiAround(ActionProcessor.java:55)\n\tat com.epam.jdi.light.elements.composite.Form.submit(Form.java:255)\n\tat org.mytests.tests.preconditions.Preconditions.login(Preconditions.java:23)\n\tat org.mytests.tests.preconditions.Preconditions.shouldBeLoggedIn(Preconditions.java:18)\n\tat org.mytests.tests.example.DataTableTests.before(DataTableTests.java:23)\n\tat java.base/jdk.internal.reflect.NativeMethodAccessorImpl.invoke0(Native Method)\n\tat java.base/jdk.internal.reflect.NativeMethodAccessorImpl.invoke(NativeMethodAccessorImpl.java:62)\n\tat java.base/jdk.internal.reflect.DelegatingMethodAccessorImpl.invoke(DelegatingMethodAccessorImpl.java:43)\n\tat java.base/java.lang.reflect.Method.invoke(Method.java:564)\n\tat org.testng.internal.MethodInvocationHelper.invokeMethod(MethodInvocationHelper.java:124)\n\tat org.testng.internal.MethodInvocationHelper.invokeMethodConsideringTimeout(MethodInvocationHelper.java:59)\n\tat org.testng.internal.Invoker.invokeConfigurationMethod(Invoker.java:458)\n\tat org.testng.internal.Invoker.invokeConfigurations(Invoker.java:222)\n\tat org.testng.internal.Invoker.invokeMethod(Invoker.java:523)\n\tat org.testng.internal.Invoker.invokeTestMethod(Invoker.java:719)\n\tat org.testng.internal.Invoker.invokeTestMethods(Invoker.java:989)\n\tat org.testng.internal.TestMethodWorker.invokeTestMethods(TestMethodWorker.java:125)\n\tat org.testng.internal.TestMethodWorker.run(TestMethodWorker.java:109)\n\tat java.base/java.util.concurrent.ThreadPoolExecutor.runWorker(ThreadPoolExecutor.java:1135)\n\tat java.base/java.util.concurrent.ThreadPoolExecutor$Worker.run(ThreadPoolExecutor.java:635)\n\tat java.base/java.lang.Thread.run(Thread.java:844)\nCaused by: java.lang.RuntimeException: Failed to execute 'Form.submit' for element 'Login Form' during '0' seconds. \nFailed to fill element 'Name' (locator: smart: [data-testid='name']) with value 'epam'\n\tat com.epam.jdi.light.common.Exceptions.exception(Exceptions.java:31)\n\tat com.epam.jdi.light.actions.ActionHelper.stableAction(ActionHelper.java:638)\n\tat com.epam.jdi.light.actions.ActionProcessor.jdiAround(ActionProcessor.java:48)\n\t... 20 more\nCaused by: java.lang.RuntimeException: \nFailed to fill element 'Name' (locator: smart: [data-testid='name']) with value 'epam'\n\tat com.epam.jdi.light.common.Exceptions.exception(Exceptions.java:16)\n\tat com.epam.jdi.light.actions.ActionProcessor.debugAround(ActionProcessor.java:73)\n\tat com.epam.jdi.light.elements.composite.Form.fill(Form.java:98)\n\tat com.epam.jdi.light.elements.composite.Form.submit(Form.java:261)\n\tat com.epam.jdi.light.elements.composite.Form.submit_aroundBody30(Form.java:256)\n\tat com.epam.jdi.light.elements.composite.Form$AjcClosure31.run(Form.java:1)\n\tat org.aspectj.runtime.reflect.JoinPointImpl.proceed(JoinPointImpl.java:167)\n\tat com.epam.jdi.light.actions.ActionObject.execute(ActionObject.java:60)\n\tat com.epam.jdi.light.actions.ActionHelper.stableAction(ActionHelper.java:626)\n\t... 21 more\n",
        "steps" : [ {
          "name" : "Click on 'User Icon'",
          "time" : {
            "start" : 1630014157871,
            "stop" : 1630014158354,
            "duration" : 483
          },
          "status" : "passed",
          "steps" : [ {
            "name" : "Click on 'User Icon'",
            "time" : {
              "start" : 1630014157881,
              "stop" : 1630014158354,
              "duration" : 473
            },
            "status" : "passed",
            "steps" : [ {
              "name" : "Check that 'User Icon' is disabled",
              "time" : {
                "start" : 1630014157885,
                "stop" : 1630014158210,
                "duration" : 325
              },
              "status" : "passed",
              "steps" : [ ],
              "attachments" : [ {
                "uid" : "981413f0d7131724",
                "name" : "Actual result",
                "source" : "981413f0d7131724.html",
                "type" : "text/plain",
                "size" : 5
              } ],
              "parameters" : [ ],
              "stepsCount" : 0,
              "attachmentsCount" : 1,
              "shouldDisplayMessage" : false,
              "hasContent" : true
            } ],
            "attachments" : [ ],
            "parameters" : [ ],
            "stepsCount" : 1,
            "attachmentsCount" : 1,
            "shouldDisplayMessage" : false,
            "hasContent" : true
          } ],
          "attachments" : [ {
            "uid" : "cdbb51534d3124a1",
            "name" : "Details",
            "source" : "cdbb51534d3124a1.html",
            "type" : "text/plain",
            "size" : 38
          } ],
          "parameters" : [ ],
          "stepsCount" : 2,
          "attachmentsCount" : 2,
          "shouldDisplayMessage" : false,
          "hasContent" : true
        }, {
          "name" : "Fill 'Login Form' with User(name:epam; password:1234) and press 'enter'",
          "time" : {
            "start" : 1630014158355,
            "stop" : 1630014159851,
            "duration" : 1496
          },
          "status" : "broken",
          "statusMessage" : "[42:39.850] Failed to execute 'Form.submit' for element 'Login Form' during '0' seconds. Failed to fill element 'Name' (locator: smart: [data-testid='name']) with value 'epam'",
          "statusTrace" : "java.lang.RuntimeException: [42:39.850] Failed to execute 'Form.submit' for element 'Login Form' during '0' seconds. Failed to fill element 'Name' (locator: smart: [data-testid='name']) with value 'epam'\n\tat com.epam.jdi.light.common.Exceptions.exception(Exceptions.java:31)\n\tat com.epam.jdi.light.actions.ActionHelper.actionFailed(ActionHelper.java:383)\n\tat com.epam.jdi.tools.func.JFunc2.execute(JFunc2.java:19)\n\tat com.epam.jdi.light.actions.ActionProcessor.jdiAround(ActionProcessor.java:55)\n\tat com.epam.jdi.light.elements.composite.Form.submit(Form.java:255)\n\tat org.mytests.tests.preconditions.Preconditions.login(Preconditions.java:23)\n\tat org.mytests.tests.preconditions.Preconditions.shouldBeLoggedIn(Preconditions.java:18)\n\tat org.mytests.tests.example.DataTableTests.before(DataTableTests.java:23)\n\tat java.base/jdk.internal.reflect.NativeMethodAccessorImpl.invoke0(Native Method)\n\tat java.base/jdk.internal.reflect.NativeMethodAccessorImpl.invoke(NativeMethodAccessorImpl.java:62)\n\tat java.base/jdk.internal.reflect.DelegatingMethodAccessorImpl.invoke(DelegatingMethodAccessorImpl.java:43)\n\tat java.base/java.lang.reflect.Method.invoke(Method.java:564)\n\tat org.testng.internal.MethodInvocationHelper.invokeMethod(MethodInvocationHelper.java:124)\n\tat org.testng.internal.MethodInvocationHelper.invokeMethodConsideringTimeout(MethodInvocationHelper.java:59)\n\tat org.testng.internal.Invoker.invokeConfigurationMethod(Invoker.java:458)\n\tat org.testng.internal.Invoker.invokeConfigurations(Invoker.java:222)\n\tat org.testng.internal.Invoker.invokeMethod(Invoker.java:523)\n\tat org.testng.internal.Invoker.invokeTestMethod(Invoker.java:719)\n\tat org.testng.internal.Invoker.invokeTestMethods(Invoker.java:989)\n\tat org.testng.internal.TestMethodWorker.invokeTestMethods(TestMethodWorker.java:125)\n\tat org.testng.internal.TestMethodWorker.run(TestMethodWorker.java:109)\n\tat java.base/java.util.concurrent.ThreadPoolExecutor.runWorker(ThreadPoolExecutor.java:1135)\n\tat java.base/java.util.concurrent.ThreadPoolExecutor$Worker.run(ThreadPoolExecutor.java:635)\n\tat java.base/java.lang.Thread.run(Thread.java:844)\nCaused by: java.lang.RuntimeException: Failed to execute 'Form.submit' for element 'Login Form' during '0' seconds. \nFailed to fill element 'Name' (locator: smart: [data-testid='name']) with value 'epam'\n\tat com.epam.jdi.light.common.Exceptions.exception(Exceptions.java:31)\n\tat com.epam.jdi.light.actions.ActionHelper.stableAction(ActionHelper.java:638)\n\tat com.epam.jdi.light.actions.ActionProcessor.jdiAround(ActionProcessor.java:48)\n\t... 20 more\nCaused by: java.lang.RuntimeException: \nFailed to fill element 'Name' (locator: smart: [data-testid='name']) with value 'epam'\n\tat com.epam.jdi.light.common.Exceptions.exception(Exceptions.java:16)\n\tat com.epam.jdi.light.actions.ActionProcessor.debugAround(ActionProcessor.java:73)\n\tat com.epam.jdi.light.elements.composite.Form.fill(Form.java:98)\n\tat com.epam.jdi.light.elements.composite.Form.submit(Form.java:261)\n\tat com.epam.jdi.light.elements.composite.Form.submit_aroundBody30(Form.java:256)\n\tat com.epam.jdi.light.elements.composite.Form$AjcClosure31.run(Form.java:1)\n\tat org.aspectj.runtime.reflect.JoinPointImpl.proceed(JoinPointImpl.java:167)\n\tat com.epam.jdi.light.actions.ActionObject.execute(ActionObject.java:60)\n\tat com.epam.jdi.light.actions.ActionHelper.stableAction(ActionHelper.java:626)\n\t... 21 more\n",
          "steps" : [ {
            "name" : "Input 'epam' in 'Name'",
            "time" : {
              "start" : 1630014158378,
              "stop" : 1630014158661,
              "duration" : 283
            },
            "status" : "unknown",
            "steps" : [ ],
            "attachments" : [ ],
            "parameters" : [ ],
            "stepsCount" : 0,
            "attachmentsCount" : 0,
            "shouldDisplayMessage" : false,
            "hasContent" : false
          }, {
            "name" : "Show",
            "time" : {
              "start" : 1630014158864,
              "stop" : 1630014159377,
              "duration" : 513
            },
            "status" : "passed",
            "steps" : [ {
              "name" : "Check that 'Login Form' is visible by user",
              "time" : {
                "start" : 1630014159002,
                "stop" : 1630014159292,
                "duration" : 290
              },
              "status" : "passed",
              "steps" : [ {
                "name" : "Check that 'Login Form' is hidden",
                "time" : {
                  "start" : 1630014159006,
                  "stop" : 1630014159168,
                  "duration" : 162
                },
                "status" : "passed",
                "steps" : [ ],
                "attachments" : [ {
                  "uid" : "73b895694459283e",
                  "name" : "Actual result",
                  "source" : "73b895694459283e.html",
                  "type" : "text/plain",
                  "size" : 5
                } ],
                "parameters" : [ ],
                "stepsCount" : 0,
                "attachmentsCount" : 1,
                "shouldDisplayMessage" : false,
                "hasContent" : true
              } ],
              "attachments" : [ {
                "uid" : "327b1a5bcc06885c",
                "name" : "Actual result",
                "source" : "327b1a5bcc06885c.html",
                "type" : "text/plain",
                "size" : 5
              } ],
              "parameters" : [ ],
              "stepsCount" : 1,
              "attachmentsCount" : 2,
              "shouldDisplayMessage" : false,
              "hasContent" : true
            } ],
            "attachments" : [ ],
            "parameters" : [ ],
            "stepsCount" : 2,
            "attachmentsCount" : 2,
            "shouldDisplayMessage" : false,
            "hasContent" : true
          }, {
            "name" : "Failure details",
            "time" : {
              "start" : 1630014159841,
              "stop" : 1630014159843,
              "duration" : 2
            },
            "status" : "unknown",
            "steps" : [ ],
            "attachments" : [ {
              "uid" : "2d4906eb2a8e8096",
              "name" : "Screenshot",
              "source" : "2d4906eb2a8e8096.png",
              "type" : "image/png",
              "size" : 128672
            } ],
            "parameters" : [ ],
            "stepsCount" : 0,
            "attachmentsCount" : 1,
            "shouldDisplayMessage" : false,
            "hasContent" : true
          } ],
          "attachments" : [ {
            "uid" : "7ebc41fe341f49e6",
            "name" : "Details",
            "source" : "7ebc41fe341f49e6.html",
            "type" : "text/plain",
            "size" : 30
          } ],
          "parameters" : [ ],
          "stepsCount" : 5,
          "attachmentsCount" : 4,
          "shouldDisplayMessage" : true,
          "hasContent" : true
        } ],
        "attachments" : [ ],
        "parameters" : [ ],
        "stepsCount" : 9,
        "attachmentsCount" : 6,
        "shouldDisplayMessage" : false,
        "hasContent" : true
      } ],
      "attachments" : [ ],
      "parameters" : [ ],
      "stepsCount" : 12,
      "attachmentsCount" : 7,
      "shouldDisplayMessage" : false,
      "hasContent" : true
    } ],
    "attachments" : [ ],
    "parameters" : [ ],
    "stepsCount" : 13,
    "attachmentsCount" : 7,
    "shouldDisplayMessage" : false,
    "hasContent" : true
  }, {
    "name" : "setUp",
    "time" : {
      "start" : 1630014148491,
      "stop" : 1630014152744,
      "duration" : 4253
    },
    "description" : "",
    "status" : "passed",
    "steps" : [ {
      "name" : "Open 'SiteJdi'(url=https://epam.github.io/JDI/)",
      "time" : {
        "start" : 1630014150229,
        "stop" : 1630014152741,
        "duration" : 2512
      },
      "status" : "passed",
      "steps" : [ {
        "name" : "Open 'SiteJdi'(url=https://epam.github.io/JDI/)",
        "time" : {
          "start" : 1630014152276,
          "stop" : 1630014152741,
          "duration" : 465
        },
        "status" : "passed",
        "steps" : [ ],
        "attachments" : [ ],
        "parameters" : [ ],
        "stepsCount" : 0,
        "attachmentsCount" : 0,
        "shouldDisplayMessage" : false,
        "hasContent" : false
      } ],
      "attachments" : [ {
        "uid" : "836e01e8b46d3b65",
        "name" : "Details",
        "source" : "836e01e8b46d3b65.html",
        "type" : "text/plain",
        "size" : 119
      } ],
      "parameters" : [ ],
      "stepsCount" : 1,
      "attachmentsCount" : 1,
      "shouldDisplayMessage" : false,
      "hasContent" : true
    } ],
    "attachments" : [ ],
    "parameters" : [ ],
    "stepsCount" : 2,
    "attachmentsCount" : 1,
    "shouldDisplayMessage" : false,
    "hasContent" : true
  } ],
  "afterStages" : [ {
    "name" : "teardown",
    "time" : {
      "start" : 1630014221018,
      "stop" : 1630014221038,
      "duration" : 20
    },
    "description" : "",
    "status" : "passed",
    "steps" : [ ],
    "attachments" : [ ],
    "parameters" : [ ],
    "stepsCount" : 0,
    "attachmentsCount" : 0,
    "shouldDisplayMessage" : false,
    "hasContent" : false
  } ],
  "labels" : [ {
    "name" : "package",
    "value" : "org.mytests.tests.example.DataTableTests"
  }, {
    "name" : "testClass",
    "value" : "org.mytests.tests.example.DataTableTests"
  }, {
    "name" : "testMethod",
    "value" : "dataTableTest"
  }, {
    "name" : "parentSuite",
    "value" : "Test suite"
  }, {
    "name" : "suite",
    "value" : "Tests"
  }, {
    "name" : "subSuite",
    "value" : "org.mytests.tests.example.DataTableTests"
  }, {
    "name" : "host",
    "value" : "fv-az72-943"
  }, {
    "name" : "thread",
    "value" : "4312@fv-az72-943.TestNG-test=Tests-2(19)"
  }, {
    "name" : "framework",
    "value" : "testng"
  }, {
    "name" : "language",
    "value" : "java"
  }, {
    "name" : "resultFormat",
    "value" : "allure2"
  } ],
  "parameters" : [ ],
  "links" : [ ],
  "hidden" : false,
  "retry" : false,
  "extra" : {
    "severity" : "normal",
    "retries" : [ ],
    "categories" : [ ],
    "history" : {
      "statistic" : {
        "failed" : 0,
        "broken" : 0,
        "skipped" : 4,
        "passed" : 0,
        "unknown" : 0,
        "total" : 4
      },
      "items" : [ {
        "uid" : "767abf1d3cbea6e1",
        "reportUrl" : "https://jdi-templates.github.io/jdi-light-selenoid-template/4//#testresult/767abf1d3cbea6e1",
        "status" : "skipped",
        "statusDetails" : "[39:27.650] Failed to execute 'Form.submit' for element 'Login Form' during '0' seconds. Failed to fill element 'Name' (locator: smart: [data-testid='name']) with value 'epam'",
        "time" : {
          "start" : 1630013967961,
          "stop" : 1630013967962,
          "duration" : 1
        }
      }, {
        "uid" : "8411e776c41d02b2",
        "reportUrl" : "https://jdi-templates.github.io/jdi-light-selenoid-template/4//#testresult/8411e776c41d02b2",
        "status" : "skipped",
        "statusDetails" : "[35:56.309] Failed to execute 'Form.submit' for element 'Login Form' during '0' seconds. Failed to fill element 'Name' (locator: smart: [data-testid='name']) with value 'epam'",
        "time" : {
          "start" : 1630013756546,
          "stop" : 1630013756546,
          "duration" : 0
        }
      }, {
        "uid" : "e67a7d97b20e1c72",
        "reportUrl" : "https://jdi-templates.github.io/jdi-light-selenoid-template/3//#testresult/e67a7d97b20e1c72",
        "status" : "skipped",
        "statusDetails" : "[57:30.627] Failed to execute 'Form.submit' for element 'Login Form' during '0' seconds. Failed to fill element 'Name' (locator: smart: [data-testid='name']) with value 'epam'",
        "time" : {
          "start" : 1629979050665,
          "stop" : 1629979050665,
          "duration" : 0
        }
      } ]
    },
    "tags" : [ ]
  },
  "source" : "e4850f560114f996.json",
  "parameterValues" : [ ]
}