{
  "uid" : "7bc0b116297d0af9",
  "name" : "filterLinesTest",
  "fullName" : "org.mytests.tests.example.DataTableTests.filterLinesTest",
  "historyId" : "c38730790032178fa9356f7560e34ca8",
  "time" : {
    "start" : 1631713663427,
    "stop" : 1631713677039,
    "duration" : 13612
  },
  "status" : "skipped",
  "statusMessage" : "[47:57.38] Failed to execute 'TextAssert.text' for element 'Number(smart: #ui-element>smart: #number)' during '10' seconds. 47:56.419 Expected: is \"2\"\n     but: was \"1\"",
  "statusTrace" : "java.lang.AssertionError: [47:57.38] Failed to execute 'TextAssert.text' for element 'Number(smart: #ui-element>smart: #number)' during '10' seconds. 47:56.419 Expected: is \"2\"\n     but: was \"1\"\n\tat com.epam.jdi.light.common.Exceptions.exception(Exceptions.java:27)\n\tat com.epam.jdi.light.actions.ActionHelper.actionFailed(ActionHelper.java:383)\n\tat com.epam.jdi.tools.func.JFunc2.execute(JFunc2.java:19)\n\tat com.epam.jdi.light.actions.ActionProcessor.jdiAround(ActionProcessor.java:55)\n\tat com.epam.jdi.light.asserts.generic.TextAssert.text(TextAssert.java:17)\n\tat org.mytests.tests.example.DataTableTests.validateUserRow(DataTableTests.java:90)\n\tat org.mytests.tests.example.DataTableTests.filterLinesTest(DataTableTests.java:74)\n\tat java.base/jdk.internal.reflect.NativeMethodAccessorImpl.invoke0(Native Method)\n\tat java.base/jdk.internal.reflect.NativeMethodAccessorImpl.invoke(NativeMethodAccessorImpl.java:62)\n\tat java.base/jdk.internal.reflect.DelegatingMethodAccessorImpl.invoke(DelegatingMethodAccessorImpl.java:43)\n\tat java.base/java.lang.reflect.Method.invoke(Method.java:564)\n\tat org.testng.internal.MethodInvocationHelper.invokeMethod(MethodInvocationHelper.java:124)\n\tat org.testng.internal.Invoker.invokeMethod(Invoker.java:583)\n\tat org.testng.internal.Invoker.invokeTestMethod(Invoker.java:719)\n\tat org.testng.internal.Invoker.invokeTestMethods(Invoker.java:989)\n\tat org.testng.internal.TestMethodWorker.invokeTestMethods(TestMethodWorker.java:125)\n\tat org.testng.internal.TestMethodWorker.run(TestMethodWorker.java:109)\n\tat java.base/java.util.concurrent.ThreadPoolExecutor.runWorker(ThreadPoolExecutor.java:1167)\n\tat java.base/java.util.concurrent.ThreadPoolExecutor$Worker.run(ThreadPoolExecutor.java:641)\n\tat java.base/java.lang.Thread.run(Thread.java:844)\nCaused by: java.lang.AssertionError: Failed to execute 'TextAssert.text' for element 'Number(smart: #ui-element>smart: #number)' during '10' seconds. 47:56.419 \nExpected: is \"2\"\n     but: was \"1\"\n\tat com.epam.jdi.light.common.Exceptions.exception(Exceptions.java:27)\n\tat com.epam.jdi.light.actions.ActionHelper.stableAction(ActionHelper.java:638)\n\tat com.epam.jdi.light.actions.ActionProcessor.jdiAround(ActionProcessor.java:48)\n\t... 16 more\nCaused by: java.lang.AssertionError: 47:56.419 \nExpected: is \"2\"\n     but: was \"1\"\n\tat com.epam.jdi.light.asserts.core.SoftAssert.jdiAssert(SoftAssert.java:48)\n\tat com.epam.jdi.light.asserts.core.SoftAssert.jdiAssert(SoftAssert.java:59)\n\tat com.epam.jdi.light.asserts.generic.TextAssert.text_aroundBody0(TextAssert.java:18)\n\tat com.epam.jdi.light.asserts.generic.TextAssert$AjcClosure1.run(TextAssert.java:1)\n\tat org.aspectj.runtime.reflect.JoinPointImpl.proceed(JoinPointImpl.java:167)\n\tat com.epam.jdi.light.actions.ActionObject.execute(ActionObject.java:60)\n\tat com.epam.jdi.light.actions.ActionHelper.stableAction(ActionHelper.java:626)\n\t... 17 more\n",
  "flaky" : false,
  "newFailed" : false,
  "beforeStages" : [ {
    "name" : "before",
    "time" : {
      "start" : 1631713662780,
      "stop" : 1631713663416,
      "duration" : 636
    },
    "description" : "",
    "status" : "passed",
    "steps" : [ {
      "name" : "shouldBeLoggedIn",
      "time" : {
        "start" : 1631713662787,
        "stop" : 1631713662958,
        "duration" : 171
      },
      "status" : "passed",
      "steps" : [ ],
      "attachments" : [ ],
      "parameters" : [ ],
      "stepsCount" : 0,
      "attachmentsCount" : 0,
      "shouldDisplayMessage" : false,
      "hasContent" : false
    }, {
      "name" : "Open 'Users Page'(url=https://epam.github.io/JDI/user-table.html)",
      "time" : {
        "start" : 1631713662959,
        "stop" : 1631713663416,
        "duration" : 457
      },
      "status" : "passed",
      "steps" : [ {
        "name" : "Open 'Users Page'(url=https://epam.github.io/JDI/user-table.html)",
        "time" : {
          "start" : 1631713662979,
          "stop" : 1631713663416,
          "duration" : 437
        },
        "status" : "passed",
        "steps" : [ ],
        "attachments" : [ ],
        "parameters" : [ ],
        "stepsCount" : 0,
        "attachmentsCount" : 0,
        "shouldDisplayMessage" : false,
        "hasContent" : false
      } ],
      "attachments" : [ {
        "uid" : "1005325ce82c1a63",
        "name" : "Details",
        "source" : "1005325ce82c1a63.html",
        "type" : "text/plain",
        "size" : 135
      } ],
      "parameters" : [ ],
      "stepsCount" : 1,
      "attachmentsCount" : 1,
      "shouldDisplayMessage" : false,
      "hasContent" : true
    } ],
    "attachments" : [ ],
    "parameters" : [ ],
    "stepsCount" : 3,
    "attachmentsCount" : 1,
    "shouldDisplayMessage" : false,
    "hasContent" : true
  }, {
    "name" : "setUp",
    "time" : {
      "start" : 1631713632181,
      "stop" : 1631713637966,
      "duration" : 5785
    },
    "description" : "",
    "status" : "passed",
    "steps" : [ {
      "name" : "Open 'SiteJdi'(url=https://epam.github.io/JDI/)",
      "time" : {
        "start" : 1631713634600,
        "stop" : 1631713637964,
        "duration" : 3364
      },
      "status" : "passed",
      "steps" : [ {
        "name" : "Open 'SiteJdi'(url=https://epam.github.io/JDI/)",
        "time" : {
          "start" : 1631713637034,
          "stop" : 1631713637964,
          "duration" : 930
        },
        "status" : "passed",
        "steps" : [ ],
        "attachments" : [ ],
        "parameters" : [ ],
        "stepsCount" : 0,
        "attachmentsCount" : 0,
        "shouldDisplayMessage" : false,
        "hasContent" : false
      } ],
      "attachments" : [ {
        "uid" : "26c2fa540a0eb6f8",
        "name" : "Details",
        "source" : "26c2fa540a0eb6f8.html",
        "type" : "text/plain",
        "size" : 119
      } ],
      "parameters" : [ ],
      "stepsCount" : 1,
      "attachmentsCount" : 1,
      "shouldDisplayMessage" : false,
      "hasContent" : true
    } ],
    "attachments" : [ ],
    "parameters" : [ ],
    "stepsCount" : 2,
    "attachmentsCount" : 1,
    "shouldDisplayMessage" : false,
    "hasContent" : true
  } ],
  "testStage" : {
    "status" : "skipped",
    "statusMessage" : "[47:57.38] Failed to execute 'TextAssert.text' for element 'Number(smart: #ui-element>smart: #number)' during '10' seconds. 47:56.419 Expected: is \"2\"\n     but: was \"1\"",
    "statusTrace" : "java.lang.AssertionError: [47:57.38] Failed to execute 'TextAssert.text' for element 'Number(smart: #ui-element>smart: #number)' during '10' seconds. 47:56.419 Expected: is \"2\"\n     but: was \"1\"\n\tat com.epam.jdi.light.common.Exceptions.exception(Exceptions.java:27)\n\tat com.epam.jdi.light.actions.ActionHelper.actionFailed(ActionHelper.java:383)\n\tat com.epam.jdi.tools.func.JFunc2.execute(JFunc2.java:19)\n\tat com.epam.jdi.light.actions.ActionProcessor.jdiAround(ActionProcessor.java:55)\n\tat com.epam.jdi.light.asserts.generic.TextAssert.text(TextAssert.java:17)\n\tat org.mytests.tests.example.DataTableTests.validateUserRow(DataTableTests.java:90)\n\tat org.mytests.tests.example.DataTableTests.filterLinesTest(DataTableTests.java:74)\n\tat java.base/jdk.internal.reflect.NativeMethodAccessorImpl.invoke0(Native Method)\n\tat java.base/jdk.internal.reflect.NativeMethodAccessorImpl.invoke(NativeMethodAccessorImpl.java:62)\n\tat java.base/jdk.internal.reflect.DelegatingMethodAccessorImpl.invoke(DelegatingMethodAccessorImpl.java:43)\n\tat java.base/java.lang.reflect.Method.invoke(Method.java:564)\n\tat org.testng.internal.MethodInvocationHelper.invokeMethod(MethodInvocationHelper.java:124)\n\tat org.testng.internal.Invoker.invokeMethod(Invoker.java:583)\n\tat org.testng.internal.Invoker.invokeTestMethod(Invoker.java:719)\n\tat org.testng.internal.Invoker.invokeTestMethods(Invoker.java:989)\n\tat org.testng.internal.TestMethodWorker.invokeTestMethods(TestMethodWorker.java:125)\n\tat org.testng.internal.TestMethodWorker.run(TestMethodWorker.java:109)\n\tat java.base/java.util.concurrent.ThreadPoolExecutor.runWorker(ThreadPoolExecutor.java:1167)\n\tat java.base/java.util.concurrent.ThreadPoolExecutor$Worker.run(ThreadPoolExecutor.java:641)\n\tat java.base/java.lang.Thread.run(Thread.java:844)\nCaused by: java.lang.AssertionError: Failed to execute 'TextAssert.text' for element 'Number(smart: #ui-element>smart: #number)' during '10' seconds. 47:56.419 \nExpected: is \"2\"\n     but: was \"1\"\n\tat com.epam.jdi.light.common.Exceptions.exception(Exceptions.java:27)\n\tat com.epam.jdi.light.actions.ActionHelper.stableAction(ActionHelper.java:638)\n\tat com.epam.jdi.light.actions.ActionProcessor.jdiAround(ActionProcessor.java:48)\n\t... 16 more\nCaused by: java.lang.AssertionError: 47:56.419 \nExpected: is \"2\"\n     but: was \"1\"\n\tat com.epam.jdi.light.asserts.core.SoftAssert.jdiAssert(SoftAssert.java:48)\n\tat com.epam.jdi.light.asserts.core.SoftAssert.jdiAssert(SoftAssert.java:59)\n\tat com.epam.jdi.light.asserts.generic.TextAssert.text_aroundBody0(TextAssert.java:18)\n\tat com.epam.jdi.light.asserts.generic.TextAssert$AjcClosure1.run(TextAssert.java:1)\n\tat org.aspectj.runtime.reflect.JoinPointImpl.proceed(JoinPointImpl.java:167)\n\tat com.epam.jdi.light.actions.ActionObject.execute(ActionObject.java:60)\n\tat com.epam.jdi.light.actions.ActionHelper.stableAction(ActionHelper.java:626)\n\t... 17 more\n",
    "steps" : [ {
      "name" : "Get row '2' for 'Users' table",
      "time" : {
        "start" : 1631713663429,
        "stop" : 1631713666071,
        "duration" : 2642
      },
      "status" : "passed",
      "steps" : [ {
        "name" : "Get row '2' for 'Users' table",
        "time" : {
          "start" : 1631713663453,
          "stop" : 1631713665612,
          "duration" : 2159
        },
        "status" : "passed",
        "steps" : [ {
          "name" : "Get 'Users' header",
          "time" : {
            "start" : 1631713663455,
            "stop" : 1631713664736,
            "duration" : 1281
          },
          "status" : "passed",
          "steps" : [ {
            "name" : "Get 'Users header' values",
            "time" : {
              "start" : 1631713664060,
              "stop" : 1631713664735,
              "duration" : 675
            },
            "status" : "passed",
            "steps" : [ {
              "name" : "Get '' text",
              "time" : {
                "start" : 1631713664611,
                "stop" : 1631713664643,
                "duration" : 32
              },
              "status" : "passed",
              "steps" : [ ],
              "attachments" : [ {
                "uid" : "90a23b97a7e0bb48",
                "name" : "Actual result",
                "source" : "90a23b97a7e0bb48.html",
                "type" : "text/plain",
                "size" : 6
              } ],
              "parameters" : [ ],
              "stepsCount" : 0,
              "attachmentsCount" : 1,
              "shouldDisplayMessage" : false,
              "hasContent" : true
            } ],
            "attachments" : [ {
              "uid" : "d6a95be3b627b808",
              "name" : "Actual result",
              "source" : "d6a95be3b627b808.html",
              "type" : "text/plain",
              "size" : 32
            } ],
            "parameters" : [ ],
            "stepsCount" : 1,
            "attachmentsCount" : 2,
            "shouldDisplayMessage" : false,
            "hasContent" : true
          } ],
          "attachments" : [ {
            "uid" : "e7fb6a744fc956fe",
            "name" : "Actual result",
            "source" : "e7fb6a744fc956fe.html",
            "type" : "text/plain",
            "size" : 32
          } ],
          "parameters" : [ ],
          "stepsCount" : 2,
          "attachmentsCount" : 3,
          "shouldDisplayMessage" : false,
          "hasContent" : true
        }, {
          "name" : "Get 'Users' rows count",
          "time" : {
            "start" : 1631713664738,
            "stop" : 1631713664959,
            "duration" : 221
          },
          "status" : "passed",
          "steps" : [ {
            "name" : "Get 'xpath='//tbody//tr[1]/td'' values",
            "time" : {
              "start" : 1631713664830,
              "stop" : 1631713664959,
              "duration" : 129
            },
            "status" : "passed",
            "steps" : [ ],
            "attachments" : [ {
              "uid" : "c674cd8490b3aaed",
              "name" : "Actual result",
              "source" : "c674cd8490b3aaed.html",
              "type" : "text/plain",
              "size" : 2
            } ],
            "parameters" : [ ],
            "stepsCount" : 0,
            "attachmentsCount" : 1,
            "shouldDisplayMessage" : false,
            "hasContent" : true
          } ],
          "attachments" : [ {
            "uid" : "93a1ae4090368d",
            "name" : "Actual result",
            "source" : "93a1ae4090368d.html",
            "type" : "text/plain",
            "size" : 1
          } ],
          "parameters" : [ ],
          "stepsCount" : 1,
          "attachmentsCount" : 2,
          "shouldDisplayMessage" : false,
          "hasContent" : true
        }, {
          "name" : "Get 'Users line[2]' values",
          "time" : {
            "start" : 1631713664962,
            "stop" : 1631713665611,
            "duration" : 649
          },
          "status" : "passed",
          "steps" : [ ],
          "attachments" : [ {
            "uid" : "fd2d3aaf029b91e",
            "name" : "Actual result",
            "source" : "fd2d3aaf029b91e.html",
            "type" : "text/plain",
            "size" : 75
          } ],
          "parameters" : [ ],
          "stepsCount" : 0,
          "attachmentsCount" : 1,
          "shouldDisplayMessage" : false,
          "hasContent" : true
        } ],
        "attachments" : [ {
          "uid" : "7e52ac623a8e5b11",
          "name" : "Actual result",
          "source" : "7e52ac623a8e5b11.html",
          "type" : "text/plain",
          "size" : 98
        } ],
        "parameters" : [ ],
        "stepsCount" : 6,
        "attachmentsCount" : 7,
        "shouldDisplayMessage" : false,
        "hasContent" : true
      } ],
      "attachments" : [ {
        "uid" : "466700afd94d67a8",
        "name" : "Details",
        "source" : "466700afd94d67a8.html",
        "type" : "text/plain",
        "size" : 35
      }, {
        "uid" : "122e6594f08c3c53",
        "name" : "Actual result",
        "source" : "122e6594f08c3c53.html",
        "type" : "text/plain",
        "size" : 18
      } ],
      "parameters" : [ ],
      "stepsCount" : 7,
      "attachmentsCount" : 9,
      "shouldDisplayMessage" : false,
      "hasContent" : true
    }, {
      "name" : "Select 'Admin' in 'Type'",
      "time" : {
        "start" : 1631713666072,
        "stop" : 1631713666157,
        "duration" : 85
      },
      "status" : "passed",
      "steps" : [ {
        "name" : "Select 'Admin' in 'Type'",
        "time" : {
          "start" : 1631713666077,
          "stop" : 1631713666157,
          "duration" : 80
        },
        "status" : "passed",
        "steps" : [ ],
        "attachments" : [ ],
        "parameters" : [ ],
        "stepsCount" : 0,
        "attachmentsCount" : 0,
        "shouldDisplayMessage" : false,
        "hasContent" : false
      } ],
      "attachments" : [ {
        "uid" : "594bb63660271c75",
        "name" : "Details",
        "source" : "594bb63660271c75.html",
        "type" : "text/plain",
        "size" : 60
      } ],
      "parameters" : [ ],
      "stepsCount" : 1,
      "attachmentsCount" : 1,
      "shouldDisplayMessage" : false,
      "hasContent" : true
    }, {
      "name" : "Get selected value",
      "time" : {
        "start" : 1631713666158,
        "stop" : 1631713666287,
        "duration" : 129
      },
      "status" : "passed",
      "steps" : [ {
        "name" : "Check that 'Type' is displayed",
        "time" : {
          "start" : 1631713666171,
          "stop" : 1631713666284,
          "duration" : 113
        },
        "status" : "passed",
        "steps" : [ {
          "name" : "Get selected value",
          "time" : {
            "start" : 1631713666171,
            "stop" : 1631713666284,
            "duration" : 113
          },
          "status" : "passed",
          "steps" : [ ],
          "attachments" : [ {
            "uid" : "e7b78c04927c3f0f",
            "name" : "Actual result",
            "source" : "e7b78c04927c3f0f.html",
            "type" : "text/plain",
            "size" : 5
          } ],
          "parameters" : [ ],
          "stepsCount" : 0,
          "attachmentsCount" : 1,
          "shouldDisplayMessage" : false,
          "hasContent" : true
        } ],
        "attachments" : [ {
          "uid" : "c7dcc61f40c55356",
          "name" : "Actual result",
          "source" : "c7dcc61f40c55356.html",
          "type" : "text/plain",
          "size" : 5
        } ],
        "parameters" : [ ],
        "stepsCount" : 1,
        "attachmentsCount" : 2,
        "shouldDisplayMessage" : false,
        "hasContent" : true
      } ],
      "attachments" : [ {
        "uid" : "82ae40ffd98f502f",
        "name" : "Details",
        "source" : "82ae40ffd98f502f.html",
        "type" : "text/plain",
        "size" : 60
      }, {
        "uid" : "2dce5416d58aec2b",
        "name" : "Actual result",
        "source" : "2dce5416d58aec2b.html",
        "type" : "text/plain",
        "size" : 5
      } ],
      "parameters" : [ ],
      "stepsCount" : 2,
      "attachmentsCount" : 4,
      "shouldDisplayMessage" : false,
      "hasContent" : true
    }, {
      "name" : "Select 'User' in 'Type'",
      "time" : {
        "start" : 1631713666287,
        "stop" : 1631713666406,
        "duration" : 119
      },
      "status" : "passed",
      "steps" : [ {
        "name" : "Select 'User' in 'Type'",
        "time" : {
          "start" : 1631713666298,
          "stop" : 1631713666406,
          "duration" : 108
        },
        "status" : "passed",
        "steps" : [ ],
        "attachments" : [ ],
        "parameters" : [ ],
        "stepsCount" : 0,
        "attachmentsCount" : 0,
        "shouldDisplayMessage" : false,
        "hasContent" : false
      } ],
      "attachments" : [ {
        "uid" : "40b7ead1a6a47b00",
        "name" : "Details",
        "source" : "40b7ead1a6a47b00.html",
        "type" : "text/plain",
        "size" : 60
      } ],
      "parameters" : [ ],
      "stepsCount" : 1,
      "attachmentsCount" : 1,
      "shouldDisplayMessage" : false,
      "hasContent" : true
    }, {
      "name" : "Assert that 'Number' text is \"2\"",
      "time" : {
        "start" : 1631713666415
      },
      "status" : "unknown",
      "steps" : [ {
        "name" : "Get 'Number' text",
        "time" : {
          "start" : 1631713666427,
          "stop" : 1631713666505,
          "duration" : 78
        },
        "status" : "passed",
        "steps" : [ ],
        "attachments" : [ {
          "uid" : "b5c18f6295c69e44",
          "name" : "Actual result",
          "source" : "b5c18f6295c69e44.html",
          "type" : "text/plain",
          "size" : 1
        } ],
        "parameters" : [ ],
        "stepsCount" : 0,
        "attachmentsCount" : 1,
        "shouldDisplayMessage" : false,
        "hasContent" : true
      }, {
        "name" : "Failure details",
        "time" : {
          "start" : 1631713677032,
          "stop" : 1631713677033,
          "duration" : 1
        },
        "status" : "unknown",
        "steps" : [ ],
        "attachments" : [ {
          "uid" : "fc8857c7380bf814",
          "name" : "Screenshot",
          "source" : "fc8857c7380bf814.png",
          "type" : "image/png",
          "size" : 145674
        } ],
        "parameters" : [ ],
        "stepsCount" : 0,
        "attachmentsCount" : 1,
        "shouldDisplayMessage" : false,
        "hasContent" : true
      } ],
      "attachments" : [ {
        "uid" : "41e4f7b5e84fc5ce",
        "name" : "Details",
        "source" : "41e4f7b5e84fc5ce.html",
        "type" : "text/plain",
        "size" : 60
      } ],
      "parameters" : [ ],
      "stepsCount" : 2,
      "attachmentsCount" : 3,
      "shouldDisplayMessage" : false,
      "hasContent" : true
    } ],
    "attachments" : [ ],
    "parameters" : [ ],
    "stepsCount" : 18,
    "attachmentsCount" : 18,
    "shouldDisplayMessage" : true,
    "hasContent" : true
  },
  "afterStages" : [ {
    "name" : "teardown",
    "time" : {
      "start" : 1631713728796,
      "stop" : 1631713728833,
      "duration" : 37
    },
    "description" : "",
    "status" : "passed",
    "steps" : [ ],
    "attachments" : [ ],
    "parameters" : [ ],
    "stepsCount" : 0,
    "attachmentsCount" : 0,
    "shouldDisplayMessage" : false,
    "hasContent" : false
  } ],
  "labels" : [ {
    "name" : "package",
    "value" : "org.mytests.tests.example.DataTableTests"
  }, {
    "name" : "testClass",
    "value" : "org.mytests.tests.example.DataTableTests"
  }, {
    "name" : "testMethod",
    "value" : "filterLinesTest"
  }, {
    "name" : "parentSuite",
    "value" : "Test suite"
  }, {
    "name" : "suite",
    "value" : "Tests"
  }, {
    "name" : "subSuite",
    "value" : "org.mytests.tests.example.DataTableTests"
  }, {
    "name" : "host",
    "value" : "fv-az234-854"
  }, {
    "name" : "thread",
    "value" : "4452@fv-az234-854.TestNG-test=Tests-2(19)"
  }, {
    "name" : "framework",
    "value" : "testng"
  }, {
    "name" : "language",
    "value" : "java"
  }, {
    "name" : "resultFormat",
    "value" : "allure2"
  } ],
  "parameters" : [ ],
  "links" : [ ],
  "hidden" : true,
  "retry" : true,
  "extra" : {
    "categories" : [ ],
    "tags" : [ ]
  },
  "source" : "7bc0b116297d0af9.json",
  "parameterValues" : [ ]
}