{
  "uid" : "820de25eae71c23f",
  "name" : "filterLinesTest",
  "fullName" : "org.mytests.tests.example.DataTableTests.filterLinesTest",
  "historyId" : "c38730790032178fa9356f7560e34ca8",
  "time" : {
    "start" : 1631715310888,
    "stop" : 1631715323655,
    "duration" : 12767
  },
  "status" : "skipped",
  "statusMessage" : "[15:23.654] Failed to execute 'TextAssert.text' for element 'Number(smart: #ui-element>smart: #number)' during '10' seconds. 15:23.058 Expected: is \"2\"\n     but: was \"1\"",
  "statusTrace" : "java.lang.AssertionError: [15:23.654] Failed to execute 'TextAssert.text' for element 'Number(smart: #ui-element>smart: #number)' during '10' seconds. 15:23.058 Expected: is \"2\"\n     but: was \"1\"\n\tat com.epam.jdi.light.common.Exceptions.exception(Exceptions.java:27)\n\tat com.epam.jdi.light.actions.ActionHelper.actionFailed(ActionHelper.java:383)\n\tat com.epam.jdi.tools.func.JFunc2.execute(JFunc2.java:19)\n\tat com.epam.jdi.light.actions.ActionProcessor.jdiAround(ActionProcessor.java:55)\n\tat com.epam.jdi.light.asserts.generic.TextAssert.text(TextAssert.java:17)\n\tat org.mytests.tests.example.DataTableTests.validateUserRow(DataTableTests.java:90)\n\tat org.mytests.tests.example.DataTableTests.filterLinesTest(DataTableTests.java:74)\n\tat java.base/jdk.internal.reflect.NativeMethodAccessorImpl.invoke0(Native Method)\n\tat java.base/jdk.internal.reflect.NativeMethodAccessorImpl.invoke(NativeMethodAccessorImpl.java:62)\n\tat java.base/jdk.internal.reflect.DelegatingMethodAccessorImpl.invoke(DelegatingMethodAccessorImpl.java:43)\n\tat java.base/java.lang.reflect.Method.invoke(Method.java:564)\n\tat org.testng.internal.MethodInvocationHelper.invokeMethod(MethodInvocationHelper.java:124)\n\tat org.testng.internal.Invoker.invokeMethod(Invoker.java:583)\n\tat org.testng.internal.Invoker.invokeTestMethod(Invoker.java:719)\n\tat org.testng.internal.Invoker.invokeTestMethods(Invoker.java:989)\n\tat org.testng.internal.TestMethodWorker.invokeTestMethods(TestMethodWorker.java:125)\n\tat org.testng.internal.TestMethodWorker.run(TestMethodWorker.java:109)\n\tat java.base/java.util.concurrent.ThreadPoolExecutor.runWorker(ThreadPoolExecutor.java:1130)\n\tat java.base/java.util.concurrent.ThreadPoolExecutor$Worker.run(ThreadPoolExecutor.java:630)\n\tat java.base/java.lang.Thread.run(Thread.java:832)\nCaused by: java.lang.AssertionError: Failed to execute 'TextAssert.text' for element 'Number(smart: #ui-element>smart: #number)' during '10' seconds. 15:23.058 \nExpected: is \"2\"\n     but: was \"1\"\n\tat com.epam.jdi.light.common.Exceptions.exception(Exceptions.java:27)\n\tat com.epam.jdi.light.actions.ActionHelper.stableAction(ActionHelper.java:638)\n\tat com.epam.jdi.light.actions.ActionProcessor.jdiAround(ActionProcessor.java:48)\n\t... 16 more\nCaused by: java.lang.AssertionError: 15:23.058 \nExpected: is \"2\"\n     but: was \"1\"\n\tat com.epam.jdi.light.asserts.core.SoftAssert.jdiAssert(SoftAssert.java:48)\n\tat com.epam.jdi.light.asserts.core.SoftAssert.jdiAssert(SoftAssert.java:59)\n\tat com.epam.jdi.light.asserts.generic.TextAssert.text_aroundBody0(TextAssert.java:18)\n\tat com.epam.jdi.light.asserts.generic.TextAssert$AjcClosure1.run(TextAssert.java:1)\n\tat org.aspectj.runtime.reflect.JoinPointImpl.proceed(JoinPointImpl.java:167)\n\tat com.epam.jdi.light.actions.ActionObject.execute(ActionObject.java:60)\n\tat com.epam.jdi.light.actions.ActionHelper.stableAction(ActionHelper.java:626)\n\t... 17 more\n",
  "flaky" : false,
  "newFailed" : false,
  "beforeStages" : [ {
    "name" : "before",
    "time" : {
      "start" : 1631715310586,
      "stop" : 1631715310886,
      "duration" : 300
    },
    "description" : "",
    "status" : "passed",
    "steps" : [ {
      "name" : "shouldBeLoggedIn",
      "time" : {
        "start" : 1631715310587,
        "stop" : 1631715310756,
        "duration" : 169
      },
      "status" : "passed",
      "steps" : [ ],
      "attachments" : [ ],
      "parameters" : [ ],
      "stepsCount" : 0,
      "attachmentsCount" : 0,
      "shouldDisplayMessage" : false,
      "hasContent" : false
    }, {
      "name" : "Open 'Users Page'(url=https://epam.github.io/JDI/user-table.html)",
      "time" : {
        "start" : 1631715310757,
        "stop" : 1631715310886,
        "duration" : 129
      },
      "status" : "passed",
      "steps" : [ {
        "name" : "Open 'Users Page'(url=https://epam.github.io/JDI/user-table.html)",
        "time" : {
          "start" : 1631715310760,
          "stop" : 1631715310886,
          "duration" : 126
        },
        "status" : "passed",
        "steps" : [ ],
        "attachments" : [ ],
        "parameters" : [ ],
        "stepsCount" : 0,
        "attachmentsCount" : 0,
        "shouldDisplayMessage" : false,
        "hasContent" : false
      } ],
      "attachments" : [ {
        "uid" : "18a44df0736d2d23",
        "name" : "Details",
        "source" : "18a44df0736d2d23.html",
        "type" : "text/plain",
        "size" : 135
      } ],
      "parameters" : [ ],
      "stepsCount" : 1,
      "attachmentsCount" : 1,
      "shouldDisplayMessage" : false,
      "hasContent" : true
    } ],
    "attachments" : [ ],
    "parameters" : [ ],
    "stepsCount" : 3,
    "attachmentsCount" : 1,
    "shouldDisplayMessage" : false,
    "hasContent" : true
  }, {
    "name" : "setUp",
    "time" : {
      "start" : 1631715287057,
      "stop" : 1631715291020,
      "duration" : 3963
    },
    "description" : "",
    "status" : "passed",
    "steps" : [ {
      "name" : "Open 'SiteJdi'(url=https://epam.github.io/JDI/)",
      "time" : {
        "start" : 1631715288665,
        "stop" : 1631715291019,
        "duration" : 2354
      },
      "status" : "passed",
      "steps" : [ {
        "name" : "Open 'SiteJdi'(url=https://epam.github.io/JDI/)",
        "time" : {
          "start" : 1631715290535,
          "stop" : 1631715291019,
          "duration" : 484
        },
        "status" : "passed",
        "steps" : [ ],
        "attachments" : [ ],
        "parameters" : [ ],
        "stepsCount" : 0,
        "attachmentsCount" : 0,
        "shouldDisplayMessage" : false,
        "hasContent" : false
      } ],
      "attachments" : [ {
        "uid" : "5568c7b7c790a2ff",
        "name" : "Details",
        "source" : "5568c7b7c790a2ff.html",
        "type" : "text/plain",
        "size" : 119
      } ],
      "parameters" : [ ],
      "stepsCount" : 1,
      "attachmentsCount" : 1,
      "shouldDisplayMessage" : false,
      "hasContent" : true
    } ],
    "attachments" : [ ],
    "parameters" : [ ],
    "stepsCount" : 2,
    "attachmentsCount" : 1,
    "shouldDisplayMessage" : false,
    "hasContent" : true
  } ],
  "testStage" : {
    "status" : "skipped",
    "statusMessage" : "[15:23.654] Failed to execute 'TextAssert.text' for element 'Number(smart: #ui-element>smart: #number)' during '10' seconds. 15:23.058 Expected: is \"2\"\n     but: was \"1\"",
    "statusTrace" : "java.lang.AssertionError: [15:23.654] Failed to execute 'TextAssert.text' for element 'Number(smart: #ui-element>smart: #number)' during '10' seconds. 15:23.058 Expected: is \"2\"\n     but: was \"1\"\n\tat com.epam.jdi.light.common.Exceptions.exception(Exceptions.java:27)\n\tat com.epam.jdi.light.actions.ActionHelper.actionFailed(ActionHelper.java:383)\n\tat com.epam.jdi.tools.func.JFunc2.execute(JFunc2.java:19)\n\tat com.epam.jdi.light.actions.ActionProcessor.jdiAround(ActionProcessor.java:55)\n\tat com.epam.jdi.light.asserts.generic.TextAssert.text(TextAssert.java:17)\n\tat org.mytests.tests.example.DataTableTests.validateUserRow(DataTableTests.java:90)\n\tat org.mytests.tests.example.DataTableTests.filterLinesTest(DataTableTests.java:74)\n\tat java.base/jdk.internal.reflect.NativeMethodAccessorImpl.invoke0(Native Method)\n\tat java.base/jdk.internal.reflect.NativeMethodAccessorImpl.invoke(NativeMethodAccessorImpl.java:62)\n\tat java.base/jdk.internal.reflect.DelegatingMethodAccessorImpl.invoke(DelegatingMethodAccessorImpl.java:43)\n\tat java.base/java.lang.reflect.Method.invoke(Method.java:564)\n\tat org.testng.internal.MethodInvocationHelper.invokeMethod(MethodInvocationHelper.java:124)\n\tat org.testng.internal.Invoker.invokeMethod(Invoker.java:583)\n\tat org.testng.internal.Invoker.invokeTestMethod(Invoker.java:719)\n\tat org.testng.internal.Invoker.invokeTestMethods(Invoker.java:989)\n\tat org.testng.internal.TestMethodWorker.invokeTestMethods(TestMethodWorker.java:125)\n\tat org.testng.internal.TestMethodWorker.run(TestMethodWorker.java:109)\n\tat java.base/java.util.concurrent.ThreadPoolExecutor.runWorker(ThreadPoolExecutor.java:1130)\n\tat java.base/java.util.concurrent.ThreadPoolExecutor$Worker.run(ThreadPoolExecutor.java:630)\n\tat java.base/java.lang.Thread.run(Thread.java:832)\nCaused by: java.lang.AssertionError: Failed to execute 'TextAssert.text' for element 'Number(smart: #ui-element>smart: #number)' during '10' seconds. 15:23.058 \nExpected: is \"2\"\n     but: was \"1\"\n\tat com.epam.jdi.light.common.Exceptions.exception(Exceptions.java:27)\n\tat com.epam.jdi.light.actions.ActionHelper.stableAction(ActionHelper.java:638)\n\tat com.epam.jdi.light.actions.ActionProcessor.jdiAround(ActionProcessor.java:48)\n\t... 16 more\nCaused by: java.lang.AssertionError: 15:23.058 \nExpected: is \"2\"\n     but: was \"1\"\n\tat com.epam.jdi.light.asserts.core.SoftAssert.jdiAssert(SoftAssert.java:48)\n\tat com.epam.jdi.light.asserts.core.SoftAssert.jdiAssert(SoftAssert.java:59)\n\tat com.epam.jdi.light.asserts.generic.TextAssert.text_aroundBody0(TextAssert.java:18)\n\tat com.epam.jdi.light.asserts.generic.TextAssert$AjcClosure1.run(TextAssert.java:1)\n\tat org.aspectj.runtime.reflect.JoinPointImpl.proceed(JoinPointImpl.java:167)\n\tat com.epam.jdi.light.actions.ActionObject.execute(ActionObject.java:60)\n\tat com.epam.jdi.light.actions.ActionHelper.stableAction(ActionHelper.java:626)\n\t... 17 more\n",
    "steps" : [ {
      "name" : "Get row '2' for 'Users' table",
      "time" : {
        "start" : 1631715310890,
        "stop" : 1631715312818,
        "duration" : 1928
      },
      "status" : "passed",
      "steps" : [ {
        "name" : "Get row '2' for 'Users' table",
        "time" : {
          "start" : 1631715310899,
          "stop" : 1631715312499,
          "duration" : 1600
        },
        "status" : "passed",
        "steps" : [ {
          "name" : "Get 'Users' header",
          "time" : {
            "start" : 1631715310901,
            "stop" : 1631715311791,
            "duration" : 890
          },
          "status" : "passed",
          "steps" : [ {
            "name" : "Get 'Users header' values",
            "time" : {
              "start" : 1631715311287,
              "stop" : 1631715311791,
              "duration" : 504
            },
            "status" : "passed",
            "steps" : [ {
              "name" : "Get '' text",
              "time" : {
                "start" : 1631715311685,
                "stop" : 1631715311717,
                "duration" : 32
              },
              "status" : "passed",
              "steps" : [ ],
              "attachments" : [ {
                "uid" : "ed2a5c27139ea414",
                "name" : "Actual result",
                "source" : "ed2a5c27139ea414.html",
                "type" : "text/plain",
                "size" : 6
              } ],
              "parameters" : [ ],
              "stepsCount" : 0,
              "attachmentsCount" : 1,
              "shouldDisplayMessage" : false,
              "hasContent" : true
            } ],
            "attachments" : [ {
              "uid" : "2df20e8f26d8650a",
              "name" : "Actual result",
              "source" : "2df20e8f26d8650a.html",
              "type" : "text/plain",
              "size" : 32
            } ],
            "parameters" : [ ],
            "stepsCount" : 1,
            "attachmentsCount" : 2,
            "shouldDisplayMessage" : false,
            "hasContent" : true
          } ],
          "attachments" : [ {
            "uid" : "51d9927b09c5d5f9",
            "name" : "Actual result",
            "source" : "51d9927b09c5d5f9.html",
            "type" : "text/plain",
            "size" : 32
          } ],
          "parameters" : [ ],
          "stepsCount" : 2,
          "attachmentsCount" : 3,
          "shouldDisplayMessage" : false,
          "hasContent" : true
        }, {
          "name" : "Get 'Users' rows count",
          "time" : {
            "start" : 1631715311792,
            "stop" : 1631715311960,
            "duration" : 168
          },
          "status" : "passed",
          "steps" : [ {
            "name" : "Get 'xpath='//tbody//tr[1]/td'' values",
            "time" : {
              "start" : 1631715311874,
              "stop" : 1631715311959,
              "duration" : 85
            },
            "status" : "passed",
            "steps" : [ ],
            "attachments" : [ {
              "uid" : "ed6036a2216bfc04",
              "name" : "Actual result",
              "source" : "ed6036a2216bfc04.html",
              "type" : "text/plain",
              "size" : 2
            } ],
            "parameters" : [ ],
            "stepsCount" : 0,
            "attachmentsCount" : 1,
            "shouldDisplayMessage" : false,
            "hasContent" : true
          } ],
          "attachments" : [ {
            "uid" : "82728e09c4fb5c4d",
            "name" : "Actual result",
            "source" : "82728e09c4fb5c4d.html",
            "type" : "text/plain",
            "size" : 1
          } ],
          "parameters" : [ ],
          "stepsCount" : 1,
          "attachmentsCount" : 2,
          "shouldDisplayMessage" : false,
          "hasContent" : true
        }, {
          "name" : "Get 'Users line[2]' values",
          "time" : {
            "start" : 1631715311961,
            "stop" : 1631715312499,
            "duration" : 538
          },
          "status" : "passed",
          "steps" : [ ],
          "attachments" : [ {
            "uid" : "3bf3c3394e17664f",
            "name" : "Actual result",
            "source" : "3bf3c3394e17664f.html",
            "type" : "text/plain",
            "size" : 75
          } ],
          "parameters" : [ ],
          "stepsCount" : 0,
          "attachmentsCount" : 1,
          "shouldDisplayMessage" : false,
          "hasContent" : true
        } ],
        "attachments" : [ {
          "uid" : "4c88c95ca06d5489",
          "name" : "Actual result",
          "source" : "4c88c95ca06d5489.html",
          "type" : "text/plain",
          "size" : 98
        } ],
        "parameters" : [ ],
        "stepsCount" : 6,
        "attachmentsCount" : 7,
        "shouldDisplayMessage" : false,
        "hasContent" : true
      } ],
      "attachments" : [ {
        "uid" : "d4439a8b908e2d96",
        "name" : "Details",
        "source" : "d4439a8b908e2d96.html",
        "type" : "text/plain",
        "size" : 35
      }, {
        "uid" : "f7ee53e0348d057b",
        "name" : "Actual result",
        "source" : "f7ee53e0348d057b.html",
        "type" : "text/plain",
        "size" : 18
      } ],
      "parameters" : [ ],
      "stepsCount" : 7,
      "attachmentsCount" : 9,
      "shouldDisplayMessage" : false,
      "hasContent" : true
    }, {
      "name" : "Select 'Admin' in 'Type'",
      "time" : {
        "start" : 1631715312818,
        "stop" : 1631715312881,
        "duration" : 63
      },
      "status" : "passed",
      "steps" : [ {
        "name" : "Select 'Admin' in 'Type'",
        "time" : {
          "start" : 1631715312823,
          "stop" : 1631715312881,
          "duration" : 58
        },
        "status" : "passed",
        "steps" : [ ],
        "attachments" : [ ],
        "parameters" : [ ],
        "stepsCount" : 0,
        "attachmentsCount" : 0,
        "shouldDisplayMessage" : false,
        "hasContent" : false
      } ],
      "attachments" : [ {
        "uid" : "2556462aab2f0001",
        "name" : "Details",
        "source" : "2556462aab2f0001.html",
        "type" : "text/plain",
        "size" : 60
      } ],
      "parameters" : [ ],
      "stepsCount" : 1,
      "attachmentsCount" : 1,
      "shouldDisplayMessage" : false,
      "hasContent" : true
    }, {
      "name" : "Get selected value",
      "time" : {
        "start" : 1631715312882,
        "stop" : 1631715312958,
        "duration" : 76
      },
      "status" : "passed",
      "steps" : [ {
        "name" : "Check that 'Type' is displayed",
        "time" : {
          "start" : 1631715312885,
          "stop" : 1631715312958,
          "duration" : 73
        },
        "status" : "passed",
        "steps" : [ {
          "name" : "Get selected value",
          "time" : {
            "start" : 1631715312885,
            "stop" : 1631715312957,
            "duration" : 72
          },
          "status" : "passed",
          "steps" : [ ],
          "attachments" : [ {
            "uid" : "9a3a7d41639b9dbb",
            "name" : "Actual result",
            "source" : "9a3a7d41639b9dbb.html",
            "type" : "text/plain",
            "size" : 5
          } ],
          "parameters" : [ ],
          "stepsCount" : 0,
          "attachmentsCount" : 1,
          "shouldDisplayMessage" : false,
          "hasContent" : true
        } ],
        "attachments" : [ {
          "uid" : "8fd10c118d627626",
          "name" : "Actual result",
          "source" : "8fd10c118d627626.html",
          "type" : "text/plain",
          "size" : 5
        } ],
        "parameters" : [ ],
        "stepsCount" : 1,
        "attachmentsCount" : 2,
        "shouldDisplayMessage" : false,
        "hasContent" : true
      } ],
      "attachments" : [ {
        "uid" : "2873d4ad00d6723e",
        "name" : "Details",
        "source" : "2873d4ad00d6723e.html",
        "type" : "text/plain",
        "size" : 60
      }, {
        "uid" : "4026b9a47b95ad00",
        "name" : "Actual result",
        "source" : "4026b9a47b95ad00.html",
        "type" : "text/plain",
        "size" : 5
      } ],
      "parameters" : [ ],
      "stepsCount" : 2,
      "attachmentsCount" : 4,
      "shouldDisplayMessage" : false,
      "hasContent" : true
    }, {
      "name" : "Select 'User' in 'Type'",
      "time" : {
        "start" : 1631715312960,
        "stop" : 1631715313039,
        "duration" : 79
      },
      "status" : "passed",
      "steps" : [ {
        "name" : "Select 'User' in 'Type'",
        "time" : {
          "start" : 1631715312969,
          "stop" : 1631715313039,
          "duration" : 70
        },
        "status" : "passed",
        "steps" : [ ],
        "attachments" : [ ],
        "parameters" : [ ],
        "stepsCount" : 0,
        "attachmentsCount" : 0,
        "shouldDisplayMessage" : false,
        "hasContent" : false
      } ],
      "attachments" : [ {
        "uid" : "6ac3e7c7b84ea445",
        "name" : "Details",
        "source" : "6ac3e7c7b84ea445.html",
        "type" : "text/plain",
        "size" : 60
      } ],
      "parameters" : [ ],
      "stepsCount" : 1,
      "attachmentsCount" : 1,
      "shouldDisplayMessage" : false,
      "hasContent" : true
    }, {
      "name" : "Assert that 'Number' text is \"2\"",
      "time" : {
        "start" : 1631715313040
      },
      "status" : "unknown",
      "steps" : [ {
        "name" : "Get 'Number' text",
        "time" : {
          "start" : 1631715313044,
          "stop" : 1631715313112,
          "duration" : 68
        },
        "status" : "passed",
        "steps" : [ ],
        "attachments" : [ {
          "uid" : "a3ec2be872a93396",
          "name" : "Actual result",
          "source" : "a3ec2be872a93396.html",
          "type" : "text/plain",
          "size" : 1
        } ],
        "parameters" : [ ],
        "stepsCount" : 0,
        "attachmentsCount" : 1,
        "shouldDisplayMessage" : false,
        "hasContent" : true
      }, {
        "name" : "Failure details",
        "time" : {
          "start" : 1631715323649,
          "stop" : 1631715323650,
          "duration" : 1
        },
        "status" : "unknown",
        "steps" : [ ],
        "attachments" : [ {
          "uid" : "f7cce66af68ccbc2",
          "name" : "Screenshot",
          "source" : "f7cce66af68ccbc2.png",
          "type" : "image/png",
          "size" : 145674
        } ],
        "parameters" : [ ],
        "stepsCount" : 0,
        "attachmentsCount" : 1,
        "shouldDisplayMessage" : false,
        "hasContent" : true
      } ],
      "attachments" : [ {
        "uid" : "5acc68c329225f2",
        "name" : "Details",
        "source" : "5acc68c329225f2.html",
        "type" : "text/plain",
        "size" : 60
      } ],
      "parameters" : [ ],
      "stepsCount" : 2,
      "attachmentsCount" : 3,
      "shouldDisplayMessage" : false,
      "hasContent" : true
    } ],
    "attachments" : [ ],
    "parameters" : [ ],
    "stepsCount" : 18,
    "attachmentsCount" : 18,
    "shouldDisplayMessage" : true,
    "hasContent" : true
  },
  "afterStages" : [ {
    "name" : "teardown",
    "time" : {
      "start" : 1631715378255,
      "stop" : 1631715378287,
      "duration" : 32
    },
    "description" : "",
    "status" : "passed",
    "steps" : [ ],
    "attachments" : [ ],
    "parameters" : [ ],
    "stepsCount" : 0,
    "attachmentsCount" : 0,
    "shouldDisplayMessage" : false,
    "hasContent" : false
  } ],
  "labels" : [ {
    "name" : "package",
    "value" : "org.mytests.tests.example.DataTableTests"
  }, {
    "name" : "testClass",
    "value" : "org.mytests.tests.example.DataTableTests"
  }, {
    "name" : "testMethod",
    "value" : "filterLinesTest"
  }, {
    "name" : "parentSuite",
    "value" : "Test suite"
  }, {
    "name" : "suite",
    "value" : "Tests"
  }, {
    "name" : "subSuite",
    "value" : "org.mytests.tests.example.DataTableTests"
  }, {
    "name" : "host",
    "value" : "fv-az120-817"
  }, {
    "name" : "thread",
    "value" : "4441@fv-az120-817.TestNG-test=Tests-2(20)"
  }, {
    "name" : "framework",
    "value" : "testng"
  }, {
    "name" : "language",
    "value" : "java"
  }, {
    "name" : "resultFormat",
    "value" : "allure2"
  } ],
  "parameters" : [ ],
  "links" : [ ],
  "hidden" : true,
  "retry" : true,
  "extra" : {
    "categories" : [ ],
    "tags" : [ ]
  },
  "source" : "820de25eae71c23f.json",
  "parameterValues" : [ ]
}