{
  "uid" : "bc68b764bfdae06d",
  "name" : "menuTest",
  "fullName" : "org.mytests.tests.example.MenuTests.menuTest",
  "historyId" : "86ac47dc43d50dc3cc9322d4ef366dd0",
  "time" : {
    "start" : 1629978093567,
    "stop" : 1629978095437,
    "duration" : 1870
  },
  "status" : "skipped",
  "statusMessage" : "[41:35.436] Failed to execute 'Form.submit' for element 'Login Form' during '0' seconds. Failed to fill element 'Name' (locator: smart: [data-testid='name']) with value 'epam'",
  "statusTrace" : "java.lang.RuntimeException: [41:35.436] Failed to execute 'Form.submit' for element 'Login Form' during '0' seconds. Failed to fill element 'Name' (locator: smart: [data-testid='name']) with value 'epam'\n\tat com.epam.jdi.light.common.Exceptions.exception(Exceptions.java:31)\n\tat com.epam.jdi.light.actions.ActionHelper.actionFailed(ActionHelper.java:383)\n\tat com.epam.jdi.tools.func.JFunc2.execute(JFunc2.java:19)\n\tat com.epam.jdi.light.actions.ActionProcessor.jdiAround(ActionProcessor.java:55)\n\tat com.epam.jdi.light.elements.composite.Form.submit(Form.java:255)\n\tat org.mytests.tests.preconditions.Preconditions.login(Preconditions.java:23)\n\tat org.mytests.tests.preconditions.Preconditions.shouldBeLoggedIn(Preconditions.java:18)\n\tat org.mytests.tests.example.MenuTests.menuTest(MenuTests.java:15)\n\tat java.base/jdk.internal.reflect.NativeMethodAccessorImpl.invoke0(Native Method)\n\tat java.base/jdk.internal.reflect.NativeMethodAccessorImpl.invoke(NativeMethodAccessorImpl.java:64)\n\tat java.base/jdk.internal.reflect.DelegatingMethodAccessorImpl.invoke(DelegatingMethodAccessorImpl.java:43)\n\tat java.base/java.lang.reflect.Method.invoke(Method.java:564)\n\tat org.testng.internal.MethodInvocationHelper.invokeMethod(MethodInvocationHelper.java:124)\n\tat org.testng.internal.Invoker.invokeMethod(Invoker.java:583)\n\tat org.testng.internal.Invoker.invokeTestMethod(Invoker.java:719)\n\tat org.testng.internal.Invoker.invokeTestMethods(Invoker.java:989)\n\tat org.testng.internal.TestMethodWorker.invokeTestMethods(TestMethodWorker.java:125)\n\tat org.testng.internal.TestMethodWorker.run(TestMethodWorker.java:109)\n\tat java.base/java.util.concurrent.ThreadPoolExecutor.runWorker(ThreadPoolExecutor.java:1130)\n\tat java.base/java.util.concurrent.ThreadPoolExecutor$Worker.run(ThreadPoolExecutor.java:630)\n\tat java.base/java.lang.Thread.run(Thread.java:832)\nCaused by: java.lang.RuntimeException: Failed to execute 'Form.submit' for element 'Login Form' during '0' seconds. \nFailed to fill element 'Name' (locator: smart: [data-testid='name']) with value 'epam'\n\tat com.epam.jdi.light.common.Exceptions.exception(Exceptions.java:31)\n\tat com.epam.jdi.light.actions.ActionHelper.stableAction(ActionHelper.java:638)\n\tat com.epam.jdi.light.actions.ActionProcessor.jdiAround(ActionProcessor.java:48)\n\t... 17 more\nCaused by: java.lang.RuntimeException: \nFailed to fill element 'Name' (locator: smart: [data-testid='name']) with value 'epam'\n\tat com.epam.jdi.light.common.Exceptions.exception(Exceptions.java:16)\n\tat com.epam.jdi.light.actions.ActionProcessor.debugAround(ActionProcessor.java:73)\n\tat com.epam.jdi.light.elements.composite.Form.fill(Form.java:98)\n\tat com.epam.jdi.light.elements.composite.Form.submit(Form.java:261)\n\tat com.epam.jdi.light.elements.composite.Form.submit_aroundBody30(Form.java:256)\n\tat com.epam.jdi.light.elements.composite.Form$AjcClosure31.run(Form.java:1)\n\tat org.aspectj.runtime.reflect.JoinPointImpl.proceed(JoinPointImpl.java:167)\n\tat com.epam.jdi.light.actions.ActionObject.execute(ActionObject.java:60)\n\tat com.epam.jdi.light.actions.ActionHelper.stableAction(ActionHelper.java:626)\n\t... 18 more\n",
  "flaky" : false,
  "newFailed" : false,
  "beforeStages" : [ {
    "name" : "setUp",
    "time" : {
      "start" : 1629978075473,
      "stop" : 1629978081339,
      "duration" : 5866
    },
    "description" : "",
    "status" : "passed",
    "steps" : [ {
      "name" : "Open 'SiteJdi'(url=https://epam.github.io/JDI/)",
      "time" : {
        "start" : 1629978078004,
        "stop" : 1629978081335,
        "duration" : 3331
      },
      "status" : "passed",
      "steps" : [ {
        "name" : "Open 'SiteJdi'(url=https://epam.github.io/JDI/)",
        "time" : {
          "start" : 1629978080634,
          "stop" : 1629978081332,
          "duration" : 698
        },
        "status" : "passed",
        "steps" : [ ],
        "attachments" : [ ],
        "parameters" : [ ],
        "stepsCount" : 0,
        "attachmentsCount" : 0,
        "shouldDisplayMessage" : false,
        "hasContent" : false
      } ],
      "attachments" : [ {
        "uid" : "67d8ff6bc582d80d",
        "name" : "Details",
        "source" : "67d8ff6bc582d80d.html",
        "type" : "text/plain",
        "size" : 119
      } ],
      "parameters" : [ ],
      "stepsCount" : 1,
      "attachmentsCount" : 1,
      "shouldDisplayMessage" : false,
      "hasContent" : true
    } ],
    "attachments" : [ ],
    "parameters" : [ ],
    "stepsCount" : 2,
    "attachmentsCount" : 1,
    "shouldDisplayMessage" : false,
    "hasContent" : true
  } ],
  "testStage" : {
    "status" : "skipped",
    "statusMessage" : "[41:35.436] Failed to execute 'Form.submit' for element 'Login Form' during '0' seconds. Failed to fill element 'Name' (locator: smart: [data-testid='name']) with value 'epam'",
    "statusTrace" : "java.lang.RuntimeException: [41:35.436] Failed to execute 'Form.submit' for element 'Login Form' during '0' seconds. Failed to fill element 'Name' (locator: smart: [data-testid='name']) with value 'epam'\n\tat com.epam.jdi.light.common.Exceptions.exception(Exceptions.java:31)\n\tat com.epam.jdi.light.actions.ActionHelper.actionFailed(ActionHelper.java:383)\n\tat com.epam.jdi.tools.func.JFunc2.execute(JFunc2.java:19)\n\tat com.epam.jdi.light.actions.ActionProcessor.jdiAround(ActionProcessor.java:55)\n\tat com.epam.jdi.light.elements.composite.Form.submit(Form.java:255)\n\tat org.mytests.tests.preconditions.Preconditions.login(Preconditions.java:23)\n\tat org.mytests.tests.preconditions.Preconditions.shouldBeLoggedIn(Preconditions.java:18)\n\tat org.mytests.tests.example.MenuTests.menuTest(MenuTests.java:15)\n\tat java.base/jdk.internal.reflect.NativeMethodAccessorImpl.invoke0(Native Method)\n\tat java.base/jdk.internal.reflect.NativeMethodAccessorImpl.invoke(NativeMethodAccessorImpl.java:64)\n\tat java.base/jdk.internal.reflect.DelegatingMethodAccessorImpl.invoke(DelegatingMethodAccessorImpl.java:43)\n\tat java.base/java.lang.reflect.Method.invoke(Method.java:564)\n\tat org.testng.internal.MethodInvocationHelper.invokeMethod(MethodInvocationHelper.java:124)\n\tat org.testng.internal.Invoker.invokeMethod(Invoker.java:583)\n\tat org.testng.internal.Invoker.invokeTestMethod(Invoker.java:719)\n\tat org.testng.internal.Invoker.invokeTestMethods(Invoker.java:989)\n\tat org.testng.internal.TestMethodWorker.invokeTestMethods(TestMethodWorker.java:125)\n\tat org.testng.internal.TestMethodWorker.run(TestMethodWorker.java:109)\n\tat java.base/java.util.concurrent.ThreadPoolExecutor.runWorker(ThreadPoolExecutor.java:1130)\n\tat java.base/java.util.concurrent.ThreadPoolExecutor$Worker.run(ThreadPoolExecutor.java:630)\n\tat java.base/java.lang.Thread.run(Thread.java:832)\nCaused by: java.lang.RuntimeException: Failed to execute 'Form.submit' for element 'Login Form' during '0' seconds. \nFailed to fill element 'Name' (locator: smart: [data-testid='name']) with value 'epam'\n\tat com.epam.jdi.light.common.Exceptions.exception(Exceptions.java:31)\n\tat com.epam.jdi.light.actions.ActionHelper.stableAction(ActionHelper.java:638)\n\tat com.epam.jdi.light.actions.ActionProcessor.jdiAround(ActionProcessor.java:48)\n\t... 17 more\nCaused by: java.lang.RuntimeException: \nFailed to fill element 'Name' (locator: smart: [data-testid='name']) with value 'epam'\n\tat com.epam.jdi.light.common.Exceptions.exception(Exceptions.java:16)\n\tat com.epam.jdi.light.actions.ActionProcessor.debugAround(ActionProcessor.java:73)\n\tat com.epam.jdi.light.elements.composite.Form.fill(Form.java:98)\n\tat com.epam.jdi.light.elements.composite.Form.submit(Form.java:261)\n\tat com.epam.jdi.light.elements.composite.Form.submit_aroundBody30(Form.java:256)\n\tat com.epam.jdi.light.elements.composite.Form$AjcClosure31.run(Form.java:1)\n\tat org.aspectj.runtime.reflect.JoinPointImpl.proceed(JoinPointImpl.java:167)\n\tat com.epam.jdi.light.actions.ActionObject.execute(ActionObject.java:60)\n\tat com.epam.jdi.light.actions.ActionHelper.stableAction(ActionHelper.java:626)\n\t... 18 more\n",
    "steps" : [ {
      "name" : "shouldBeLoggedIn",
      "time" : {
        "start" : 1629978093569
      },
      "status" : "unknown",
      "steps" : [ {
        "name" : "login",
        "time" : {
          "start" : 1629978093696,
          "stop" : 1629978095436,
          "duration" : 1740
        },
        "status" : "broken",
        "statusMessage" : "[41:35.436] Failed to execute 'Form.submit' for element 'Login Form' during '0' seconds. Failed to fill element 'Name' (locator: smart: [data-testid='name']) with value 'epam'",
        "statusTrace" : "java.lang.RuntimeException: [41:35.436] Failed to execute 'Form.submit' for element 'Login Form' during '0' seconds. Failed to fill element 'Name' (locator: smart: [data-testid='name']) with value 'epam'\n\tat com.epam.jdi.light.common.Exceptions.exception(Exceptions.java:31)\n\tat com.epam.jdi.light.actions.ActionHelper.actionFailed(ActionHelper.java:383)\n\tat com.epam.jdi.tools.func.JFunc2.execute(JFunc2.java:19)\n\tat com.epam.jdi.light.actions.ActionProcessor.jdiAround(ActionProcessor.java:55)\n\tat com.epam.jdi.light.elements.composite.Form.submit(Form.java:255)\n\tat org.mytests.tests.preconditions.Preconditions.login(Preconditions.java:23)\n\tat org.mytests.tests.preconditions.Preconditions.shouldBeLoggedIn(Preconditions.java:18)\n\tat org.mytests.tests.example.MenuTests.menuTest(MenuTests.java:15)\n\tat java.base/jdk.internal.reflect.NativeMethodAccessorImpl.invoke0(Native Method)\n\tat java.base/jdk.internal.reflect.NativeMethodAccessorImpl.invoke(NativeMethodAccessorImpl.java:64)\n\tat java.base/jdk.internal.reflect.DelegatingMethodAccessorImpl.invoke(DelegatingMethodAccessorImpl.java:43)\n\tat java.base/java.lang.reflect.Method.invoke(Method.java:564)\n\tat org.testng.internal.MethodInvocationHelper.invokeMethod(MethodInvocationHelper.java:124)\n\tat org.testng.internal.Invoker.invokeMethod(Invoker.java:583)\n\tat org.testng.internal.Invoker.invokeTestMethod(Invoker.java:719)\n\tat org.testng.internal.Invoker.invokeTestMethods(Invoker.java:989)\n\tat org.testng.internal.TestMethodWorker.invokeTestMethods(TestMethodWorker.java:125)\n\tat org.testng.internal.TestMethodWorker.run(TestMethodWorker.java:109)\n\tat java.base/java.util.concurrent.ThreadPoolExecutor.runWorker(ThreadPoolExecutor.java:1130)\n\tat java.base/java.util.concurrent.ThreadPoolExecutor$Worker.run(ThreadPoolExecutor.java:630)\n\tat java.base/java.lang.Thread.run(Thread.java:832)\nCaused by: java.lang.RuntimeException: Failed to execute 'Form.submit' for element 'Login Form' during '0' seconds. \nFailed to fill element 'Name' (locator: smart: [data-testid='name']) with value 'epam'\n\tat com.epam.jdi.light.common.Exceptions.exception(Exceptions.java:31)\n\tat com.epam.jdi.light.actions.ActionHelper.stableAction(ActionHelper.java:638)\n\tat com.epam.jdi.light.actions.ActionProcessor.jdiAround(ActionProcessor.java:48)\n\t... 17 more\nCaused by: java.lang.RuntimeException: \nFailed to fill element 'Name' (locator: smart: [data-testid='name']) with value 'epam'\n\tat com.epam.jdi.light.common.Exceptions.exception(Exceptions.java:16)\n\tat com.epam.jdi.light.actions.ActionProcessor.debugAround(ActionProcessor.java:73)\n\tat com.epam.jdi.light.elements.composite.Form.fill(Form.java:98)\n\tat com.epam.jdi.light.elements.composite.Form.submit(Form.java:261)\n\tat com.epam.jdi.light.elements.composite.Form.submit_aroundBody30(Form.java:256)\n\tat com.epam.jdi.light.elements.composite.Form$AjcClosure31.run(Form.java:1)\n\tat org.aspectj.runtime.reflect.JoinPointImpl.proceed(JoinPointImpl.java:167)\n\tat com.epam.jdi.light.actions.ActionObject.execute(ActionObject.java:60)\n\tat com.epam.jdi.light.actions.ActionHelper.stableAction(ActionHelper.java:626)\n\t... 18 more\n",
        "steps" : [ {
          "name" : "Click on 'User Icon'",
          "time" : {
            "start" : 1629978093697,
            "stop" : 1629978094172,
            "duration" : 475
          },
          "status" : "passed",
          "steps" : [ {
            "name" : "Click on 'User Icon'",
            "time" : {
              "start" : 1629978093711,
              "stop" : 1629978094172,
              "duration" : 461
            },
            "status" : "passed",
            "steps" : [ {
              "name" : "Check that 'User Icon' is disabled",
              "time" : {
                "start" : 1629978093714,
                "stop" : 1629978094061,
                "duration" : 347
              },
              "status" : "passed",
              "steps" : [ ],
              "attachments" : [ {
                "uid" : "bd1c74ac2295914f",
                "name" : "Actual result",
                "source" : "bd1c74ac2295914f.html",
                "type" : "text/plain",
                "size" : 5
              } ],
              "parameters" : [ ],
              "stepsCount" : 0,
              "attachmentsCount" : 1,
              "shouldDisplayMessage" : false,
              "hasContent" : true
            } ],
            "attachments" : [ ],
            "parameters" : [ ],
            "stepsCount" : 1,
            "attachmentsCount" : 1,
            "shouldDisplayMessage" : false,
            "hasContent" : true
          } ],
          "attachments" : [ {
            "uid" : "e979687a573f7ffc",
            "name" : "Details",
            "source" : "e979687a573f7ffc.html",
            "type" : "text/plain",
            "size" : 38
          } ],
          "parameters" : [ ],
          "stepsCount" : 2,
          "attachmentsCount" : 2,
          "shouldDisplayMessage" : false,
          "hasContent" : true
        }, {
          "name" : "Fill 'Login Form' with User(name:epam; password:1234) and press 'enter'",
          "time" : {
            "start" : 1629978094173,
            "stop" : 1629978095436,
            "duration" : 1263
          },
          "status" : "broken",
          "statusMessage" : "[41:35.436] Failed to execute 'Form.submit' for element 'Login Form' during '0' seconds. Failed to fill element 'Name' (locator: smart: [data-testid='name']) with value 'epam'",
          "statusTrace" : "java.lang.RuntimeException: [41:35.436] Failed to execute 'Form.submit' for element 'Login Form' during '0' seconds. Failed to fill element 'Name' (locator: smart: [data-testid='name']) with value 'epam'\n\tat com.epam.jdi.light.common.Exceptions.exception(Exceptions.java:31)\n\tat com.epam.jdi.light.actions.ActionHelper.actionFailed(ActionHelper.java:383)\n\tat com.epam.jdi.tools.func.JFunc2.execute(JFunc2.java:19)\n\tat com.epam.jdi.light.actions.ActionProcessor.jdiAround(ActionProcessor.java:55)\n\tat com.epam.jdi.light.elements.composite.Form.submit(Form.java:255)\n\tat org.mytests.tests.preconditions.Preconditions.login(Preconditions.java:23)\n\tat org.mytests.tests.preconditions.Preconditions.shouldBeLoggedIn(Preconditions.java:18)\n\tat org.mytests.tests.example.MenuTests.menuTest(MenuTests.java:15)\n\tat java.base/jdk.internal.reflect.NativeMethodAccessorImpl.invoke0(Native Method)\n\tat java.base/jdk.internal.reflect.NativeMethodAccessorImpl.invoke(NativeMethodAccessorImpl.java:64)\n\tat java.base/jdk.internal.reflect.DelegatingMethodAccessorImpl.invoke(DelegatingMethodAccessorImpl.java:43)\n\tat java.base/java.lang.reflect.Method.invoke(Method.java:564)\n\tat org.testng.internal.MethodInvocationHelper.invokeMethod(MethodInvocationHelper.java:124)\n\tat org.testng.internal.Invoker.invokeMethod(Invoker.java:583)\n\tat org.testng.internal.Invoker.invokeTestMethod(Invoker.java:719)\n\tat org.testng.internal.Invoker.invokeTestMethods(Invoker.java:989)\n\tat org.testng.internal.TestMethodWorker.invokeTestMethods(TestMethodWorker.java:125)\n\tat org.testng.internal.TestMethodWorker.run(TestMethodWorker.java:109)\n\tat java.base/java.util.concurrent.ThreadPoolExecutor.runWorker(ThreadPoolExecutor.java:1130)\n\tat java.base/java.util.concurrent.ThreadPoolExecutor$Worker.run(ThreadPoolExecutor.java:630)\n\tat java.base/java.lang.Thread.run(Thread.java:832)\nCaused by: java.lang.RuntimeException: Failed to execute 'Form.submit' for element 'Login Form' during '0' seconds. \nFailed to fill element 'Name' (locator: smart: [data-testid='name']) with value 'epam'\n\tat com.epam.jdi.light.common.Exceptions.exception(Exceptions.java:31)\n\tat com.epam.jdi.light.actions.ActionHelper.stableAction(ActionHelper.java:638)\n\tat com.epam.jdi.light.actions.ActionProcessor.jdiAround(ActionProcessor.java:48)\n\t... 17 more\nCaused by: java.lang.RuntimeException: \nFailed to fill element 'Name' (locator: smart: [data-testid='name']) with value 'epam'\n\tat com.epam.jdi.light.common.Exceptions.exception(Exceptions.java:16)\n\tat com.epam.jdi.light.actions.ActionProcessor.debugAround(ActionProcessor.java:73)\n\tat com.epam.jdi.light.elements.composite.Form.fill(Form.java:98)\n\tat com.epam.jdi.light.elements.composite.Form.submit(Form.java:261)\n\tat com.epam.jdi.light.elements.composite.Form.submit_aroundBody30(Form.java:256)\n\tat com.epam.jdi.light.elements.composite.Form$AjcClosure31.run(Form.java:1)\n\tat org.aspectj.runtime.reflect.JoinPointImpl.proceed(JoinPointImpl.java:167)\n\tat com.epam.jdi.light.actions.ActionObject.execute(ActionObject.java:60)\n\tat com.epam.jdi.light.actions.ActionHelper.stableAction(ActionHelper.java:626)\n\t... 18 more\n",
          "steps" : [ {
            "name" : "Input 'epam' in 'Name'",
            "time" : {
              "start" : 1629978094185,
              "stop" : 1629978094341,
              "duration" : 156
            },
            "status" : "unknown",
            "steps" : [ ],
            "attachments" : [ ],
            "parameters" : [ ],
            "stepsCount" : 0,
            "attachmentsCount" : 0,
            "shouldDisplayMessage" : false,
            "hasContent" : false
          }, {
            "name" : "Show",
            "time" : {
              "start" : 1629978094544,
              "stop" : 1629978094992,
              "duration" : 448
            },
            "status" : "passed",
            "steps" : [ {
              "name" : "Check that 'Login Form' is visible by user",
              "time" : {
                "start" : 1629978094678,
                "stop" : 1629978094899,
                "duration" : 221
              },
              "status" : "passed",
              "steps" : [ {
                "name" : "Check that 'Login Form' is hidden",
                "time" : {
                  "start" : 1629978094680,
                  "stop" : 1629978094820,
                  "duration" : 140
                },
                "status" : "passed",
                "steps" : [ ],
                "attachments" : [ {
                  "uid" : "77b9c3f1536fad24",
                  "name" : "Actual result",
                  "source" : "77b9c3f1536fad24.html",
                  "type" : "text/plain",
                  "size" : 5
                } ],
                "parameters" : [ ],
                "stepsCount" : 0,
                "attachmentsCount" : 1,
                "shouldDisplayMessage" : false,
                "hasContent" : true
              } ],
              "attachments" : [ {
                "uid" : "bbfdc294a4580c2a",
                "name" : "Actual result",
                "source" : "bbfdc294a4580c2a.html",
                "type" : "text/plain",
                "size" : 5
              } ],
              "parameters" : [ ],
              "stepsCount" : 1,
              "attachmentsCount" : 2,
              "shouldDisplayMessage" : false,
              "hasContent" : true
            } ],
            "attachments" : [ ],
            "parameters" : [ ],
            "stepsCount" : 2,
            "attachmentsCount" : 2,
            "shouldDisplayMessage" : false,
            "hasContent" : true
          }, {
            "name" : "Failure details",
            "time" : {
              "start" : 1629978095429,
              "stop" : 1629978095429,
              "duration" : 0
            },
            "status" : "unknown",
            "steps" : [ ],
            "attachments" : [ {
              "uid" : "59a1cdc1b678af46",
              "name" : "Screenshot",
              "source" : "59a1cdc1b678af46.png",
              "type" : "image/png",
              "size" : 128672
            } ],
            "parameters" : [ ],
            "stepsCount" : 0,
            "attachmentsCount" : 1,
            "shouldDisplayMessage" : false,
            "hasContent" : true
          } ],
          "attachments" : [ {
            "uid" : "2de15e153bfe89af",
            "name" : "Details",
            "source" : "2de15e153bfe89af.html",
            "type" : "text/plain",
            "size" : 30
          } ],
          "parameters" : [ ],
          "stepsCount" : 5,
          "attachmentsCount" : 4,
          "shouldDisplayMessage" : true,
          "hasContent" : true
        } ],
        "attachments" : [ ],
        "parameters" : [ ],
        "stepsCount" : 9,
        "attachmentsCount" : 6,
        "shouldDisplayMessage" : false,
        "hasContent" : true
      } ],
      "attachments" : [ ],
      "parameters" : [ ],
      "stepsCount" : 10,
      "attachmentsCount" : 6,
      "shouldDisplayMessage" : false,
      "hasContent" : true
    } ],
    "attachments" : [ ],
    "parameters" : [ ],
    "stepsCount" : 11,
    "attachmentsCount" : 6,
    "shouldDisplayMessage" : false,
    "hasContent" : true
  },
  "afterStages" : [ {
    "name" : "teardown",
    "time" : {
      "start" : 1629978100529,
      "stop" : 1629978100577,
      "duration" : 48
    },
    "description" : "",
    "status" : "passed",
    "steps" : [ ],
    "attachments" : [ ],
    "parameters" : [ ],
    "stepsCount" : 0,
    "attachmentsCount" : 0,
    "shouldDisplayMessage" : false,
    "hasContent" : false
  } ],
  "labels" : [ {
    "name" : "package",
    "value" : "org.mytests.tests.example.MenuTests"
  }, {
    "name" : "testClass",
    "value" : "org.mytests.tests.example.MenuTests"
  }, {
    "name" : "testMethod",
    "value" : "menuTest"
  }, {
    "name" : "parentSuite",
    "value" : "Test suite"
  }, {
    "name" : "suite",
    "value" : "Tests"
  }, {
    "name" : "subSuite",
    "value" : "org.mytests.tests.example.MenuTests"
  }, {
    "name" : "host",
    "value" : "fv-az281-863"
  }, {
    "name" : "thread",
    "value" : "4536@fv-az281-863.TestNG-test=Tests-3(21)"
  }, {
    "name" : "framework",
    "value" : "testng"
  }, {
    "name" : "language",
    "value" : "java"
  }, {
    "name" : "resultFormat",
    "value" : "allure2"
  } ],
  "parameters" : [ ],
  "links" : [ ],
  "hidden" : true,
  "retry" : true,
  "extra" : {
    "categories" : [ ],
    "tags" : [ ]
  },
  "source" : "bc68b764bfdae06d.json",
  "parameterValues" : [ ]
}