{
  "uid" : "dd56dfce7776ce39",
  "name" : "customMenuTest",
  "fullName" : "org.mytests.tests.example.MenuTests.customMenuTest",
  "historyId" : "f82d99216fb6cdf138a2ed677f2414b4",
  "time" : {
    "start" : 1629977046814,
    "stop" : 1629977056604,
    "duration" : 9790
  },
  "status" : "skipped",
  "statusMessage" : "java.lang.RuntimeException: Failed to add attachments to Allure step",
  "statusTrace" : "java.lang.RuntimeException: java.lang.RuntimeException: Failed to add attachments to Allure step\n\tat com.epam.jdi.tools.func.JFunc2.execute(JFunc2.java:21)\n\tat com.epam.jdi.light.actions.ActionProcessor.jdiAround(ActionProcessor.java:55)\n\tat com.epam.jdi.light.elements.composite.Form.submit(Form.java:255)\n\tat org.mytests.tests.preconditions.Preconditions.login(Preconditions.java:23)\n\tat org.mytests.tests.preconditions.Preconditions.shouldBeLoggedIn(Preconditions.java:18)\n\tat org.mytests.tests.example.MenuTests.customMenuTest(MenuTests.java:24)\n\tat sun.reflect.NativeMethodAccessorImpl.invoke0(Native Method)\n\tat sun.reflect.NativeMethodAccessorImpl.invoke(NativeMethodAccessorImpl.java:62)\n\tat sun.reflect.DelegatingMethodAccessorImpl.invoke(DelegatingMethodAccessorImpl.java:43)\n\tat java.lang.reflect.Method.invoke(Method.java:498)\n\tat org.testng.internal.MethodInvocationHelper.invokeMethod(MethodInvocationHelper.java:124)\n\tat org.testng.internal.Invoker.invokeMethod(Invoker.java:583)\n\tat org.testng.internal.Invoker.invokeTestMethod(Invoker.java:719)\n\tat org.testng.internal.Invoker.invokeTestMethods(Invoker.java:989)\n\tat org.testng.internal.TestMethodWorker.invokeTestMethods(TestMethodWorker.java:125)\n\tat org.testng.internal.TestMethodWorker.run(TestMethodWorker.java:109)\n\tat java.util.concurrent.ThreadPoolExecutor.runWorker(ThreadPoolExecutor.java:1149)\n\tat java.util.concurrent.ThreadPoolExecutor$Worker.run(ThreadPoolExecutor.java:624)\n\tat java.lang.Thread.run(Thread.java:748)\nCaused by: java.lang.RuntimeException: Failed to add attachments to Allure step\n\tat com.epam.jdi.light.common.Exceptions.exception(Exceptions.java:31)\n\tat com.epam.jdi.light.logger.AllureLogger.attachDataToStep(AllureLogger.java:236)\n\tat com.epam.jdi.light.logger.AllureLogger.failStep(AllureLogger.java:245)\n\tat com.epam.jdi.light.actions.ActionHelper.logFailure(ActionHelper.java:399)\n\tat com.epam.jdi.light.actions.ActionHelper.actionFailed(ActionHelper.java:369)\n\tat com.epam.jdi.tools.func.JFunc2.execute(JFunc2.java:19)\n\t... 18 more\nCaused by: java.nio.file.NoSuchFileException: /home/runner/work/jdi-light-selenoid-template/jdi-light-selenoid-template/target/.logs/screens/2021-08-26-11-24-16FailedSubmit.jpg\n\tat sun.nio.fs.UnixException.translateToIOException(UnixException.java:86)\n\tat sun.nio.fs.UnixException.rethrowAsIOException(UnixException.java:102)\n\tat sun.nio.fs.UnixException.rethrowAsIOException(UnixException.java:107)\n\tat sun.nio.fs.UnixFileSystemProvider.newByteChannel(UnixFileSystemProvider.java:214)\n\tat java.nio.file.Files.newByteChannel(Files.java:361)\n\tat java.nio.file.Files.newByteChannel(Files.java:407)\n\tat java.nio.file.Files.readAllBytes(Files.java:3152)\n\tat com.epam.jdi.light.logger.AllureLogger.attachScreenshot(AllureLogger.java:264)\n\tat com.epam.jdi.light.logger.AllureLogger.attachDataToStep(AllureLogger.java:227)\n\t... 22 more\n",
  "flaky" : false,
  "newFailed" : false,
  "beforeStages" : [ {
    "name" : "setUp",
    "time" : {
      "start" : 1629977041407,
      "stop" : 1629977046696,
      "duration" : 5289
    },
    "description" : "",
    "status" : "passed",
    "steps" : [ {
      "name" : "Open 'SiteJdi'(url=https://epam.github.io/JDI/)",
      "time" : {
        "start" : 1629977043272,
        "stop" : 1629977046683,
        "duration" : 3411
      },
      "status" : "passed",
      "steps" : [ {
        "name" : "Open 'SiteJdi'(url=https://epam.github.io/JDI/)",
        "time" : {
          "start" : 1629977045890,
          "stop" : 1629977046682,
          "duration" : 792
        },
        "status" : "passed",
        "steps" : [ ],
        "attachments" : [ ],
        "parameters" : [ ],
        "attachmentsCount" : 0,
        "shouldDisplayMessage" : false,
        "hasContent" : false,
        "stepsCount" : 0
      } ],
      "attachments" : [ {
        "uid" : "dab9cfc753ff4150",
        "name" : "Details",
        "source" : "dab9cfc753ff4150.html",
        "type" : "text/plain",
        "size" : 119
      } ],
      "parameters" : [ ],
      "attachmentsCount" : 1,
      "shouldDisplayMessage" : false,
      "hasContent" : true,
      "stepsCount" : 1
    } ],
    "attachments" : [ ],
    "parameters" : [ ],
    "attachmentsCount" : 1,
    "shouldDisplayMessage" : false,
    "hasContent" : true,
    "stepsCount" : 2
  } ],
  "testStage" : {
    "status" : "skipped",
    "statusMessage" : "java.lang.RuntimeException: Failed to add attachments to Allure step",
    "statusTrace" : "java.lang.RuntimeException: java.lang.RuntimeException: Failed to add attachments to Allure step\n\tat com.epam.jdi.tools.func.JFunc2.execute(JFunc2.java:21)\n\tat com.epam.jdi.light.actions.ActionProcessor.jdiAround(ActionProcessor.java:55)\n\tat com.epam.jdi.light.elements.composite.Form.submit(Form.java:255)\n\tat org.mytests.tests.preconditions.Preconditions.login(Preconditions.java:23)\n\tat org.mytests.tests.preconditions.Preconditions.shouldBeLoggedIn(Preconditions.java:18)\n\tat org.mytests.tests.example.MenuTests.customMenuTest(MenuTests.java:24)\n\tat sun.reflect.NativeMethodAccessorImpl.invoke0(Native Method)\n\tat sun.reflect.NativeMethodAccessorImpl.invoke(NativeMethodAccessorImpl.java:62)\n\tat sun.reflect.DelegatingMethodAccessorImpl.invoke(DelegatingMethodAccessorImpl.java:43)\n\tat java.lang.reflect.Method.invoke(Method.java:498)\n\tat org.testng.internal.MethodInvocationHelper.invokeMethod(MethodInvocationHelper.java:124)\n\tat org.testng.internal.Invoker.invokeMethod(Invoker.java:583)\n\tat org.testng.internal.Invoker.invokeTestMethod(Invoker.java:719)\n\tat org.testng.internal.Invoker.invokeTestMethods(Invoker.java:989)\n\tat org.testng.internal.TestMethodWorker.invokeTestMethods(TestMethodWorker.java:125)\n\tat org.testng.internal.TestMethodWorker.run(TestMethodWorker.java:109)\n\tat java.util.concurrent.ThreadPoolExecutor.runWorker(ThreadPoolExecutor.java:1149)\n\tat java.util.concurrent.ThreadPoolExecutor$Worker.run(ThreadPoolExecutor.java:624)\n\tat java.lang.Thread.run(Thread.java:748)\nCaused by: java.lang.RuntimeException: Failed to add attachments to Allure step\n\tat com.epam.jdi.light.common.Exceptions.exception(Exceptions.java:31)\n\tat com.epam.jdi.light.logger.AllureLogger.attachDataToStep(AllureLogger.java:236)\n\tat com.epam.jdi.light.logger.AllureLogger.failStep(AllureLogger.java:245)\n\tat com.epam.jdi.light.actions.ActionHelper.logFailure(ActionHelper.java:399)\n\tat com.epam.jdi.light.actions.ActionHelper.actionFailed(ActionHelper.java:369)\n\tat com.epam.jdi.tools.func.JFunc2.execute(JFunc2.java:19)\n\t... 18 more\nCaused by: java.nio.file.NoSuchFileException: /home/runner/work/jdi-light-selenoid-template/jdi-light-selenoid-template/target/.logs/screens/2021-08-26-11-24-16FailedSubmit.jpg\n\tat sun.nio.fs.UnixException.translateToIOException(UnixException.java:86)\n\tat sun.nio.fs.UnixException.rethrowAsIOException(UnixException.java:102)\n\tat sun.nio.fs.UnixException.rethrowAsIOException(UnixException.java:107)\n\tat sun.nio.fs.UnixFileSystemProvider.newByteChannel(UnixFileSystemProvider.java:214)\n\tat java.nio.file.Files.newByteChannel(Files.java:361)\n\tat java.nio.file.Files.newByteChannel(Files.java:407)\n\tat java.nio.file.Files.readAllBytes(Files.java:3152)\n\tat com.epam.jdi.light.logger.AllureLogger.attachScreenshot(AllureLogger.java:264)\n\tat com.epam.jdi.light.logger.AllureLogger.attachDataToStep(AllureLogger.java:227)\n\t... 22 more\n",
    "steps" : [ {
      "name" : "shouldBeLoggedIn",
      "time" : {
        "start" : 1629977046835
      },
      "status" : "unknown",
      "steps" : [ {
        "name" : "Open 'Home Page'(url=https://epam.github.io/JDI/index.html)",
        "time" : {
          "start" : 1629977052465,
          "stop" : 1629977054040,
          "duration" : 1575
        },
        "status" : "passed",
        "steps" : [ {
          "name" : "Open 'Home Page'(url=https://epam.github.io/JDI/index.html)",
          "time" : {
            "start" : 1629977052475,
            "stop" : 1629977054039,
            "duration" : 1564
          },
          "status" : "passed",
          "steps" : [ ],
          "attachments" : [ ],
          "parameters" : [ ],
          "attachmentsCount" : 0,
          "shouldDisplayMessage" : false,
          "hasContent" : false,
          "stepsCount" : 0
        } ],
        "attachments" : [ {
          "uid" : "5bfd32048b088b9b",
          "name" : "Details",
          "source" : "5bfd32048b088b9b.html",
          "type" : "text/plain",
          "size" : 124
        } ],
        "parameters" : [ ],
        "attachmentsCount" : 1,
        "shouldDisplayMessage" : false,
        "hasContent" : true,
        "stepsCount" : 1
      }, {
        "name" : "login",
        "time" : {
          "start" : 1629977054274,
          "stop" : 1629977056598,
          "duration" : 2324
        },
        "status" : "broken",
        "statusMessage" : "java.lang.RuntimeException: Failed to add attachments to Allure step",
        "statusTrace" : "java.lang.RuntimeException: java.lang.RuntimeException: Failed to add attachments to Allure step\n\tat com.epam.jdi.tools.func.JFunc2.execute(JFunc2.java:21)\n\tat com.epam.jdi.light.actions.ActionProcessor.jdiAround(ActionProcessor.java:55)\n\tat com.epam.jdi.light.elements.composite.Form.submit(Form.java:255)\n\tat org.mytests.tests.preconditions.Preconditions.login(Preconditions.java:23)\n\tat org.mytests.tests.preconditions.Preconditions.shouldBeLoggedIn(Preconditions.java:18)\n\tat org.mytests.tests.example.MenuTests.customMenuTest(MenuTests.java:24)\n\tat sun.reflect.NativeMethodAccessorImpl.invoke0(Native Method)\n\tat sun.reflect.NativeMethodAccessorImpl.invoke(NativeMethodAccessorImpl.java:62)\n\tat sun.reflect.DelegatingMethodAccessorImpl.invoke(DelegatingMethodAccessorImpl.java:43)\n\tat java.lang.reflect.Method.invoke(Method.java:498)\n\tat org.testng.internal.MethodInvocationHelper.invokeMethod(MethodInvocationHelper.java:124)\n\tat org.testng.internal.Invoker.invokeMethod(Invoker.java:583)\n\tat org.testng.internal.Invoker.invokeTestMethod(Invoker.java:719)\n\tat org.testng.internal.Invoker.invokeTestMethods(Invoker.java:989)\n\tat org.testng.internal.TestMethodWorker.invokeTestMethods(TestMethodWorker.java:125)\n\tat org.testng.internal.TestMethodWorker.run(TestMethodWorker.java:109)\n\tat java.util.concurrent.ThreadPoolExecutor.runWorker(ThreadPoolExecutor.java:1149)\n\tat java.util.concurrent.ThreadPoolExecutor$Worker.run(ThreadPoolExecutor.java:624)\n\tat java.lang.Thread.run(Thread.java:748)\nCaused by: java.lang.RuntimeException: Failed to add attachments to Allure step\n\tat com.epam.jdi.light.common.Exceptions.exception(Exceptions.java:31)\n\tat com.epam.jdi.light.logger.AllureLogger.attachDataToStep(AllureLogger.java:236)\n\tat com.epam.jdi.light.logger.AllureLogger.failStep(AllureLogger.java:245)\n\tat com.epam.jdi.light.actions.ActionHelper.logFailure(ActionHelper.java:399)\n\tat com.epam.jdi.light.actions.ActionHelper.actionFailed(ActionHelper.java:369)\n\tat com.epam.jdi.tools.func.JFunc2.execute(JFunc2.java:19)\n\t... 18 more\nCaused by: java.nio.file.NoSuchFileException: /home/runner/work/jdi-light-selenoid-template/jdi-light-selenoid-template/target/.logs/screens/2021-08-26-11-24-16FailedSubmit.jpg\n\tat sun.nio.fs.UnixException.translateToIOException(UnixException.java:86)\n\tat sun.nio.fs.UnixException.rethrowAsIOException(UnixException.java:102)\n\tat sun.nio.fs.UnixException.rethrowAsIOException(UnixException.java:107)\n\tat sun.nio.fs.UnixFileSystemProvider.newByteChannel(UnixFileSystemProvider.java:214)\n\tat java.nio.file.Files.newByteChannel(Files.java:361)\n\tat java.nio.file.Files.newByteChannel(Files.java:407)\n\tat java.nio.file.Files.readAllBytes(Files.java:3152)\n\tat com.epam.jdi.light.logger.AllureLogger.attachScreenshot(AllureLogger.java:264)\n\tat com.epam.jdi.light.logger.AllureLogger.attachDataToStep(AllureLogger.java:227)\n\t... 22 more\n",
        "steps" : [ {
          "name" : "Click on 'User Icon'",
          "time" : {
            "start" : 1629977054275,
            "stop" : 1629977055069,
            "duration" : 794
          },
          "status" : "passed",
          "steps" : [ {
            "name" : "Click on 'User Icon'",
            "time" : {
              "start" : 1629977054289,
              "stop" : 1629977055069,
              "duration" : 780
            },
            "status" : "passed",
            "steps" : [ {
              "name" : "Check that 'User Icon' is disabled",
              "time" : {
                "start" : 1629977054293,
                "stop" : 1629977054800,
                "duration" : 507
              },
              "status" : "passed",
              "steps" : [ ],
              "attachments" : [ {
                "uid" : "88b6c73b5d155c57",
                "name" : "Actual result",
                "source" : "88b6c73b5d155c57.html",
                "type" : "text/plain",
                "size" : 5
              } ],
              "parameters" : [ ],
              "attachmentsCount" : 1,
              "shouldDisplayMessage" : false,
              "hasContent" : true,
              "stepsCount" : 0
            } ],
            "attachments" : [ ],
            "parameters" : [ ],
            "attachmentsCount" : 1,
            "shouldDisplayMessage" : false,
            "hasContent" : true,
            "stepsCount" : 1
          } ],
          "attachments" : [ {
            "uid" : "f14011050dcb16b6",
            "name" : "Details",
            "source" : "f14011050dcb16b6.html",
            "type" : "text/plain",
            "size" : 38
          } ],
          "parameters" : [ ],
          "attachmentsCount" : 2,
          "shouldDisplayMessage" : false,
          "hasContent" : true,
          "stepsCount" : 2
        }, {
          "name" : "Fill 'Login Form' with User(name:epam; password:1234) and press 'enter'",
          "time" : {
            "start" : 1629977055070,
            "stop" : 1629977056598,
            "duration" : 1528
          },
          "status" : "broken",
          "statusMessage" : "java.lang.RuntimeException: Failed to add attachments to Allure step",
          "statusTrace" : "java.lang.RuntimeException: java.lang.RuntimeException: Failed to add attachments to Allure step\n\tat com.epam.jdi.tools.func.JFunc2.execute(JFunc2.java:21)\n\tat com.epam.jdi.light.actions.ActionProcessor.jdiAround(ActionProcessor.java:55)\n\tat com.epam.jdi.light.elements.composite.Form.submit(Form.java:255)\n\tat org.mytests.tests.preconditions.Preconditions.login(Preconditions.java:23)\n\tat org.mytests.tests.preconditions.Preconditions.shouldBeLoggedIn(Preconditions.java:18)\n\tat org.mytests.tests.example.MenuTests.customMenuTest(MenuTests.java:24)\n\tat sun.reflect.NativeMethodAccessorImpl.invoke0(Native Method)\n\tat sun.reflect.NativeMethodAccessorImpl.invoke(NativeMethodAccessorImpl.java:62)\n\tat sun.reflect.DelegatingMethodAccessorImpl.invoke(DelegatingMethodAccessorImpl.java:43)\n\tat java.lang.reflect.Method.invoke(Method.java:498)\n\tat org.testng.internal.MethodInvocationHelper.invokeMethod(MethodInvocationHelper.java:124)\n\tat org.testng.internal.Invoker.invokeMethod(Invoker.java:583)\n\tat org.testng.internal.Invoker.invokeTestMethod(Invoker.java:719)\n\tat org.testng.internal.Invoker.invokeTestMethods(Invoker.java:989)\n\tat org.testng.internal.TestMethodWorker.invokeTestMethods(TestMethodWorker.java:125)\n\tat org.testng.internal.TestMethodWorker.run(TestMethodWorker.java:109)\n\tat java.util.concurrent.ThreadPoolExecutor.runWorker(ThreadPoolExecutor.java:1149)\n\tat java.util.concurrent.ThreadPoolExecutor$Worker.run(ThreadPoolExecutor.java:624)\n\tat java.lang.Thread.run(Thread.java:748)\nCaused by: java.lang.RuntimeException: Failed to add attachments to Allure step\n\tat com.epam.jdi.light.common.Exceptions.exception(Exceptions.java:31)\n\tat com.epam.jdi.light.logger.AllureLogger.attachDataToStep(AllureLogger.java:236)\n\tat com.epam.jdi.light.logger.AllureLogger.failStep(AllureLogger.java:245)\n\tat com.epam.jdi.light.actions.ActionHelper.logFailure(ActionHelper.java:399)\n\tat com.epam.jdi.light.actions.ActionHelper.actionFailed(ActionHelper.java:369)\n\tat com.epam.jdi.tools.func.JFunc2.execute(JFunc2.java:19)\n\t... 18 more\nCaused by: java.nio.file.NoSuchFileException: /home/runner/work/jdi-light-selenoid-template/jdi-light-selenoid-template/target/.logs/screens/2021-08-26-11-24-16FailedSubmit.jpg\n\tat sun.nio.fs.UnixException.translateToIOException(UnixException.java:86)\n\tat sun.nio.fs.UnixException.rethrowAsIOException(UnixException.java:102)\n\tat sun.nio.fs.UnixException.rethrowAsIOException(UnixException.java:107)\n\tat sun.nio.fs.UnixFileSystemProvider.newByteChannel(UnixFileSystemProvider.java:214)\n\tat java.nio.file.Files.newByteChannel(Files.java:361)\n\tat java.nio.file.Files.newByteChannel(Files.java:407)\n\tat java.nio.file.Files.readAllBytes(Files.java:3152)\n\tat com.epam.jdi.light.logger.AllureLogger.attachScreenshot(AllureLogger.java:264)\n\tat com.epam.jdi.light.logger.AllureLogger.attachDataToStep(AllureLogger.java:227)\n\t... 22 more\n",
          "steps" : [ {
            "name" : "Input 'epam' in 'Name'",
            "time" : {
              "start" : 1629977055097,
              "stop" : 1629977055436,
              "duration" : 339
            },
            "status" : "unknown",
            "steps" : [ ],
            "attachments" : [ ],
            "parameters" : [ ],
            "attachmentsCount" : 0,
            "shouldDisplayMessage" : false,
            "hasContent" : false,
            "stepsCount" : 0
          }, {
            "name" : "Show",
            "time" : {
              "start" : 1629977055638,
              "stop" : 1629977056155,
              "duration" : 517
            },
            "status" : "passed",
            "steps" : [ {
              "name" : "Check that 'Login Form' is visible by user",
              "time" : {
                "start" : 1629977055729,
                "stop" : 1629977056056,
                "duration" : 327
              },
              "status" : "passed",
              "steps" : [ {
                "name" : "Check that 'Login Form' is hidden",
                "time" : {
                  "start" : 1629977055771,
                  "stop" : 1629977055961,
                  "duration" : 190
                },
                "status" : "passed",
                "steps" : [ ],
                "attachments" : [ {
                  "uid" : "b7c6402510d0e7bc",
                  "name" : "Actual result",
                  "source" : "b7c6402510d0e7bc.html",
                  "type" : "text/plain",
                  "size" : 5
                } ],
                "parameters" : [ ],
                "attachmentsCount" : 1,
                "shouldDisplayMessage" : false,
                "hasContent" : true,
                "stepsCount" : 0
              } ],
              "attachments" : [ {
                "uid" : "ab6e5cdfecadff73",
                "name" : "Actual result",
                "source" : "ab6e5cdfecadff73.html",
                "type" : "text/plain",
                "size" : 5
              } ],
              "parameters" : [ ],
              "attachmentsCount" : 2,
              "shouldDisplayMessage" : false,
              "hasContent" : true,
              "stepsCount" : 1
            } ],
            "attachments" : [ ],
            "parameters" : [ ],
            "attachmentsCount" : 2,
            "shouldDisplayMessage" : false,
            "hasContent" : true,
            "stepsCount" : 2
          }, {
            "name" : "Failure details",
            "time" : {
              "start" : 1629977056597,
              "stop" : 1629977056597,
              "duration" : 0
            },
            "status" : "unknown",
            "steps" : [ ],
            "attachments" : [ ],
            "parameters" : [ ],
            "attachmentsCount" : 0,
            "shouldDisplayMessage" : false,
            "hasContent" : false,
            "stepsCount" : 0
          } ],
          "attachments" : [ {
            "uid" : "55d5681a26ea9731",
            "name" : "Details",
            "source" : "55d5681a26ea9731.html",
            "type" : "text/plain",
            "size" : 30
          } ],
          "parameters" : [ ],
          "attachmentsCount" : 3,
          "shouldDisplayMessage" : true,
          "hasContent" : true,
          "stepsCount" : 5
        } ],
        "attachments" : [ ],
        "parameters" : [ ],
        "attachmentsCount" : 5,
        "shouldDisplayMessage" : false,
        "hasContent" : true,
        "stepsCount" : 9
      } ],
      "attachments" : [ ],
      "parameters" : [ ],
      "attachmentsCount" : 6,
      "shouldDisplayMessage" : false,
      "hasContent" : true,
      "stepsCount" : 12
    } ],
    "attachments" : [ ],
    "parameters" : [ ],
    "attachmentsCount" : 6,
    "shouldDisplayMessage" : false,
    "hasContent" : true,
    "stepsCount" : 13
  },
  "afterStages" : [ {
    "name" : "teardown",
    "time" : {
      "start" : 1629977064114,
      "stop" : 1629977064151,
      "duration" : 37
    },
    "description" : "",
    "status" : "passed",
    "steps" : [ ],
    "attachments" : [ ],
    "parameters" : [ ],
    "attachmentsCount" : 0,
    "shouldDisplayMessage" : false,
    "hasContent" : false,
    "stepsCount" : 0
  } ],
  "labels" : [ {
    "name" : "package",
    "value" : "org.mytests.tests.example.MenuTests"
  }, {
    "name" : "testClass",
    "value" : "org.mytests.tests.example.MenuTests"
  }, {
    "name" : "testMethod",
    "value" : "customMenuTest"
  }, {
    "name" : "parentSuite",
    "value" : "Test suite"
  }, {
    "name" : "suite",
    "value" : "Tests"
  }, {
    "name" : "subSuite",
    "value" : "org.mytests.tests.example.MenuTests"
  }, {
    "name" : "host",
    "value" : "fv-az234-537"
  }, {
    "name" : "thread",
    "value" : "4303@fv-az234-537.TestNG-test=Tests-3(18)"
  }, {
    "name" : "framework",
    "value" : "testng"
  }, {
    "name" : "language",
    "value" : "java"
  }, {
    "name" : "resultFormat",
    "value" : "allure2"
  } ],
  "parameters" : [ ],
  "links" : [ ],
  "hidden" : true,
  "retry" : true,
  "extra" : {
    "categories" : [ ],
    "tags" : [ ]
  },
  "source" : "dd56dfce7776ce39.json",
  "parameterValues" : [ ]
}